[ 2018-02-10T20:27:54+08:00 ] 211.149.153.13 /index.php?m=Admin&c=login&a=vcode
INFO: [ app_init ] --START--
INFO: Run Behavior\BuildLiteBehavior [ RunTime:0.000019s ]
INFO: [ app_init ] --END-- [ RunTime:0.000427s ]
INFO: [ app_begin ] --START--
INFO: Run Behavior\ReadHtmlCacheBehavior [ RunTime:0.000533s ]
INFO: Run Behavior\CheckLangBehavior [ RunTime:0.000990s ]
INFO: [ app_begin ] --END-- [ RunTime:0.001600s ]
INFO: [ app_end ] --START--
INFO: Run Behavior\ShowPageTraceBehavior [ RunTime:0.000663s ]
INFO: [ app_end ] --END-- [ RunTime:0.000753s ]

[ 2018-02-10T20:29:27+08:00 ] 211.149.153.13 /index.php?m=admin
INFO: [ app_init ] --START--
INFO: Run Behavior\BuildLiteBehavior [ RunTime:0.000020s ]
INFO: [ app_init ] --END-- [ RunTime:0.000440s ]
INFO: [ app_begin ] --START--
INFO: Run Behavior\ReadHtmlCacheBehavior [ RunTime:0.000491s ]
INFO: Run Behavior\CheckLangBehavior [ RunTime:0.000976s ]
INFO: [ app_begin ] --END-- [ RunTime:0.001553s ]
INFO: [ view_parse ] --START--
INFO: [ template_filter ] --START--
INFO: Run Behavior\ContentReplaceBehavior [ RunTime:0.000080s ]
INFO: [ template_filter ] --END-- [ RunTime:0.000138s ]
INFO: Run Behavior\ParseTemplateBehavior [ RunTime:0.005312s ]
INFO: [ view_parse ] --END-- [ RunTime:0.005359s ]
INFO: [ view_filter ] --START--
INFO: Run Behavior\WriteHtmlCacheBehavior [ RunTime:0.000271s ]
INFO: [ view_filter ] --END-- [ RunTime:0.000317s ]

[ 2018-02-10T20:29:29+08:00 ] 211.149.153.12 /index.php?m=Admin&c=Login&a=login
INFO: [ app_init ] --START--
INFO: Run Behavior\BuildLiteBehavior [ RunTime:0.000015s ]
INFO: [ app_init ] --END-- [ RunTime:0.000353s ]
INFO: [ app_begin ] --START--
INFO: Run Behavior\ReadHtmlCacheBehavior [ RunTime:0.000481s ]
INFO: Run Behavior\CheckLangBehavior [ RunTime:0.000867s ]
INFO: [ app_begin ] --END-- [ RunTime:0.001453s ]
INFO: [ view_parse ] --START--
INFO: [ template_filter ] --START--
INFO: Run Behavior\ContentReplaceBehavior [ RunTime:0.000623s ]
INFO: [ template_filter ] --END-- [ RunTime:0.000719s ]
INFO: Run Behavior\ParseTemplateBehavior [ RunTime:0.049083s ]
INFO: [ view_parse ] --END-- [ RunTime:0.049141s ]
INFO: [ view_filter ] --START--
INFO: Run Behavior\WriteHtmlCacheBehavior [ RunTime:0.000246s ]
INFO: [ view_filter ] --END-- [ RunTime:0.000294s ]
INFO: [ app_end ] --START--
INFO: Run Behavior\ShowPageTraceBehavior [ RunTime:0.000827s ]
INFO: [ app_end ] --END-- [ RunTime:0.000918s ]

[ 2018-02-10T20:29:29+08:00 ] 211.149.153.13 /index.php?m=Admin&c=login&a=vcode
INFO: [ app_init ] --START--
INFO: Run Behavior\BuildLiteBehavior [ RunTime:0.000017s ]
INFO: [ app_init ] --END-- [ RunTime:0.000454s ]
INFO: [ app_begin ] --START--
INFO: Run Behavior\ReadHtmlCacheBehavior [ RunTime:0.000574s ]
INFO: Run Behavior\CheckLangBehavior [ RunTime:0.000849s ]
INFO: [ app_begin ] --END-- [ RunTime:0.001520s ]
INFO: [ app_end ] --START--
INFO: Run Behavior\ShowPageTraceBehavior [ RunTime:0.000551s ]
INFO: [ app_end ] --END-- [ RunTime:0.000613s ]

[ 2018-02-10T20:29:37+08:00 ] 211.149.153.12 /index.php?m=Admin&c=Login&a=check&name=admin&pwd=21232f297a57a5a743894a0e4a801fc3&vcode=9247
INFO: [ app_init ] --START--
INFO: Run Behavior\BuildLiteBehavior [ RunTime:0.000023s ]
INFO: [ app_init ] --END-- [ RunTime:0.000460s ]
INFO: [ app_begin ] --START--
INFO: Run Behavior\ReadHtmlCacheBehavior [ RunTime:0.000498s ]
INFO: Run Behavior\CheckLangBehavior [ RunTime:0.001005s ]
INFO: [ app_begin ] --END-- [ RunTime:0.001580s ]
SQL: SHOW COLUMNS FROM `admin` [ RunTime:0.0012s ]
SQL: SELECT * FROM `admin` WHERE `username` = 'admin' LIMIT 1   [ RunTime:0.0004s ]
SQL: UPDATE `admin` SET `lasttime`='1518265777',`last_ip`='211.149.153.12' WHERE ( id=27 ) [ RunTime:0.0003s ]

[ 2018-02-10T20:29:37+08:00 ] 211.149.153.13 /index.php?m=Admin&c=Admin&a=admin
INFO: [ app_init ] --START--
INFO: Run Behavior\BuildLiteBehavior [ RunTime:0.000020s ]
INFO: [ app_init ] --END-- [ RunTime:0.000451s ]
INFO: [ app_begin ] --START--
INFO: Run Behavior\ReadHtmlCacheBehavior [ RunTime:0.000916s ]
INFO: Run Behavior\CheckLangBehavior [ RunTime:0.001007s ]
INFO: [ app_begin ] --END-- [ RunTime:0.002018s ]
INFO: [ view_parse ] --START--
INFO: [ template_filter ] --START--
INFO: Run Behavior\ContentReplaceBehavior [ RunTime:0.000063s ]
INFO: [ template_filter ] --END-- [ RunTime:0.000156s ]
INFO: Run Behavior\ParseTemplateBehavior [ RunTime:0.006307s ]
INFO: [ view_parse ] --END-- [ RunTime:0.006363s ]
INFO: [ view_filter ] --START--
INFO: Run Behavior\WriteHtmlCacheBehavior [ RunTime:0.000347s ]
INFO: [ view_filter ] --END-- [ RunTime:0.000616s ]
INFO: [ app_end ] --START--
INFO: Run Behavior\ShowPageTraceBehavior [ RunTime:0.000630s ]
INFO: [ app_end ] --END-- [ RunTime:0.000723s ]

[ 2018-02-10T20:29:38+08:00 ] 211.149.153.13 /index.php?m=Admin&c=admin&a=menu
INFO: [ app_init ] --START--
INFO: Run Behavior\BuildLiteBehavior [ RunTime:0.000020s ]
INFO: [ app_init ] --END-- [ RunTime:0.000448s ]
INFO: [ app_begin ] --START--
INFO: Run Behavior\ReadHtmlCacheBehavior [ RunTime:0.000452s ]
INFO: Run Behavior\CheckLangBehavior [ RunTime:0.001138s ]
INFO: [ app_begin ] --END-- [ RunTime:0.001681s ]
INFO: [ view_parse ] --START--
INFO: [ template_filter ] --START--
INFO: Run Behavior\ContentReplaceBehavior [ RunTime:0.000675s ]
INFO: [ template_filter ] --END-- [ RunTime:0.000770s ]
INFO: Run Behavior\ParseTemplateBehavior [ RunTime:0.054555s ]
INFO: [ view_parse ] --END-- [ RunTime:0.054681s ]
INFO: [ view_filter ] --START--
INFO: Run Behavior\WriteHtmlCacheBehavior [ RunTime:0.000247s ]
INFO: [ view_filter ] --END-- [ RunTime:0.000297s ]
INFO: [ app_end ] --START--
INFO: Run Behavior\ShowPageTraceBehavior [ RunTime:0.000991s ]
INFO: [ app_end ] --END-- [ RunTime:0.001109s ]

[ 2018-02-10T20:29:38+08:00 ] 211.149.153.13 /index.php?m=Admin&c=admin&a=header
INFO: [ app_init ] --START--
INFO: Run Behavior\BuildLiteBehavior [ RunTime:0.000022s ]
INFO: [ app_init ] --END-- [ RunTime:0.000394s ]
INFO: [ app_begin ] --START--
INFO: Run Behavior\ReadHtmlCacheBehavior [ RunTime:0.000500s ]
INFO: Run Behavior\CheckLangBehavior [ RunTime:0.000931s ]
INFO: [ app_begin ] --END-- [ RunTime:0.001595s ]
INFO: [ view_parse ] --START--
INFO: [ template_filter ] --START--
INFO: Run Behavior\ContentReplaceBehavior [ RunTime:0.000065s ]
INFO: [ template_filter ] --END-- [ RunTime:0.000165s ]
INFO: Run Behavior\ParseTemplateBehavior [ RunTime:0.008765s ]
INFO: [ view_parse ] --END-- [ RunTime:0.008850s ]
INFO: [ view_filter ] --START--
INFO: Run Behavior\WriteHtmlCacheBehavior [ RunTime:0.000319s ]
INFO: [ view_filter ] --END-- [ RunTime:0.000389s ]
INFO: [ app_end ] --START--
INFO: Run Behavior\ShowPageTraceBehavior [ RunTime:0.000754s ]
INFO: [ app_end ] --END-- [ RunTime:0.000854s ]

[ 2018-02-10T20:29:38+08:00 ] 211.149.153.14 /index.php?m=Admin&c=admin&a=main
INFO: [ app_init ] --START--
INFO: Run Behavior\BuildLiteBehavior [ RunTime:0.000013s ]
INFO: [ app_init ] --END-- [ RunTime:0.000349s ]
INFO: [ app_begin ] --START--
INFO: Run Behavior\ReadHtmlCacheBehavior [ RunTime:0.000607s ]
INFO: Run Behavior\CheckLangBehavior [ RunTime:0.000927s ]
INFO: [ app_begin ] --END-- [ RunTime:0.001633s ]
INFO: [ view_parse ] --START--
INFO: [ template_filter ] --START--
INFO: Run Behavior\ContentReplaceBehavior [ RunTime:0.000048s ]
INFO: [ template_filter ] --END-- [ RunTime:0.000154s ]
INFO: Run Behavior\ParseTemplateBehavior [ RunTime:0.007098s ]
INFO: [ view_parse ] --END-- [ RunTime:0.007165s ]
INFO: [ view_filter ] --START--
INFO: Run Behavior\WriteHtmlCacheBehavior [ RunTime:0.000193s ]
INFO: [ view_filter ] --END-- [ RunTime:0.000230s ]
INFO: [ app_end ] --START--
INFO: Run Behavior\ShowPageTraceBehavior [ RunTime:0.000575s ]
INFO: [ app_end ] --END-- [ RunTime:0.000665s ]

[ 2018-02-10T20:42:00+08:00 ] 211.149.153.14 /index.php?m=Admin&c=Sticker&a=showlist
INFO: [ app_init ] --START--
INFO: Run Behavior\BuildLiteBehavior [ RunTime:0.000019s ]
INFO: [ app_init ] --END-- [ RunTime:0.000348s ]
INFO: [ app_begin ] --START--
INFO: Run Behavior\ReadHtmlCacheBehavior [ RunTime:0.000483s ]
INFO: Run Behavior\CheckLangBehavior [ RunTime:0.000857s ]
INFO: [ app_begin ] --END-- [ RunTime:0.001419s ]
SQL: SHOW COLUMNS FROM `sticker` [ RunTime:0.0008s ]
SQL: SELECT COUNT(*) AS tp_count FROM `sticker` LIMIT 1   [ RunTime:0.0001s ]
SQL: SELECT * FROM `sticker` ORDER BY id asc LIMIT 0,20   [ RunTime:0.0001s ]
INFO: [ view_parse ] --START--
INFO: [ template_filter ] --START--
INFO: Run Behavior\ContentReplaceBehavior [ RunTime:0.004250s ]
INFO: [ template_filter ] --END-- [ RunTime:0.004383s ]
NOTIC: [8] Undefined variable: topAdd /www/wwwroot/1107.tech/App/Runtime/Cache/Admin/606006ece41b75553721142972de50cc.php 第 18 行.
NOTIC: [8] Undefined index: permission /www/wwwroot/1107.tech/App/Runtime/Cache/Admin/606006ece41b75553721142972de50cc.php 第 108 行.
NOTIC: [8] Undefined index: permission /www/wwwroot/1107.tech/App/Runtime/Cache/Admin/606006ece41b75553721142972de50cc.php 第 108 行.
NOTIC: [8] Undefined index: permission /www/wwwroot/1107.tech/App/Runtime/Cache/Admin/606006ece41b75553721142972de50cc.php 第 108 行.
INFO: Run Behavior\ParseTemplateBehavior [ RunTime:0.216112s ]
INFO: [ view_parse ] --END-- [ RunTime:0.216166s ]
INFO: [ view_filter ] --START--
INFO: Run Behavior\WriteHtmlCacheBehavior [ RunTime:0.000301s ]
INFO: [ view_filter ] --END-- [ RunTime:0.000343s ]
INFO: [ app_end ] --START--
INFO: Run Behavior\ShowPageTraceBehavior [ RunTime:0.000976s ]
INFO: [ app_end ] --END-- [ RunTime:0.001105s ]

[ 2018-02-10T20:42:04+08:00 ] 211.149.153.14 /index.php?m=Admin&c=WebConf&a=showlist
INFO: [ app_init ] --START--
INFO: Run Behavior\BuildLiteBehavior [ RunTime:0.000019s ]
INFO: [ app_init ] --END-- [ RunTime:0.000361s ]
INFO: [ app_begin ] --START--
INFO: Run Behavior\ReadHtmlCacheBehavior [ RunTime:0.000451s ]
INFO: Run Behavior\CheckLangBehavior [ RunTime:0.000885s ]
INFO: [ app_begin ] --END-- [ RunTime:0.001425s ]
SQL: SHOW COLUMNS FROM `web_conf` [ RunTime:0.0011s ]
SQL: SELECT * FROM `web_conf` LIMIT 1   [ RunTime:0.0001s ]
INFO: [ view_parse ] --START--
INFO: [ template_filter ] --START--
INFO: Run Behavior\ContentReplaceBehavior [ RunTime:0.000621s ]
INFO: [ template_filter ] --END-- [ RunTime:0.000716s ]
INFO: Run Behavior\ParseTemplateBehavior [ RunTime:0.051236s ]
INFO: [ view_parse ] --END-- [ RunTime:0.051319s ]
INFO: [ view_filter ] --START--
INFO: Run Behavior\WriteHtmlCacheBehavior [ RunTime:0.000253s ]
INFO: [ view_filter ] --END-- [ RunTime:0.000303s ]
INFO: [ app_end ] --START--
INFO: Run Behavior\ShowPageTraceBehavior [ RunTime:0.000733s ]
INFO: [ app_end ] --END-- [ RunTime:0.000820s ]

[ 2018-02-10T20:42:11+08:00 ] 211.149.153.13 /index.php?m=Admin&c=Gift&a=showlist
INFO: [ app_init ] --START--
INFO: Run Behavior\BuildLiteBehavior [ RunTime:0.000028s ]
INFO: [ app_init ] --END-- [ RunTime:0.000628s ]
INFO: [ app_begin ] --START--
INFO: Run Behavior\ReadHtmlCacheBehavior [ RunTime:0.000783s ]
INFO: Run Behavior\CheckLangBehavior [ RunTime:0.001598s ]
INFO: [ app_begin ] --END-- [ RunTime:0.002571s ]
SQL: SHOW COLUMNS FROM `gift` [ RunTime:0.0013s ]
SQL: SELECT COUNT(*) AS tp_count FROM `gift` LIMIT 1   [ RunTime:0.0002s ]
SQL: SELECT * FROM `gift` ORDER BY id asc LIMIT 0,20   [ RunTime:0.0003s ]
SQL: SHOW COLUMNS FROM `gift_cate` [ RunTime:0.0012s ]
SQL: SELECT `id`,`name_zhcn` FROM `gift_cate` WHERE ( type='virtual' )  [ RunTime:0.0001s ]
INFO: [ view_parse ] --START--
INFO: [ template_filter ] --START--
INFO: Run Behavior\ContentReplaceBehavior [ RunTime:0.004687s ]
INFO: [ template_filter ] --END-- [ RunTime:0.004838s ]
NOTIC: [8] Undefined variable: topAdd /www/wwwroot/1107.tech/App/Runtime/Cache/Admin/581bf1d7336bbee4937144e682c0b5e3.php 第 34 行.
INFO: Run Behavior\ParseTemplateBehavior [ RunTime:0.264492s ]
INFO: [ view_parse ] --END-- [ RunTime:0.264574s ]
INFO: [ view_filter ] --START--
INFO: Run Behavior\WriteHtmlCacheBehavior [ RunTime:0.000338s ]
INFO: [ view_filter ] --END-- [ RunTime:0.000434s ]
INFO: [ app_end ] --START--
INFO: Run Behavior\ShowPageTraceBehavior [ RunTime:0.000953s ]
INFO: [ app_end ] --END-- [ RunTime:0.001164s ]

[ 2018-02-10T20:43:05+08:00 ] 211.149.153.14 /index.php?m=Admin&c=Gift&a=showlist
INFO: [ app_init ] --START--
INFO: Run Behavior\BuildLiteBehavior [ RunTime:0.000021s ]
INFO: [ app_init ] --END-- [ RunTime:0.000401s ]
INFO: [ app_begin ] --START--
INFO: Run Behavior\ReadHtmlCacheBehavior [ RunTime:0.000586s ]
INFO: Run Behavior\CheckLangBehavior [ RunTime:0.000991s ]
INFO: [ app_begin ] --END-- [ RunTime:0.001665s ]
SQL: SHOW COLUMNS FROM `gift` [ RunTime:0.0008s ]
SQL: SELECT COUNT(*) AS tp_count FROM `gift` LIMIT 1   [ RunTime:0.0001s ]
SQL: SELECT * FROM `gift` ORDER BY id asc LIMIT 0,20   [ RunTime:0.0001s ]
SQL: SHOW COLUMNS FROM `gift_cate` [ RunTime:0.0006s ]
SQL: SELECT `id`,`name_zhcn` FROM `gift_cate` WHERE ( type='virtual' )  [ RunTime:0.0001s ]
INFO: [ view_parse ] --START--
INFO: [ template_filter ] --START--
INFO: Run Behavior\ContentReplaceBehavior [ RunTime:0.002783s ]
INFO: [ template_filter ] --END-- [ RunTime:0.002893s ]
NOTIC: [8] Undefined variable: topAdd /www/wwwroot/1107.tech/App/Runtime/Cache/Admin/581bf1d7336bbee4937144e682c0b5e3.php 第 34 行.
INFO: Run Behavior\ParseTemplateBehavior [ RunTime:0.215205s ]
INFO: [ view_parse ] --END-- [ RunTime:0.215348s ]
INFO: [ view_filter ] --START--
INFO: Run Behavior\WriteHtmlCacheBehavior [ RunTime:0.000758s ]
INFO: [ view_filter ] --END-- [ RunTime:0.000811s ]
INFO: [ app_end ] --START--
INFO: Run Behavior\ShowPageTraceBehavior [ RunTime:0.000850s ]
INFO: [ app_end ] --END-- [ RunTime:0.000952s ]

[ 2018-02-10T21:33:06+08:00 ] 211.149.153.14 /index.php?m=Admin&c=User&a=showlist
INFO: [ app_init ] --START--
INFO: Run Behavior\BuildLiteBehavior [ RunTime:0.000019s ]
INFO: [ app_init ] --END-- [ RunTime:0.000424s ]
INFO: [ app_begin ] --START--
INFO: Run Behavior\ReadHtmlCacheBehavior [ RunTime:0.000637s ]
INFO: Run Behavior\CheckLangBehavior [ RunTime:0.001040s ]
INFO: [ app_begin ] --END-- [ RunTime:0.001758s ]
SQL: SHOW COLUMNS FROM `user` [ RunTime:0.0013s ]
SQL: SELECT COUNT(*) AS tp_count FROM `user` LIMIT 1   [ RunTime:0.0002s ]
SQL: SELECT * FROM `user` ORDER BY id desc LIMIT 0,20   [ RunTime:0.0006s ]
SQL: SHOW COLUMNS FROM `member` [ RunTime:0.0005s ]
SQL: SELECT `id`,`name`,`key` FROM `member`  [ RunTime:0.0001s ]
INFO: [ view_parse ] --START--
INFO: [ template_filter ] --START--
INFO: Run Behavior\ContentReplaceBehavior [ RunTime:0.004444s ]
INFO: [ template_filter ] --END-- [ RunTime:0.004568s ]
NOTIC: [8] Use of undefined constant male - assumed 'male' /www/wwwroot/1107.tech/App/Runtime/Cache/Admin/1ebb7eba461ed748a0b4501c039f98ca.php 第 168 行.
NOTIC: [8] Use of undefined constant female - assumed 'female' /www/wwwroot/1107.tech/App/Runtime/Cache/Admin/1ebb7eba461ed748a0b4501c039f98ca.php 第 169 行.
NOTIC: [8] Undefined index: salary /www/wwwroot/1107.tech/App/Runtime/Cache/Admin/1ebb7eba461ed748a0b4501c039f98ca.php 第 174 行.
NOTIC: [8] Use of undefined constant male - assumed 'male' /www/wwwroot/1107.tech/App/Runtime/Cache/Admin/1ebb7eba461ed748a0b4501c039f98ca.php 第 168 行.
NOTIC: [8] Use of undefined constant female - assumed 'female' /www/wwwroot/1107.tech/App/Runtime/Cache/Admin/1ebb7eba461ed748a0b4501c039f98ca.php 第 169 行.
NOTIC: [8] Undefined index: salary /www/wwwroot/1107.tech/App/Runtime/Cache/Admin/1ebb7eba461ed748a0b4501c039f98ca.php 第 174 行.
NOTIC: [8] Use of undefined constant male - assumed 'male' /www/wwwroot/1107.tech/App/Runtime/Cache/Admin/1ebb7eba461ed748a0b4501c039f98ca.php 第 168 行.
NOTIC: [8] Use of undefined constant female - assumed 'female' /www/wwwroot/1107.tech/App/Runtime/Cache/Admin/1ebb7eba461ed748a0b4501c039f98ca.php 第 169 行.
NOTIC: [8] Undefined index: salary /www/wwwroot/1107.tech/App/Runtime/Cache/Admin/1ebb7eba461ed748a0b4501c039f98ca.php 第 174 行.
NOTIC: [8] Use of undefined constant male - assumed 'male' /www/wwwroot/1107.tech/App/Runtime/Cache/Admin/1ebb7eba461ed748a0b4501c039f98ca.php 第 168 行.
NOTIC: [8] Use of undefined constant female - assumed 'female' /www/wwwroot/1107.tech/App/Runtime/Cache/Admin/1ebb7eba461ed748a0b4501c039f98ca.php 第 169 行.
NOTIC: [8] Undefined index: salary /www/wwwroot/1107.tech/App/Runtime/Cache/Admin/1ebb7eba461ed748a0b4501c039f98ca.php 第 174 行.
NOTIC: [8] Use of undefined constant male - assumed 'male' /www/wwwroot/1107.tech/App/Runtime/Cache/Admin/1ebb7eba461ed748a0b4501c039f98ca.php 第 168 行.
NOTIC: [8] Use of undefined constant female - assumed 'female' /www/wwwroot/1107.tech/App/Runtime/Cache/Admin/1ebb7eba461ed748a0b4501c039f98ca.php 第 169 行.
NOTIC: [8] Undefined index: salary /www/wwwroot/1107.tech/App/Runtime/Cache/Admin/1ebb7eba461ed748a0b4501c039f98ca.php 第 174 行.
NOTIC: [8] Use of undefined constant male - assumed 'male' /www/wwwroot/1107.tech/App/Runtime/Cache/Admin/1ebb7eba461ed748a0b4501c039f98ca.php 第 168 行.
NOTIC: [8] Use of undefined constant female - assumed 'female' /www/wwwroot/1107.tech/App/Runtime/Cache/Admin/1ebb7eba461ed748a0b4501c039f98ca.php 第 169 行.
NOTIC: [8] Undefined index: salary /www/wwwroot/1107.tech/App/Runtime/Cache/Admin/1ebb7eba461ed748a0b4501c039f98ca.php 第 174 行.
NOTIC: [8] Use of undefined constant male - assumed 'male' /www/wwwroot/1107.tech/App/Runtime/Cache/Admin/1ebb7eba461ed748a0b4501c039f98ca.php 第 168 行.
NOTIC: [8] Use of undefined constant female - assumed 'female' /www/wwwroot/1107.tech/App/Runtime/Cache/Admin/1ebb7eba461ed748a0b4501c039f98ca.php 第 169 行.
NOTIC: [8] Undefined index: salary /www/wwwroot/1107.tech/App/Runtime/Cache/Admin/1ebb7eba461ed748a0b4501c039f98ca.php 第 174 行.
NOTIC: [8] Use of undefined constant male - assumed 'male' /www/wwwroot/1107.tech/App/Runtime/Cache/Admin/1ebb7eba461ed748a0b4501c039f98ca.php 第 168 行.
NOTIC: [8] Use of undefined constant female - assumed 'female' /www/wwwroot/1107.tech/App/Runtime/Cache/Admin/1ebb7eba461ed748a0b4501c039f98ca.php 第 169 行.
NOTIC: [8] Undefined index: salary /www/wwwroot/1107.tech/App/Runtime/Cache/Admin/1ebb7eba461ed748a0b4501c039f98ca.php 第 174 行.
NOTIC: [8] Use of undefined constant male - assumed 'male' /www/wwwroot/1107.tech/App/Runtime/Cache/Admin/1ebb7eba461ed748a0b4501c039f98ca.php 第 168 行.
NOTIC: [8] Use of undefined constant female - assumed 'female' /www/wwwroot/1107.tech/App/Runtime/Cache/Admin/1ebb7eba461ed748a0b4501c039f98ca.php 第 169 行.
NOTIC: [8] Undefined index: salary /www/wwwroot/1107.tech/App/Runtime/Cache/Admin/1ebb7eba461ed748a0b4501c039f98ca.php 第 174 行.
NOTIC: [8] Use of undefined constant male - assumed 'male' /www/wwwroot/1107.tech/App/Runtime/Cache/Admin/1ebb7eba461ed748a0b4501c039f98ca.php 第 168 行.
NOTIC: [8] Use of undefined constant female - assumed 'female' /www/wwwroot/1107.tech/App/Runtime/Cache/Admin/1ebb7eba461ed748a0b4501c039f98ca.php 第 169 行.
NOTIC: [8] Undefined index: salary /www/wwwroot/1107.tech/App/Runtime/Cache/Admin/1ebb7eba461ed748a0b4501c039f98ca.php 第 174 行.
NOTIC: [8] Use of undefined constant male - assumed 'male' /www/wwwroot/1107.tech/App/Runtime/Cache/Admin/1ebb7eba461ed748a0b4501c039f98ca.php 第 168 行.
NOTIC: [8] Use of undefined constant female - assumed 'female' /www/wwwroot/1107.tech/App/Runtime/Cache/Admin/1ebb7eba461ed748a0b4501c039f98ca.php 第 169 行.
NOTIC: [8] Undefined index: salary /www/wwwroot/1107.tech/App/Runtime/Cache/Admin/1ebb7eba461ed748a0b4501c039f98ca.php 第 174 行.
NOTIC: [8] Use of undefined constant male - assumed 'male' /www/wwwroot/1107.tech/App/Runtime/Cache/Admin/1ebb7eba461ed748a0b4501c039f98ca.php 第 168 行.
NOTIC: [8] Use of undefined constant female - assumed 'female' /www/wwwroot/1107.tech/App/Runtime/Cache/Admin/1ebb7eba461ed748a0b4501c039f98ca.php 第 169 行.
NOTIC: [8] Undefined index: salary /www/wwwroot/1107.tech/App/Runtime/Cache/Admin/1ebb7eba461ed748a0b4501c039f98ca.php 第 174 行.
NOTIC: [8] Use of undefined constant male - assumed 'male' /www/wwwroot/1107.tech/App/Runtime/Cache/Admin/1ebb7eba461ed748a0b4501c039f98ca.php 第 168 行.
NOTIC: [8] Use of undefined constant female - assumed 'female' /www/wwwroot/1107.tech/App/Runtime/Cache/Admin/1ebb7eba461ed748a0b4501c039f98ca.php 第 169 行.
NOTIC: [8] Undefined index: salary /www/wwwroot/1107.tech/App/Runtime/Cache/Admin/1ebb7eba461ed748a0b4501c039f98ca.php 第 174 行.
NOTIC: [8] Use of undefined constant male - assumed 'male' /www/wwwroot/1107.tech/App/Runtime/Cache/Admin/1ebb7eba461ed748a0b4501c039f98ca.php 第 168 行.
NOTIC: [8] Use of undefined constant female - assumed 'female' /www/wwwroot/1107.tech/App/Runtime/Cache/Admin/1ebb7eba461ed748a0b4501c039f98ca.php 第 169 行.
NOTIC: [8] Undefined index: salary /www/wwwroot/1107.tech/App/Runtime/Cache/Admin/1ebb7eba461ed748a0b4501c039f98ca.php 第 174 行.
NOTIC: [8] Use of undefined constant male - assumed 'male' /www/wwwroot/1107.tech/App/Runtime/Cache/Admin/1ebb7eba461ed748a0b4501c039f98ca.php 第 168 行.
NOTIC: [8] Use of undefined constant female - assumed 'female' /www/wwwroot/1107.tech/App/Runtime/Cache/Admin/1ebb7eba461ed748a0b4501c039f98ca.php 第 169 行.
NOTIC: [8] Undefined index: salary /www/wwwroot/1107.tech/App/Runtime/Cache/Admin/1ebb7eba461ed748a0b4501c039f98ca.php 第 174 行.
NOTIC: [8] Use of undefined constant male - assumed 'male' /www/wwwroot/1107.tech/App/Runtime/Cache/Admin/1ebb7eba461ed748a0b4501c039f98ca.php 第 168 行.
NOTIC: [8] Use of undefined constant female - assumed 'female' /www/wwwroot/1107.tech/App/Runtime/Cache/Admin/1ebb7eba461ed748a0b4501c039f98ca.php 第 169 行.
NOTIC: [8] Undefined index: salary /www/wwwroot/1107.tech/App/Runtime/Cache/Admin/1ebb7eba461ed748a0b4501c039f98ca.php 第 174 行.
NOTIC: [8] Use of undefined constant male - assumed 'male' /www/wwwroot/1107.tech/App/Runtime/Cache/Admin/1ebb7eba461ed748a0b4501c039f98ca.php 第 168 行.
NOTIC: [8] Use of undefined constant female - assumed 'female' /www/wwwroot/1107.tech/App/Runtime/Cache/Admin/1ebb7eba461ed748a0b4501c039f98ca.php 第 169 行.
NOTIC: [8] Undefined index: salary /www/wwwroot/1107.tech/App/Runtime/Cache/Admin/1ebb7eba461ed748a0b4501c039f98ca.php 第 174 行.
NOTIC: [8] Use of undefined constant male - assumed 'male' /www/wwwroot/1107.tech/App/Runtime/Cache/Admin/1ebb7eba461ed748a0b4501c039f98ca.php 第 168 行.
NOTIC: [8] Use of undefined constant female - assumed 'female' /www/wwwroot/1107.tech/App/Runtime/Cache/Admin/1ebb7eba461ed748a0b4501c039f98ca.php 第 169 行.
NOTIC: [8] Undefined index: salary /www/wwwroot/1107.tech/App/Runtime/Cache/Admin/1ebb7eba461ed748a0b4501c039f98ca.php 第 174 行.
NOTIC: [8] Use of undefined constant male - assumed 'male' /www/wwwroot/1107.tech/App/Runtime/Cache/Admin/1ebb7eba461ed748a0b4501c039f98ca.php 第 168 行.
NOTIC: [8] Use of undefined constant female - assumed 'female' /www/wwwroot/1107.tech/App/Runtime/Cache/Admin/1ebb7eba461ed748a0b4501c039f98ca.php 第 169 行.
NOTIC: [8] Undefined index: salary /www/wwwroot/1107.tech/App/Runtime/Cache/Admin/1ebb7eba461ed748a0b4501c039f98ca.php 第 174 行.
NOTIC: [8] Use of undefined constant male - assumed 'male' /www/wwwroot/1107.tech/App/Runtime/Cache/Admin/1ebb7eba461ed748a0b4501c039f98ca.php 第 168 行.
NOTIC: [8] Use of undefined constant female - assumed 'female' /www/wwwroot/1107.tech/App/Runtime/Cache/Admin/1ebb7eba461ed748a0b4501c039f98ca.php 第 169 行.
NOTIC: [8] Undefined index: salary /www/wwwroot/1107.tech/App/Runtime/Cache/Admin/1ebb7eba461ed748a0b4501c039f98ca.php 第 174 行.
INFO: Run Behavior\ParseTemplateBehavior [ RunTime:0.252862s ]
INFO: [ view_parse ] --END-- [ RunTime:0.253081s ]
INFO: [ view_filter ] --START--
INFO: Run Behavior\WriteHtmlCacheBehavior [ RunTime:0.000448s ]
INFO: [ view_filter ] --END-- [ RunTime:0.000495s ]
INFO: [ app_end ] --START--
INFO: Run Behavior\ShowPageTraceBehavior [ RunTime:0.001088s ]
INFO: [ app_end ] --END-- [ RunTime:0.001255s ]

[ 2018-02-10T21:33:21+08:00 ] 211.149.153.14 /index.php?m=Admin&c=User&a=alwaysOnline&id=1566&status=yes
INFO: [ app_init ] --START--
INFO: Run Behavior\BuildLiteBehavior [ RunTime:0.000020s ]
INFO: [ app_init ] --END-- [ RunTime:0.000407s ]
INFO: [ app_begin ] --START--
INFO: Run Behavior\ReadHtmlCacheBehavior [ RunTime:0.000471s ]
INFO: Run Behavior\CheckLangBehavior [ RunTime:0.000955s ]
INFO: [ app_begin ] --END-- [ RunTime:0.001504s ]
SQL: SHOW COLUMNS FROM `user` [ RunTime:0.0017s ]
SQL: UPDATE `user` SET `is_online`='1',`always_online`='1',`updated`='1518269601' WHERE ( id=1566 ) [ RunTime:0.0005s ]

[ 2018-02-10T21:33:24+08:00 ] 211.149.153.14 /index.php?m=Admin&c=User&a=showlist
INFO: [ app_init ] --START--
INFO: Run Behavior\BuildLiteBehavior [ RunTime:0.000015s ]
INFO: [ app_init ] --END-- [ RunTime:0.000367s ]
INFO: [ app_begin ] --START--
INFO: Run Behavior\ReadHtmlCacheBehavior [ RunTime:0.000478s ]
INFO: Run Behavior\CheckLangBehavior [ RunTime:0.000873s ]
INFO: [ app_begin ] --END-- [ RunTime:0.001447s ]
SQL: SHOW COLUMNS FROM `user` [ RunTime:0.0015s ]
SQL: SELECT COUNT(*) AS tp_count FROM `user` LIMIT 1   [ RunTime:0.0002s ]
SQL: SELECT * FROM `user` ORDER BY id desc LIMIT 0,20   [ RunTime:0.0006s ]
SQL: SHOW COLUMNS FROM `member` [ RunTime:0.0006s ]
SQL: SELECT `id`,`name`,`key` FROM `member`  [ RunTime:0.0001s ]
INFO: [ view_parse ] --START--
INFO: [ template_filter ] --START--
INFO: Run Behavior\ContentReplaceBehavior [ RunTime:0.004975s ]
INFO: [ template_filter ] --END-- [ RunTime:0.005123s ]
NOTIC: [8] Use of undefined constant male - assumed 'male' /www/wwwroot/1107.tech/App/Runtime/Cache/Admin/1ebb7eba461ed748a0b4501c039f98ca.php 第 168 行.
NOTIC: [8] Use of undefined constant female - assumed 'female' /www/wwwroot/1107.tech/App/Runtime/Cache/Admin/1ebb7eba461ed748a0b4501c039f98ca.php 第 169 行.
NOTIC: [8] Undefined index: salary /www/wwwroot/1107.tech/App/Runtime/Cache/Admin/1ebb7eba461ed748a0b4501c039f98ca.php 第 174 行.
NOTIC: [8] Use of undefined constant male - assumed 'male' /www/wwwroot/1107.tech/App/Runtime/Cache/Admin/1ebb7eba461ed748a0b4501c039f98ca.php 第 168 行.
NOTIC: [8] Use of undefined constant female - assumed 'female' /www/wwwroot/1107.tech/App/Runtime/Cache/Admin/1ebb7eba461ed748a0b4501c039f98ca.php 第 169 行.
NOTIC: [8] Undefined index: salary /www/wwwroot/1107.tech/App/Runtime/Cache/Admin/1ebb7eba461ed748a0b4501c039f98ca.php 第 174 行.
NOTIC: [8] Use of undefined constant male - assumed 'male' /www/wwwroot/1107.tech/App/Runtime/Cache/Admin/1ebb7eba461ed748a0b4501c039f98ca.php 第 168 行.
NOTIC: [8] Use of undefined constant female - assumed 'female' /www/wwwroot/1107.tech/App/Runtime/Cache/Admin/1ebb7eba461ed748a0b4501c039f98ca.php 第 169 行.
NOTIC: [8] Undefined index: salary /www/wwwroot/1107.tech/App/Runtime/Cache/Admin/1ebb7eba461ed748a0b4501c039f98ca.php 第 174 行.
NOTIC: [8] Use of undefined constant male - assumed 'male' /www/wwwroot/1107.tech/App/Runtime/Cache/Admin/1ebb7eba461ed748a0b4501c039f98ca.php 第 168 行.
NOTIC: [8] Use of undefined constant female - assumed 'female' /www/wwwroot/1107.tech/App/Runtime/Cache/Admin/1ebb7eba461ed748a0b4501c039f98ca.php 第 169 行.
NOTIC: [8] Undefined index: salary /www/wwwroot/1107.tech/App/Runtime/Cache/Admin/1ebb7eba461ed748a0b4501c039f98ca.php 第 174 行.
NOTIC: [8] Use of undefined constant male - assumed 'male' /www/wwwroot/1107.tech/App/Runtime/Cache/Admin/1ebb7eba461ed748a0b4501c039f98ca.php 第 168 行.
NOTIC: [8] Use of undefined constant female - assumed 'female' /www/wwwroot/1107.tech/App/Runtime/Cache/Admin/1ebb7eba461ed748a0b4501c039f98ca.php 第 169 行.
NOTIC: [8] Undefined index: salary /www/wwwroot/1107.tech/App/Runtime/Cache/Admin/1ebb7eba461ed748a0b4501c039f98ca.php 第 174 行.
NOTIC: [8] Use of undefined constant male - assumed 'male' /www/wwwroot/1107.tech/App/Runtime/Cache/Admin/1ebb7eba461ed748a0b4501c039f98ca.php 第 168 行.
NOTIC: [8] Use of undefined constant female - assumed 'female' /www/wwwroot/1107.tech/App/Runtime/Cache/Admin/1ebb7eba461ed748a0b4501c039f98ca.php 第 169 行.
NOTIC: [8] Undefined index: salary /www/wwwroot/1107.tech/App/Runtime/Cache/Admin/1ebb7eba461ed748a0b4501c039f98ca.php 第 174 行.
NOTIC: [8] Use of undefined constant male - assumed 'male' /www/wwwroot/1107.tech/App/Runtime/Cache/Admin/1ebb7eba461ed748a0b4501c039f98ca.php 第 168 行.
NOTIC: [8] Use of undefined constant female - assumed 'female' /www/wwwroot/1107.tech/App/Runtime/Cache/Admin/1ebb7eba461ed748a0b4501c039f98ca.php 第 169 行.
NOTIC: [8] Undefined index: salary /www/wwwroot/1107.tech/App/Runtime/Cache/Admin/1ebb7eba461ed748a0b4501c039f98ca.php 第 174 行.
NOTIC: [8] Use of undefined constant male - assumed 'male' /www/wwwroot/1107.tech/App/Runtime/Cache/Admin/1ebb7eba461ed748a0b4501c039f98ca.php 第 168 行.
NOTIC: [8] Use of undefined constant female - assumed 'female' /www/wwwroot/1107.tech/App/Runtime/Cache/Admin/1ebb7eba461ed748a0b4501c039f98ca.php 第 169 行.
NOTIC: [8] Undefined index: salary /www/wwwroot/1107.tech/App/Runtime/Cache/Admin/1ebb7eba461ed748a0b4501c039f98ca.php 第 174 行.
NOTIC: [8] Use of undefined constant male - assumed 'male' /www/wwwroot/1107.tech/App/Runtime/Cache/Admin/1ebb7eba461ed748a0b4501c039f98ca.php 第 168 行.
NOTIC: [8] Use of undefined constant female - assumed 'female' /www/wwwroot/1107.tech/App/Runtime/Cache/Admin/1ebb7eba461ed748a0b4501c039f98ca.php 第 169 行.
NOTIC: [8] Undefined index: salary /www/wwwroot/1107.tech/App/Runtime/Cache/Admin/1ebb7eba461ed748a0b4501c039f98ca.php 第 174 行.
NOTIC: [8] Use of undefined constant male - assumed 'male' /www/wwwroot/1107.tech/App/Runtime/Cache/Admin/1ebb7eba461ed748a0b4501c039f98ca.php 第 168 行.
NOTIC: [8] Use of undefined constant female - assumed 'female' /www/wwwroot/1107.tech/App/Runtime/Cache/Admin/1ebb7eba461ed748a0b4501c039f98ca.php 第 169 行.
NOTIC: [8] Undefined index: salary /www/wwwroot/1107.tech/App/Runtime/Cache/Admin/1ebb7eba461ed748a0b4501c039f98ca.php 第 174 行.
NOTIC: [8] Use of undefined constant male - assumed 'male' /www/wwwroot/1107.tech/App/Runtime/Cache/Admin/1ebb7eba461ed748a0b4501c039f98ca.php 第 168 行.
NOTIC: [8] Use of undefined constant female - assumed 'female' /www/wwwroot/1107.tech/App/Runtime/Cache/Admin/1ebb7eba461ed748a0b4501c039f98ca.php 第 169 行.
NOTIC: [8] Undefined index: salary /www/wwwroot/1107.tech/App/Runtime/Cache/Admin/1ebb7eba461ed748a0b4501c039f98ca.php 第 174 行.
NOTIC: [8] Use of undefined constant male - assumed 'male' /www/wwwroot/1107.tech/App/Runtime/Cache/Admin/1ebb7eba461ed748a0b4501c039f98ca.php 第 168 行.
NOTIC: [8] Use of undefined constant female - assumed 'female' /www/wwwroot/1107.tech/App/Runtime/Cache/Admin/1ebb7eba461ed748a0b4501c039f98ca.php 第 169 行.
NOTIC: [8] Undefined index: salary /www/wwwroot/1107.tech/App/Runtime/Cache/Admin/1ebb7eba461ed748a0b4501c039f98ca.php 第 174 行.
NOTIC: [8] Use of undefined constant male - assumed 'male' /www/wwwroot/1107.tech/App/Runtime/Cache/Admin/1ebb7eba461ed748a0b4501c039f98ca.php 第 168 行.
NOTIC: [8] Use of undefined constant female - assumed 'female' /www/wwwroot/1107.tech/App/Runtime/Cache/Admin/1ebb7eba461ed748a0b4501c039f98ca.php 第 169 行.
NOTIC: [8] Undefined index: salary /www/wwwroot/1107.tech/App/Runtime/Cache/Admin/1ebb7eba461ed748a0b4501c039f98ca.php 第 174 行.
NOTIC: [8] Use of undefined constant male - assumed 'male' /www/wwwroot/1107.tech/App/Runtime/Cache/Admin/1ebb7eba461ed748a0b4501c039f98ca.php 第 168 行.
NOTIC: [8] Use of undefined constant female - assumed 'female' /www/wwwroot/1107.tech/App/Runtime/Cache/Admin/1ebb7eba461ed748a0b4501c039f98ca.php 第 169 行.
NOTIC: [8] Undefined index: salary /www/wwwroot/1107.tech/App/Runtime/Cache/Admin/1ebb7eba461ed748a0b4501c039f98ca.php 第 174 行.
NOTIC: [8] Use of undefined constant male - assumed 'male' /www/wwwroot/1107.tech/App/Runtime/Cache/Admin/1ebb7eba461ed748a0b4501c039f98ca.php 第 168 行.
NOTIC: [8] Use of undefined constant female - assumed 'female' /www/wwwroot/1107.tech/App/Runtime/Cache/Admin/1ebb7eba461ed748a0b4501c039f98ca.php 第 169 行.
NOTIC: [8] Undefined index: salary /www/wwwroot/1107.tech/App/Runtime/Cache/Admin/1ebb7eba461ed748a0b4501c039f98ca.php 第 174 行.
NOTIC: [8] Use of undefined constant male - assumed 'male' /www/wwwroot/1107.tech/App/Runtime/Cache/Admin/1ebb7eba461ed748a0b4501c039f98ca.php 第 168 行.
NOTIC: [8] Use of undefined constant female - assumed 'female' /www/wwwroot/1107.tech/App/Runtime/Cache/Admin/1ebb7eba461ed748a0b4501c039f98ca.php 第 169 行.
NOTIC: [8] Undefined index: salary /www/wwwroot/1107.tech/App/Runtime/Cache/Admin/1ebb7eba461ed748a0b4501c039f98ca.php 第 174 行.
NOTIC: [8] Use of undefined constant male - assumed 'male' /www/wwwroot/1107.tech/App/Runtime/Cache/Admin/1ebb7eba461ed748a0b4501c039f98ca.php 第 168 行.
NOTIC: [8] Use of undefined constant female - assumed 'female' /www/wwwroot/1107.tech/App/Runtime/Cache/Admin/1ebb7eba461ed748a0b4501c039f98ca.php 第 169 行.
NOTIC: [8] Undefined index: salary /www/wwwroot/1107.tech/App/Runtime/Cache/Admin/1ebb7eba461ed748a0b4501c039f98ca.php 第 174 行.
NOTIC: [8] Use of undefined constant male - assumed 'male' /www/wwwroot/1107.tech/App/Runtime/Cache/Admin/1ebb7eba461ed748a0b4501c039f98ca.php 第 168 行.
NOTIC: [8] Use of undefined constant female - assumed 'female' /www/wwwroot/1107.tech/App/Runtime/Cache/Admin/1ebb7eba461ed748a0b4501c039f98ca.php 第 169 行.
NOTIC: [8] Undefined index: salary /www/wwwroot/1107.tech/App/Runtime/Cache/Admin/1ebb7eba461ed748a0b4501c039f98ca.php 第 174 行.
NOTIC: [8] Use of undefined constant male - assumed 'male' /www/wwwroot/1107.tech/App/Runtime/Cache/Admin/1ebb7eba461ed748a0b4501c039f98ca.php 第 168 行.
NOTIC: [8] Use of undefined constant female - assumed 'female' /www/wwwroot/1107.tech/App/Runtime/Cache/Admin/1ebb7eba461ed748a0b4501c039f98ca.php 第 169 行.
NOTIC: [8] Undefined index: salary /www/wwwroot/1107.tech/App/Runtime/Cache/Admin/1ebb7eba461ed748a0b4501c039f98ca.php 第 174 行.
NOTIC: [8] Use of undefined constant male - assumed 'male' /www/wwwroot/1107.tech/App/Runtime/Cache/Admin/1ebb7eba461ed748a0b4501c039f98ca.php 第 168 行.
NOTIC: [8] Use of undefined constant female - assumed 'female' /www/wwwroot/1107.tech/App/Runtime/Cache/Admin/1ebb7eba461ed748a0b4501c039f98ca.php 第 169 行.
NOTIC: [8] Undefined index: salary /www/wwwroot/1107.tech/App/Runtime/Cache/Admin/1ebb7eba461ed748a0b4501c039f98ca.php 第 174 行.
INFO: Run Behavior\ParseTemplateBehavior [ RunTime:0.238407s ]
INFO: [ view_parse ] --END-- [ RunTime:0.238470s ]
INFO: [ view_filter ] --START--
INFO: Run Behavior\WriteHtmlCacheBehavior [ RunTime:0.000460s ]
INFO: [ view_filter ] --END-- [ RunTime:0.000506s ]
INFO: [ app_end ] --START--
INFO: Run Behavior\ShowPageTraceBehavior [ RunTime:0.000915s ]
INFO: [ app_end ] --END-- [ RunTime:0.001008s ]

[ 2018-02-10T21:33:27+08:00 ] 211.149.153.13 /index.php?m=Admin&c=User&a=alwaysOnline&id=1566&status=no
INFO: [ app_init ] --START--
INFO: Run Behavior\BuildLiteBehavior [ RunTime:0.000015s ]
INFO: [ app_init ] --END-- [ RunTime:0.000389s ]
INFO: [ app_begin ] --START--
INFO: Run Behavior\ReadHtmlCacheBehavior [ RunTime:0.000507s ]
INFO: Run Behavior\CheckLangBehavior [ RunTime:0.001170s ]
INFO: [ app_begin ] --END-- [ RunTime:0.001763s ]
SQL: SHOW COLUMNS FROM `user` [ RunTime:0.0017s ]
SQL: UPDATE `user` SET `is_online`='0',`always_online`='0',`updated`='1518269607' WHERE ( id=1566 ) [ RunTime:0.0004s ]

[ 2018-02-10T21:33:28+08:00 ] 211.149.153.12 /index.php?m=Admin&c=User&a=showlist
INFO: [ app_init ] --START--
INFO: Run Behavior\BuildLiteBehavior [ RunTime:0.000026s ]
INFO: [ app_init ] --END-- [ RunTime:0.000567s ]
INFO: [ app_begin ] --START--
INFO: Run Behavior\ReadHtmlCacheBehavior [ RunTime:0.000646s ]
INFO: Run Behavior\CheckLangBehavior [ RunTime:0.000875s ]
INFO: [ app_begin ] --END-- [ RunTime:0.001610s ]
SQL: SHOW COLUMNS FROM `user` [ RunTime:0.0015s ]
SQL: SELECT COUNT(*) AS tp_count FROM `user` LIMIT 1   [ RunTime:0.0002s ]
SQL: SELECT * FROM `user` ORDER BY id desc LIMIT 0,20   [ RunTime:0.0006s ]
SQL: SHOW COLUMNS FROM `member` [ RunTime:0.0005s ]
SQL: SELECT `id`,`name`,`key` FROM `member`  [ RunTime:0.0001s ]
INFO: [ view_parse ] --START--
INFO: [ template_filter ] --START--
INFO: Run Behavior\ContentReplaceBehavior [ RunTime:0.003961s ]
INFO: [ template_filter ] --END-- [ RunTime:0.004145s ]
NOTIC: [8] Use of undefined constant male - assumed 'male' /www/wwwroot/1107.tech/App/Runtime/Cache/Admin/1ebb7eba461ed748a0b4501c039f98ca.php 第 168 行.
NOTIC: [8] Use of undefined constant female - assumed 'female' /www/wwwroot/1107.tech/App/Runtime/Cache/Admin/1ebb7eba461ed748a0b4501c039f98ca.php 第 169 行.
NOTIC: [8] Undefined index: salary /www/wwwroot/1107.tech/App/Runtime/Cache/Admin/1ebb7eba461ed748a0b4501c039f98ca.php 第 174 行.
NOTIC: [8] Use of undefined constant male - assumed 'male' /www/wwwroot/1107.tech/App/Runtime/Cache/Admin/1ebb7eba461ed748a0b4501c039f98ca.php 第 168 行.
NOTIC: [8] Use of undefined constant female - assumed 'female' /www/wwwroot/1107.tech/App/Runtime/Cache/Admin/1ebb7eba461ed748a0b4501c039f98ca.php 第 169 行.
NOTIC: [8] Undefined index: salary /www/wwwroot/1107.tech/App/Runtime/Cache/Admin/1ebb7eba461ed748a0b4501c039f98ca.php 第 174 行.
NOTIC: [8] Use of undefined constant male - assumed 'male' /www/wwwroot/1107.tech/App/Runtime/Cache/Admin/1ebb7eba461ed748a0b4501c039f98ca.php 第 168 行.
NOTIC: [8] Use of undefined constant female - assumed 'female' /www/wwwroot/1107.tech/App/Runtime/Cache/Admin/1ebb7eba461ed748a0b4501c039f98ca.php 第 169 行.
NOTIC: [8] Undefined index: salary /www/wwwroot/1107.tech/App/Runtime/Cache/Admin/1ebb7eba461ed748a0b4501c039f98ca.php 第 174 行.
NOTIC: [8] Use of undefined constant male - assumed 'male' /www/wwwroot/1107.tech/App/Runtime/Cache/Admin/1ebb7eba461ed748a0b4501c039f98ca.php 第 168 行.
NOTIC: [8] Use of undefined constant female - assumed 'female' /www/wwwroot/1107.tech/App/Runtime/Cache/Admin/1ebb7eba461ed748a0b4501c039f98ca.php 第 169 行.
NOTIC: [8] Undefined index: salary /www/wwwroot/1107.tech/App/Runtime/Cache/Admin/1ebb7eba461ed748a0b4501c039f98ca.php 第 174 行.
NOTIC: [8] Use of undefined constant male - assumed 'male' /www/wwwroot/1107.tech/App/Runtime/Cache/Admin/1ebb7eba461ed748a0b4501c039f98ca.php 第 168 行.
NOTIC: [8] Use of undefined constant female - assumed 'female' /www/wwwroot/1107.tech/App/Runtime/Cache/Admin/1ebb7eba461ed748a0b4501c039f98ca.php 第 169 行.
NOTIC: [8] Undefined index: salary /www/wwwroot/1107.tech/App/Runtime/Cache/Admin/1ebb7eba461ed748a0b4501c039f98ca.php 第 174 行.
NOTIC: [8] Use of undefined constant male - assumed 'male' /www/wwwroot/1107.tech/App/Runtime/Cache/Admin/1ebb7eba461ed748a0b4501c039f98ca.php 第 168 行.
NOTIC: [8] Use of undefined constant female - assumed 'female' /www/wwwroot/1107.tech/App/Runtime/Cache/Admin/1ebb7eba461ed748a0b4501c039f98ca.php 第 169 行.
NOTIC: [8] Undefined index: salary /www/wwwroot/1107.tech/App/Runtime/Cache/Admin/1ebb7eba461ed748a0b4501c039f98ca.php 第 174 行.
NOTIC: [8] Use of undefined constant male - assumed 'male' /www/wwwroot/1107.tech/App/Runtime/Cache/Admin/1ebb7eba461ed748a0b4501c039f98ca.php 第 168 行.
NOTIC: [8] Use of undefined constant female - assumed 'female' /www/wwwroot/1107.tech/App/Runtime/Cache/Admin/1ebb7eba461ed748a0b4501c039f98ca.php 第 169 行.
NOTIC: [8] Undefined index: salary /www/wwwroot/1107.tech/App/Runtime/Cache/Admin/1ebb7eba461ed748a0b4501c039f98ca.php 第 174 行.
NOTIC: [8] Use of undefined constant male - assumed 'male' /www/wwwroot/1107.tech/App/Runtime/Cache/Admin/1ebb7eba461ed748a0b4501c039f98ca.php 第 168 行.
NOTIC: [8] Use of undefined constant female - assumed 'female' /www/wwwroot/1107.tech/App/Runtime/Cache/Admin/1ebb7eba461ed748a0b4501c039f98ca.php 第 169 行.
NOTIC: [8] Undefined index: salary /www/wwwroot/1107.tech/App/Runtime/Cache/Admin/1ebb7eba461ed748a0b4501c039f98ca.php 第 174 行.
NOTIC: [8] Use of undefined constant male - assumed 'male' /www/wwwroot/1107.tech/App/Runtime/Cache/Admin/1ebb7eba461ed748a0b4501c039f98ca.php 第 168 行.
NOTIC: [8] Use of undefined constant female - assumed 'female' /www/wwwroot/1107.tech/App/Runtime/Cache/Admin/1ebb7eba461ed748a0b4501c039f98ca.php 第 169 行.
NOTIC: [8] Undefined index: salary /www/wwwroot/1107.tech/App/Runtime/Cache/Admin/1ebb7eba461ed748a0b4501c039f98ca.php 第 174 行.
NOTIC: [8] Use of undefined constant male - assumed 'male' /www/wwwroot/1107.tech/App/Runtime/Cache/Admin/1ebb7eba461ed748a0b4501c039f98ca.php 第 168 行.
NOTIC: [8] Use of undefined constant female - assumed 'female' /www/wwwroot/1107.tech/App/Runtime/Cache/Admin/1ebb7eba461ed748a0b4501c039f98ca.php 第 169 行.
NOTIC: [8] Undefined index: salary /www/wwwroot/1107.tech/App/Runtime/Cache/Admin/1ebb7eba461ed748a0b4501c039f98ca.php 第 174 行.
NOTIC: [8] Use of undefined constant male - assumed 'male' /www/wwwroot/1107.tech/App/Runtime/Cache/Admin/1ebb7eba461ed748a0b4501c039f98ca.php 第 168 行.
NOTIC: [8] Use of undefined constant female - assumed 'female' /www/wwwroot/1107.tech/App/Runtime/Cache/Admin/1ebb7eba461ed748a0b4501c039f98ca.php 第 169 行.
NOTIC: [8] Undefined index: salary /www/wwwroot/1107.tech/App/Runtime/Cache/Admin/1ebb7eba461ed748a0b4501c039f98ca.php 第 174 行.
NOTIC: [8] Use of undefined constant male - assumed 'male' /www/wwwroot/1107.tech/App/Runtime/Cache/Admin/1ebb7eba461ed748a0b4501c039f98ca.php 第 168 行.
NOTIC: [8] Use of undefined constant female - assumed 'female' /www/wwwroot/1107.tech/App/Runtime/Cache/Admin/1ebb7eba461ed748a0b4501c039f98ca.php 第 169 行.
NOTIC: [8] Undefined index: salary /www/wwwroot/1107.tech/App/Runtime/Cache/Admin/1ebb7eba461ed748a0b4501c039f98ca.php 第 174 行.
NOTIC: [8] Use of undefined constant male - assumed 'male' /www/wwwroot/1107.tech/App/Runtime/Cache/Admin/1ebb7eba461ed748a0b4501c039f98ca.php 第 168 行.
NOTIC: [8] Use of undefined constant female - assumed 'female' /www/wwwroot/1107.tech/App/Runtime/Cache/Admin/1ebb7eba461ed748a0b4501c039f98ca.php 第 169 行.
NOTIC: [8] Undefined index: salary /www/wwwroot/1107.tech/App/Runtime/Cache/Admin/1ebb7eba461ed748a0b4501c039f98ca.php 第 174 行.
NOTIC: [8] Use of undefined constant male - assumed 'male' /www/wwwroot/1107.tech/App/Runtime/Cache/Admin/1ebb7eba461ed748a0b4501c039f98ca.php 第 168 行.
NOTIC: [8] Use of undefined constant female - assumed 'female' /www/wwwroot/1107.tech/App/Runtime/Cache/Admin/1ebb7eba461ed748a0b4501c039f98ca.php 第 169 行.
NOTIC: [8] Undefined index: salary /www/wwwroot/1107.tech/App/Runtime/Cache/Admin/1ebb7eba461ed748a0b4501c039f98ca.php 第 174 行.
NOTIC: [8] Use of undefined constant male - assumed 'male' /www/wwwroot/1107.tech/App/Runtime/Cache/Admin/1ebb7eba461ed748a0b4501c039f98ca.php 第 168 行.
NOTIC: [8] Use of undefined constant female - assumed 'female' /www/wwwroot/1107.tech/App/Runtime/Cache/Admin/1ebb7eba461ed748a0b4501c039f98ca.php 第 169 行.
NOTIC: [8] Undefined index: salary /www/wwwroot/1107.tech/App/Runtime/Cache/Admin/1ebb7eba461ed748a0b4501c039f98ca.php 第 174 行.
NOTIC: [8] Use of undefined constant male - assumed 'male' /www/wwwroot/1107.tech/App/Runtime/Cache/Admin/1ebb7eba461ed748a0b4501c039f98ca.php 第 168 行.
NOTIC: [8] Use of undefined constant female - assumed 'female' /www/wwwroot/1107.tech/App/Runtime/Cache/Admin/1ebb7eba461ed748a0b4501c039f98ca.php 第 169 行.
NOTIC: [8] Undefined index: salary /www/wwwroot/1107.tech/App/Runtime/Cache/Admin/1ebb7eba461ed748a0b4501c039f98ca.php 第 174 行.
NOTIC: [8] Use of undefined constant male - assumed 'male' /www/wwwroot/1107.tech/App/Runtime/Cache/Admin/1ebb7eba461ed748a0b4501c039f98ca.php 第 168 行.
NOTIC: [8] Use of undefined constant female - assumed 'female' /www/wwwroot/1107.tech/App/Runtime/Cache/Admin/1ebb7eba461ed748a0b4501c039f98ca.php 第 169 行.
NOTIC: [8] Undefined index: salary /www/wwwroot/1107.tech/App/Runtime/Cache/Admin/1ebb7eba461ed748a0b4501c039f98ca.php 第 174 行.
NOTIC: [8] Use of undefined constant male - assumed 'male' /www/wwwroot/1107.tech/App/Runtime/Cache/Admin/1ebb7eba461ed748a0b4501c039f98ca.php 第 168 行.
NOTIC: [8] Use of undefined constant female - assumed 'female' /www/wwwroot/1107.tech/App/Runtime/Cache/Admin/1ebb7eba461ed748a0b4501c039f98ca.php 第 169 行.
NOTIC: [8] Undefined index: salary /www/wwwroot/1107.tech/App/Runtime/Cache/Admin/1ebb7eba461ed748a0b4501c039f98ca.php 第 174 行.
NOTIC: [8] Use of undefined constant male - assumed 'male' /www/wwwroot/1107.tech/App/Runtime/Cache/Admin/1ebb7eba461ed748a0b4501c039f98ca.php 第 168 行.
NOTIC: [8] Use of undefined constant female - assumed 'female' /www/wwwroot/1107.tech/App/Runtime/Cache/Admin/1ebb7eba461ed748a0b4501c039f98ca.php 第 169 行.
NOTIC: [8] Undefined index: salary /www/wwwroot/1107.tech/App/Runtime/Cache/Admin/1ebb7eba461ed748a0b4501c039f98ca.php 第 174 行.
NOTIC: [8] Use of undefined constant male - assumed 'male' /www/wwwroot/1107.tech/App/Runtime/Cache/Admin/1ebb7eba461ed748a0b4501c039f98ca.php 第 168 行.
NOTIC: [8] Use of undefined constant female - assumed 'female' /www/wwwroot/1107.tech/App/Runtime/Cache/Admin/1ebb7eba461ed748a0b4501c039f98ca.php 第 169 行.
NOTIC: [8] Undefined index: salary /www/wwwroot/1107.tech/App/Runtime/Cache/Admin/1ebb7eba461ed748a0b4501c039f98ca.php 第 174 行.
INFO: Run Behavior\ParseTemplateBehavior [ RunTime:0.236098s ]
INFO: [ view_parse ] --END-- [ RunTime:0.236157s ]
INFO: [ view_filter ] --START--
INFO: Run Behavior\WriteHtmlCacheBehavior [ RunTime:0.000439s ]
INFO: [ view_filter ] --END-- [ RunTime:0.000495s ]
INFO: [ app_end ] --START--
INFO: Run Behavior\ShowPageTraceBehavior [ RunTime:0.000824s ]
INFO: [ app_end ] --END-- [ RunTime:0.000977s ]

[ 2018-02-10T21:33:31+08:00 ] 211.149.153.13 /index.php?m=Admin&c=User&a=showlist
INFO: [ app_init ] --START--
INFO: Run Behavior\BuildLiteBehavior [ RunTime:0.000020s ]
INFO: [ app_init ] --END-- [ RunTime:0.000515s ]
INFO: [ app_begin ] --START--
INFO: Run Behavior\ReadHtmlCacheBehavior [ RunTime:0.000596s ]
INFO: Run Behavior\CheckLangBehavior [ RunTime:0.001636s ]
INFO: [ app_begin ] --END-- [ RunTime:0.002357s ]
SQL: SHOW COLUMNS FROM `user` [ RunTime:0.0015s ]
SQL: SELECT COUNT(*) AS tp_count FROM `user` LIMIT 1   [ RunTime:0.0001s ]
SQL: SELECT * FROM `user` ORDER BY id desc LIMIT 0,20   [ RunTime:0.0002s ]
SQL: SHOW COLUMNS FROM `member` [ RunTime:0.0005s ]
SQL: SELECT `id`,`name`,`key` FROM `member`  [ RunTime:0.0001s ]
INFO: [ view_parse ] --START--
INFO: [ template_filter ] --START--
INFO: Run Behavior\ContentReplaceBehavior [ RunTime:0.006961s ]
INFO: [ template_filter ] --END-- [ RunTime:0.007210s ]
NOTIC: [8] Use of undefined constant male - assumed 'male' /www/wwwroot/1107.tech/App/Runtime/Cache/Admin/1ebb7eba461ed748a0b4501c039f98ca.php 第 168 行.
NOTIC: [8] Use of undefined constant female - assumed 'female' /www/wwwroot/1107.tech/App/Runtime/Cache/Admin/1ebb7eba461ed748a0b4501c039f98ca.php 第 169 行.
NOTIC: [8] Undefined index: salary /www/wwwroot/1107.tech/App/Runtime/Cache/Admin/1ebb7eba461ed748a0b4501c039f98ca.php 第 174 行.
NOTIC: [8] Use of undefined constant male - assumed 'male' /www/wwwroot/1107.tech/App/Runtime/Cache/Admin/1ebb7eba461ed748a0b4501c039f98ca.php 第 168 行.
NOTIC: [8] Use of undefined constant female - assumed 'female' /www/wwwroot/1107.tech/App/Runtime/Cache/Admin/1ebb7eba461ed748a0b4501c039f98ca.php 第 169 行.
NOTIC: [8] Undefined index: salary /www/wwwroot/1107.tech/App/Runtime/Cache/Admin/1ebb7eba461ed748a0b4501c039f98ca.php 第 174 行.
NOTIC: [8] Use of undefined constant male - assumed 'male' /www/wwwroot/1107.tech/App/Runtime/Cache/Admin/1ebb7eba461ed748a0b4501c039f98ca.php 第 168 行.
NOTIC: [8] Use of undefined constant female - assumed 'female' /www/wwwroot/1107.tech/App/Runtime/Cache/Admin/1ebb7eba461ed748a0b4501c039f98ca.php 第 169 行.
NOTIC: [8] Undefined index: salary /www/wwwroot/1107.tech/App/Runtime/Cache/Admin/1ebb7eba461ed748a0b4501c039f98ca.php 第 174 行.
NOTIC: [8] Use of undefined constant male - assumed 'male' /www/wwwroot/1107.tech/App/Runtime/Cache/Admin/1ebb7eba461ed748a0b4501c039f98ca.php 第 168 行.
NOTIC: [8] Use of undefined constant female - assumed 'female' /www/wwwroot/1107.tech/App/Runtime/Cache/Admin/1ebb7eba461ed748a0b4501c039f98ca.php 第 169 行.
NOTIC: [8] Undefined index: salary /www/wwwroot/1107.tech/App/Runtime/Cache/Admin/1ebb7eba461ed748a0b4501c039f98ca.php 第 174 行.
NOTIC: [8] Use of undefined constant male - assumed 'male' /www/wwwroot/1107.tech/App/Runtime/Cache/Admin/1ebb7eba461ed748a0b4501c039f98ca.php 第 168 行.
NOTIC: [8] Use of undefined constant female - assumed 'female' /www/wwwroot/1107.tech/App/Runtime/Cache/Admin/1ebb7eba461ed748a0b4501c039f98ca.php 第 169 行.
NOTIC: [8] Undefined index: salary /www/wwwroot/1107.tech/App/Runtime/Cache/Admin/1ebb7eba461ed748a0b4501c039f98ca.php 第 174 行.
NOTIC: [8] Use of undefined constant male - assumed 'male' /www/wwwroot/1107.tech/App/Runtime/Cache/Admin/1ebb7eba461ed748a0b4501c039f98ca.php 第 168 行.
NOTIC: [8] Use of undefined constant female - assumed 'female' /www/wwwroot/1107.tech/App/Runtime/Cache/Admin/1ebb7eba461ed748a0b4501c039f98ca.php 第 169 行.
NOTIC: [8] Undefined index: salary /www/wwwroot/1107.tech/App/Runtime/Cache/Admin/1ebb7eba461ed748a0b4501c039f98ca.php 第 174 行.
NOTIC: [8] Use of undefined constant male - assumed 'male' /www/wwwroot/1107.tech/App/Runtime/Cache/Admin/1ebb7eba461ed748a0b4501c039f98ca.php 第 168 行.
NOTIC: [8] Use of undefined constant female - assumed 'female' /www/wwwroot/1107.tech/App/Runtime/Cache/Admin/1ebb7eba461ed748a0b4501c039f98ca.php 第 169 行.
NOTIC: [8] Undefined index: salary /www/wwwroot/1107.tech/App/Runtime/Cache/Admin/1ebb7eba461ed748a0b4501c039f98ca.php 第 174 行.
NOTIC: [8] Use of undefined constant male - assumed 'male' /www/wwwroot/1107.tech/App/Runtime/Cache/Admin/1ebb7eba461ed748a0b4501c039f98ca.php 第 168 行.
NOTIC: [8] Use of undefined constant female - assumed 'female' /www/wwwroot/1107.tech/App/Runtime/Cache/Admin/1ebb7eba461ed748a0b4501c039f98ca.php 第 169 行.
NOTIC: [8] Undefined index: salary /www/wwwroot/1107.tech/App/Runtime/Cache/Admin/1ebb7eba461ed748a0b4501c039f98ca.php 第 174 行.
NOTIC: [8] Use of undefined constant male - assumed 'male' /www/wwwroot/1107.tech/App/Runtime/Cache/Admin/1ebb7eba461ed748a0b4501c039f98ca.php 第 168 行.
NOTIC: [8] Use of undefined constant female - assumed 'female' /www/wwwroot/1107.tech/App/Runtime/Cache/Admin/1ebb7eba461ed748a0b4501c039f98ca.php 第 169 行.
NOTIC: [8] Undefined index: salary /www/wwwroot/1107.tech/App/Runtime/Cache/Admin/1ebb7eba461ed748a0b4501c039f98ca.php 第 174 行.
NOTIC: [8] Use of undefined constant male - assumed 'male' /www/wwwroot/1107.tech/App/Runtime/Cache/Admin/1ebb7eba461ed748a0b4501c039f98ca.php 第 168 行.
NOTIC: [8] Use of undefined constant female - assumed 'female' /www/wwwroot/1107.tech/App/Runtime/Cache/Admin/1ebb7eba461ed748a0b4501c039f98ca.php 第 169 行.
NOTIC: [8] Undefined index: salary /www/wwwroot/1107.tech/App/Runtime/Cache/Admin/1ebb7eba461ed748a0b4501c039f98ca.php 第 174 行.
NOTIC: [8] Use of undefined constant male - assumed 'male' /www/wwwroot/1107.tech/App/Runtime/Cache/Admin/1ebb7eba461ed748a0b4501c039f98ca.php 第 168 行.
NOTIC: [8] Use of undefined constant female - assumed 'female' /www/wwwroot/1107.tech/App/Runtime/Cache/Admin/1ebb7eba461ed748a0b4501c039f98ca.php 第 169 行.
NOTIC: [8] Undefined index: salary /www/wwwroot/1107.tech/App/Runtime/Cache/Admin/1ebb7eba461ed748a0b4501c039f98ca.php 第 174 行.
NOTIC: [8] Use of undefined constant male - assumed 'male' /www/wwwroot/1107.tech/App/Runtime/Cache/Admin/1ebb7eba461ed748a0b4501c039f98ca.php 第 168 行.
NOTIC: [8] Use of undefined constant female - assumed 'female' /www/wwwroot/1107.tech/App/Runtime/Cache/Admin/1ebb7eba461ed748a0b4501c039f98ca.php 第 169 行.
NOTIC: [8] Undefined index: salary /www/wwwroot/1107.tech/App/Runtime/Cache/Admin/1ebb7eba461ed748a0b4501c039f98ca.php 第 174 行.
NOTIC: [8] Use of undefined constant male - assumed 'male' /www/wwwroot/1107.tech/App/Runtime/Cache/Admin/1ebb7eba461ed748a0b4501c039f98ca.php 第 168 行.
NOTIC: [8] Use of undefined constant female - assumed 'female' /www/wwwroot/1107.tech/App/Runtime/Cache/Admin/1ebb7eba461ed748a0b4501c039f98ca.php 第 169 行.
NOTIC: [8] Undefined index: salary /www/wwwroot/1107.tech/App/Runtime/Cache/Admin/1ebb7eba461ed748a0b4501c039f98ca.php 第 174 行.
NOTIC: [8] Use of undefined constant male - assumed 'male' /www/wwwroot/1107.tech/App/Runtime/Cache/Admin/1ebb7eba461ed748a0b4501c039f98ca.php 第 168 行.
NOTIC: [8] Use of undefined constant female - assumed 'female' /www/wwwroot/1107.tech/App/Runtime/Cache/Admin/1ebb7eba461ed748a0b4501c039f98ca.php 第 169 行.
NOTIC: [8] Undefined index: salary /www/wwwroot/1107.tech/App/Runtime/Cache/Admin/1ebb7eba461ed748a0b4501c039f98ca.php 第 174 行.
NOTIC: [8] Use of undefined constant male - assumed 'male' /www/wwwroot/1107.tech/App/Runtime/Cache/Admin/1ebb7eba461ed748a0b4501c039f98ca.php 第 168 行.
NOTIC: [8] Use of undefined constant female - assumed 'female' /www/wwwroot/1107.tech/App/Runtime/Cache/Admin/1ebb7eba461ed748a0b4501c039f98ca.php 第 169 行.
NOTIC: [8] Undefined index: salary /www/wwwroot/1107.tech/App/Runtime/Cache/Admin/1ebb7eba461ed748a0b4501c039f98ca.php 第 174 行.
NOTIC: [8] Use of undefined constant male - assumed 'male' /www/wwwroot/1107.tech/App/Runtime/Cache/Admin/1ebb7eba461ed748a0b4501c039f98ca.php 第 168 行.
NOTIC: [8] Use of undefined constant female - assumed 'female' /www/wwwroot/1107.tech/App/Runtime/Cache/Admin/1ebb7eba461ed748a0b4501c039f98ca.php 第 169 行.
NOTIC: [8] Undefined index: salary /www/wwwroot/1107.tech/App/Runtime/Cache/Admin/1ebb7eba461ed748a0b4501c039f98ca.php 第 174 行.
NOTIC: [8] Use of undefined constant male - assumed 'male' /www/wwwroot/1107.tech/App/Runtime/Cache/Admin/1ebb7eba461ed748a0b4501c039f98ca.php 第 168 行.
NOTIC: [8] Use of undefined constant female - assumed 'female' /www/wwwroot/1107.tech/App/Runtime/Cache/Admin/1ebb7eba461ed748a0b4501c039f98ca.php 第 169 行.
NOTIC: [8] Undefined index: salary /www/wwwroot/1107.tech/App/Runtime/Cache/Admin/1ebb7eba461ed748a0b4501c039f98ca.php 第 174 行.
NOTIC: [8] Use of undefined constant male - assumed 'male' /www/wwwroot/1107.tech/App/Runtime/Cache/Admin/1ebb7eba461ed748a0b4501c039f98ca.php 第 168 行.
NOTIC: [8] Use of undefined constant female - assumed 'female' /www/wwwroot/1107.tech/App/Runtime/Cache/Admin/1ebb7eba461ed748a0b4501c039f98ca.php 第 169 行.
NOTIC: [8] Undefined index: salary /www/wwwroot/1107.tech/App/Runtime/Cache/Admin/1ebb7eba461ed748a0b4501c039f98ca.php 第 174 行.
NOTIC: [8] Use of undefined constant male - assumed 'male' /www/wwwroot/1107.tech/App/Runtime/Cache/Admin/1ebb7eba461ed748a0b4501c039f98ca.php 第 168 行.
NOTIC: [8] Use of undefined constant female - assumed 'female' /www/wwwroot/1107.tech/App/Runtime/Cache/Admin/1ebb7eba461ed748a0b4501c039f98ca.php 第 169 行.
NOTIC: [8] Undefined index: salary /www/wwwroot/1107.tech/App/Runtime/Cache/Admin/1ebb7eba461ed748a0b4501c039f98ca.php 第 174 行.
NOTIC: [8] Use of undefined constant male - assumed 'male' /www/wwwroot/1107.tech/App/Runtime/Cache/Admin/1ebb7eba461ed748a0b4501c039f98ca.php 第 168 行.
NOTIC: [8] Use of undefined constant female - assumed 'female' /www/wwwroot/1107.tech/App/Runtime/Cache/Admin/1ebb7eba461ed748a0b4501c039f98ca.php 第 169 行.
NOTIC: [8] Undefined index: salary /www/wwwroot/1107.tech/App/Runtime/Cache/Admin/1ebb7eba461ed748a0b4501c039f98ca.php 第 174 行.
INFO: Run Behavior\ParseTemplateBehavior [ RunTime:0.272971s ]
INFO: [ view_parse ] --END-- [ RunTime:0.273052s ]
INFO: [ view_filter ] --START--
INFO: Run Behavior\WriteHtmlCacheBehavior [ RunTime:0.000537s ]
INFO: [ view_filter ] --END-- [ RunTime:0.000614s ]
INFO: [ app_end ] --START--
INFO: Run Behavior\ShowPageTraceBehavior [ RunTime:0.001726s ]
INFO: [ app_end ] --END-- [ RunTime:0.001903s ]

[ 2018-02-10T21:37:00+08:00 ] 211.149.153.13 /index.php?m=Admin&c=User&a=alwaysOnline&id=1560&status=yes
INFO: [ app_init ] --START--
INFO: Run Behavior\BuildLiteBehavior [ RunTime:0.000014s ]
INFO: [ app_init ] --END-- [ RunTime:0.000339s ]
INFO: [ app_begin ] --START--
INFO: Run Behavior\ReadHtmlCacheBehavior [ RunTime:0.000440s ]
INFO: Run Behavior\CheckLangBehavior [ RunTime:0.000844s ]
INFO: [ app_begin ] --END-- [ RunTime:0.001375s ]
SQL: SHOW COLUMNS FROM `user` [ RunTime:0.1863s ]
SQL: UPDATE `user` SET `is_online`='1',`always_online`='1',`updated`='1518269820' WHERE ( id=1560 ) [ RunTime:0.0004s ]

[ 2018-02-10T21:37:02+08:00 ] 211.149.153.13 /index.php?m=Admin&c=User&a=showlist
INFO: [ app_init ] --START--
INFO: Run Behavior\BuildLiteBehavior [ RunTime:0.000020s ]
INFO: [ app_init ] --END-- [ RunTime:0.000596s ]
INFO: [ app_begin ] --START--
INFO: Run Behavior\ReadHtmlCacheBehavior [ RunTime:0.000751s ]
INFO: Run Behavior\CheckLangBehavior [ RunTime:0.001492s ]
INFO: [ app_begin ] --END-- [ RunTime:0.002351s ]
SQL: SHOW COLUMNS FROM `user` [ RunTime:0.0020s ]
SQL: SELECT COUNT(*) AS tp_count FROM `user` LIMIT 1   [ RunTime:0.0003s ]
SQL: SELECT * FROM `user` ORDER BY id desc LIMIT 0,20   [ RunTime:0.0010s ]
SQL: SHOW COLUMNS FROM `member` [ RunTime:0.0009s ]
SQL: SELECT `id`,`name`,`key` FROM `member`  [ RunTime:0.0001s ]
INFO: [ view_parse ] --START--
INFO: [ template_filter ] --START--
INFO: Run Behavior\ContentReplaceBehavior [ RunTime:0.005310s ]
INFO: [ template_filter ] --END-- [ RunTime:0.005432s ]
NOTIC: [8] Use of undefined constant male - assumed 'male' /www/wwwroot/1107.tech/App/Runtime/Cache/Admin/1ebb7eba461ed748a0b4501c039f98ca.php 第 168 行.
NOTIC: [8] Use of undefined constant female - assumed 'female' /www/wwwroot/1107.tech/App/Runtime/Cache/Admin/1ebb7eba461ed748a0b4501c039f98ca.php 第 169 行.
NOTIC: [8] Undefined index: salary /www/wwwroot/1107.tech/App/Runtime/Cache/Admin/1ebb7eba461ed748a0b4501c039f98ca.php 第 174 行.
NOTIC: [8] Use of undefined constant male - assumed 'male' /www/wwwroot/1107.tech/App/Runtime/Cache/Admin/1ebb7eba461ed748a0b4501c039f98ca.php 第 168 行.
NOTIC: [8] Use of undefined constant female - assumed 'female' /www/wwwroot/1107.tech/App/Runtime/Cache/Admin/1ebb7eba461ed748a0b4501c039f98ca.php 第 169 行.
NOTIC: [8] Undefined index: salary /www/wwwroot/1107.tech/App/Runtime/Cache/Admin/1ebb7eba461ed748a0b4501c039f98ca.php 第 174 行.
NOTIC: [8] Use of undefined constant male - assumed 'male' /www/wwwroot/1107.tech/App/Runtime/Cache/Admin/1ebb7eba461ed748a0b4501c039f98ca.php 第 168 行.
NOTIC: [8] Use of undefined constant female - assumed 'female' /www/wwwroot/1107.tech/App/Runtime/Cache/Admin/1ebb7eba461ed748a0b4501c039f98ca.php 第 169 行.
NOTIC: [8] Undefined index: salary /www/wwwroot/1107.tech/App/Runtime/Cache/Admin/1ebb7eba461ed748a0b4501c039f98ca.php 第 174 行.
NOTIC: [8] Use of undefined constant male - assumed 'male' /www/wwwroot/1107.tech/App/Runtime/Cache/Admin/1ebb7eba461ed748a0b4501c039f98ca.php 第 168 行.
NOTIC: [8] Use of undefined constant female - assumed 'female' /www/wwwroot/1107.tech/App/Runtime/Cache/Admin/1ebb7eba461ed748a0b4501c039f98ca.php 第 169 行.
NOTIC: [8] Undefined index: salary /www/wwwroot/1107.tech/App/Runtime/Cache/Admin/1ebb7eba461ed748a0b4501c039f98ca.php 第 174 行.
NOTIC: [8] Use of undefined constant male - assumed 'male' /www/wwwroot/1107.tech/App/Runtime/Cache/Admin/1ebb7eba461ed748a0b4501c039f98ca.php 第 168 行.
NOTIC: [8] Use of undefined constant female - assumed 'female' /www/wwwroot/1107.tech/App/Runtime/Cache/Admin/1ebb7eba461ed748a0b4501c039f98ca.php 第 169 行.
NOTIC: [8] Undefined index: salary /www/wwwroot/1107.tech/App/Runtime/Cache/Admin/1ebb7eba461ed748a0b4501c039f98ca.php 第 174 行.
NOTIC: [8] Use of undefined constant male - assumed 'male' /www/wwwroot/1107.tech/App/Runtime/Cache/Admin/1ebb7eba461ed748a0b4501c039f98ca.php 第 168 行.
NOTIC: [8] Use of undefined constant female - assumed 'female' /www/wwwroot/1107.tech/App/Runtime/Cache/Admin/1ebb7eba461ed748a0b4501c039f98ca.php 第 169 行.
NOTIC: [8] Undefined index: salary /www/wwwroot/1107.tech/App/Runtime/Cache/Admin/1ebb7eba461ed748a0b4501c039f98ca.php 第 174 行.
NOTIC: [8] Use of undefined constant male - assumed 'male' /www/wwwroot/1107.tech/App/Runtime/Cache/Admin/1ebb7eba461ed748a0b4501c039f98ca.php 第 168 行.
NOTIC: [8] Use of undefined constant female - assumed 'female' /www/wwwroot/1107.tech/App/Runtime/Cache/Admin/1ebb7eba461ed748a0b4501c039f98ca.php 第 169 行.
NOTIC: [8] Undefined index: salary /www/wwwroot/1107.tech/App/Runtime/Cache/Admin/1ebb7eba461ed748a0b4501c039f98ca.php 第 174 行.
NOTIC: [8] Use of undefined constant male - assumed 'male' /www/wwwroot/1107.tech/App/Runtime/Cache/Admin/1ebb7eba461ed748a0b4501c039f98ca.php 第 168 行.
NOTIC: [8] Use of undefined constant female - assumed 'female' /www/wwwroot/1107.tech/App/Runtime/Cache/Admin/1ebb7eba461ed748a0b4501c039f98ca.php 第 169 行.
NOTIC: [8] Undefined index: salary /www/wwwroot/1107.tech/App/Runtime/Cache/Admin/1ebb7eba461ed748a0b4501c039f98ca.php 第 174 行.
NOTIC: [8] Use of undefined constant male - assumed 'male' /www/wwwroot/1107.tech/App/Runtime/Cache/Admin/1ebb7eba461ed748a0b4501c039f98ca.php 第 168 行.
NOTIC: [8] Use of undefined constant female - assumed 'female' /www/wwwroot/1107.tech/App/Runtime/Cache/Admin/1ebb7eba461ed748a0b4501c039f98ca.php 第 169 行.
NOTIC: [8] Undefined index: salary /www/wwwroot/1107.tech/App/Runtime/Cache/Admin/1ebb7eba461ed748a0b4501c039f98ca.php 第 174 行.
NOTIC: [8] Use of undefined constant male - assumed 'male' /www/wwwroot/1107.tech/App/Runtime/Cache/Admin/1ebb7eba461ed748a0b4501c039f98ca.php 第 168 行.
NOTIC: [8] Use of undefined constant female - assumed 'female' /www/wwwroot/1107.tech/App/Runtime/Cache/Admin/1ebb7eba461ed748a0b4501c039f98ca.php 第 169 行.
NOTIC: [8] Undefined index: salary /www/wwwroot/1107.tech/App/Runtime/Cache/Admin/1ebb7eba461ed748a0b4501c039f98ca.php 第 174 行.
NOTIC: [8] Use of undefined constant male - assumed 'male' /www/wwwroot/1107.tech/App/Runtime/Cache/Admin/1ebb7eba461ed748a0b4501c039f98ca.php 第 168 行.
NOTIC: [8] Use of undefined constant female - assumed 'female' /www/wwwroot/1107.tech/App/Runtime/Cache/Admin/1ebb7eba461ed748a0b4501c039f98ca.php 第 169 行.
NOTIC: [8] Undefined index: salary /www/wwwroot/1107.tech/App/Runtime/Cache/Admin/1ebb7eba461ed748a0b4501c039f98ca.php 第 174 行.
NOTIC: [8] Use of undefined constant male - assumed 'male' /www/wwwroot/1107.tech/App/Runtime/Cache/Admin/1ebb7eba461ed748a0b4501c039f98ca.php 第 168 行.
NOTIC: [8] Use of undefined constant female - assumed 'female' /www/wwwroot/1107.tech/App/Runtime/Cache/Admin/1ebb7eba461ed748a0b4501c039f98ca.php 第 169 行.
NOTIC: [8] Undefined index: salary /www/wwwroot/1107.tech/App/Runtime/Cache/Admin/1ebb7eba461ed748a0b4501c039f98ca.php 第 174 行.
NOTIC: [8] Use of undefined constant male - assumed 'male' /www/wwwroot/1107.tech/App/Runtime/Cache/Admin/1ebb7eba461ed748a0b4501c039f98ca.php 第 168 行.
NOTIC: [8] Use of undefined constant female - assumed 'female' /www/wwwroot/1107.tech/App/Runtime/Cache/Admin/1ebb7eba461ed748a0b4501c039f98ca.php 第 169 行.
NOTIC: [8] Undefined index: salary /www/wwwroot/1107.tech/App/Runtime/Cache/Admin/1ebb7eba461ed748a0b4501c039f98ca.php 第 174 行.
NOTIC: [8] Use of undefined constant male - assumed 'male' /www/wwwroot/1107.tech/App/Runtime/Cache/Admin/1ebb7eba461ed748a0b4501c039f98ca.php 第 168 行.
NOTIC: [8] Use of undefined constant female - assumed 'female' /www/wwwroot/1107.tech/App/Runtime/Cache/Admin/1ebb7eba461ed748a0b4501c039f98ca.php 第 169 行.
NOTIC: [8] Undefined index: salary /www/wwwroot/1107.tech/App/Runtime/Cache/Admin/1ebb7eba461ed748a0b4501c039f98ca.php 第 174 行.
NOTIC: [8] Use of undefined constant male - assumed 'male' /www/wwwroot/1107.tech/App/Runtime/Cache/Admin/1ebb7eba461ed748a0b4501c039f98ca.php 第 168 行.
NOTIC: [8] Use of undefined constant female - assumed 'female' /www/wwwroot/1107.tech/App/Runtime/Cache/Admin/1ebb7eba461ed748a0b4501c039f98ca.php 第 169 行.
NOTIC: [8] Undefined index: salary /www/wwwroot/1107.tech/App/Runtime/Cache/Admin/1ebb7eba461ed748a0b4501c039f98ca.php 第 174 行.
NOTIC: [8] Use of undefined constant male - assumed 'male' /www/wwwroot/1107.tech/App/Runtime/Cache/Admin/1ebb7eba461ed748a0b4501c039f98ca.php 第 168 行.
NOTIC: [8] Use of undefined constant female - assumed 'female' /www/wwwroot/1107.tech/App/Runtime/Cache/Admin/1ebb7eba461ed748a0b4501c039f98ca.php 第 169 行.
NOTIC: [8] Undefined index: salary /www/wwwroot/1107.tech/App/Runtime/Cache/Admin/1ebb7eba461ed748a0b4501c039f98ca.php 第 174 行.
NOTIC: [8] Use of undefined constant male - assumed 'male' /www/wwwroot/1107.tech/App/Runtime/Cache/Admin/1ebb7eba461ed748a0b4501c039f98ca.php 第 168 行.
NOTIC: [8] Use of undefined constant female - assumed 'female' /www/wwwroot/1107.tech/App/Runtime/Cache/Admin/1ebb7eba461ed748a0b4501c039f98ca.php 第 169 行.
NOTIC: [8] Undefined index: salary /www/wwwroot/1107.tech/App/Runtime/Cache/Admin/1ebb7eba461ed748a0b4501c039f98ca.php 第 174 行.
NOTIC: [8] Use of undefined constant male - assumed 'male' /www/wwwroot/1107.tech/App/Runtime/Cache/Admin/1ebb7eba461ed748a0b4501c039f98ca.php 第 168 行.
NOTIC: [8] Use of undefined constant female - assumed 'female' /www/wwwroot/1107.tech/App/Runtime/Cache/Admin/1ebb7eba461ed748a0b4501c039f98ca.php 第 169 行.
NOTIC: [8] Undefined index: salary /www/wwwroot/1107.tech/App/Runtime/Cache/Admin/1ebb7eba461ed748a0b4501c039f98ca.php 第 174 行.
NOTIC: [8] Use of undefined constant male - assumed 'male' /www/wwwroot/1107.tech/App/Runtime/Cache/Admin/1ebb7eba461ed748a0b4501c039f98ca.php 第 168 行.
NOTIC: [8] Use of undefined constant female - assumed 'female' /www/wwwroot/1107.tech/App/Runtime/Cache/Admin/1ebb7eba461ed748a0b4501c039f98ca.php 第 169 行.
NOTIC: [8] Undefined index: salary /www/wwwroot/1107.tech/App/Runtime/Cache/Admin/1ebb7eba461ed748a0b4501c039f98ca.php 第 174 行.
NOTIC: [8] Use of undefined constant male - assumed 'male' /www/wwwroot/1107.tech/App/Runtime/Cache/Admin/1ebb7eba461ed748a0b4501c039f98ca.php 第 168 行.
NOTIC: [8] Use of undefined constant female - assumed 'female' /www/wwwroot/1107.tech/App/Runtime/Cache/Admin/1ebb7eba461ed748a0b4501c039f98ca.php 第 169 行.
NOTIC: [8] Undefined index: salary /www/wwwroot/1107.tech/App/Runtime/Cache/Admin/1ebb7eba461ed748a0b4501c039f98ca.php 第 174 行.
INFO: Run Behavior\ParseTemplateBehavior [ RunTime:0.244209s ]
INFO: [ view_parse ] --END-- [ RunTime:0.244295s ]
INFO: [ view_filter ] --START--
INFO: Run Behavior\WriteHtmlCacheBehavior [ RunTime:0.000488s ]
INFO: [ view_filter ] --END-- [ RunTime:0.000555s ]
INFO: [ app_end ] --START--
INFO: Run Behavior\ShowPageTraceBehavior [ RunTime:0.001035s ]
INFO: [ app_end ] --END-- [ RunTime:0.001159s ]

