[ 2018-02-12T00:01:34+08:00 ] 211.149.153.14 /?m=admin
INFO: [ app_init ] --START--
INFO: Run Behavior\BuildLiteBehavior [ RunTime:0.000021s ]
INFO: [ app_init ] --END-- [ RunTime:0.000498s ]
INFO: [ app_begin ] --START--
INFO: Run Behavior\ReadHtmlCacheBehavior [ RunTime:0.000648s ]
INFO: Run Behavior\CheckLangBehavior [ RunTime:0.001212s ]
INFO: [ app_begin ] --END-- [ RunTime:0.001995s ]
INFO: [ view_parse ] --START--
INFO: [ template_filter ] --START--
INFO: Run Behavior\ContentReplaceBehavior [ RunTime:0.000040s ]
INFO: [ template_filter ] --END-- [ RunTime:0.000087s ]
INFO: Run Behavior\ParseTemplateBehavior [ RunTime:0.005173s ]
INFO: [ view_parse ] --END-- [ RunTime:0.005220s ]
INFO: [ view_filter ] --START--
INFO: Run Behavior\WriteHtmlCacheBehavior [ RunTime:0.000261s ]
INFO: [ view_filter ] --END-- [ RunTime:0.000297s ]

[ 2018-02-12T00:01:36+08:00 ] 211.149.153.13 /index.php?m=Admin&c=Login&a=login
INFO: [ app_init ] --START--
INFO: Run Behavior\BuildLiteBehavior [ RunTime:0.000017s ]
INFO: [ app_init ] --END-- [ RunTime:0.000345s ]
INFO: [ app_begin ] --START--
INFO: Run Behavior\ReadHtmlCacheBehavior [ RunTime:0.000469s ]
INFO: Run Behavior\CheckLangBehavior [ RunTime:0.000812s ]
INFO: [ app_begin ] --END-- [ RunTime:0.001367s ]
INFO: [ view_parse ] --START--
INFO: [ template_filter ] --START--
INFO: Run Behavior\ContentReplaceBehavior [ RunTime:0.000737s ]
INFO: [ template_filter ] --END-- [ RunTime:0.000869s ]
INFO: Run Behavior\ParseTemplateBehavior [ RunTime:0.051995s ]
INFO: [ view_parse ] --END-- [ RunTime:0.052086s ]
INFO: [ view_filter ] --START--
INFO: Run Behavior\WriteHtmlCacheBehavior [ RunTime:0.000416s ]
INFO: [ view_filter ] --END-- [ RunTime:0.000486s ]
INFO: [ app_end ] --START--
INFO: Run Behavior\ShowPageTraceBehavior [ RunTime:0.001652s ]
INFO: [ app_end ] --END-- [ RunTime:0.001837s ]

[ 2018-02-12T00:01:36+08:00 ] 211.149.153.13 /index.php?m=Admin&c=login&a=vcode
INFO: [ app_init ] --START--
INFO: Run Behavior\BuildLiteBehavior [ RunTime:0.000018s ]
INFO: [ app_init ] --END-- [ RunTime:0.000371s ]
INFO: [ app_begin ] --START--
INFO: Run Behavior\ReadHtmlCacheBehavior [ RunTime:0.000751s ]
INFO: Run Behavior\CheckLangBehavior [ RunTime:0.001489s ]
INFO: [ app_begin ] --END-- [ RunTime:0.002358s ]
INFO: [ app_end ] --START--
INFO: Run Behavior\ShowPageTraceBehavior [ RunTime:0.000956s ]
INFO: [ app_end ] --END-- [ RunTime:0.001139s ]

[ 2018-02-12T00:01:51+08:00 ] 211.149.153.13 /index.php?m=Admin&c=Login&a=check&name=admin&pwd=e10adc3949ba59abbe56e057f20f883e&vcode=1363
INFO: [ app_init ] --START--
INFO: Run Behavior\BuildLiteBehavior [ RunTime:0.000022s ]
INFO: [ app_init ] --END-- [ RunTime:0.000540s ]
INFO: [ app_begin ] --START--
INFO: Run Behavior\ReadHtmlCacheBehavior [ RunTime:0.000638s ]
INFO: Run Behavior\CheckLangBehavior [ RunTime:0.001340s ]
INFO: [ app_begin ] --END-- [ RunTime:0.002064s ]

[ 2018-02-12T00:01:53+08:00 ] 211.149.153.12 /index.php?m=Admin&c=login&a=vcode/index.php?m=Admin&c=Login&a=vCode
INFO: [ app_init ] --START--
INFO: Run Behavior\BuildLiteBehavior [ RunTime:0.000014s ]
INFO: [ app_init ] --END-- [ RunTime:0.000408s ]
INFO: [ app_begin ] --START--
INFO: Run Behavior\ReadHtmlCacheBehavior [ RunTime:0.000470s ]
INFO: Run Behavior\CheckLangBehavior [ RunTime:0.001102s ]
INFO: [ app_begin ] --END-- [ RunTime:0.001686s ]
INFO: [ app_end ] --START--
INFO: Run Behavior\ShowPageTraceBehavior [ RunTime:0.000495s ]
INFO: [ app_end ] --END-- [ RunTime:0.000558s ]

[ 2018-02-12T00:02:03+08:00 ] 211.149.153.14 /index.php?m=Admin&c=Login&a=check&name=admin&pwd=a66177a30df750eba63ac5af17306aca&vcode=0645
INFO: [ app_init ] --START--
INFO: Run Behavior\BuildLiteBehavior [ RunTime:0.000022s ]
INFO: [ app_init ] --END-- [ RunTime:0.000627s ]
INFO: [ app_begin ] --START--
INFO: Run Behavior\ReadHtmlCacheBehavior [ RunTime:0.000682s ]
INFO: Run Behavior\CheckLangBehavior [ RunTime:0.001454s ]
INFO: [ app_begin ] --END-- [ RunTime:0.002233s ]
SQL: SHOW COLUMNS FROM `admin` [ RunTime:0.0029s ]
SQL: SELECT * FROM `admin` WHERE `username` = 'admin' LIMIT 1   [ RunTime:0.0003s ]

[ 2018-02-12T00:02:05+08:00 ] 211.149.153.12 /index.php?m=Admin&c=login&a=vcode/index.php?m=Admin&c=Login&a=vCode/index.php?m=Admin&c=Login&a=vCode
INFO: [ app_init ] --START--
INFO: Run Behavior\BuildLiteBehavior [ RunTime:0.000018s ]
INFO: [ app_init ] --END-- [ RunTime:0.000370s ]
INFO: [ app_begin ] --START--
INFO: Run Behavior\ReadHtmlCacheBehavior [ RunTime:0.000465s ]
INFO: Run Behavior\CheckLangBehavior [ RunTime:0.000882s ]
INFO: [ app_begin ] --END-- [ RunTime:0.001427s ]
INFO: [ app_end ] --START--
INFO: Run Behavior\ShowPageTraceBehavior [ RunTime:0.000510s ]
INFO: [ app_end ] --END-- [ RunTime:0.000570s ]

[ 2018-02-12T00:02:20+08:00 ] 211.149.153.13 /index.php?m=Admin&c=login&a=vcode/index.php?m=Admin&c=Login&a=vCode/index.php?m=Admin&c=Login&a=vCode/index.php?m=Admin&c=Login&a=vCode
INFO: [ app_init ] --START--
INFO: Run Behavior\BuildLiteBehavior [ RunTime:0.000019s ]
INFO: [ app_init ] --END-- [ RunTime:0.000408s ]
INFO: [ app_begin ] --START--
INFO: Run Behavior\ReadHtmlCacheBehavior [ RunTime:0.000455s ]
INFO: Run Behavior\CheckLangBehavior [ RunTime:0.000905s ]
INFO: [ app_begin ] --END-- [ RunTime:0.001433s ]
INFO: [ app_end ] --START--
INFO: Run Behavior\ShowPageTraceBehavior [ RunTime:0.000594s ]
INFO: [ app_end ] --END-- [ RunTime:0.000659s ]

[ 2018-02-12T00:02:25+08:00 ] 211.149.153.13 /index.php?m=Admin&c=Login&a=check&name=LIJIE&pwd=e10adc3949ba59abbe56e057f20f883e&vcode=9757
INFO: [ app_init ] --START--
INFO: Run Behavior\BuildLiteBehavior [ RunTime:0.000030s ]
INFO: [ app_init ] --END-- [ RunTime:0.000498s ]
INFO: [ app_begin ] --START--
INFO: Run Behavior\ReadHtmlCacheBehavior [ RunTime:0.000503s ]
INFO: Run Behavior\CheckLangBehavior [ RunTime:0.001220s ]
INFO: [ app_begin ] --END-- [ RunTime:0.001838s ]
SQL: SHOW COLUMNS FROM `admin` [ RunTime:0.0013s ]
SQL: SELECT * FROM `admin` WHERE `username` = 'LIJIE' LIMIT 1   [ RunTime:0.0004s ]

[ 2018-02-12T00:02:27+08:00 ] 211.149.153.12 /index.php?m=Admin&c=login&a=vcode/index.php?m=Admin&c=Login&a=vCode/index.php?m=Admin&c=Login&a=vCode/index.php?m=Admin&c=Login&a=vCode/index.php?m=Admin&c=Login&a=vCode
INFO: [ app_init ] --START--
INFO: Run Behavior\BuildLiteBehavior [ RunTime:0.000016s ]
INFO: [ app_init ] --END-- [ RunTime:0.000362s ]
INFO: [ app_begin ] --START--
INFO: Run Behavior\ReadHtmlCacheBehavior [ RunTime:0.000494s ]
INFO: Run Behavior\CheckLangBehavior [ RunTime:0.000940s ]
INFO: [ app_begin ] --END-- [ RunTime:0.001509s ]
INFO: [ app_end ] --START--
INFO: Run Behavior\ShowPageTraceBehavior [ RunTime:0.000610s ]
INFO: [ app_end ] --END-- [ RunTime:0.000672s ]

[ 2018-02-12T09:29:46+08:00 ] 211.149.153.12 /index.php?m=admin
INFO: [ app_init ] --START--
INFO: Run Behavior\BuildLiteBehavior [ RunTime:0.000020s ]
INFO: [ app_init ] --END-- [ RunTime:0.000383s ]
INFO: [ app_begin ] --START--
INFO: Run Behavior\ReadHtmlCacheBehavior [ RunTime:0.000513s ]
INFO: Run Behavior\CheckLangBehavior [ RunTime:0.000921s ]
INFO: [ app_begin ] --END-- [ RunTime:0.001523s ]
INFO: [ view_parse ] --START--
INFO: [ template_filter ] --START--
INFO: Run Behavior\ContentReplaceBehavior [ RunTime:0.000040s ]
INFO: [ template_filter ] --END-- [ RunTime:0.000087s ]
INFO: Run Behavior\ParseTemplateBehavior [ RunTime:0.005418s ]
INFO: [ view_parse ] --END-- [ RunTime:0.005510s ]
INFO: [ view_filter ] --START--
INFO: Run Behavior\WriteHtmlCacheBehavior [ RunTime:0.000225s ]
INFO: [ view_filter ] --END-- [ RunTime:0.000269s ]

[ 2018-02-12T09:29:47+08:00 ] 211.149.153.14 /index.php?m=Admin&c=Login&a=login
INFO: [ app_init ] --START--
INFO: Run Behavior\BuildLiteBehavior [ RunTime:0.000023s ]
INFO: [ app_init ] --END-- [ RunTime:0.000377s ]
INFO: [ app_begin ] --START--
INFO: Run Behavior\ReadHtmlCacheBehavior [ RunTime:0.000499s ]
INFO: Run Behavior\CheckLangBehavior [ RunTime:0.000817s ]
INFO: [ app_begin ] --END-- [ RunTime:0.001414s ]
INFO: [ view_parse ] --START--
INFO: [ template_filter ] --START--
INFO: Run Behavior\ContentReplaceBehavior [ RunTime:0.000663s ]
INFO: [ template_filter ] --END-- [ RunTime:0.000759s ]
INFO: Run Behavior\ParseTemplateBehavior [ RunTime:0.049223s ]
INFO: [ view_parse ] --END-- [ RunTime:0.049332s ]
INFO: [ view_filter ] --START--
INFO: Run Behavior\WriteHtmlCacheBehavior [ RunTime:0.000281s ]
INFO: [ view_filter ] --END-- [ RunTime:0.000340s ]
INFO: [ app_end ] --START--
INFO: Run Behavior\ShowPageTraceBehavior [ RunTime:0.000642s ]
INFO: [ app_end ] --END-- [ RunTime:0.000715s ]

[ 2018-02-12T09:29:48+08:00 ] 211.149.153.12 /index.php?m=Admin&c=login&a=vcode
INFO: [ app_init ] --START--
INFO: Run Behavior\BuildLiteBehavior [ RunTime:0.000017s ]
INFO: [ app_init ] --END-- [ RunTime:0.000352s ]
INFO: [ app_begin ] --START--
INFO: Run Behavior\ReadHtmlCacheBehavior [ RunTime:0.000430s ]
INFO: Run Behavior\CheckLangBehavior [ RunTime:0.001204s ]
INFO: [ app_begin ] --END-- [ RunTime:0.001706s ]
INFO: [ app_end ] --START--
INFO: Run Behavior\ShowPageTraceBehavior [ RunTime:0.000784s ]
INFO: [ app_end ] --END-- [ RunTime:0.000883s ]

[ 2018-02-12T09:29:57+08:00 ] 211.149.153.12 /index.php?m=Admin&c=Login&a=check&name=admin&pwd=21232f297a57a5a743894a0e4a801fc3&vcode=0805
INFO: [ app_init ] --START--
INFO: Run Behavior\BuildLiteBehavior [ RunTime:0.000016s ]
INFO: [ app_init ] --END-- [ RunTime:0.000388s ]
INFO: [ app_begin ] --START--
INFO: Run Behavior\ReadHtmlCacheBehavior [ RunTime:0.000475s ]
INFO: Run Behavior\CheckLangBehavior [ RunTime:0.001000s ]
INFO: [ app_begin ] --END-- [ RunTime:0.001553s ]
SQL: SHOW COLUMNS FROM `admin` [ RunTime:0.0009s ]
SQL: SELECT * FROM `admin` WHERE `username` = 'admin' LIMIT 1   [ RunTime:0.0001s ]
SQL: UPDATE `admin` SET `lasttime`='1518398997',`last_ip`='211.149.153.12' WHERE ( id=27 ) [ RunTime:0.0003s ]

[ 2018-02-12T09:29:58+08:00 ] 211.149.153.12 /index.php?m=Admin&c=Admin&a=admin
INFO: [ app_init ] --START--
INFO: Run Behavior\BuildLiteBehavior [ RunTime:0.000020s ]
INFO: [ app_init ] --END-- [ RunTime:0.000574s ]
INFO: [ app_begin ] --START--
INFO: Run Behavior\ReadHtmlCacheBehavior [ RunTime:0.000657s ]
INFO: Run Behavior\CheckLangBehavior [ RunTime:0.001343s ]
INFO: [ app_begin ] --END-- [ RunTime:0.002107s ]
INFO: [ view_parse ] --START--
INFO: [ template_filter ] --START--
INFO: Run Behavior\ContentReplaceBehavior [ RunTime:0.000043s ]
INFO: [ template_filter ] --END-- [ RunTime:0.000098s ]
INFO: Run Behavior\ParseTemplateBehavior [ RunTime:0.008132s ]
INFO: [ view_parse ] --END-- [ RunTime:0.008186s ]
INFO: [ view_filter ] --START--
INFO: Run Behavior\WriteHtmlCacheBehavior [ RunTime:0.000269s ]
INFO: [ view_filter ] --END-- [ RunTime:0.000305s ]
INFO: [ app_end ] --START--
INFO: Run Behavior\ShowPageTraceBehavior [ RunTime:0.000553s ]
INFO: [ app_end ] --END-- [ RunTime:0.000592s ]

[ 2018-02-12T09:29:58+08:00 ] 211.149.153.12 /index.php?m=Admin&c=admin&a=main
INFO: [ app_init ] --START--
INFO: Run Behavior\BuildLiteBehavior [ RunTime:0.000023s ]
INFO: [ app_init ] --END-- [ RunTime:0.000563s ]
INFO: [ app_begin ] --START--
INFO: Run Behavior\ReadHtmlCacheBehavior [ RunTime:0.000714s ]
INFO: Run Behavior\CheckLangBehavior [ RunTime:0.001515s ]
INFO: [ app_begin ] --END-- [ RunTime:0.002344s ]
INFO: [ view_parse ] --START--
INFO: [ template_filter ] --START--
INFO: Run Behavior\ContentReplaceBehavior [ RunTime:0.000047s ]
INFO: [ template_filter ] --END-- [ RunTime:0.000100s ]
INFO: Run Behavior\ParseTemplateBehavior [ RunTime:0.009842s ]
INFO: [ view_parse ] --END-- [ RunTime:0.009906s ]
INFO: [ view_filter ] --START--
INFO: Run Behavior\WriteHtmlCacheBehavior [ RunTime:0.000243s ]
INFO: [ view_filter ] --END-- [ RunTime:0.000280s ]
INFO: [ app_end ] --START--
INFO: Run Behavior\ShowPageTraceBehavior [ RunTime:0.000559s ]
INFO: [ app_end ] --END-- [ RunTime:0.000600s ]

[ 2018-02-12T09:29:58+08:00 ] 211.149.153.14 /index.php?m=Admin&c=admin&a=header
INFO: [ app_init ] --START--
INFO: Run Behavior\BuildLiteBehavior [ RunTime:0.000021s ]
INFO: [ app_init ] --END-- [ RunTime:0.000551s ]
INFO: [ app_begin ] --START--
INFO: Run Behavior\ReadHtmlCacheBehavior [ RunTime:0.000685s ]
INFO: Run Behavior\CheckLangBehavior [ RunTime:0.001418s ]
INFO: [ app_begin ] --END-- [ RunTime:0.002213s ]
INFO: [ view_parse ] --START--
INFO: [ template_filter ] --START--
INFO: Run Behavior\ContentReplaceBehavior [ RunTime:0.000044s ]
INFO: [ template_filter ] --END-- [ RunTime:0.000106s ]
INFO: Run Behavior\ParseTemplateBehavior [ RunTime:0.005728s ]
INFO: [ view_parse ] --END-- [ RunTime:0.005838s ]
INFO: [ view_filter ] --START--
INFO: Run Behavior\WriteHtmlCacheBehavior [ RunTime:0.000223s ]
INFO: [ view_filter ] --END-- [ RunTime:0.000264s ]
INFO: [ app_end ] --START--
INFO: Run Behavior\ShowPageTraceBehavior [ RunTime:0.000680s ]
INFO: [ app_end ] --END-- [ RunTime:0.000750s ]

[ 2018-02-12T09:29:58+08:00 ] 211.149.153.12 /index.php?m=Admin&c=admin&a=menu
INFO: [ app_init ] --START--
INFO: Run Behavior\BuildLiteBehavior [ RunTime:0.000020s ]
INFO: [ app_init ] --END-- [ RunTime:0.000520s ]
INFO: [ app_begin ] --START--
INFO: Run Behavior\ReadHtmlCacheBehavior [ RunTime:0.000709s ]
INFO: Run Behavior\CheckLangBehavior [ RunTime:0.001507s ]
INFO: [ app_begin ] --END-- [ RunTime:0.002349s ]
INFO: [ view_parse ] --START--
INFO: [ template_filter ] --START--
INFO: Run Behavior\ContentReplaceBehavior [ RunTime:0.000679s ]
INFO: [ template_filter ] --END-- [ RunTime:0.000785s ]
INFO: Run Behavior\ParseTemplateBehavior [ RunTime:0.053664s ]
INFO: [ view_parse ] --END-- [ RunTime:0.053748s ]
INFO: [ view_filter ] --START--
INFO: Run Behavior\WriteHtmlCacheBehavior [ RunTime:0.000255s ]
INFO: [ view_filter ] --END-- [ RunTime:0.000316s ]
INFO: [ app_end ] --START--
INFO: Run Behavior\ShowPageTraceBehavior [ RunTime:0.000577s ]
INFO: [ app_end ] --END-- [ RunTime:0.000639s ]

[ 2018-02-12T09:30:07+08:00 ] 211.149.153.14 /index.php?m=Admin&c=User&a=showlist
INFO: [ app_init ] --START--
INFO: Run Behavior\BuildLiteBehavior [ RunTime:0.000018s ]
INFO: [ app_init ] --END-- [ RunTime:0.000473s ]
INFO: [ app_begin ] --START--
INFO: Run Behavior\ReadHtmlCacheBehavior [ RunTime:0.000510s ]
INFO: Run Behavior\CheckLangBehavior [ RunTime:0.001025s ]
INFO: [ app_begin ] --END-- [ RunTime:0.001626s ]
SQL: SHOW COLUMNS FROM `user` [ RunTime:0.0021s ]
SQL: SELECT COUNT(*) AS tp_count FROM `user` LIMIT 1   [ RunTime:0.0002s ]
SQL: SELECT * FROM `user` ORDER BY id desc LIMIT 0,20   [ RunTime:0.0009s ]
SQL: SHOW COLUMNS FROM `member` [ RunTime:0.0008s ]
SQL: SELECT `id`,`name`,`key` FROM `member`  [ RunTime:0.0001s ]
INFO: [ view_parse ] --START--
INFO: [ template_filter ] --START--
INFO: Run Behavior\ContentReplaceBehavior [ RunTime:0.004937s ]
INFO: [ template_filter ] --END-- [ RunTime:0.005072s ]
NOTIC: [8] Use of undefined constant male - assumed 'male' /www/wwwroot/1107.tech/App/Runtime/Cache/Admin/1ebb7eba461ed748a0b4501c039f98ca.php 第 168 行.
NOTIC: [8] Use of undefined constant female - assumed 'female' /www/wwwroot/1107.tech/App/Runtime/Cache/Admin/1ebb7eba461ed748a0b4501c039f98ca.php 第 169 行.
NOTIC: [8] Undefined index: salary /www/wwwroot/1107.tech/App/Runtime/Cache/Admin/1ebb7eba461ed748a0b4501c039f98ca.php 第 174 行.
NOTIC: [8] Use of undefined constant male - assumed 'male' /www/wwwroot/1107.tech/App/Runtime/Cache/Admin/1ebb7eba461ed748a0b4501c039f98ca.php 第 168 行.
NOTIC: [8] Use of undefined constant female - assumed 'female' /www/wwwroot/1107.tech/App/Runtime/Cache/Admin/1ebb7eba461ed748a0b4501c039f98ca.php 第 169 行.
NOTIC: [8] Undefined index: salary /www/wwwroot/1107.tech/App/Runtime/Cache/Admin/1ebb7eba461ed748a0b4501c039f98ca.php 第 174 行.
NOTIC: [8] Use of undefined constant male - assumed 'male' /www/wwwroot/1107.tech/App/Runtime/Cache/Admin/1ebb7eba461ed748a0b4501c039f98ca.php 第 168 行.
NOTIC: [8] Use of undefined constant female - assumed 'female' /www/wwwroot/1107.tech/App/Runtime/Cache/Admin/1ebb7eba461ed748a0b4501c039f98ca.php 第 169 行.
NOTIC: [8] Undefined index: salary /www/wwwroot/1107.tech/App/Runtime/Cache/Admin/1ebb7eba461ed748a0b4501c039f98ca.php 第 174 行.
NOTIC: [8] Use of undefined constant male - assumed 'male' /www/wwwroot/1107.tech/App/Runtime/Cache/Admin/1ebb7eba461ed748a0b4501c039f98ca.php 第 168 行.
NOTIC: [8] Use of undefined constant female - assumed 'female' /www/wwwroot/1107.tech/App/Runtime/Cache/Admin/1ebb7eba461ed748a0b4501c039f98ca.php 第 169 行.
NOTIC: [8] Undefined index: salary /www/wwwroot/1107.tech/App/Runtime/Cache/Admin/1ebb7eba461ed748a0b4501c039f98ca.php 第 174 行.
NOTIC: [8] Use of undefined constant male - assumed 'male' /www/wwwroot/1107.tech/App/Runtime/Cache/Admin/1ebb7eba461ed748a0b4501c039f98ca.php 第 168 行.
NOTIC: [8] Use of undefined constant female - assumed 'female' /www/wwwroot/1107.tech/App/Runtime/Cache/Admin/1ebb7eba461ed748a0b4501c039f98ca.php 第 169 行.
NOTIC: [8] Undefined index: salary /www/wwwroot/1107.tech/App/Runtime/Cache/Admin/1ebb7eba461ed748a0b4501c039f98ca.php 第 174 行.
NOTIC: [8] Use of undefined constant male - assumed 'male' /www/wwwroot/1107.tech/App/Runtime/Cache/Admin/1ebb7eba461ed748a0b4501c039f98ca.php 第 168 行.
NOTIC: [8] Use of undefined constant female - assumed 'female' /www/wwwroot/1107.tech/App/Runtime/Cache/Admin/1ebb7eba461ed748a0b4501c039f98ca.php 第 169 行.
NOTIC: [8] Undefined index: salary /www/wwwroot/1107.tech/App/Runtime/Cache/Admin/1ebb7eba461ed748a0b4501c039f98ca.php 第 174 行.
NOTIC: [8] Use of undefined constant male - assumed 'male' /www/wwwroot/1107.tech/App/Runtime/Cache/Admin/1ebb7eba461ed748a0b4501c039f98ca.php 第 168 行.
NOTIC: [8] Use of undefined constant female - assumed 'female' /www/wwwroot/1107.tech/App/Runtime/Cache/Admin/1ebb7eba461ed748a0b4501c039f98ca.php 第 169 行.
NOTIC: [8] Undefined index: salary /www/wwwroot/1107.tech/App/Runtime/Cache/Admin/1ebb7eba461ed748a0b4501c039f98ca.php 第 174 行.
NOTIC: [8] Use of undefined constant male - assumed 'male' /www/wwwroot/1107.tech/App/Runtime/Cache/Admin/1ebb7eba461ed748a0b4501c039f98ca.php 第 168 行.
NOTIC: [8] Use of undefined constant female - assumed 'female' /www/wwwroot/1107.tech/App/Runtime/Cache/Admin/1ebb7eba461ed748a0b4501c039f98ca.php 第 169 行.
NOTIC: [8] Undefined index: salary /www/wwwroot/1107.tech/App/Runtime/Cache/Admin/1ebb7eba461ed748a0b4501c039f98ca.php 第 174 行.
NOTIC: [8] Use of undefined constant male - assumed 'male' /www/wwwroot/1107.tech/App/Runtime/Cache/Admin/1ebb7eba461ed748a0b4501c039f98ca.php 第 168 行.
NOTIC: [8] Use of undefined constant female - assumed 'female' /www/wwwroot/1107.tech/App/Runtime/Cache/Admin/1ebb7eba461ed748a0b4501c039f98ca.php 第 169 行.
NOTIC: [8] Undefined index: salary /www/wwwroot/1107.tech/App/Runtime/Cache/Admin/1ebb7eba461ed748a0b4501c039f98ca.php 第 174 行.
NOTIC: [8] Use of undefined constant male - assumed 'male' /www/wwwroot/1107.tech/App/Runtime/Cache/Admin/1ebb7eba461ed748a0b4501c039f98ca.php 第 168 行.
NOTIC: [8] Use of undefined constant female - assumed 'female' /www/wwwroot/1107.tech/App/Runtime/Cache/Admin/1ebb7eba461ed748a0b4501c039f98ca.php 第 169 行.
NOTIC: [8] Undefined index: salary /www/wwwroot/1107.tech/App/Runtime/Cache/Admin/1ebb7eba461ed748a0b4501c039f98ca.php 第 174 行.
NOTIC: [8] Use of undefined constant male - assumed 'male' /www/wwwroot/1107.tech/App/Runtime/Cache/Admin/1ebb7eba461ed748a0b4501c039f98ca.php 第 168 行.
NOTIC: [8] Use of undefined constant female - assumed 'female' /www/wwwroot/1107.tech/App/Runtime/Cache/Admin/1ebb7eba461ed748a0b4501c039f98ca.php 第 169 行.
NOTIC: [8] Undefined index: salary /www/wwwroot/1107.tech/App/Runtime/Cache/Admin/1ebb7eba461ed748a0b4501c039f98ca.php 第 174 行.
NOTIC: [8] Use of undefined constant male - assumed 'male' /www/wwwroot/1107.tech/App/Runtime/Cache/Admin/1ebb7eba461ed748a0b4501c039f98ca.php 第 168 行.
NOTIC: [8] Use of undefined constant female - assumed 'female' /www/wwwroot/1107.tech/App/Runtime/Cache/Admin/1ebb7eba461ed748a0b4501c039f98ca.php 第 169 行.
NOTIC: [8] Undefined index: salary /www/wwwroot/1107.tech/App/Runtime/Cache/Admin/1ebb7eba461ed748a0b4501c039f98ca.php 第 174 行.
NOTIC: [8] Use of undefined constant male - assumed 'male' /www/wwwroot/1107.tech/App/Runtime/Cache/Admin/1ebb7eba461ed748a0b4501c039f98ca.php 第 168 行.
NOTIC: [8] Use of undefined constant female - assumed 'female' /www/wwwroot/1107.tech/App/Runtime/Cache/Admin/1ebb7eba461ed748a0b4501c039f98ca.php 第 169 行.
NOTIC: [8] Undefined index: salary /www/wwwroot/1107.tech/App/Runtime/Cache/Admin/1ebb7eba461ed748a0b4501c039f98ca.php 第 174 行.
NOTIC: [8] Use of undefined constant male - assumed 'male' /www/wwwroot/1107.tech/App/Runtime/Cache/Admin/1ebb7eba461ed748a0b4501c039f98ca.php 第 168 行.
NOTIC: [8] Use of undefined constant female - assumed 'female' /www/wwwroot/1107.tech/App/Runtime/Cache/Admin/1ebb7eba461ed748a0b4501c039f98ca.php 第 169 行.
NOTIC: [8] Undefined index: salary /www/wwwroot/1107.tech/App/Runtime/Cache/Admin/1ebb7eba461ed748a0b4501c039f98ca.php 第 174 行.
NOTIC: [8] Use of undefined constant male - assumed 'male' /www/wwwroot/1107.tech/App/Runtime/Cache/Admin/1ebb7eba461ed748a0b4501c039f98ca.php 第 168 行.
NOTIC: [8] Use of undefined constant female - assumed 'female' /www/wwwroot/1107.tech/App/Runtime/Cache/Admin/1ebb7eba461ed748a0b4501c039f98ca.php 第 169 行.
NOTIC: [8] Undefined index: salary /www/wwwroot/1107.tech/App/Runtime/Cache/Admin/1ebb7eba461ed748a0b4501c039f98ca.php 第 174 行.
NOTIC: [8] Use of undefined constant male - assumed 'male' /www/wwwroot/1107.tech/App/Runtime/Cache/Admin/1ebb7eba461ed748a0b4501c039f98ca.php 第 168 行.
NOTIC: [8] Use of undefined constant female - assumed 'female' /www/wwwroot/1107.tech/App/Runtime/Cache/Admin/1ebb7eba461ed748a0b4501c039f98ca.php 第 169 行.
NOTIC: [8] Undefined index: salary /www/wwwroot/1107.tech/App/Runtime/Cache/Admin/1ebb7eba461ed748a0b4501c039f98ca.php 第 174 行.
NOTIC: [8] Use of undefined constant male - assumed 'male' /www/wwwroot/1107.tech/App/Runtime/Cache/Admin/1ebb7eba461ed748a0b4501c039f98ca.php 第 168 行.
NOTIC: [8] Use of undefined constant female - assumed 'female' /www/wwwroot/1107.tech/App/Runtime/Cache/Admin/1ebb7eba461ed748a0b4501c039f98ca.php 第 169 行.
NOTIC: [8] Undefined index: salary /www/wwwroot/1107.tech/App/Runtime/Cache/Admin/1ebb7eba461ed748a0b4501c039f98ca.php 第 174 行.
NOTIC: [8] Use of undefined constant male - assumed 'male' /www/wwwroot/1107.tech/App/Runtime/Cache/Admin/1ebb7eba461ed748a0b4501c039f98ca.php 第 168 行.
NOTIC: [8] Use of undefined constant female - assumed 'female' /www/wwwroot/1107.tech/App/Runtime/Cache/Admin/1ebb7eba461ed748a0b4501c039f98ca.php 第 169 行.
NOTIC: [8] Undefined index: salary /www/wwwroot/1107.tech/App/Runtime/Cache/Admin/1ebb7eba461ed748a0b4501c039f98ca.php 第 174 行.
NOTIC: [8] Use of undefined constant male - assumed 'male' /www/wwwroot/1107.tech/App/Runtime/Cache/Admin/1ebb7eba461ed748a0b4501c039f98ca.php 第 168 行.
NOTIC: [8] Use of undefined constant female - assumed 'female' /www/wwwroot/1107.tech/App/Runtime/Cache/Admin/1ebb7eba461ed748a0b4501c039f98ca.php 第 169 行.
NOTIC: [8] Undefined index: salary /www/wwwroot/1107.tech/App/Runtime/Cache/Admin/1ebb7eba461ed748a0b4501c039f98ca.php 第 174 行.
NOTIC: [8] Use of undefined constant male - assumed 'male' /www/wwwroot/1107.tech/App/Runtime/Cache/Admin/1ebb7eba461ed748a0b4501c039f98ca.php 第 168 行.
NOTIC: [8] Use of undefined constant female - assumed 'female' /www/wwwroot/1107.tech/App/Runtime/Cache/Admin/1ebb7eba461ed748a0b4501c039f98ca.php 第 169 行.
NOTIC: [8] Undefined index: salary /www/wwwroot/1107.tech/App/Runtime/Cache/Admin/1ebb7eba461ed748a0b4501c039f98ca.php 第 174 行.
INFO: Run Behavior\ParseTemplateBehavior [ RunTime:0.340244s ]
INFO: [ view_parse ] --END-- [ RunTime:0.340356s ]
INFO: [ view_filter ] --START--
INFO: Run Behavior\WriteHtmlCacheBehavior [ RunTime:0.000532s ]
INFO: [ view_filter ] --END-- [ RunTime:0.000616s ]
INFO: [ app_end ] --START--
INFO: Run Behavior\ShowPageTraceBehavior [ RunTime:0.001104s ]
INFO: [ app_end ] --END-- [ RunTime:0.001295s ]

[ 2018-02-12T09:30:30+08:00 ] 211.149.153.13 /index.php?m=Admin&c=WebConf&a=showlist
INFO: [ app_init ] --START--
INFO: Run Behavior\BuildLiteBehavior [ RunTime:0.000026s ]
INFO: [ app_init ] --END-- [ RunTime:0.000376s ]
INFO: [ app_begin ] --START--
INFO: Run Behavior\ReadHtmlCacheBehavior [ RunTime:0.000449s ]
INFO: Run Behavior\CheckLangBehavior [ RunTime:0.000845s ]
INFO: [ app_begin ] --END-- [ RunTime:0.001401s ]
SQL: SHOW COLUMNS FROM `web_conf` [ RunTime:0.0015s ]
SQL: SELECT * FROM `web_conf` LIMIT 1   [ RunTime:0.0002s ]
INFO: [ view_parse ] --START--
INFO: [ template_filter ] --START--
INFO: Run Behavior\ContentReplaceBehavior [ RunTime:0.000799s ]
INFO: [ template_filter ] --END-- [ RunTime:0.000877s ]
INFO: Run Behavior\ParseTemplateBehavior [ RunTime:0.068002s ]
INFO: [ view_parse ] --END-- [ RunTime:0.068070s ]
INFO: [ view_filter ] --START--
INFO: Run Behavior\WriteHtmlCacheBehavior [ RunTime:0.000252s ]
INFO: [ view_filter ] --END-- [ RunTime:0.000293s ]
INFO: [ app_end ] --START--
INFO: Run Behavior\ShowPageTraceBehavior [ RunTime:0.005551s ]
INFO: [ app_end ] --END-- [ RunTime:0.005679s ]

[ 2018-02-12T09:31:05+08:00 ] 211.149.153.12 /index.php?m=Admin&c=WebConf&a=add
INFO: [ app_init ] --START--
INFO: Run Behavior\BuildLiteBehavior [ RunTime:0.000016s ]
INFO: [ app_init ] --END-- [ RunTime:0.000377s ]
INFO: [ app_begin ] --START--
INFO: Run Behavior\ReadHtmlCacheBehavior [ RunTime:0.000457s ]
INFO: Run Behavior\CheckLangBehavior [ RunTime:0.000929s ]
INFO: [ app_begin ] --END-- [ RunTime:0.001455s ]
SQL: SHOW COLUMNS FROM `web_conf` [ RunTime:0.0012s ]
SQL: SELECT * FROM `web_conf` LIMIT 1   [ RunTime:0.0001s ]
SQL: UPDATE `web_conf` SET `name`='国际站',`copyright`='2017 Hahameet',`record_number`='',`email`='hahameetteam@hotmail.com',`paypal`='2487937004@qq.com',`female_reg`='0',`gift_sort`='0',`paypal_commission`='0.1',`consume_commission`='0.1',`wall_number`='20',`updated`='1518399065' WHERE ( id=1 ) [ RunTime:0.0005s ]

[ 2018-02-12T09:31:06+08:00 ] 211.149.153.14 /index.php?m=Admin&c=WebConf&a=showlist
INFO: [ app_init ] --START--
INFO: Run Behavior\BuildLiteBehavior [ RunTime:0.000016s ]
INFO: [ app_init ] --END-- [ RunTime:0.000412s ]
INFO: [ app_begin ] --START--
INFO: Run Behavior\ReadHtmlCacheBehavior [ RunTime:0.000477s ]
INFO: Run Behavior\CheckLangBehavior [ RunTime:0.000872s ]
INFO: [ app_begin ] --END-- [ RunTime:0.001422s ]
SQL: SHOW COLUMNS FROM `web_conf` [ RunTime:0.0011s ]
SQL: SELECT * FROM `web_conf` LIMIT 1   [ RunTime:0.0003s ]
INFO: [ view_parse ] --START--
INFO: [ template_filter ] --START--
INFO: Run Behavior\ContentReplaceBehavior [ RunTime:0.000578s ]
INFO: [ template_filter ] --END-- [ RunTime:0.000655s ]
INFO: Run Behavior\ParseTemplateBehavior [ RunTime:0.052009s ]
INFO: [ view_parse ] --END-- [ RunTime:0.052066s ]
INFO: [ view_filter ] --START--
INFO: Run Behavior\WriteHtmlCacheBehavior [ RunTime:0.000269s ]
INFO: [ view_filter ] --END-- [ RunTime:0.000311s ]
INFO: [ app_end ] --START--
INFO: Run Behavior\ShowPageTraceBehavior [ RunTime:0.000978s ]
INFO: [ app_end ] --END-- [ RunTime:0.001078s ]

