[ 2018-02-05T20:03:11+08:00 ] 211.149.153.14 /index.php?m=Admin&c=Admin&a=admin
INFO: [ app_init ] --START--
INFO: Run Behavior\BuildLiteBehavior [ RunTime:0.000024s ]
INFO: [ app_init ] --END-- [ RunTime:0.000443s ]
INFO: [ app_begin ] --START--
INFO: Run Behavior\ReadHtmlCacheBehavior [ RunTime:0.000429s ]
INFO: Run Behavior\CheckLangBehavior [ RunTime:0.000910s ]
INFO: [ app_begin ] --END-- [ RunTime:0.001413s ]
INFO: [ view_parse ] --START--
INFO: [ template_filter ] --START--
INFO: Run Behavior\ContentReplaceBehavior [ RunTime:0.000040s ]
INFO: [ template_filter ] --END-- [ RunTime:0.000085s ]
INFO: Run Behavior\ParseTemplateBehavior [ RunTime:0.005199s ]
INFO: [ view_parse ] --END-- [ RunTime:0.005361s ]
INFO: [ view_filter ] --START--
INFO: Run Behavior\WriteHtmlCacheBehavior [ RunTime:0.000340s ]
INFO: [ view_filter ] --END-- [ RunTime:0.000406s ]

[ 2018-02-05T20:03:12+08:00 ] 211.149.153.12 /index.php?m=Admin&c=Login&a=login
INFO: [ app_init ] --START--
INFO: Run Behavior\BuildLiteBehavior [ RunTime:0.000019s ]
INFO: [ app_init ] --END-- [ RunTime:0.000364s ]
INFO: [ app_begin ] --START--
INFO: Run Behavior\ReadHtmlCacheBehavior [ RunTime:0.000504s ]
INFO: Run Behavior\CheckLangBehavior [ RunTime:0.000862s ]
INFO: [ app_begin ] --END-- [ RunTime:0.001458s ]
INFO: [ view_parse ] --START--
INFO: [ template_filter ] --START--
INFO: Run Behavior\ContentReplaceBehavior [ RunTime:0.000640s ]
INFO: [ template_filter ] --END-- [ RunTime:0.000728s ]
INFO: Run Behavior\ParseTemplateBehavior [ RunTime:0.049446s ]
INFO: [ view_parse ] --END-- [ RunTime:0.049591s ]
INFO: [ view_filter ] --START--
INFO: Run Behavior\WriteHtmlCacheBehavior [ RunTime:0.000383s ]
INFO: [ view_filter ] --END-- [ RunTime:0.000491s ]
INFO: [ app_end ] --START--
INFO: Run Behavior\ShowPageTraceBehavior [ RunTime:0.000873s ]
INFO: [ app_end ] --END-- [ RunTime:0.000948s ]

[ 2018-02-05T20:03:13+08:00 ] 211.149.153.12 /index.php?m=Admin&c=login&a=vcode
INFO: [ app_init ] --START--
INFO: Run Behavior\BuildLiteBehavior [ RunTime:0.000016s ]
INFO: [ app_init ] --END-- [ RunTime:0.000367s ]
INFO: [ app_begin ] --START--
INFO: Run Behavior\ReadHtmlCacheBehavior [ RunTime:0.000467s ]
INFO: Run Behavior\CheckLangBehavior [ RunTime:0.000889s ]
INFO: [ app_begin ] --END-- [ RunTime:0.001430s ]
INFO: [ app_end ] --START--
INFO: Run Behavior\ShowPageTraceBehavior [ RunTime:0.000670s ]
INFO: [ app_end ] --END-- [ RunTime:0.000764s ]

[ 2018-02-05T20:03:32+08:00 ] 211.149.153.14 /index.php?m=Admin&c=login&a=vcode/index.php?m=Admin&c=Login&a=vCode
INFO: [ app_init ] --START--
INFO: Run Behavior\BuildLiteBehavior [ RunTime:0.000018s ]
INFO: [ app_init ] --END-- [ RunTime:0.000379s ]
INFO: [ app_begin ] --START--
INFO: Run Behavior\ReadHtmlCacheBehavior [ RunTime:0.000508s ]
INFO: Run Behavior\CheckLangBehavior [ RunTime:0.000923s ]
INFO: [ app_begin ] --END-- [ RunTime:0.001516s ]
INFO: [ app_end ] --START--
INFO: Run Behavior\ShowPageTraceBehavior [ RunTime:0.000642s ]
INFO: [ app_end ] --END-- [ RunTime:0.000744s ]

[ 2018-02-05T20:03:34+08:00 ] 211.149.153.13 /index.php?m=Admin&c=login&a=vcode/index.php?m=Admin&c=Login&a=vCode/index.php?m=Admin&c=Login&a=vCode
INFO: [ app_init ] --START--
INFO: Run Behavior\BuildLiteBehavior [ RunTime:0.000022s ]
INFO: [ app_init ] --END-- [ RunTime:0.000432s ]
INFO: [ app_begin ] --START--
INFO: Run Behavior\ReadHtmlCacheBehavior [ RunTime:0.000467s ]
INFO: Run Behavior\CheckLangBehavior [ RunTime:0.000879s ]
INFO: [ app_begin ] --END-- [ RunTime:0.001429s ]
INFO: [ app_end ] --START--
INFO: Run Behavior\ShowPageTraceBehavior [ RunTime:0.000627s ]
INFO: [ app_end ] --END-- [ RunTime:0.000689s ]

[ 2018-02-05T20:03:38+08:00 ] 211.149.153.14 /index.php?m=Admin&c=Login&a=check&name=admin&pwd=21232f297a57a5a743894a0e4a801fc3&vcode=8512
INFO: [ app_init ] --START--
INFO: Run Behavior\BuildLiteBehavior [ RunTime:0.000019s ]
INFO: [ app_init ] --END-- [ RunTime:0.000510s ]
INFO: [ app_begin ] --START--
INFO: Run Behavior\ReadHtmlCacheBehavior [ RunTime:0.000664s ]
INFO: Run Behavior\CheckLangBehavior [ RunTime:0.001364s ]
INFO: [ app_begin ] --END-- [ RunTime:0.002132s ]
SQL: SHOW COLUMNS FROM `admin` [ RunTime:0.0010s ]
SQL: SELECT * FROM `admin` WHERE `username` = 'admin' LIMIT 1   [ RunTime:0.0003s ]
SQL: UPDATE `admin` SET `lasttime`='1517832218',`last_ip`='211.149.153.14' WHERE ( id=27 ) [ RunTime:0.0003s ]

[ 2018-02-05T20:03:39+08:00 ] 211.149.153.14 /index.php?m=Admin&c=Admin&a=admin
INFO: [ app_init ] --START--
INFO: Run Behavior\BuildLiteBehavior [ RunTime:0.000013s ]
INFO: [ app_init ] --END-- [ RunTime:0.000327s ]
INFO: [ app_begin ] --START--
INFO: Run Behavior\ReadHtmlCacheBehavior [ RunTime:0.000439s ]
INFO: Run Behavior\CheckLangBehavior [ RunTime:0.000833s ]
INFO: [ app_begin ] --END-- [ RunTime:0.001344s ]
INFO: [ view_parse ] --START--
INFO: [ template_filter ] --START--
INFO: Run Behavior\ContentReplaceBehavior [ RunTime:0.000691s ]
INFO: [ template_filter ] --END-- [ RunTime:0.000847s ]
INFO: Run Behavior\ParseTemplateBehavior [ RunTime:0.052226s ]
INFO: [ view_parse ] --END-- [ RunTime:0.052286s ]
INFO: [ view_filter ] --START--
INFO: Run Behavior\WriteHtmlCacheBehavior [ RunTime:0.000248s ]
INFO: [ view_filter ] --END-- [ RunTime:0.000287s ]
INFO: [ app_end ] --START--
INFO: Run Behavior\ShowPageTraceBehavior [ RunTime:0.001064s ]
INFO: [ app_end ] --END-- [ RunTime:0.001192s ]

[ 2018-02-05T20:03:39+08:00 ] 211.149.153.14 /index.php?m=Admin&c=admin&a=header
INFO: [ app_init ] --START--
INFO: Run Behavior\BuildLiteBehavior [ RunTime:0.000018s ]
INFO: [ app_init ] --END-- [ RunTime:0.000372s ]
INFO: [ app_begin ] --START--
INFO: Run Behavior\ReadHtmlCacheBehavior [ RunTime:0.000478s ]
INFO: Run Behavior\CheckLangBehavior [ RunTime:0.000971s ]
INFO: [ app_begin ] --END-- [ RunTime:0.001538s ]
INFO: [ view_parse ] --START--
INFO: [ template_filter ] --START--
INFO: Run Behavior\ContentReplaceBehavior [ RunTime:0.000585s ]
INFO: [ template_filter ] --END-- [ RunTime:0.000676s ]
INFO: Run Behavior\ParseTemplateBehavior [ RunTime:0.055081s ]
INFO: [ view_parse ] --END-- [ RunTime:0.055135s ]
INFO: [ view_filter ] --START--
INFO: Run Behavior\WriteHtmlCacheBehavior [ RunTime:0.000257s ]
INFO: [ view_filter ] --END-- [ RunTime:0.000295s ]
INFO: [ app_end ] --START--
INFO: Run Behavior\ShowPageTraceBehavior [ RunTime:0.000852s ]
INFO: [ app_end ] --END-- [ RunTime:0.000928s ]

[ 2018-02-05T20:03:39+08:00 ] 211.149.153.12 /index.php?m=Admin&c=admin&a=menu
INFO: [ app_init ] --START--
INFO: Run Behavior\BuildLiteBehavior [ RunTime:0.000014s ]
INFO: [ app_init ] --END-- [ RunTime:0.000368s ]
INFO: [ app_begin ] --START--
INFO: Run Behavior\ReadHtmlCacheBehavior [ RunTime:0.000709s ]
INFO: Run Behavior\CheckLangBehavior [ RunTime:0.001206s ]
INFO: [ app_begin ] --END-- [ RunTime:0.002013s ]
INFO: [ view_parse ] --START--
INFO: [ template_filter ] --START--
INFO: Run Behavior\ContentReplaceBehavior [ RunTime:0.000705s ]
INFO: [ template_filter ] --END-- [ RunTime:0.000839s ]
INFO: Run Behavior\ParseTemplateBehavior [ RunTime:0.053068s ]
INFO: [ view_parse ] --END-- [ RunTime:0.053147s ]
INFO: [ view_filter ] --START--
INFO: Run Behavior\WriteHtmlCacheBehavior [ RunTime:0.000247s ]
INFO: [ view_filter ] --END-- [ RunTime:0.000291s ]
INFO: [ app_end ] --START--
INFO: Run Behavior\ShowPageTraceBehavior [ RunTime:0.000587s ]
INFO: [ app_end ] --END-- [ RunTime:0.000635s ]

[ 2018-02-05T20:03:39+08:00 ] 211.149.153.12 /index.php?m=Admin&c=admin&a=main
INFO: [ app_init ] --START--
INFO: Run Behavior\BuildLiteBehavior [ RunTime:0.000015s ]
INFO: [ app_init ] --END-- [ RunTime:0.000343s ]
INFO: [ app_begin ] --START--
INFO: Run Behavior\ReadHtmlCacheBehavior [ RunTime:0.000636s ]
INFO: Run Behavior\CheckLangBehavior [ RunTime:0.001212s ]
INFO: [ app_begin ] --END-- [ RunTime:0.001986s ]
INFO: [ view_parse ] --START--
INFO: [ template_filter ] --START--
INFO: Run Behavior\ContentReplaceBehavior [ RunTime:0.000561s ]
INFO: [ template_filter ] --END-- [ RunTime:0.000676s ]
INFO: Run Behavior\ParseTemplateBehavior [ RunTime:0.051583s ]
INFO: [ view_parse ] --END-- [ RunTime:0.051676s ]
INFO: [ view_filter ] --START--
INFO: Run Behavior\WriteHtmlCacheBehavior [ RunTime:0.000260s ]
INFO: [ view_filter ] --END-- [ RunTime:0.000299s ]
INFO: [ app_end ] --START--
INFO: Run Behavior\ShowPageTraceBehavior [ RunTime:0.000753s ]
INFO: [ app_end ] --END-- [ RunTime:0.000814s ]

[ 2018-02-05T20:03:44+08:00 ] 211.149.153.12 /index.php?m=Admin&c=User&a=showlist
INFO: [ app_init ] --START--
INFO: Run Behavior\BuildLiteBehavior [ RunTime:0.000016s ]
INFO: [ app_init ] --END-- [ RunTime:0.000355s ]
INFO: [ app_begin ] --START--
INFO: Run Behavior\ReadHtmlCacheBehavior [ RunTime:0.000498s ]
INFO: Run Behavior\CheckLangBehavior [ RunTime:0.001106s ]
INFO: [ app_begin ] --END-- [ RunTime:0.001681s ]
SQL: SHOW COLUMNS FROM `user` [ RunTime:0.0020s ]
SQL: SELECT COUNT(*) AS tp_count FROM `user` LIMIT 1   [ RunTime:0.0002s ]
SQL: SELECT * FROM `user` ORDER BY id desc LIMIT 0,20   [ RunTime:0.0009s ]
SQL: SHOW COLUMNS FROM `member` [ RunTime:0.0010s ]
SQL: SELECT `id`,`name`,`key` FROM `member`  [ RunTime:0.0001s ]
INFO: [ view_parse ] --START--
INFO: [ template_filter ] --START--
INFO: Run Behavior\ContentReplaceBehavior [ RunTime:0.005089s ]
INFO: [ template_filter ] --END-- [ RunTime:0.005218s ]
NOTIC: [8] Use of undefined constant male - assumed 'male' /www/wwwroot/1107.tech/App/Runtime/Cache/Admin/1ebb7eba461ed748a0b4501c039f98ca.php 第 166 行.
NOTIC: [8] Use of undefined constant female - assumed 'female' /www/wwwroot/1107.tech/App/Runtime/Cache/Admin/1ebb7eba461ed748a0b4501c039f98ca.php 第 167 行.
NOTIC: [8] Undefined index: salary /www/wwwroot/1107.tech/App/Runtime/Cache/Admin/1ebb7eba461ed748a0b4501c039f98ca.php 第 172 行.
NOTIC: [8] Use of undefined constant male - assumed 'male' /www/wwwroot/1107.tech/App/Runtime/Cache/Admin/1ebb7eba461ed748a0b4501c039f98ca.php 第 166 行.
NOTIC: [8] Use of undefined constant female - assumed 'female' /www/wwwroot/1107.tech/App/Runtime/Cache/Admin/1ebb7eba461ed748a0b4501c039f98ca.php 第 167 行.
NOTIC: [8] Undefined index: salary /www/wwwroot/1107.tech/App/Runtime/Cache/Admin/1ebb7eba461ed748a0b4501c039f98ca.php 第 172 行.
NOTIC: [8] Use of undefined constant male - assumed 'male' /www/wwwroot/1107.tech/App/Runtime/Cache/Admin/1ebb7eba461ed748a0b4501c039f98ca.php 第 166 行.
NOTIC: [8] Use of undefined constant female - assumed 'female' /www/wwwroot/1107.tech/App/Runtime/Cache/Admin/1ebb7eba461ed748a0b4501c039f98ca.php 第 167 行.
NOTIC: [8] Undefined index: salary /www/wwwroot/1107.tech/App/Runtime/Cache/Admin/1ebb7eba461ed748a0b4501c039f98ca.php 第 172 行.
NOTIC: [8] Use of undefined constant male - assumed 'male' /www/wwwroot/1107.tech/App/Runtime/Cache/Admin/1ebb7eba461ed748a0b4501c039f98ca.php 第 166 行.
NOTIC: [8] Use of undefined constant female - assumed 'female' /www/wwwroot/1107.tech/App/Runtime/Cache/Admin/1ebb7eba461ed748a0b4501c039f98ca.php 第 167 行.
NOTIC: [8] Undefined index: salary /www/wwwroot/1107.tech/App/Runtime/Cache/Admin/1ebb7eba461ed748a0b4501c039f98ca.php 第 172 行.
NOTIC: [8] Use of undefined constant male - assumed 'male' /www/wwwroot/1107.tech/App/Runtime/Cache/Admin/1ebb7eba461ed748a0b4501c039f98ca.php 第 166 行.
NOTIC: [8] Use of undefined constant female - assumed 'female' /www/wwwroot/1107.tech/App/Runtime/Cache/Admin/1ebb7eba461ed748a0b4501c039f98ca.php 第 167 行.
NOTIC: [8] Undefined index: salary /www/wwwroot/1107.tech/App/Runtime/Cache/Admin/1ebb7eba461ed748a0b4501c039f98ca.php 第 172 行.
NOTIC: [8] Use of undefined constant male - assumed 'male' /www/wwwroot/1107.tech/App/Runtime/Cache/Admin/1ebb7eba461ed748a0b4501c039f98ca.php 第 166 行.
NOTIC: [8] Use of undefined constant female - assumed 'female' /www/wwwroot/1107.tech/App/Runtime/Cache/Admin/1ebb7eba461ed748a0b4501c039f98ca.php 第 167 行.
NOTIC: [8] Undefined index: salary /www/wwwroot/1107.tech/App/Runtime/Cache/Admin/1ebb7eba461ed748a0b4501c039f98ca.php 第 172 行.
NOTIC: [8] Use of undefined constant male - assumed 'male' /www/wwwroot/1107.tech/App/Runtime/Cache/Admin/1ebb7eba461ed748a0b4501c039f98ca.php 第 166 行.
NOTIC: [8] Use of undefined constant female - assumed 'female' /www/wwwroot/1107.tech/App/Runtime/Cache/Admin/1ebb7eba461ed748a0b4501c039f98ca.php 第 167 行.
NOTIC: [8] Undefined index: salary /www/wwwroot/1107.tech/App/Runtime/Cache/Admin/1ebb7eba461ed748a0b4501c039f98ca.php 第 172 行.
NOTIC: [8] Use of undefined constant male - assumed 'male' /www/wwwroot/1107.tech/App/Runtime/Cache/Admin/1ebb7eba461ed748a0b4501c039f98ca.php 第 166 行.
NOTIC: [8] Use of undefined constant female - assumed 'female' /www/wwwroot/1107.tech/App/Runtime/Cache/Admin/1ebb7eba461ed748a0b4501c039f98ca.php 第 167 行.
NOTIC: [8] Undefined index: salary /www/wwwroot/1107.tech/App/Runtime/Cache/Admin/1ebb7eba461ed748a0b4501c039f98ca.php 第 172 行.
NOTIC: [8] Use of undefined constant male - assumed 'male' /www/wwwroot/1107.tech/App/Runtime/Cache/Admin/1ebb7eba461ed748a0b4501c039f98ca.php 第 166 行.
NOTIC: [8] Use of undefined constant female - assumed 'female' /www/wwwroot/1107.tech/App/Runtime/Cache/Admin/1ebb7eba461ed748a0b4501c039f98ca.php 第 167 行.
NOTIC: [8] Undefined index: salary /www/wwwroot/1107.tech/App/Runtime/Cache/Admin/1ebb7eba461ed748a0b4501c039f98ca.php 第 172 行.
NOTIC: [8] Use of undefined constant male - assumed 'male' /www/wwwroot/1107.tech/App/Runtime/Cache/Admin/1ebb7eba461ed748a0b4501c039f98ca.php 第 166 行.
NOTIC: [8] Use of undefined constant female - assumed 'female' /www/wwwroot/1107.tech/App/Runtime/Cache/Admin/1ebb7eba461ed748a0b4501c039f98ca.php 第 167 行.
NOTIC: [8] Undefined index: salary /www/wwwroot/1107.tech/App/Runtime/Cache/Admin/1ebb7eba461ed748a0b4501c039f98ca.php 第 172 行.
NOTIC: [8] Use of undefined constant male - assumed 'male' /www/wwwroot/1107.tech/App/Runtime/Cache/Admin/1ebb7eba461ed748a0b4501c039f98ca.php 第 166 行.
NOTIC: [8] Use of undefined constant female - assumed 'female' /www/wwwroot/1107.tech/App/Runtime/Cache/Admin/1ebb7eba461ed748a0b4501c039f98ca.php 第 167 行.
NOTIC: [8] Undefined index: salary /www/wwwroot/1107.tech/App/Runtime/Cache/Admin/1ebb7eba461ed748a0b4501c039f98ca.php 第 172 行.
NOTIC: [8] Use of undefined constant male - assumed 'male' /www/wwwroot/1107.tech/App/Runtime/Cache/Admin/1ebb7eba461ed748a0b4501c039f98ca.php 第 166 行.
NOTIC: [8] Use of undefined constant female - assumed 'female' /www/wwwroot/1107.tech/App/Runtime/Cache/Admin/1ebb7eba461ed748a0b4501c039f98ca.php 第 167 行.
NOTIC: [8] Undefined index: salary /www/wwwroot/1107.tech/App/Runtime/Cache/Admin/1ebb7eba461ed748a0b4501c039f98ca.php 第 172 行.
NOTIC: [8] Use of undefined constant male - assumed 'male' /www/wwwroot/1107.tech/App/Runtime/Cache/Admin/1ebb7eba461ed748a0b4501c039f98ca.php 第 166 行.
NOTIC: [8] Use of undefined constant female - assumed 'female' /www/wwwroot/1107.tech/App/Runtime/Cache/Admin/1ebb7eba461ed748a0b4501c039f98ca.php 第 167 行.
NOTIC: [8] Undefined index: salary /www/wwwroot/1107.tech/App/Runtime/Cache/Admin/1ebb7eba461ed748a0b4501c039f98ca.php 第 172 行.
NOTIC: [8] Use of undefined constant male - assumed 'male' /www/wwwroot/1107.tech/App/Runtime/Cache/Admin/1ebb7eba461ed748a0b4501c039f98ca.php 第 166 行.
NOTIC: [8] Use of undefined constant female - assumed 'female' /www/wwwroot/1107.tech/App/Runtime/Cache/Admin/1ebb7eba461ed748a0b4501c039f98ca.php 第 167 行.
NOTIC: [8] Undefined index: salary /www/wwwroot/1107.tech/App/Runtime/Cache/Admin/1ebb7eba461ed748a0b4501c039f98ca.php 第 172 行.
NOTIC: [8] Use of undefined constant male - assumed 'male' /www/wwwroot/1107.tech/App/Runtime/Cache/Admin/1ebb7eba461ed748a0b4501c039f98ca.php 第 166 行.
NOTIC: [8] Use of undefined constant female - assumed 'female' /www/wwwroot/1107.tech/App/Runtime/Cache/Admin/1ebb7eba461ed748a0b4501c039f98ca.php 第 167 行.
NOTIC: [8] Undefined index: salary /www/wwwroot/1107.tech/App/Runtime/Cache/Admin/1ebb7eba461ed748a0b4501c039f98ca.php 第 172 行.
NOTIC: [8] Use of undefined constant male - assumed 'male' /www/wwwroot/1107.tech/App/Runtime/Cache/Admin/1ebb7eba461ed748a0b4501c039f98ca.php 第 166 行.
NOTIC: [8] Use of undefined constant female - assumed 'female' /www/wwwroot/1107.tech/App/Runtime/Cache/Admin/1ebb7eba461ed748a0b4501c039f98ca.php 第 167 行.
NOTIC: [8] Undefined index: salary /www/wwwroot/1107.tech/App/Runtime/Cache/Admin/1ebb7eba461ed748a0b4501c039f98ca.php 第 172 行.
NOTIC: [8] Use of undefined constant male - assumed 'male' /www/wwwroot/1107.tech/App/Runtime/Cache/Admin/1ebb7eba461ed748a0b4501c039f98ca.php 第 166 行.
NOTIC: [8] Use of undefined constant female - assumed 'female' /www/wwwroot/1107.tech/App/Runtime/Cache/Admin/1ebb7eba461ed748a0b4501c039f98ca.php 第 167 行.
NOTIC: [8] Undefined index: salary /www/wwwroot/1107.tech/App/Runtime/Cache/Admin/1ebb7eba461ed748a0b4501c039f98ca.php 第 172 行.
NOTIC: [8] Use of undefined constant male - assumed 'male' /www/wwwroot/1107.tech/App/Runtime/Cache/Admin/1ebb7eba461ed748a0b4501c039f98ca.php 第 166 行.
NOTIC: [8] Use of undefined constant female - assumed 'female' /www/wwwroot/1107.tech/App/Runtime/Cache/Admin/1ebb7eba461ed748a0b4501c039f98ca.php 第 167 行.
NOTIC: [8] Undefined index: salary /www/wwwroot/1107.tech/App/Runtime/Cache/Admin/1ebb7eba461ed748a0b4501c039f98ca.php 第 172 行.
NOTIC: [8] Use of undefined constant male - assumed 'male' /www/wwwroot/1107.tech/App/Runtime/Cache/Admin/1ebb7eba461ed748a0b4501c039f98ca.php 第 166 行.
NOTIC: [8] Use of undefined constant female - assumed 'female' /www/wwwroot/1107.tech/App/Runtime/Cache/Admin/1ebb7eba461ed748a0b4501c039f98ca.php 第 167 行.
NOTIC: [8] Undefined index: salary /www/wwwroot/1107.tech/App/Runtime/Cache/Admin/1ebb7eba461ed748a0b4501c039f98ca.php 第 172 行.
NOTIC: [8] Use of undefined constant male - assumed 'male' /www/wwwroot/1107.tech/App/Runtime/Cache/Admin/1ebb7eba461ed748a0b4501c039f98ca.php 第 166 行.
NOTIC: [8] Use of undefined constant female - assumed 'female' /www/wwwroot/1107.tech/App/Runtime/Cache/Admin/1ebb7eba461ed748a0b4501c039f98ca.php 第 167 行.
NOTIC: [8] Undefined index: salary /www/wwwroot/1107.tech/App/Runtime/Cache/Admin/1ebb7eba461ed748a0b4501c039f98ca.php 第 172 行.
INFO: Run Behavior\ParseTemplateBehavior [ RunTime:0.287464s ]
INFO: [ view_parse ] --END-- [ RunTime:0.287516s ]
INFO: [ view_filter ] --START--
INFO: Run Behavior\WriteHtmlCacheBehavior [ RunTime:0.000327s ]
INFO: [ view_filter ] --END-- [ RunTime:0.000375s ]
INFO: [ app_end ] --START--
INFO: Run Behavior\ShowPageTraceBehavior [ RunTime:0.001011s ]
INFO: [ app_end ] --END-- [ RunTime:0.001126s ]

[ 2018-02-05T20:04:18+08:00 ] 211.149.153.13 /index.php?m=Admin&c=Login&a=logout
INFO: [ app_init ] --START--
INFO: Run Behavior\BuildLiteBehavior [ RunTime:0.000018s ]
INFO: [ app_init ] --END-- [ RunTime:0.000359s ]
INFO: [ app_begin ] --START--
INFO: Run Behavior\ReadHtmlCacheBehavior [ RunTime:0.000615s ]
INFO: Run Behavior\CheckLangBehavior [ RunTime:0.000989s ]
INFO: [ app_begin ] --END-- [ RunTime:0.001694s ]
INFO: [ app_end ] --START--
INFO: Run Behavior\ShowPageTraceBehavior [ RunTime:0.000523s ]
INFO: [ app_end ] --END-- [ RunTime:0.000579s ]

[ 2018-02-05T20:04:18+08:00 ] 211.149.153.14 /index.php?m=Admin&c=Login&a=login
INFO: [ app_init ] --START--
INFO: Run Behavior\BuildLiteBehavior [ RunTime:0.000020s ]
INFO: [ app_init ] --END-- [ RunTime:0.000412s ]
INFO: [ app_begin ] --START--
INFO: Run Behavior\ReadHtmlCacheBehavior [ RunTime:0.000555s ]
INFO: Run Behavior\CheckLangBehavior [ RunTime:0.001056s ]
INFO: [ app_begin ] --END-- [ RunTime:0.001701s ]
INFO: [ view_parse ] --START--
INFO: [ template_filter ] --START--
INFO: Run Behavior\ContentReplaceBehavior [ RunTime:0.000609s ]
INFO: [ template_filter ] --END-- [ RunTime:0.000706s ]
INFO: Run Behavior\ParseTemplateBehavior [ RunTime:0.049932s ]
INFO: [ view_parse ] --END-- [ RunTime:0.050029s ]
INFO: [ view_filter ] --START--
INFO: Run Behavior\WriteHtmlCacheBehavior [ RunTime:0.000399s ]
INFO: [ view_filter ] --END-- [ RunTime:0.000473s ]
INFO: [ app_end ] --START--
INFO: Run Behavior\ShowPageTraceBehavior [ RunTime:0.001246s ]
INFO: [ app_end ] --END-- [ RunTime:0.001418s ]

[ 2018-02-05T20:04:19+08:00 ] 211.149.153.14 /index.php?m=Admin&c=login&a=vcode
INFO: [ app_init ] --START--
INFO: Run Behavior\BuildLiteBehavior [ RunTime:0.000026s ]
INFO: [ app_init ] --END-- [ RunTime:0.000596s ]
INFO: [ app_begin ] --START--
INFO: Run Behavior\ReadHtmlCacheBehavior [ RunTime:0.000752s ]
INFO: Run Behavior\CheckLangBehavior [ RunTime:0.001350s ]
INFO: [ app_begin ] --END-- [ RunTime:0.002211s ]
INFO: [ app_end ] --START--
INFO: Run Behavior\ShowPageTraceBehavior [ RunTime:0.000822s ]
INFO: [ app_end ] --END-- [ RunTime:0.000897s ]

