[ 2018-02-07T09:10:09+08:00 ] 211.149.153.14 /index.php?m=Admin&c=Admin&a=admin
INFO: [ app_init ] --START--
INFO: Run Behavior\BuildLiteBehavior [ RunTime:0.000019s ]
INFO: [ app_init ] --END-- [ RunTime:0.000362s ]
INFO: [ app_begin ] --START--
INFO: Run Behavior\ReadHtmlCacheBehavior [ RunTime:0.000482s ]
INFO: Run Behavior\CheckLangBehavior [ RunTime:0.000915s ]
INFO: [ app_begin ] --END-- [ RunTime:0.001484s ]
INFO: [ view_parse ] --START--
INFO: [ template_filter ] --START--
INFO: Run Behavior\ContentReplaceBehavior [ RunTime:0.000045s ]
INFO: [ template_filter ] --END-- [ RunTime:0.000113s ]
INFO: Run Behavior\ParseTemplateBehavior [ RunTime:0.006043s ]
INFO: [ view_parse ] --END-- [ RunTime:0.006093s ]
INFO: [ view_filter ] --START--
INFO: Run Behavior\WriteHtmlCacheBehavior [ RunTime:0.000483s ]
INFO: [ view_filter ] --END-- [ RunTime:0.000544s ]
INFO: [ app_end ] --START--
INFO: Run Behavior\ShowPageTraceBehavior [ RunTime:0.000949s ]
INFO: [ app_end ] --END-- [ RunTime:0.001021s ]

[ 2018-02-07T09:10:10+08:00 ] 211.149.153.12 /index.php?m=Admin&c=admin&a=header
INFO: [ app_init ] --START--
INFO: Run Behavior\BuildLiteBehavior [ RunTime:0.000038s ]
INFO: [ app_init ] --END-- [ RunTime:0.000576s ]
INFO: [ app_begin ] --START--
INFO: Run Behavior\ReadHtmlCacheBehavior [ RunTime:0.000621s ]
INFO: Run Behavior\CheckLangBehavior [ RunTime:0.001197s ]
INFO: [ app_begin ] --END-- [ RunTime:0.001920s ]
INFO: [ view_parse ] --START--
INFO: [ template_filter ] --START--
INFO: Run Behavior\ContentReplaceBehavior [ RunTime:0.000060s ]
INFO: [ template_filter ] --END-- [ RunTime:0.000167s ]
INFO: Run Behavior\ParseTemplateBehavior [ RunTime:0.007840s ]
INFO: [ view_parse ] --END-- [ RunTime:0.007909s ]
INFO: [ view_filter ] --START--
INFO: Run Behavior\WriteHtmlCacheBehavior [ RunTime:0.000297s ]
INFO: [ view_filter ] --END-- [ RunTime:0.000354s ]
INFO: [ app_end ] --START--
INFO: Run Behavior\ShowPageTraceBehavior [ RunTime:0.000897s ]
INFO: [ app_end ] --END-- [ RunTime:0.000970s ]

[ 2018-02-07T09:10:10+08:00 ] 211.149.153.14 /index.php?m=Admin&c=admin&a=menu
INFO: [ app_init ] --START--
INFO: Run Behavior\BuildLiteBehavior [ RunTime:0.000024s ]
INFO: [ app_init ] --END-- [ RunTime:0.000584s ]
INFO: [ app_begin ] --START--
INFO: Run Behavior\ReadHtmlCacheBehavior [ RunTime:0.000745s ]
INFO: Run Behavior\CheckLangBehavior [ RunTime:0.001659s ]
INFO: [ app_begin ] --END-- [ RunTime:0.002532s ]
INFO: [ view_parse ] --START--
INFO: [ template_filter ] --START--
INFO: Run Behavior\ContentReplaceBehavior [ RunTime:0.000969s ]
INFO: [ template_filter ] --END-- [ RunTime:0.001101s ]
INFO: Run Behavior\ParseTemplateBehavior [ RunTime:0.068596s ]
INFO: [ view_parse ] --END-- [ RunTime:0.068734s ]
INFO: [ view_filter ] --START--
INFO: Run Behavior\WriteHtmlCacheBehavior [ RunTime:0.000392s ]
INFO: [ view_filter ] --END-- [ RunTime:0.000457s ]
INFO: [ app_end ] --START--
INFO: Run Behavior\ShowPageTraceBehavior [ RunTime:0.000968s ]
INFO: [ app_end ] --END-- [ RunTime:0.001088s ]

[ 2018-02-07T09:10:10+08:00 ] 211.149.153.13 /index.php?m=Admin&c=admin&a=main
INFO: [ app_init ] --START--
INFO: Run Behavior\BuildLiteBehavior [ RunTime:0.000021s ]
INFO: [ app_init ] --END-- [ RunTime:0.000563s ]
INFO: [ app_begin ] --START--
INFO: Run Behavior\ReadHtmlCacheBehavior [ RunTime:0.000792s ]
INFO: Run Behavior\CheckLangBehavior [ RunTime:0.001437s ]
INFO: [ app_begin ] --END-- [ RunTime:0.002364s ]
INFO: [ view_parse ] --START--
INFO: [ template_filter ] --START--
INFO: Run Behavior\ContentReplaceBehavior [ RunTime:0.000069s ]
INFO: [ template_filter ] --END-- [ RunTime:0.000166s ]
INFO: Run Behavior\ParseTemplateBehavior [ RunTime:0.009441s ]
INFO: [ view_parse ] --END-- [ RunTime:0.009620s ]
INFO: [ view_filter ] --START--
INFO: Run Behavior\WriteHtmlCacheBehavior [ RunTime:0.000334s ]
INFO: [ view_filter ] --END-- [ RunTime:0.000389s ]
INFO: [ app_end ] --START--
INFO: Run Behavior\ShowPageTraceBehavior [ RunTime:0.000675s ]
INFO: [ app_end ] --END-- [ RunTime:0.000736s ]

[ 2018-02-07T09:10:20+08:00 ] 211.149.153.12 /index.php?m=Admin&c=admin&a=main
INFO: [ app_init ] --START--
INFO: Run Behavior\BuildLiteBehavior [ RunTime:0.000022s ]
INFO: [ app_init ] --END-- [ RunTime:0.000535s ]
INFO: [ app_begin ] --START--
INFO: Run Behavior\ReadHtmlCacheBehavior [ RunTime:0.000686s ]
INFO: Run Behavior\CheckLangBehavior [ RunTime:0.001484s ]
INFO: [ app_begin ] --END-- [ RunTime:0.002296s ]
INFO: [ view_parse ] --START--
INFO: [ template_filter ] --START--
INFO: Run Behavior\ContentReplaceBehavior [ RunTime:0.000070s ]
INFO: [ template_filter ] --END-- [ RunTime:0.000163s ]
INFO: Run Behavior\ParseTemplateBehavior [ RunTime:0.010197s ]
INFO: [ view_parse ] --END-- [ RunTime:0.010269s ]
INFO: [ view_filter ] --START--
INFO: Run Behavior\WriteHtmlCacheBehavior [ RunTime:0.000314s ]
INFO: [ view_filter ] --END-- [ RunTime:0.000373s ]
INFO: [ app_end ] --START--
INFO: Run Behavior\ShowPageTraceBehavior [ RunTime:0.000787s ]
INFO: [ app_end ] --END-- [ RunTime:0.000852s ]

[ 2018-02-07T09:10:21+08:00 ] 211.149.153.12 /index.php?m=Admin&c=admin&a=main
INFO: [ app_init ] --START--
INFO: Run Behavior\BuildLiteBehavior [ RunTime:0.000027s ]
INFO: [ app_init ] --END-- [ RunTime:0.000535s ]
INFO: [ app_begin ] --START--
INFO: Run Behavior\ReadHtmlCacheBehavior [ RunTime:0.000724s ]
INFO: Run Behavior\CheckLangBehavior [ RunTime:0.001524s ]
INFO: [ app_begin ] --END-- [ RunTime:0.002358s ]
INFO: [ view_parse ] --START--
INFO: [ template_filter ] --START--
INFO: Run Behavior\ContentReplaceBehavior [ RunTime:0.000078s ]
INFO: [ template_filter ] --END-- [ RunTime:0.000196s ]
INFO: Run Behavior\ParseTemplateBehavior [ RunTime:0.010409s ]
INFO: [ view_parse ] --END-- [ RunTime:0.010481s ]
INFO: [ view_filter ] --START--
INFO: Run Behavior\WriteHtmlCacheBehavior [ RunTime:0.000332s ]
INFO: [ view_filter ] --END-- [ RunTime:0.000388s ]
INFO: [ app_end ] --START--
INFO: Run Behavior\ShowPageTraceBehavior [ RunTime:0.000813s ]
INFO: [ app_end ] --END-- [ RunTime:0.000880s ]

[ 2018-02-07T09:10:22+08:00 ] 211.149.153.14 /index.php?m=Admin&c=admin&a=main
INFO: [ app_init ] --START--
INFO: Run Behavior\BuildLiteBehavior [ RunTime:0.000026s ]
INFO: [ app_init ] --END-- [ RunTime:0.000649s ]
INFO: [ app_begin ] --START--
INFO: Run Behavior\ReadHtmlCacheBehavior [ RunTime:0.001092s ]
INFO: Run Behavior\CheckLangBehavior [ RunTime:0.001505s ]
INFO: [ app_begin ] --END-- [ RunTime:0.002719s ]
INFO: [ view_parse ] --START--
INFO: [ template_filter ] --START--
INFO: Run Behavior\ContentReplaceBehavior [ RunTime:0.000051s ]
INFO: [ template_filter ] --END-- [ RunTime:0.000115s ]
INFO: Run Behavior\ParseTemplateBehavior [ RunTime:0.007183s ]
INFO: [ view_parse ] --END-- [ RunTime:0.007255s ]
INFO: [ view_filter ] --START--
INFO: Run Behavior\WriteHtmlCacheBehavior [ RunTime:0.000311s ]
INFO: [ view_filter ] --END-- [ RunTime:0.000377s ]
INFO: [ app_end ] --START--
INFO: Run Behavior\ShowPageTraceBehavior [ RunTime:0.000664s ]
INFO: [ app_end ] --END-- [ RunTime:0.000726s ]

[ 2018-02-07T09:10:23+08:00 ] 211.149.153.13 /index.php?m=Admin&c=admin&a=main
INFO: [ app_init ] --START--
INFO: Run Behavior\BuildLiteBehavior [ RunTime:0.000018s ]
INFO: [ app_init ] --END-- [ RunTime:0.000434s ]
INFO: [ app_begin ] --START--
INFO: Run Behavior\ReadHtmlCacheBehavior [ RunTime:0.000504s ]
INFO: Run Behavior\CheckLangBehavior [ RunTime:0.000907s ]
INFO: [ app_begin ] --END-- [ RunTime:0.001500s ]
INFO: [ view_parse ] --START--
INFO: [ template_filter ] --START--
INFO: Run Behavior\ContentReplaceBehavior [ RunTime:0.000055s ]
INFO: [ template_filter ] --END-- [ RunTime:0.000120s ]
INFO: Run Behavior\ParseTemplateBehavior [ RunTime:0.007393s ]
INFO: [ view_parse ] --END-- [ RunTime:0.007450s ]
INFO: [ view_filter ] --START--
INFO: Run Behavior\WriteHtmlCacheBehavior [ RunTime:0.000212s ]
INFO: [ view_filter ] --END-- [ RunTime:0.000248s ]
INFO: [ app_end ] --START--
INFO: Run Behavior\ShowPageTraceBehavior [ RunTime:0.000650s ]
INFO: [ app_end ] --END-- [ RunTime:0.000711s ]

[ 2018-02-07T09:10:29+08:00 ] 211.149.153.13 /index.php?m=Admin&c=AdminUser&a=showlist
INFO: [ app_init ] --START--
INFO: Run Behavior\BuildLiteBehavior [ RunTime:0.000017s ]
INFO: [ app_init ] --END-- [ RunTime:0.000375s ]
INFO: [ app_begin ] --START--
INFO: Run Behavior\ReadHtmlCacheBehavior [ RunTime:0.000509s ]
INFO: Run Behavior\CheckLangBehavior [ RunTime:0.000873s ]
INFO: [ app_begin ] --END-- [ RunTime:0.001455s ]
SQL: SHOW COLUMNS FROM `admin` [ RunTime:0.0010s ]
SQL: SELECT COUNT(*) AS tp_count FROM `admin` LIMIT 1   [ RunTime:0.0003s ]
SQL: SELECT * FROM `admin` ORDER BY id asc LIMIT 0,20   [ RunTime:0.0003s ]
INFO: [ view_parse ] --START--
INFO: [ template_filter ] --START--
INFO: Run Behavior\ContentReplaceBehavior [ RunTime:0.004287s ]
INFO: [ template_filter ] --END-- [ RunTime:0.004401s ]
NOTIC: [8] Undefined variable: topAdd /www/wwwroot/1107.tech/App/Runtime/Cache/Admin/61fa5421e626fb04fb72327e9739fb4f.php 第 34 行.
NOTIC: [8] Array to string conversion /www/wwwroot/1107.tech/App/Runtime/Cache/Admin/61fa5421e626fb04fb72327e9739fb4f.php 第 126 行.
NOTIC: [8] Undefined index: name /www/wwwroot/1107.tech/App/Runtime/Cache/Admin/61fa5421e626fb04fb72327e9739fb4f.php 第 135 行.
INFO: Run Behavior\ParseTemplateBehavior [ RunTime:0.231277s ]
INFO: [ view_parse ] --END-- [ RunTime:0.231336s ]
INFO: [ view_filter ] --START--
INFO: Run Behavior\WriteHtmlCacheBehavior [ RunTime:0.000309s ]
INFO: [ view_filter ] --END-- [ RunTime:0.000357s ]
INFO: [ app_end ] --START--
INFO: Run Behavior\ShowPageTraceBehavior [ RunTime:0.001092s ]
INFO: [ app_end ] --END-- [ RunTime:0.001232s ]

[ 2018-02-07T20:55:23+08:00 ] 211.149.153.12 /index.php?m=Admin&c=User&a=showlist
INFO: [ app_init ] --START--
INFO: Run Behavior\BuildLiteBehavior [ RunTime:0.000018s ]
INFO: [ app_init ] --END-- [ RunTime:0.000339s ]
INFO: [ app_begin ] --START--
INFO: Run Behavior\ReadHtmlCacheBehavior [ RunTime:0.000430s ]
INFO: Run Behavior\CheckLangBehavior [ RunTime:0.000816s ]
INFO: [ app_begin ] --END-- [ RunTime:0.001319s ]
SQL: SHOW COLUMNS FROM `user` [ RunTime:0.0016s ]
SQL: SELECT COUNT(*) AS tp_count FROM `user` LIMIT 1   [ RunTime:0.0002s ]
SQL: SELECT * FROM `user` ORDER BY id desc LIMIT 0,20   [ RunTime:0.0009s ]
SQL: SHOW COLUMNS FROM `member` [ RunTime:0.0009s ]
SQL: SELECT `id`,`name`,`key` FROM `member`  [ RunTime:0.0001s ]
INFO: [ view_parse ] --START--
INFO: [ template_filter ] --START--
INFO: Run Behavior\ContentReplaceBehavior [ RunTime:0.005401s ]
INFO: [ template_filter ] --END-- [ RunTime:0.005529s ]
NOTIC: [8] Use of undefined constant male - assumed 'male' /www/wwwroot/1107.tech/App/Runtime/Cache/Admin/1ebb7eba461ed748a0b4501c039f98ca.php 第 168 行.
NOTIC: [8] Use of undefined constant female - assumed 'female' /www/wwwroot/1107.tech/App/Runtime/Cache/Admin/1ebb7eba461ed748a0b4501c039f98ca.php 第 169 行.
NOTIC: [8] Undefined index: salary /www/wwwroot/1107.tech/App/Runtime/Cache/Admin/1ebb7eba461ed748a0b4501c039f98ca.php 第 174 行.
NOTIC: [8] Use of undefined constant male - assumed 'male' /www/wwwroot/1107.tech/App/Runtime/Cache/Admin/1ebb7eba461ed748a0b4501c039f98ca.php 第 168 行.
NOTIC: [8] Use of undefined constant female - assumed 'female' /www/wwwroot/1107.tech/App/Runtime/Cache/Admin/1ebb7eba461ed748a0b4501c039f98ca.php 第 169 行.
NOTIC: [8] Undefined index: salary /www/wwwroot/1107.tech/App/Runtime/Cache/Admin/1ebb7eba461ed748a0b4501c039f98ca.php 第 174 行.
NOTIC: [8] Use of undefined constant male - assumed 'male' /www/wwwroot/1107.tech/App/Runtime/Cache/Admin/1ebb7eba461ed748a0b4501c039f98ca.php 第 168 行.
NOTIC: [8] Use of undefined constant female - assumed 'female' /www/wwwroot/1107.tech/App/Runtime/Cache/Admin/1ebb7eba461ed748a0b4501c039f98ca.php 第 169 行.
NOTIC: [8] Undefined index: salary /www/wwwroot/1107.tech/App/Runtime/Cache/Admin/1ebb7eba461ed748a0b4501c039f98ca.php 第 174 行.
NOTIC: [8] Use of undefined constant male - assumed 'male' /www/wwwroot/1107.tech/App/Runtime/Cache/Admin/1ebb7eba461ed748a0b4501c039f98ca.php 第 168 行.
NOTIC: [8] Use of undefined constant female - assumed 'female' /www/wwwroot/1107.tech/App/Runtime/Cache/Admin/1ebb7eba461ed748a0b4501c039f98ca.php 第 169 行.
NOTIC: [8] Undefined index: salary /www/wwwroot/1107.tech/App/Runtime/Cache/Admin/1ebb7eba461ed748a0b4501c039f98ca.php 第 174 行.
NOTIC: [8] Use of undefined constant male - assumed 'male' /www/wwwroot/1107.tech/App/Runtime/Cache/Admin/1ebb7eba461ed748a0b4501c039f98ca.php 第 168 行.
NOTIC: [8] Use of undefined constant female - assumed 'female' /www/wwwroot/1107.tech/App/Runtime/Cache/Admin/1ebb7eba461ed748a0b4501c039f98ca.php 第 169 行.
NOTIC: [8] Undefined index: salary /www/wwwroot/1107.tech/App/Runtime/Cache/Admin/1ebb7eba461ed748a0b4501c039f98ca.php 第 174 行.
NOTIC: [8] Use of undefined constant male - assumed 'male' /www/wwwroot/1107.tech/App/Runtime/Cache/Admin/1ebb7eba461ed748a0b4501c039f98ca.php 第 168 行.
NOTIC: [8] Use of undefined constant female - assumed 'female' /www/wwwroot/1107.tech/App/Runtime/Cache/Admin/1ebb7eba461ed748a0b4501c039f98ca.php 第 169 行.
NOTIC: [8] Undefined index: salary /www/wwwroot/1107.tech/App/Runtime/Cache/Admin/1ebb7eba461ed748a0b4501c039f98ca.php 第 174 行.
NOTIC: [8] Use of undefined constant male - assumed 'male' /www/wwwroot/1107.tech/App/Runtime/Cache/Admin/1ebb7eba461ed748a0b4501c039f98ca.php 第 168 行.
NOTIC: [8] Use of undefined constant female - assumed 'female' /www/wwwroot/1107.tech/App/Runtime/Cache/Admin/1ebb7eba461ed748a0b4501c039f98ca.php 第 169 行.
NOTIC: [8] Undefined index: salary /www/wwwroot/1107.tech/App/Runtime/Cache/Admin/1ebb7eba461ed748a0b4501c039f98ca.php 第 174 行.
NOTIC: [8] Use of undefined constant male - assumed 'male' /www/wwwroot/1107.tech/App/Runtime/Cache/Admin/1ebb7eba461ed748a0b4501c039f98ca.php 第 168 行.
NOTIC: [8] Use of undefined constant female - assumed 'female' /www/wwwroot/1107.tech/App/Runtime/Cache/Admin/1ebb7eba461ed748a0b4501c039f98ca.php 第 169 行.
NOTIC: [8] Undefined index: salary /www/wwwroot/1107.tech/App/Runtime/Cache/Admin/1ebb7eba461ed748a0b4501c039f98ca.php 第 174 行.
NOTIC: [8] Use of undefined constant male - assumed 'male' /www/wwwroot/1107.tech/App/Runtime/Cache/Admin/1ebb7eba461ed748a0b4501c039f98ca.php 第 168 行.
NOTIC: [8] Use of undefined constant female - assumed 'female' /www/wwwroot/1107.tech/App/Runtime/Cache/Admin/1ebb7eba461ed748a0b4501c039f98ca.php 第 169 行.
NOTIC: [8] Undefined index: salary /www/wwwroot/1107.tech/App/Runtime/Cache/Admin/1ebb7eba461ed748a0b4501c039f98ca.php 第 174 行.
NOTIC: [8] Use of undefined constant male - assumed 'male' /www/wwwroot/1107.tech/App/Runtime/Cache/Admin/1ebb7eba461ed748a0b4501c039f98ca.php 第 168 行.
NOTIC: [8] Use of undefined constant female - assumed 'female' /www/wwwroot/1107.tech/App/Runtime/Cache/Admin/1ebb7eba461ed748a0b4501c039f98ca.php 第 169 行.
NOTIC: [8] Undefined index: salary /www/wwwroot/1107.tech/App/Runtime/Cache/Admin/1ebb7eba461ed748a0b4501c039f98ca.php 第 174 行.
NOTIC: [8] Use of undefined constant male - assumed 'male' /www/wwwroot/1107.tech/App/Runtime/Cache/Admin/1ebb7eba461ed748a0b4501c039f98ca.php 第 168 行.
NOTIC: [8] Use of undefined constant female - assumed 'female' /www/wwwroot/1107.tech/App/Runtime/Cache/Admin/1ebb7eba461ed748a0b4501c039f98ca.php 第 169 行.
NOTIC: [8] Undefined index: salary /www/wwwroot/1107.tech/App/Runtime/Cache/Admin/1ebb7eba461ed748a0b4501c039f98ca.php 第 174 行.
NOTIC: [8] Use of undefined constant male - assumed 'male' /www/wwwroot/1107.tech/App/Runtime/Cache/Admin/1ebb7eba461ed748a0b4501c039f98ca.php 第 168 行.
NOTIC: [8] Use of undefined constant female - assumed 'female' /www/wwwroot/1107.tech/App/Runtime/Cache/Admin/1ebb7eba461ed748a0b4501c039f98ca.php 第 169 行.
NOTIC: [8] Undefined index: salary /www/wwwroot/1107.tech/App/Runtime/Cache/Admin/1ebb7eba461ed748a0b4501c039f98ca.php 第 174 行.
NOTIC: [8] Use of undefined constant male - assumed 'male' /www/wwwroot/1107.tech/App/Runtime/Cache/Admin/1ebb7eba461ed748a0b4501c039f98ca.php 第 168 行.
NOTIC: [8] Use of undefined constant female - assumed 'female' /www/wwwroot/1107.tech/App/Runtime/Cache/Admin/1ebb7eba461ed748a0b4501c039f98ca.php 第 169 行.
NOTIC: [8] Undefined index: salary /www/wwwroot/1107.tech/App/Runtime/Cache/Admin/1ebb7eba461ed748a0b4501c039f98ca.php 第 174 行.
NOTIC: [8] Use of undefined constant male - assumed 'male' /www/wwwroot/1107.tech/App/Runtime/Cache/Admin/1ebb7eba461ed748a0b4501c039f98ca.php 第 168 行.
NOTIC: [8] Use of undefined constant female - assumed 'female' /www/wwwroot/1107.tech/App/Runtime/Cache/Admin/1ebb7eba461ed748a0b4501c039f98ca.php 第 169 行.
NOTIC: [8] Undefined index: salary /www/wwwroot/1107.tech/App/Runtime/Cache/Admin/1ebb7eba461ed748a0b4501c039f98ca.php 第 174 行.
NOTIC: [8] Use of undefined constant male - assumed 'male' /www/wwwroot/1107.tech/App/Runtime/Cache/Admin/1ebb7eba461ed748a0b4501c039f98ca.php 第 168 行.
NOTIC: [8] Use of undefined constant female - assumed 'female' /www/wwwroot/1107.tech/App/Runtime/Cache/Admin/1ebb7eba461ed748a0b4501c039f98ca.php 第 169 行.
NOTIC: [8] Undefined index: salary /www/wwwroot/1107.tech/App/Runtime/Cache/Admin/1ebb7eba461ed748a0b4501c039f98ca.php 第 174 行.
NOTIC: [8] Use of undefined constant male - assumed 'male' /www/wwwroot/1107.tech/App/Runtime/Cache/Admin/1ebb7eba461ed748a0b4501c039f98ca.php 第 168 行.
NOTIC: [8] Use of undefined constant female - assumed 'female' /www/wwwroot/1107.tech/App/Runtime/Cache/Admin/1ebb7eba461ed748a0b4501c039f98ca.php 第 169 行.
NOTIC: [8] Undefined index: salary /www/wwwroot/1107.tech/App/Runtime/Cache/Admin/1ebb7eba461ed748a0b4501c039f98ca.php 第 174 行.
NOTIC: [8] Use of undefined constant male - assumed 'male' /www/wwwroot/1107.tech/App/Runtime/Cache/Admin/1ebb7eba461ed748a0b4501c039f98ca.php 第 168 行.
NOTIC: [8] Use of undefined constant female - assumed 'female' /www/wwwroot/1107.tech/App/Runtime/Cache/Admin/1ebb7eba461ed748a0b4501c039f98ca.php 第 169 行.
NOTIC: [8] Undefined index: salary /www/wwwroot/1107.tech/App/Runtime/Cache/Admin/1ebb7eba461ed748a0b4501c039f98ca.php 第 174 行.
NOTIC: [8] Use of undefined constant male - assumed 'male' /www/wwwroot/1107.tech/App/Runtime/Cache/Admin/1ebb7eba461ed748a0b4501c039f98ca.php 第 168 行.
NOTIC: [8] Use of undefined constant female - assumed 'female' /www/wwwroot/1107.tech/App/Runtime/Cache/Admin/1ebb7eba461ed748a0b4501c039f98ca.php 第 169 行.
NOTIC: [8] Undefined index: salary /www/wwwroot/1107.tech/App/Runtime/Cache/Admin/1ebb7eba461ed748a0b4501c039f98ca.php 第 174 行.
NOTIC: [8] Use of undefined constant male - assumed 'male' /www/wwwroot/1107.tech/App/Runtime/Cache/Admin/1ebb7eba461ed748a0b4501c039f98ca.php 第 168 行.
NOTIC: [8] Use of undefined constant female - assumed 'female' /www/wwwroot/1107.tech/App/Runtime/Cache/Admin/1ebb7eba461ed748a0b4501c039f98ca.php 第 169 行.
NOTIC: [8] Undefined index: salary /www/wwwroot/1107.tech/App/Runtime/Cache/Admin/1ebb7eba461ed748a0b4501c039f98ca.php 第 174 行.
NOTIC: [8] Use of undefined constant male - assumed 'male' /www/wwwroot/1107.tech/App/Runtime/Cache/Admin/1ebb7eba461ed748a0b4501c039f98ca.php 第 168 行.
NOTIC: [8] Use of undefined constant female - assumed 'female' /www/wwwroot/1107.tech/App/Runtime/Cache/Admin/1ebb7eba461ed748a0b4501c039f98ca.php 第 169 行.
NOTIC: [8] Undefined index: salary /www/wwwroot/1107.tech/App/Runtime/Cache/Admin/1ebb7eba461ed748a0b4501c039f98ca.php 第 174 行.
INFO: Run Behavior\ParseTemplateBehavior [ RunTime:0.270841s ]
INFO: [ view_parse ] --END-- [ RunTime:0.270895s ]
INFO: [ view_filter ] --START--
INFO: Run Behavior\WriteHtmlCacheBehavior [ RunTime:0.000413s ]
INFO: [ view_filter ] --END-- [ RunTime:0.000459s ]
INFO: [ app_end ] --START--
INFO: Run Behavior\ShowPageTraceBehavior [ RunTime:0.001015s ]
INFO: [ app_end ] --END-- [ RunTime:0.001165s ]

[ 2018-02-07T20:55:30+08:00 ] 211.149.153.12 /index.php?m=Admin
INFO: [ app_init ] --START--
INFO: Run Behavior\BuildLiteBehavior [ RunTime:0.000027s ]
INFO: [ app_init ] --END-- [ RunTime:0.000398s ]
INFO: [ app_begin ] --START--
INFO: Run Behavior\ReadHtmlCacheBehavior [ RunTime:0.000582s ]
INFO: Run Behavior\CheckLangBehavior [ RunTime:0.000987s ]
INFO: [ app_begin ] --END-- [ RunTime:0.001666s ]
INFO: [ view_parse ] --START--
INFO: [ template_filter ] --START--
INFO: Run Behavior\ContentReplaceBehavior [ RunTime:0.000081s ]
INFO: [ template_filter ] --END-- [ RunTime:0.000152s ]
INFO: Run Behavior\ParseTemplateBehavior [ RunTime:0.004735s ]
INFO: [ view_parse ] --END-- [ RunTime:0.004777s ]
INFO: [ view_filter ] --START--
INFO: Run Behavior\WriteHtmlCacheBehavior [ RunTime:0.000185s ]
INFO: [ view_filter ] --END-- [ RunTime:0.000228s ]
INFO: [ app_end ] --START--
INFO: Run Behavior\ShowPageTraceBehavior [ RunTime:0.000462s ]
INFO: [ app_end ] --END-- [ RunTime:0.000511s ]

[ 2018-02-07T20:55:31+08:00 ] 211.149.153.12 /index.php?m=Admin&c=admin&a=menu
INFO: [ app_init ] --START--
INFO: Run Behavior\BuildLiteBehavior [ RunTime:0.000025s ]
INFO: [ app_init ] --END-- [ RunTime:0.000546s ]
INFO: [ app_begin ] --START--
INFO: Run Behavior\ReadHtmlCacheBehavior [ RunTime:0.000955s ]
INFO: Run Behavior\CheckLangBehavior [ RunTime:0.001562s ]
INFO: [ app_begin ] --END-- [ RunTime:0.002632s ]
INFO: [ view_parse ] --START--
INFO: [ template_filter ] --START--
INFO: Run Behavior\ContentReplaceBehavior [ RunTime:0.000548s ]
INFO: [ template_filter ] --END-- [ RunTime:0.000644s ]
INFO: Run Behavior\ParseTemplateBehavior [ RunTime:0.049899s ]
INFO: [ view_parse ] --END-- [ RunTime:0.049981s ]
INFO: [ view_filter ] --START--
INFO: Run Behavior\WriteHtmlCacheBehavior [ RunTime:0.000281s ]
INFO: [ view_filter ] --END-- [ RunTime:0.000338s ]
INFO: [ app_end ] --START--
INFO: Run Behavior\ShowPageTraceBehavior [ RunTime:0.000666s ]
INFO: [ app_end ] --END-- [ RunTime:0.000739s ]

[ 2018-02-07T20:55:31+08:00 ] 211.149.153.14 /index.php?m=Admin&c=admin&a=main
INFO: [ app_init ] --START--
INFO: Run Behavior\BuildLiteBehavior [ RunTime:0.000015s ]
INFO: [ app_init ] --END-- [ RunTime:0.000408s ]
INFO: [ app_begin ] --START--
INFO: Run Behavior\ReadHtmlCacheBehavior [ RunTime:0.000519s ]
INFO: Run Behavior\CheckLangBehavior [ RunTime:0.000880s ]
INFO: [ app_begin ] --END-- [ RunTime:0.001473s ]
INFO: [ view_parse ] --START--
INFO: [ template_filter ] --START--
INFO: Run Behavior\ContentReplaceBehavior [ RunTime:0.000058s ]
INFO: [ template_filter ] --END-- [ RunTime:0.000138s ]
INFO: Run Behavior\ParseTemplateBehavior [ RunTime:0.006475s ]
INFO: [ view_parse ] --END-- [ RunTime:0.006549s ]
INFO: [ view_filter ] --START--
INFO: Run Behavior\WriteHtmlCacheBehavior [ RunTime:0.000203s ]
INFO: [ view_filter ] --END-- [ RunTime:0.000239s ]
INFO: [ app_end ] --START--
INFO: Run Behavior\ShowPageTraceBehavior [ RunTime:0.000558s ]
INFO: [ app_end ] --END-- [ RunTime:0.000597s ]

[ 2018-02-07T20:55:31+08:00 ] 211.149.153.13 /index.php?m=Admin&c=admin&a=header
INFO: [ app_init ] --START--
INFO: Run Behavior\BuildLiteBehavior [ RunTime:0.000024s ]
INFO: [ app_init ] --END-- [ RunTime:0.000565s ]
INFO: [ app_begin ] --START--
INFO: Run Behavior\ReadHtmlCacheBehavior [ RunTime:0.000769s ]
INFO: Run Behavior\CheckLangBehavior [ RunTime:0.001427s ]
INFO: [ app_begin ] --END-- [ RunTime:0.002306s ]
INFO: [ view_parse ] --START--
INFO: [ template_filter ] --START--
INFO: Run Behavior\ContentReplaceBehavior [ RunTime:0.000048s ]
INFO: [ template_filter ] --END-- [ RunTime:0.000126s ]
INFO: Run Behavior\ParseTemplateBehavior [ RunTime:0.006399s ]
INFO: [ view_parse ] --END-- [ RunTime:0.006468s ]
INFO: [ view_filter ] --START--
INFO: Run Behavior\WriteHtmlCacheBehavior [ RunTime:0.000279s ]
INFO: [ view_filter ] --END-- [ RunTime:0.000338s ]
INFO: [ app_end ] --START--
INFO: Run Behavior\ShowPageTraceBehavior [ RunTime:0.000654s ]
INFO: [ app_end ] --END-- [ RunTime:0.000707s ]

[ 2018-02-07T20:55:36+08:00 ] 211.149.153.12 /index.php?m=Admin&c=WebConf&a=showlist
INFO: [ app_init ] --START--
INFO: Run Behavior\BuildLiteBehavior [ RunTime:0.000022s ]
INFO: [ app_init ] --END-- [ RunTime:0.000537s ]
INFO: [ app_begin ] --START--
INFO: Run Behavior\ReadHtmlCacheBehavior [ RunTime:0.000711s ]
INFO: Run Behavior\CheckLangBehavior [ RunTime:0.001461s ]
INFO: [ app_begin ] --END-- [ RunTime:0.002279s ]
SQL: SHOW COLUMNS FROM `web_conf` [ RunTime:0.0013s ]
SQL: SELECT * FROM `web_conf` LIMIT 1   [ RunTime:0.0002s ]
INFO: [ view_parse ] --START--
INFO: [ template_filter ] --START--
INFO: Run Behavior\ContentReplaceBehavior [ RunTime:0.000593s ]
INFO: [ template_filter ] --END-- [ RunTime:0.000670s ]
INFO: Run Behavior\ParseTemplateBehavior [ RunTime:0.073298s ]
INFO: [ view_parse ] --END-- [ RunTime:0.073366s ]
INFO: [ view_filter ] --START--
INFO: Run Behavior\WriteHtmlCacheBehavior [ RunTime:0.000241s ]
INFO: [ view_filter ] --END-- [ RunTime:0.000280s ]
INFO: [ app_end ] --START--
INFO: Run Behavior\ShowPageTraceBehavior [ RunTime:0.000716s ]
INFO: [ app_end ] --END-- [ RunTime:0.000783s ]

[ 2018-02-07T20:56:21+08:00 ] 211.149.153.14 /index.php?m=Admin&c=WebConf&a=add
INFO: [ app_init ] --START--
INFO: Run Behavior\BuildLiteBehavior [ RunTime:0.000018s ]
INFO: [ app_init ] --END-- [ RunTime:0.000364s ]
INFO: [ app_begin ] --START--
INFO: Run Behavior\ReadHtmlCacheBehavior [ RunTime:0.000616s ]
INFO: Run Behavior\CheckLangBehavior [ RunTime:0.001274s ]
INFO: [ app_begin ] --END-- [ RunTime:0.001979s ]
SQL: SHOW COLUMNS FROM `web_conf` [ RunTime:0.0012s ]
NOTIC: [2] call_user_func() expects parameter 1 to be a valid callback, no array or string given /www/wwwroot/1107.tech/ThinkPHP/Library/Think/Upload.class.php 第 170 行.
NOTIC: [2] call_user_func() expects parameter 1 to be a valid callback, no array or string given /www/wwwroot/1107.tech/ThinkPHP/Library/Think/Upload.class.php 第 170 行.
NOTIC: [2] call_user_func() expects parameter 1 to be a valid callback, no array or string given /www/wwwroot/1107.tech/ThinkPHP/Library/Think/Upload.class.php 第 170 行.
SQL: SELECT * FROM `web_conf` LIMIT 1   [ RunTime:0.0003s ]
SQL: UPDATE `web_conf` SET `name`='国际站',`copyright`='2017 Hahameet',`record_number`='',`email`='hahameetteam@hotmail.com',`paypal`='2487937004@qq.com',`female_reg`='0',`gift_sort`='0',`paypal_commission`='12.5',`consume_commission`='12.5',`wall_number`='20',`indexbg3`='./Public/Upload/webconf/5a7af77558d59.png',`indexbg4`='./Public/Upload/webconf/5a7af7755b10c.png',`banner`='./Public/Upload/webconf/5a7af7755d50f.png',`updated`='1518008181' WHERE ( id=1 ) [ RunTime:0.0008s ]

[ 2018-02-07T20:56:25+08:00 ] 211.149.153.12 /index.php?m=Admin&c=WebConf&a=showlist
INFO: [ app_init ] --START--
INFO: Run Behavior\BuildLiteBehavior [ RunTime:0.000026s ]
INFO: [ app_init ] --END-- [ RunTime:0.000567s ]
INFO: [ app_begin ] --START--
INFO: Run Behavior\ReadHtmlCacheBehavior [ RunTime:0.000516s ]
INFO: Run Behavior\CheckLangBehavior [ RunTime:0.000914s ]
INFO: [ app_begin ] --END-- [ RunTime:0.001507s ]
SQL: SHOW COLUMNS FROM `web_conf` [ RunTime:0.0017s ]
SQL: SELECT * FROM `web_conf` LIMIT 1   [ RunTime:0.0009s ]
INFO: [ view_parse ] --START--
INFO: [ template_filter ] --START--
INFO: Run Behavior\ContentReplaceBehavior [ RunTime:0.000666s ]
INFO: [ template_filter ] --END-- [ RunTime:0.000746s ]
INFO: Run Behavior\ParseTemplateBehavior [ RunTime:0.053373s ]
INFO: [ view_parse ] --END-- [ RunTime:0.053460s ]
INFO: [ view_filter ] --START--
INFO: Run Behavior\WriteHtmlCacheBehavior [ RunTime:0.000252s ]
INFO: [ view_filter ] --END-- [ RunTime:0.000300s ]
INFO: [ app_end ] --START--
INFO: Run Behavior\ShowPageTraceBehavior [ RunTime:0.001043s ]
INFO: [ app_end ] --END-- [ RunTime:0.001107s ]

[ 2018-02-07T20:57:22+08:00 ] 211.149.153.12 /index.php?m=Admin&c=WebConf&a=add
INFO: [ app_init ] --START--
INFO: Run Behavior\BuildLiteBehavior [ RunTime:0.000015s ]
INFO: [ app_init ] --END-- [ RunTime:0.000414s ]
INFO: [ app_begin ] --START--
INFO: Run Behavior\ReadHtmlCacheBehavior [ RunTime:0.000460s ]
INFO: Run Behavior\CheckLangBehavior [ RunTime:0.001094s ]
INFO: [ app_begin ] --END-- [ RunTime:0.001623s ]
SQL: SHOW COLUMNS FROM `web_conf` [ RunTime:0.0008s ]
NOTIC: [2] call_user_func() expects parameter 1 to be a valid callback, no array or string given /www/wwwroot/1107.tech/ThinkPHP/Library/Think/Upload.class.php 第 170 行.
SQL: SELECT * FROM `web_conf` LIMIT 1   [ RunTime:0.0001s ]
SQL: UPDATE `web_conf` SET `name`='国际站',`copyright`='2017 Hahameet',`record_number`='',`email`='hahameetteam@hotmail.com',`paypal`='2487937004@qq.com',`female_reg`='0',`gift_sort`='0',`paypal_commission`='12.5',`consume_commission`='12.5',`wall_number`='20',`spacebanner`='./Public/Upload/webconf/5a7af7b2a0850.png',`updated`='1518008242' WHERE ( id=1 ) [ RunTime:0.0004s ]

[ 2018-02-07T20:57:24+08:00 ] 211.149.153.13 /index.php?m=Admin&c=WebConf&a=showlist
INFO: [ app_init ] --START--
INFO: Run Behavior\BuildLiteBehavior [ RunTime:0.000021s ]
INFO: [ app_init ] --END-- [ RunTime:0.000418s ]
INFO: [ app_begin ] --START--
INFO: Run Behavior\ReadHtmlCacheBehavior [ RunTime:0.000493s ]
INFO: Run Behavior\CheckLangBehavior [ RunTime:0.000904s ]
INFO: [ app_begin ] --END-- [ RunTime:0.001493s ]
SQL: SHOW COLUMNS FROM `web_conf` [ RunTime:0.0013s ]
SQL: SELECT * FROM `web_conf` LIMIT 1   [ RunTime:0.0003s ]
INFO: [ view_parse ] --START--
INFO: [ template_filter ] --START--
INFO: Run Behavior\ContentReplaceBehavior [ RunTime:0.000666s ]
INFO: [ template_filter ] --END-- [ RunTime:0.000778s ]
INFO: Run Behavior\ParseTemplateBehavior [ RunTime:0.055069s ]
INFO: [ view_parse ] --END-- [ RunTime:0.055171s ]
INFO: [ view_filter ] --START--
INFO: Run Behavior\WriteHtmlCacheBehavior [ RunTime:0.000434s ]
INFO: [ view_filter ] --END-- [ RunTime:0.000510s ]
INFO: [ app_end ] --START--
INFO: Run Behavior\ShowPageTraceBehavior [ RunTime:0.000757s ]
INFO: [ app_end ] --END-- [ RunTime:0.000849s ]

[ 2018-02-07T22:05:49+08:00 ] 211.149.153.12 /index.php?m=Admin&c=login&a=vcode
INFO: [ app_init ] --START--
INFO: Run Behavior\BuildLiteBehavior [ RunTime:0.000022s ]
INFO: [ app_init ] --END-- [ RunTime:0.000725s ]
INFO: [ app_begin ] --START--
INFO: Run Behavior\ReadHtmlCacheBehavior [ RunTime:0.000680s ]
INFO: Run Behavior\CheckLangBehavior [ RunTime:0.001382s ]
INFO: [ app_begin ] --END-- [ RunTime:0.002164s ]
INFO: [ app_end ] --START--
INFO: Run Behavior\ShowPageTraceBehavior [ RunTime:0.000591s ]
INFO: [ app_end ] --END-- [ RunTime:0.000675s ]

[ 2018-02-07T22:06:00+08:00 ] 211.149.153.14 /index.php?m=Admin
INFO: [ app_init ] --START--
INFO: Run Behavior\BuildLiteBehavior [ RunTime:0.000016s ]
INFO: [ app_init ] --END-- [ RunTime:0.000459s ]
INFO: [ app_begin ] --START--
INFO: Run Behavior\ReadHtmlCacheBehavior [ RunTime:0.000511s ]
INFO: Run Behavior\CheckLangBehavior [ RunTime:0.000936s ]
INFO: [ app_begin ] --END-- [ RunTime:0.001535s ]
INFO: [ view_parse ] --START--
INFO: [ template_filter ] --START--
INFO: Run Behavior\ContentReplaceBehavior [ RunTime:0.000033s ]
INFO: [ template_filter ] --END-- [ RunTime:0.000075s ]
INFO: Run Behavior\ParseTemplateBehavior [ RunTime:0.006195s ]
INFO: [ view_parse ] --END-- [ RunTime:0.006257s ]
INFO: [ view_filter ] --START--
INFO: Run Behavior\WriteHtmlCacheBehavior [ RunTime:0.000241s ]
INFO: [ view_filter ] --END-- [ RunTime:0.000301s ]

[ 2018-02-07T22:06:01+08:00 ] 211.149.153.14 /index.php?m=Admin&c=Login&a=login
INFO: [ app_init ] --START--
INFO: Run Behavior\BuildLiteBehavior [ RunTime:0.000018s ]
INFO: [ app_init ] --END-- [ RunTime:0.000364s ]
INFO: [ app_begin ] --START--
INFO: Run Behavior\ReadHtmlCacheBehavior [ RunTime:0.000422s ]
INFO: Run Behavior\CheckLangBehavior [ RunTime:0.000880s ]
INFO: [ app_begin ] --END-- [ RunTime:0.001376s ]
INFO: [ view_parse ] --START--
INFO: [ template_filter ] --START--
INFO: Run Behavior\ContentReplaceBehavior [ RunTime:0.000607s ]
INFO: [ template_filter ] --END-- [ RunTime:0.000689s ]
INFO: Run Behavior\ParseTemplateBehavior [ RunTime:0.048283s ]
INFO: [ view_parse ] --END-- [ RunTime:0.048352s ]
INFO: [ view_filter ] --START--
INFO: Run Behavior\WriteHtmlCacheBehavior [ RunTime:0.000263s ]
INFO: [ view_filter ] --END-- [ RunTime:0.000302s ]
INFO: [ app_end ] --START--
INFO: Run Behavior\ShowPageTraceBehavior [ RunTime:0.000777s ]
INFO: [ app_end ] --END-- [ RunTime:0.000885s ]

[ 2018-02-07T22:06:01+08:00 ] 211.149.153.12 /index.php?m=Admin&c=login&a=vcode
INFO: [ app_init ] --START--
INFO: Run Behavior\BuildLiteBehavior [ RunTime:0.000015s ]
INFO: [ app_init ] --END-- [ RunTime:0.000356s ]
INFO: [ app_begin ] --START--
INFO: Run Behavior\ReadHtmlCacheBehavior [ RunTime:0.000444s ]
INFO: Run Behavior\CheckLangBehavior [ RunTime:0.000853s ]
INFO: [ app_begin ] --END-- [ RunTime:0.001368s ]
INFO: [ app_end ] --START--
INFO: Run Behavior\ShowPageTraceBehavior [ RunTime:0.000522s ]
INFO: [ app_end ] --END-- [ RunTime:0.000576s ]

[ 2018-02-07T22:06:10+08:00 ] 211.149.153.14 /index.php?m=Admin&c=Login&a=check&name=admin&pwd=21232f297a57a5a743894a0e4a801fc3&vcode=0534
INFO: [ app_init ] --START--
INFO: Run Behavior\BuildLiteBehavior [ RunTime:0.000016s ]
INFO: [ app_init ] --END-- [ RunTime:0.000381s ]
INFO: [ app_begin ] --START--
INFO: Run Behavior\ReadHtmlCacheBehavior [ RunTime:0.000583s ]
INFO: Run Behavior\CheckLangBehavior [ RunTime:0.001012s ]
INFO: [ app_begin ] --END-- [ RunTime:0.001701s ]
SQL: SHOW COLUMNS FROM `admin` [ RunTime:0.0008s ]
SQL: SELECT * FROM `admin` WHERE `username` = 'admin' LIMIT 1   [ RunTime:0.0003s ]
SQL: UPDATE `admin` SET `lasttime`='1518012370',`last_ip`='211.149.153.14' WHERE ( id=27 ) [ RunTime:0.0003s ]

[ 2018-02-07T22:06:10+08:00 ] 211.149.153.13 /index.php?m=Admin&c=Admin&a=admin
INFO: [ app_init ] --START--
INFO: Run Behavior\BuildLiteBehavior [ RunTime:0.000017s ]
INFO: [ app_init ] --END-- [ RunTime:0.000352s ]
INFO: [ app_begin ] --START--
INFO: Run Behavior\ReadHtmlCacheBehavior [ RunTime:0.000455s ]
INFO: Run Behavior\CheckLangBehavior [ RunTime:0.000857s ]
INFO: [ app_begin ] --END-- [ RunTime:0.001385s ]
INFO: [ view_parse ] --START--
INFO: [ template_filter ] --START--
INFO: Run Behavior\ContentReplaceBehavior [ RunTime:0.000069s ]
INFO: [ template_filter ] --END-- [ RunTime:0.000141s ]
INFO: Run Behavior\ParseTemplateBehavior [ RunTime:0.005894s ]
INFO: [ view_parse ] --END-- [ RunTime:0.005946s ]
INFO: [ view_filter ] --START--
INFO: Run Behavior\WriteHtmlCacheBehavior [ RunTime:0.000275s ]
INFO: [ view_filter ] --END-- [ RunTime:0.000323s ]
INFO: [ app_end ] --START--
INFO: Run Behavior\ShowPageTraceBehavior [ RunTime:0.000673s ]
INFO: [ app_end ] --END-- [ RunTime:0.000748s ]

[ 2018-02-07T22:06:11+08:00 ] 211.149.153.12 /index.php?m=Admin&c=admin&a=menu
INFO: [ app_init ] --START--
INFO: Run Behavior\BuildLiteBehavior [ RunTime:0.000028s ]
INFO: [ app_init ] --END-- [ RunTime:0.000639s ]
INFO: [ app_begin ] --START--
INFO: Run Behavior\ReadHtmlCacheBehavior [ RunTime:0.000818s ]
INFO: Run Behavior\CheckLangBehavior [ RunTime:0.001524s ]
INFO: [ app_begin ] --END-- [ RunTime:0.002468s ]
INFO: [ view_parse ] --START--
INFO: [ template_filter ] --START--
INFO: Run Behavior\ContentReplaceBehavior [ RunTime:0.000801s ]
INFO: [ template_filter ] --END-- [ RunTime:0.000936s ]
INFO: Run Behavior\ParseTemplateBehavior [ RunTime:0.070827s ]
INFO: [ view_parse ] --END-- [ RunTime:0.071443s ]
INFO: [ view_filter ] --START--
INFO: Run Behavior\WriteHtmlCacheBehavior [ RunTime:0.001028s ]
INFO: [ view_filter ] --END-- [ RunTime:0.001104s ]
INFO: [ app_end ] --START--
INFO: Run Behavior\ShowPageTraceBehavior [ RunTime:0.001174s ]
INFO: [ app_end ] --END-- [ RunTime:0.001273s ]

[ 2018-02-07T22:06:11+08:00 ] 211.149.153.12 /index.php?m=Admin&c=admin&a=header
INFO: [ app_init ] --START--
INFO: Run Behavior\BuildLiteBehavior [ RunTime:0.000021s ]
INFO: [ app_init ] --END-- [ RunTime:0.000579s ]
INFO: [ app_begin ] --START--
INFO: Run Behavior\ReadHtmlCacheBehavior [ RunTime:0.000774s ]
INFO: Run Behavior\CheckLangBehavior [ RunTime:0.001545s ]
INFO: [ app_begin ] --END-- [ RunTime:0.002472s ]
INFO: [ view_parse ] --START--
INFO: [ template_filter ] --START--
INFO: Run Behavior\ContentReplaceBehavior [ RunTime:0.000104s ]
INFO: [ template_filter ] --END-- [ RunTime:0.000227s ]
INFO: Run Behavior\ParseTemplateBehavior [ RunTime:0.014574s ]
INFO: [ view_parse ] --END-- [ RunTime:0.014818s ]
INFO: [ view_filter ] --START--
INFO: Run Behavior\WriteHtmlCacheBehavior [ RunTime:0.000351s ]
INFO: [ view_filter ] --END-- [ RunTime:0.000412s ]
INFO: [ app_end ] --START--
INFO: Run Behavior\ShowPageTraceBehavior [ RunTime:0.000789s ]
INFO: [ app_end ] --END-- [ RunTime:0.000853s ]

[ 2018-02-07T22:06:11+08:00 ] 211.149.153.13 /index.php?m=Admin&c=admin&a=main
INFO: [ app_init ] --START--
INFO: Run Behavior\BuildLiteBehavior [ RunTime:0.000026s ]
INFO: [ app_init ] --END-- [ RunTime:0.000639s ]
INFO: [ app_begin ] --START--
INFO: Run Behavior\ReadHtmlCacheBehavior [ RunTime:0.000871s ]
INFO: Run Behavior\CheckLangBehavior [ RunTime:0.001788s ]
INFO: [ app_begin ] --END-- [ RunTime:0.002792s ]
INFO: [ view_parse ] --START--
INFO: [ template_filter ] --START--
INFO: Run Behavior\ContentReplaceBehavior [ RunTime:0.000083s ]
INFO: [ template_filter ] --END-- [ RunTime:0.000280s ]
INFO: Run Behavior\ParseTemplateBehavior [ RunTime:0.012615s ]
INFO: [ view_parse ] --END-- [ RunTime:0.012706s ]
INFO: [ view_filter ] --START--
INFO: Run Behavior\WriteHtmlCacheBehavior [ RunTime:0.000401s ]
INFO: [ view_filter ] --END-- [ RunTime:0.000532s ]
INFO: [ app_end ] --START--
INFO: Run Behavior\ShowPageTraceBehavior [ RunTime:0.000857s ]
INFO: [ app_end ] --END-- [ RunTime:0.000929s ]

[ 2018-02-07T22:06:15+08:00 ] 211.149.153.13 /index.php?m=Admin&c=AdminUser&a=showlist
INFO: [ app_init ] --START--
INFO: Run Behavior\BuildLiteBehavior [ RunTime:0.000016s ]
INFO: [ app_init ] --END-- [ RunTime:0.000362s ]
INFO: [ app_begin ] --START--
INFO: Run Behavior\ReadHtmlCacheBehavior [ RunTime:0.000486s ]
INFO: Run Behavior\CheckLangBehavior [ RunTime:0.001085s ]
INFO: [ app_begin ] --END-- [ RunTime:0.001688s ]
SQL: SHOW COLUMNS FROM `admin` [ RunTime:0.0009s ]
SQL: SELECT COUNT(*) AS tp_count FROM `admin` LIMIT 1   [ RunTime:0.0002s ]
SQL: SELECT * FROM `admin` ORDER BY id asc LIMIT 0,20   [ RunTime:0.0002s ]
INFO: [ view_parse ] --START--
INFO: [ template_filter ] --START--
INFO: Run Behavior\ContentReplaceBehavior [ RunTime:0.002591s ]
INFO: [ template_filter ] --END-- [ RunTime:0.002689s ]
NOTIC: [8] Undefined variable: topAdd /www/wwwroot/1107.tech/App/Runtime/Cache/Admin/61fa5421e626fb04fb72327e9739fb4f.php 第 34 行.
NOTIC: [8] Array to string conversion /www/wwwroot/1107.tech/App/Runtime/Cache/Admin/61fa5421e626fb04fb72327e9739fb4f.php 第 126 行.
NOTIC: [8] Undefined index: name /www/wwwroot/1107.tech/App/Runtime/Cache/Admin/61fa5421e626fb04fb72327e9739fb4f.php 第 135 行.
INFO: Run Behavior\ParseTemplateBehavior [ RunTime:0.231848s ]
INFO: [ view_parse ] --END-- [ RunTime:0.231915s ]
INFO: [ view_filter ] --START--
INFO: Run Behavior\WriteHtmlCacheBehavior [ RunTime:0.000237s ]
INFO: [ view_filter ] --END-- [ RunTime:0.000282s ]
INFO: [ app_end ] --START--
INFO: Run Behavior\ShowPageTraceBehavior [ RunTime:0.001199s ]
INFO: [ app_end ] --END-- [ RunTime:0.001432s ]

[ 2018-02-07T22:06:26+08:00 ] 211.149.153.12 /index.php?m=Admin&c=User&a=showlist
INFO: [ app_init ] --START--
INFO: Run Behavior\BuildLiteBehavior [ RunTime:0.000019s ]
INFO: [ app_init ] --END-- [ RunTime:0.000360s ]
INFO: [ app_begin ] --START--
INFO: Run Behavior\ReadHtmlCacheBehavior [ RunTime:0.000437s ]
INFO: Run Behavior\CheckLangBehavior [ RunTime:0.000955s ]
INFO: [ app_begin ] --END-- [ RunTime:0.001465s ]
SQL: SHOW COLUMNS FROM `user` [ RunTime:0.0023s ]
SQL: SELECT COUNT(*) AS tp_count FROM `user` LIMIT 1   [ RunTime:0.0003s ]
SQL: SELECT * FROM `user` ORDER BY id desc LIMIT 0,20   [ RunTime:0.0010s ]
SQL: SHOW COLUMNS FROM `member` [ RunTime:0.0009s ]
SQL: SELECT `id`,`name`,`key` FROM `member`  [ RunTime:0.0001s ]
INFO: [ view_parse ] --START--
INFO: [ template_filter ] --START--
INFO: Run Behavior\ContentReplaceBehavior [ RunTime:0.005031s ]
INFO: [ template_filter ] --END-- [ RunTime:0.005209s ]
NOTIC: [8] Use of undefined constant male - assumed 'male' /www/wwwroot/1107.tech/App/Runtime/Cache/Admin/1ebb7eba461ed748a0b4501c039f98ca.php 第 168 行.
NOTIC: [8] Use of undefined constant female - assumed 'female' /www/wwwroot/1107.tech/App/Runtime/Cache/Admin/1ebb7eba461ed748a0b4501c039f98ca.php 第 169 行.
NOTIC: [8] Undefined index: salary /www/wwwroot/1107.tech/App/Runtime/Cache/Admin/1ebb7eba461ed748a0b4501c039f98ca.php 第 174 行.
NOTIC: [8] Use of undefined constant male - assumed 'male' /www/wwwroot/1107.tech/App/Runtime/Cache/Admin/1ebb7eba461ed748a0b4501c039f98ca.php 第 168 行.
NOTIC: [8] Use of undefined constant female - assumed 'female' /www/wwwroot/1107.tech/App/Runtime/Cache/Admin/1ebb7eba461ed748a0b4501c039f98ca.php 第 169 行.
NOTIC: [8] Undefined index: salary /www/wwwroot/1107.tech/App/Runtime/Cache/Admin/1ebb7eba461ed748a0b4501c039f98ca.php 第 174 行.
NOTIC: [8] Use of undefined constant male - assumed 'male' /www/wwwroot/1107.tech/App/Runtime/Cache/Admin/1ebb7eba461ed748a0b4501c039f98ca.php 第 168 行.
NOTIC: [8] Use of undefined constant female - assumed 'female' /www/wwwroot/1107.tech/App/Runtime/Cache/Admin/1ebb7eba461ed748a0b4501c039f98ca.php 第 169 行.
NOTIC: [8] Undefined index: salary /www/wwwroot/1107.tech/App/Runtime/Cache/Admin/1ebb7eba461ed748a0b4501c039f98ca.php 第 174 行.
NOTIC: [8] Use of undefined constant male - assumed 'male' /www/wwwroot/1107.tech/App/Runtime/Cache/Admin/1ebb7eba461ed748a0b4501c039f98ca.php 第 168 行.
NOTIC: [8] Use of undefined constant female - assumed 'female' /www/wwwroot/1107.tech/App/Runtime/Cache/Admin/1ebb7eba461ed748a0b4501c039f98ca.php 第 169 行.
NOTIC: [8] Undefined index: salary /www/wwwroot/1107.tech/App/Runtime/Cache/Admin/1ebb7eba461ed748a0b4501c039f98ca.php 第 174 行.
NOTIC: [8] Use of undefined constant male - assumed 'male' /www/wwwroot/1107.tech/App/Runtime/Cache/Admin/1ebb7eba461ed748a0b4501c039f98ca.php 第 168 行.
NOTIC: [8] Use of undefined constant female - assumed 'female' /www/wwwroot/1107.tech/App/Runtime/Cache/Admin/1ebb7eba461ed748a0b4501c039f98ca.php 第 169 行.
NOTIC: [8] Undefined index: salary /www/wwwroot/1107.tech/App/Runtime/Cache/Admin/1ebb7eba461ed748a0b4501c039f98ca.php 第 174 行.
NOTIC: [8] Use of undefined constant male - assumed 'male' /www/wwwroot/1107.tech/App/Runtime/Cache/Admin/1ebb7eba461ed748a0b4501c039f98ca.php 第 168 行.
NOTIC: [8] Use of undefined constant female - assumed 'female' /www/wwwroot/1107.tech/App/Runtime/Cache/Admin/1ebb7eba461ed748a0b4501c039f98ca.php 第 169 行.
NOTIC: [8] Undefined index: salary /www/wwwroot/1107.tech/App/Runtime/Cache/Admin/1ebb7eba461ed748a0b4501c039f98ca.php 第 174 行.
NOTIC: [8] Use of undefined constant male - assumed 'male' /www/wwwroot/1107.tech/App/Runtime/Cache/Admin/1ebb7eba461ed748a0b4501c039f98ca.php 第 168 行.
NOTIC: [8] Use of undefined constant female - assumed 'female' /www/wwwroot/1107.tech/App/Runtime/Cache/Admin/1ebb7eba461ed748a0b4501c039f98ca.php 第 169 行.
NOTIC: [8] Undefined index: salary /www/wwwroot/1107.tech/App/Runtime/Cache/Admin/1ebb7eba461ed748a0b4501c039f98ca.php 第 174 行.
NOTIC: [8] Use of undefined constant male - assumed 'male' /www/wwwroot/1107.tech/App/Runtime/Cache/Admin/1ebb7eba461ed748a0b4501c039f98ca.php 第 168 行.
NOTIC: [8] Use of undefined constant female - assumed 'female' /www/wwwroot/1107.tech/App/Runtime/Cache/Admin/1ebb7eba461ed748a0b4501c039f98ca.php 第 169 行.
NOTIC: [8] Undefined index: salary /www/wwwroot/1107.tech/App/Runtime/Cache/Admin/1ebb7eba461ed748a0b4501c039f98ca.php 第 174 行.
NOTIC: [8] Use of undefined constant male - assumed 'male' /www/wwwroot/1107.tech/App/Runtime/Cache/Admin/1ebb7eba461ed748a0b4501c039f98ca.php 第 168 行.
NOTIC: [8] Use of undefined constant female - assumed 'female' /www/wwwroot/1107.tech/App/Runtime/Cache/Admin/1ebb7eba461ed748a0b4501c039f98ca.php 第 169 行.
NOTIC: [8] Undefined index: salary /www/wwwroot/1107.tech/App/Runtime/Cache/Admin/1ebb7eba461ed748a0b4501c039f98ca.php 第 174 行.
NOTIC: [8] Use of undefined constant male - assumed 'male' /www/wwwroot/1107.tech/App/Runtime/Cache/Admin/1ebb7eba461ed748a0b4501c039f98ca.php 第 168 行.
NOTIC: [8] Use of undefined constant female - assumed 'female' /www/wwwroot/1107.tech/App/Runtime/Cache/Admin/1ebb7eba461ed748a0b4501c039f98ca.php 第 169 行.
NOTIC: [8] Undefined index: salary /www/wwwroot/1107.tech/App/Runtime/Cache/Admin/1ebb7eba461ed748a0b4501c039f98ca.php 第 174 行.
NOTIC: [8] Use of undefined constant male - assumed 'male' /www/wwwroot/1107.tech/App/Runtime/Cache/Admin/1ebb7eba461ed748a0b4501c039f98ca.php 第 168 行.
NOTIC: [8] Use of undefined constant female - assumed 'female' /www/wwwroot/1107.tech/App/Runtime/Cache/Admin/1ebb7eba461ed748a0b4501c039f98ca.php 第 169 行.
NOTIC: [8] Undefined index: salary /www/wwwroot/1107.tech/App/Runtime/Cache/Admin/1ebb7eba461ed748a0b4501c039f98ca.php 第 174 行.
NOTIC: [8] Use of undefined constant male - assumed 'male' /www/wwwroot/1107.tech/App/Runtime/Cache/Admin/1ebb7eba461ed748a0b4501c039f98ca.php 第 168 行.
NOTIC: [8] Use of undefined constant female - assumed 'female' /www/wwwroot/1107.tech/App/Runtime/Cache/Admin/1ebb7eba461ed748a0b4501c039f98ca.php 第 169 行.
NOTIC: [8] Undefined index: salary /www/wwwroot/1107.tech/App/Runtime/Cache/Admin/1ebb7eba461ed748a0b4501c039f98ca.php 第 174 行.
NOTIC: [8] Use of undefined constant male - assumed 'male' /www/wwwroot/1107.tech/App/Runtime/Cache/Admin/1ebb7eba461ed748a0b4501c039f98ca.php 第 168 行.
NOTIC: [8] Use of undefined constant female - assumed 'female' /www/wwwroot/1107.tech/App/Runtime/Cache/Admin/1ebb7eba461ed748a0b4501c039f98ca.php 第 169 行.
NOTIC: [8] Undefined index: salary /www/wwwroot/1107.tech/App/Runtime/Cache/Admin/1ebb7eba461ed748a0b4501c039f98ca.php 第 174 行.
NOTIC: [8] Use of undefined constant male - assumed 'male' /www/wwwroot/1107.tech/App/Runtime/Cache/Admin/1ebb7eba461ed748a0b4501c039f98ca.php 第 168 行.
NOTIC: [8] Use of undefined constant female - assumed 'female' /www/wwwroot/1107.tech/App/Runtime/Cache/Admin/1ebb7eba461ed748a0b4501c039f98ca.php 第 169 行.
NOTIC: [8] Undefined index: salary /www/wwwroot/1107.tech/App/Runtime/Cache/Admin/1ebb7eba461ed748a0b4501c039f98ca.php 第 174 行.
NOTIC: [8] Use of undefined constant male - assumed 'male' /www/wwwroot/1107.tech/App/Runtime/Cache/Admin/1ebb7eba461ed748a0b4501c039f98ca.php 第 168 行.
NOTIC: [8] Use of undefined constant female - assumed 'female' /www/wwwroot/1107.tech/App/Runtime/Cache/Admin/1ebb7eba461ed748a0b4501c039f98ca.php 第 169 行.
NOTIC: [8] Undefined index: salary /www/wwwroot/1107.tech/App/Runtime/Cache/Admin/1ebb7eba461ed748a0b4501c039f98ca.php 第 174 行.
NOTIC: [8] Use of undefined constant male - assumed 'male' /www/wwwroot/1107.tech/App/Runtime/Cache/Admin/1ebb7eba461ed748a0b4501c039f98ca.php 第 168 行.
NOTIC: [8] Use of undefined constant female - assumed 'female' /www/wwwroot/1107.tech/App/Runtime/Cache/Admin/1ebb7eba461ed748a0b4501c039f98ca.php 第 169 行.
NOTIC: [8] Undefined index: salary /www/wwwroot/1107.tech/App/Runtime/Cache/Admin/1ebb7eba461ed748a0b4501c039f98ca.php 第 174 行.
NOTIC: [8] Use of undefined constant male - assumed 'male' /www/wwwroot/1107.tech/App/Runtime/Cache/Admin/1ebb7eba461ed748a0b4501c039f98ca.php 第 168 行.
NOTIC: [8] Use of undefined constant female - assumed 'female' /www/wwwroot/1107.tech/App/Runtime/Cache/Admin/1ebb7eba461ed748a0b4501c039f98ca.php 第 169 行.
NOTIC: [8] Undefined index: salary /www/wwwroot/1107.tech/App/Runtime/Cache/Admin/1ebb7eba461ed748a0b4501c039f98ca.php 第 174 行.
NOTIC: [8] Use of undefined constant male - assumed 'male' /www/wwwroot/1107.tech/App/Runtime/Cache/Admin/1ebb7eba461ed748a0b4501c039f98ca.php 第 168 行.
NOTIC: [8] Use of undefined constant female - assumed 'female' /www/wwwroot/1107.tech/App/Runtime/Cache/Admin/1ebb7eba461ed748a0b4501c039f98ca.php 第 169 行.
NOTIC: [8] Undefined index: salary /www/wwwroot/1107.tech/App/Runtime/Cache/Admin/1ebb7eba461ed748a0b4501c039f98ca.php 第 174 行.
NOTIC: [8] Use of undefined constant male - assumed 'male' /www/wwwroot/1107.tech/App/Runtime/Cache/Admin/1ebb7eba461ed748a0b4501c039f98ca.php 第 168 行.
NOTIC: [8] Use of undefined constant female - assumed 'female' /www/wwwroot/1107.tech/App/Runtime/Cache/Admin/1ebb7eba461ed748a0b4501c039f98ca.php 第 169 行.
NOTIC: [8] Undefined index: salary /www/wwwroot/1107.tech/App/Runtime/Cache/Admin/1ebb7eba461ed748a0b4501c039f98ca.php 第 174 行.
NOTIC: [8] Use of undefined constant male - assumed 'male' /www/wwwroot/1107.tech/App/Runtime/Cache/Admin/1ebb7eba461ed748a0b4501c039f98ca.php 第 168 行.
NOTIC: [8] Use of undefined constant female - assumed 'female' /www/wwwroot/1107.tech/App/Runtime/Cache/Admin/1ebb7eba461ed748a0b4501c039f98ca.php 第 169 行.
NOTIC: [8] Undefined index: salary /www/wwwroot/1107.tech/App/Runtime/Cache/Admin/1ebb7eba461ed748a0b4501c039f98ca.php 第 174 行.
INFO: Run Behavior\ParseTemplateBehavior [ RunTime:0.268572s ]
INFO: [ view_parse ] --END-- [ RunTime:0.268674s ]
INFO: [ view_filter ] --START--
INFO: Run Behavior\WriteHtmlCacheBehavior [ RunTime:0.000496s ]
INFO: [ view_filter ] --END-- [ RunTime:0.000594s ]
INFO: [ app_end ] --START--
INFO: Run Behavior\ShowPageTraceBehavior [ RunTime:0.001148s ]
INFO: [ app_end ] --END-- [ RunTime:0.001294s ]

[ 2018-02-07T22:06:34+08:00 ] 211.149.153.14 /index.php?m=Admin&c=User&a=changeGold&id=1561&gold=80000
INFO: [ app_init ] --START--
INFO: Run Behavior\BuildLiteBehavior [ RunTime:0.000018s ]
INFO: [ app_init ] --END-- [ RunTime:0.000388s ]
INFO: [ app_begin ] --START--
INFO: Run Behavior\ReadHtmlCacheBehavior [ RunTime:0.000569s ]
INFO: Run Behavior\CheckLangBehavior [ RunTime:0.001119s ]
INFO: [ app_begin ] --END-- [ RunTime:0.001774s ]
SQL: SHOW COLUMNS FROM `user` [ RunTime:0.0024s ]
SQL: UPDATE `user` SET `gold`='80000',`updated`='1518012394' WHERE ( id=1561 ) [ RunTime:0.0006s ]

[ 2018-02-07T22:06:36+08:00 ] 211.149.153.12 /index.php?m=Admin&c=User&a=showlist
INFO: [ app_init ] --START--
INFO: Run Behavior\BuildLiteBehavior [ RunTime:0.000023s ]
INFO: [ app_init ] --END-- [ RunTime:0.000584s ]
INFO: [ app_begin ] --START--
INFO: Run Behavior\ReadHtmlCacheBehavior [ RunTime:0.000731s ]
INFO: Run Behavior\CheckLangBehavior [ RunTime:0.001489s ]
INFO: [ app_begin ] --END-- [ RunTime:0.002329s ]
SQL: SHOW COLUMNS FROM `user` [ RunTime:0.0022s ]
SQL: SELECT COUNT(*) AS tp_count FROM `user` LIMIT 1   [ RunTime:0.0003s ]
SQL: SELECT * FROM `user` ORDER BY id desc LIMIT 0,20   [ RunTime:0.0013s ]
SQL: SHOW COLUMNS FROM `member` [ RunTime:0.0017s ]
SQL: SELECT `id`,`name`,`key` FROM `member`  [ RunTime:0.0001s ]
INFO: [ view_parse ] --START--
INFO: [ template_filter ] --START--
INFO: Run Behavior\ContentReplaceBehavior [ RunTime:0.003282s ]
INFO: [ template_filter ] --END-- [ RunTime:0.003529s ]
NOTIC: [8] Use of undefined constant male - assumed 'male' /www/wwwroot/1107.tech/App/Runtime/Cache/Admin/1ebb7eba461ed748a0b4501c039f98ca.php 第 168 行.
NOTIC: [8] Use of undefined constant female - assumed 'female' /www/wwwroot/1107.tech/App/Runtime/Cache/Admin/1ebb7eba461ed748a0b4501c039f98ca.php 第 169 行.
NOTIC: [8] Undefined index: salary /www/wwwroot/1107.tech/App/Runtime/Cache/Admin/1ebb7eba461ed748a0b4501c039f98ca.php 第 174 行.
NOTIC: [8] Use of undefined constant male - assumed 'male' /www/wwwroot/1107.tech/App/Runtime/Cache/Admin/1ebb7eba461ed748a0b4501c039f98ca.php 第 168 行.
NOTIC: [8] Use of undefined constant female - assumed 'female' /www/wwwroot/1107.tech/App/Runtime/Cache/Admin/1ebb7eba461ed748a0b4501c039f98ca.php 第 169 行.
NOTIC: [8] Undefined index: salary /www/wwwroot/1107.tech/App/Runtime/Cache/Admin/1ebb7eba461ed748a0b4501c039f98ca.php 第 174 行.
NOTIC: [8] Use of undefined constant male - assumed 'male' /www/wwwroot/1107.tech/App/Runtime/Cache/Admin/1ebb7eba461ed748a0b4501c039f98ca.php 第 168 行.
NOTIC: [8] Use of undefined constant female - assumed 'female' /www/wwwroot/1107.tech/App/Runtime/Cache/Admin/1ebb7eba461ed748a0b4501c039f98ca.php 第 169 行.
NOTIC: [8] Undefined index: salary /www/wwwroot/1107.tech/App/Runtime/Cache/Admin/1ebb7eba461ed748a0b4501c039f98ca.php 第 174 行.
NOTIC: [8] Use of undefined constant male - assumed 'male' /www/wwwroot/1107.tech/App/Runtime/Cache/Admin/1ebb7eba461ed748a0b4501c039f98ca.php 第 168 行.
NOTIC: [8] Use of undefined constant female - assumed 'female' /www/wwwroot/1107.tech/App/Runtime/Cache/Admin/1ebb7eba461ed748a0b4501c039f98ca.php 第 169 行.
NOTIC: [8] Undefined index: salary /www/wwwroot/1107.tech/App/Runtime/Cache/Admin/1ebb7eba461ed748a0b4501c039f98ca.php 第 174 行.
NOTIC: [8] Use of undefined constant male - assumed 'male' /www/wwwroot/1107.tech/App/Runtime/Cache/Admin/1ebb7eba461ed748a0b4501c039f98ca.php 第 168 行.
NOTIC: [8] Use of undefined constant female - assumed 'female' /www/wwwroot/1107.tech/App/Runtime/Cache/Admin/1ebb7eba461ed748a0b4501c039f98ca.php 第 169 行.
NOTIC: [8] Undefined index: salary /www/wwwroot/1107.tech/App/Runtime/Cache/Admin/1ebb7eba461ed748a0b4501c039f98ca.php 第 174 行.
NOTIC: [8] Use of undefined constant male - assumed 'male' /www/wwwroot/1107.tech/App/Runtime/Cache/Admin/1ebb7eba461ed748a0b4501c039f98ca.php 第 168 行.
NOTIC: [8] Use of undefined constant female - assumed 'female' /www/wwwroot/1107.tech/App/Runtime/Cache/Admin/1ebb7eba461ed748a0b4501c039f98ca.php 第 169 行.
NOTIC: [8] Undefined index: salary /www/wwwroot/1107.tech/App/Runtime/Cache/Admin/1ebb7eba461ed748a0b4501c039f98ca.php 第 174 行.
NOTIC: [8] Use of undefined constant male - assumed 'male' /www/wwwroot/1107.tech/App/Runtime/Cache/Admin/1ebb7eba461ed748a0b4501c039f98ca.php 第 168 行.
NOTIC: [8] Use of undefined constant female - assumed 'female' /www/wwwroot/1107.tech/App/Runtime/Cache/Admin/1ebb7eba461ed748a0b4501c039f98ca.php 第 169 行.
NOTIC: [8] Undefined index: salary /www/wwwroot/1107.tech/App/Runtime/Cache/Admin/1ebb7eba461ed748a0b4501c039f98ca.php 第 174 行.
NOTIC: [8] Use of undefined constant male - assumed 'male' /www/wwwroot/1107.tech/App/Runtime/Cache/Admin/1ebb7eba461ed748a0b4501c039f98ca.php 第 168 行.
NOTIC: [8] Use of undefined constant female - assumed 'female' /www/wwwroot/1107.tech/App/Runtime/Cache/Admin/1ebb7eba461ed748a0b4501c039f98ca.php 第 169 行.
NOTIC: [8] Undefined index: salary /www/wwwroot/1107.tech/App/Runtime/Cache/Admin/1ebb7eba461ed748a0b4501c039f98ca.php 第 174 行.
NOTIC: [8] Use of undefined constant male - assumed 'male' /www/wwwroot/1107.tech/App/Runtime/Cache/Admin/1ebb7eba461ed748a0b4501c039f98ca.php 第 168 行.
NOTIC: [8] Use of undefined constant female - assumed 'female' /www/wwwroot/1107.tech/App/Runtime/Cache/Admin/1ebb7eba461ed748a0b4501c039f98ca.php 第 169 行.
NOTIC: [8] Undefined index: salary /www/wwwroot/1107.tech/App/Runtime/Cache/Admin/1ebb7eba461ed748a0b4501c039f98ca.php 第 174 行.
NOTIC: [8] Use of undefined constant male - assumed 'male' /www/wwwroot/1107.tech/App/Runtime/Cache/Admin/1ebb7eba461ed748a0b4501c039f98ca.php 第 168 行.
NOTIC: [8] Use of undefined constant female - assumed 'female' /www/wwwroot/1107.tech/App/Runtime/Cache/Admin/1ebb7eba461ed748a0b4501c039f98ca.php 第 169 行.
NOTIC: [8] Undefined index: salary /www/wwwroot/1107.tech/App/Runtime/Cache/Admin/1ebb7eba461ed748a0b4501c039f98ca.php 第 174 行.
NOTIC: [8] Use of undefined constant male - assumed 'male' /www/wwwroot/1107.tech/App/Runtime/Cache/Admin/1ebb7eba461ed748a0b4501c039f98ca.php 第 168 行.
NOTIC: [8] Use of undefined constant female - assumed 'female' /www/wwwroot/1107.tech/App/Runtime/Cache/Admin/1ebb7eba461ed748a0b4501c039f98ca.php 第 169 行.
NOTIC: [8] Undefined index: salary /www/wwwroot/1107.tech/App/Runtime/Cache/Admin/1ebb7eba461ed748a0b4501c039f98ca.php 第 174 行.
NOTIC: [8] Use of undefined constant male - assumed 'male' /www/wwwroot/1107.tech/App/Runtime/Cache/Admin/1ebb7eba461ed748a0b4501c039f98ca.php 第 168 行.
NOTIC: [8] Use of undefined constant female - assumed 'female' /www/wwwroot/1107.tech/App/Runtime/Cache/Admin/1ebb7eba461ed748a0b4501c039f98ca.php 第 169 行.
NOTIC: [8] Undefined index: salary /www/wwwroot/1107.tech/App/Runtime/Cache/Admin/1ebb7eba461ed748a0b4501c039f98ca.php 第 174 行.
NOTIC: [8] Use of undefined constant male - assumed 'male' /www/wwwroot/1107.tech/App/Runtime/Cache/Admin/1ebb7eba461ed748a0b4501c039f98ca.php 第 168 行.
NOTIC: [8] Use of undefined constant female - assumed 'female' /www/wwwroot/1107.tech/App/Runtime/Cache/Admin/1ebb7eba461ed748a0b4501c039f98ca.php 第 169 行.
NOTIC: [8] Undefined index: salary /www/wwwroot/1107.tech/App/Runtime/Cache/Admin/1ebb7eba461ed748a0b4501c039f98ca.php 第 174 行.
NOTIC: [8] Use of undefined constant male - assumed 'male' /www/wwwroot/1107.tech/App/Runtime/Cache/Admin/1ebb7eba461ed748a0b4501c039f98ca.php 第 168 行.
NOTIC: [8] Use of undefined constant female - assumed 'female' /www/wwwroot/1107.tech/App/Runtime/Cache/Admin/1ebb7eba461ed748a0b4501c039f98ca.php 第 169 行.
NOTIC: [8] Undefined index: salary /www/wwwroot/1107.tech/App/Runtime/Cache/Admin/1ebb7eba461ed748a0b4501c039f98ca.php 第 174 行.
NOTIC: [8] Use of undefined constant male - assumed 'male' /www/wwwroot/1107.tech/App/Runtime/Cache/Admin/1ebb7eba461ed748a0b4501c039f98ca.php 第 168 行.
NOTIC: [8] Use of undefined constant female - assumed 'female' /www/wwwroot/1107.tech/App/Runtime/Cache/Admin/1ebb7eba461ed748a0b4501c039f98ca.php 第 169 行.
NOTIC: [8] Undefined index: salary /www/wwwroot/1107.tech/App/Runtime/Cache/Admin/1ebb7eba461ed748a0b4501c039f98ca.php 第 174 行.
NOTIC: [8] Use of undefined constant male - assumed 'male' /www/wwwroot/1107.tech/App/Runtime/Cache/Admin/1ebb7eba461ed748a0b4501c039f98ca.php 第 168 行.
NOTIC: [8] Use of undefined constant female - assumed 'female' /www/wwwroot/1107.tech/App/Runtime/Cache/Admin/1ebb7eba461ed748a0b4501c039f98ca.php 第 169 行.
NOTIC: [8] Undefined index: salary /www/wwwroot/1107.tech/App/Runtime/Cache/Admin/1ebb7eba461ed748a0b4501c039f98ca.php 第 174 行.
NOTIC: [8] Use of undefined constant male - assumed 'male' /www/wwwroot/1107.tech/App/Runtime/Cache/Admin/1ebb7eba461ed748a0b4501c039f98ca.php 第 168 行.
NOTIC: [8] Use of undefined constant female - assumed 'female' /www/wwwroot/1107.tech/App/Runtime/Cache/Admin/1ebb7eba461ed748a0b4501c039f98ca.php 第 169 行.
NOTIC: [8] Undefined index: salary /www/wwwroot/1107.tech/App/Runtime/Cache/Admin/1ebb7eba461ed748a0b4501c039f98ca.php 第 174 行.
NOTIC: [8] Use of undefined constant male - assumed 'male' /www/wwwroot/1107.tech/App/Runtime/Cache/Admin/1ebb7eba461ed748a0b4501c039f98ca.php 第 168 行.
NOTIC: [8] Use of undefined constant female - assumed 'female' /www/wwwroot/1107.tech/App/Runtime/Cache/Admin/1ebb7eba461ed748a0b4501c039f98ca.php 第 169 行.
NOTIC: [8] Undefined index: salary /www/wwwroot/1107.tech/App/Runtime/Cache/Admin/1ebb7eba461ed748a0b4501c039f98ca.php 第 174 行.
NOTIC: [8] Use of undefined constant male - assumed 'male' /www/wwwroot/1107.tech/App/Runtime/Cache/Admin/1ebb7eba461ed748a0b4501c039f98ca.php 第 168 行.
NOTIC: [8] Use of undefined constant female - assumed 'female' /www/wwwroot/1107.tech/App/Runtime/Cache/Admin/1ebb7eba461ed748a0b4501c039f98ca.php 第 169 行.
NOTIC: [8] Undefined index: salary /www/wwwroot/1107.tech/App/Runtime/Cache/Admin/1ebb7eba461ed748a0b4501c039f98ca.php 第 174 行.
NOTIC: [8] Use of undefined constant male - assumed 'male' /www/wwwroot/1107.tech/App/Runtime/Cache/Admin/1ebb7eba461ed748a0b4501c039f98ca.php 第 168 行.
NOTIC: [8] Use of undefined constant female - assumed 'female' /www/wwwroot/1107.tech/App/Runtime/Cache/Admin/1ebb7eba461ed748a0b4501c039f98ca.php 第 169 行.
NOTIC: [8] Undefined index: salary /www/wwwroot/1107.tech/App/Runtime/Cache/Admin/1ebb7eba461ed748a0b4501c039f98ca.php 第 174 行.
INFO: Run Behavior\ParseTemplateBehavior [ RunTime:0.276434s ]
INFO: [ view_parse ] --END-- [ RunTime:0.276524s ]
INFO: [ view_filter ] --START--
INFO: Run Behavior\WriteHtmlCacheBehavior [ RunTime:0.000580s ]
INFO: [ view_filter ] --END-- [ RunTime:0.000654s ]
INFO: [ app_end ] --START--
INFO: Run Behavior\ShowPageTraceBehavior [ RunTime:0.002152s ]
INFO: [ app_end ] --END-- [ RunTime:0.002295s ]

[ 2018-02-07T22:07:31+08:00 ] 211.149.153.14 /index.php?m=Admin&c=User&a=showlist
INFO: [ app_init ] --START--
INFO: Run Behavior\BuildLiteBehavior [ RunTime:0.000026s ]
INFO: [ app_init ] --END-- [ RunTime:0.000687s ]
INFO: [ app_begin ] --START--
INFO: Run Behavior\ReadHtmlCacheBehavior [ RunTime:0.001002s ]
INFO: Run Behavior\CheckLangBehavior [ RunTime:0.001762s ]
INFO: [ app_begin ] --END-- [ RunTime:0.002900s ]
SQL: SHOW COLUMNS FROM `user` [ RunTime:0.0028s ]
SQL: SELECT COUNT(*) AS tp_count FROM `user` LIMIT 1   [ RunTime:0.0001s ]
SQL: SELECT * FROM `user` ORDER BY id desc LIMIT 0,20   [ RunTime:0.0004s ]
SQL: SHOW COLUMNS FROM `member` [ RunTime:0.0011s ]
SQL: SELECT `id`,`name`,`key` FROM `member`  [ RunTime:0.0001s ]
INFO: [ view_parse ] --START--
INFO: [ template_filter ] --START--
INFO: Run Behavior\ContentReplaceBehavior [ RunTime:0.002603s ]
INFO: [ template_filter ] --END-- [ RunTime:0.002703s ]
NOTIC: [8] Use of undefined constant male - assumed 'male' /www/wwwroot/1107.tech/App/Runtime/Cache/Admin/1ebb7eba461ed748a0b4501c039f98ca.php 第 168 行.
NOTIC: [8] Use of undefined constant female - assumed 'female' /www/wwwroot/1107.tech/App/Runtime/Cache/Admin/1ebb7eba461ed748a0b4501c039f98ca.php 第 169 行.
NOTIC: [8] Undefined index: salary /www/wwwroot/1107.tech/App/Runtime/Cache/Admin/1ebb7eba461ed748a0b4501c039f98ca.php 第 174 行.
NOTIC: [8] Use of undefined constant male - assumed 'male' /www/wwwroot/1107.tech/App/Runtime/Cache/Admin/1ebb7eba461ed748a0b4501c039f98ca.php 第 168 行.
NOTIC: [8] Use of undefined constant female - assumed 'female' /www/wwwroot/1107.tech/App/Runtime/Cache/Admin/1ebb7eba461ed748a0b4501c039f98ca.php 第 169 行.
NOTIC: [8] Undefined index: salary /www/wwwroot/1107.tech/App/Runtime/Cache/Admin/1ebb7eba461ed748a0b4501c039f98ca.php 第 174 行.
NOTIC: [8] Use of undefined constant male - assumed 'male' /www/wwwroot/1107.tech/App/Runtime/Cache/Admin/1ebb7eba461ed748a0b4501c039f98ca.php 第 168 行.
NOTIC: [8] Use of undefined constant female - assumed 'female' /www/wwwroot/1107.tech/App/Runtime/Cache/Admin/1ebb7eba461ed748a0b4501c039f98ca.php 第 169 行.
NOTIC: [8] Undefined index: salary /www/wwwroot/1107.tech/App/Runtime/Cache/Admin/1ebb7eba461ed748a0b4501c039f98ca.php 第 174 行.
NOTIC: [8] Use of undefined constant male - assumed 'male' /www/wwwroot/1107.tech/App/Runtime/Cache/Admin/1ebb7eba461ed748a0b4501c039f98ca.php 第 168 行.
NOTIC: [8] Use of undefined constant female - assumed 'female' /www/wwwroot/1107.tech/App/Runtime/Cache/Admin/1ebb7eba461ed748a0b4501c039f98ca.php 第 169 行.
NOTIC: [8] Undefined index: salary /www/wwwroot/1107.tech/App/Runtime/Cache/Admin/1ebb7eba461ed748a0b4501c039f98ca.php 第 174 行.
NOTIC: [8] Use of undefined constant male - assumed 'male' /www/wwwroot/1107.tech/App/Runtime/Cache/Admin/1ebb7eba461ed748a0b4501c039f98ca.php 第 168 行.
NOTIC: [8] Use of undefined constant female - assumed 'female' /www/wwwroot/1107.tech/App/Runtime/Cache/Admin/1ebb7eba461ed748a0b4501c039f98ca.php 第 169 行.
NOTIC: [8] Undefined index: salary /www/wwwroot/1107.tech/App/Runtime/Cache/Admin/1ebb7eba461ed748a0b4501c039f98ca.php 第 174 行.
NOTIC: [8] Use of undefined constant male - assumed 'male' /www/wwwroot/1107.tech/App/Runtime/Cache/Admin/1ebb7eba461ed748a0b4501c039f98ca.php 第 168 行.
NOTIC: [8] Use of undefined constant female - assumed 'female' /www/wwwroot/1107.tech/App/Runtime/Cache/Admin/1ebb7eba461ed748a0b4501c039f98ca.php 第 169 行.
NOTIC: [8] Undefined index: salary /www/wwwroot/1107.tech/App/Runtime/Cache/Admin/1ebb7eba461ed748a0b4501c039f98ca.php 第 174 行.
NOTIC: [8] Use of undefined constant male - assumed 'male' /www/wwwroot/1107.tech/App/Runtime/Cache/Admin/1ebb7eba461ed748a0b4501c039f98ca.php 第 168 行.
NOTIC: [8] Use of undefined constant female - assumed 'female' /www/wwwroot/1107.tech/App/Runtime/Cache/Admin/1ebb7eba461ed748a0b4501c039f98ca.php 第 169 行.
NOTIC: [8] Undefined index: salary /www/wwwroot/1107.tech/App/Runtime/Cache/Admin/1ebb7eba461ed748a0b4501c039f98ca.php 第 174 行.
NOTIC: [8] Use of undefined constant male - assumed 'male' /www/wwwroot/1107.tech/App/Runtime/Cache/Admin/1ebb7eba461ed748a0b4501c039f98ca.php 第 168 行.
NOTIC: [8] Use of undefined constant female - assumed 'female' /www/wwwroot/1107.tech/App/Runtime/Cache/Admin/1ebb7eba461ed748a0b4501c039f98ca.php 第 169 行.
NOTIC: [8] Undefined index: salary /www/wwwroot/1107.tech/App/Runtime/Cache/Admin/1ebb7eba461ed748a0b4501c039f98ca.php 第 174 行.
NOTIC: [8] Use of undefined constant male - assumed 'male' /www/wwwroot/1107.tech/App/Runtime/Cache/Admin/1ebb7eba461ed748a0b4501c039f98ca.php 第 168 行.
NOTIC: [8] Use of undefined constant female - assumed 'female' /www/wwwroot/1107.tech/App/Runtime/Cache/Admin/1ebb7eba461ed748a0b4501c039f98ca.php 第 169 行.
NOTIC: [8] Undefined index: salary /www/wwwroot/1107.tech/App/Runtime/Cache/Admin/1ebb7eba461ed748a0b4501c039f98ca.php 第 174 行.
NOTIC: [8] Use of undefined constant male - assumed 'male' /www/wwwroot/1107.tech/App/Runtime/Cache/Admin/1ebb7eba461ed748a0b4501c039f98ca.php 第 168 行.
NOTIC: [8] Use of undefined constant female - assumed 'female' /www/wwwroot/1107.tech/App/Runtime/Cache/Admin/1ebb7eba461ed748a0b4501c039f98ca.php 第 169 行.
NOTIC: [8] Undefined index: salary /www/wwwroot/1107.tech/App/Runtime/Cache/Admin/1ebb7eba461ed748a0b4501c039f98ca.php 第 174 行.
NOTIC: [8] Use of undefined constant male - assumed 'male' /www/wwwroot/1107.tech/App/Runtime/Cache/Admin/1ebb7eba461ed748a0b4501c039f98ca.php 第 168 行.
NOTIC: [8] Use of undefined constant female - assumed 'female' /www/wwwroot/1107.tech/App/Runtime/Cache/Admin/1ebb7eba461ed748a0b4501c039f98ca.php 第 169 行.
NOTIC: [8] Undefined index: salary /www/wwwroot/1107.tech/App/Runtime/Cache/Admin/1ebb7eba461ed748a0b4501c039f98ca.php 第 174 行.
NOTIC: [8] Use of undefined constant male - assumed 'male' /www/wwwroot/1107.tech/App/Runtime/Cache/Admin/1ebb7eba461ed748a0b4501c039f98ca.php 第 168 行.
NOTIC: [8] Use of undefined constant female - assumed 'female' /www/wwwroot/1107.tech/App/Runtime/Cache/Admin/1ebb7eba461ed748a0b4501c039f98ca.php 第 169 行.
NOTIC: [8] Undefined index: salary /www/wwwroot/1107.tech/App/Runtime/Cache/Admin/1ebb7eba461ed748a0b4501c039f98ca.php 第 174 行.
NOTIC: [8] Use of undefined constant male - assumed 'male' /www/wwwroot/1107.tech/App/Runtime/Cache/Admin/1ebb7eba461ed748a0b4501c039f98ca.php 第 168 行.
NOTIC: [8] Use of undefined constant female - assumed 'female' /www/wwwroot/1107.tech/App/Runtime/Cache/Admin/1ebb7eba461ed748a0b4501c039f98ca.php 第 169 行.
NOTIC: [8] Undefined index: salary /www/wwwroot/1107.tech/App/Runtime/Cache/Admin/1ebb7eba461ed748a0b4501c039f98ca.php 第 174 行.
NOTIC: [8] Use of undefined constant male - assumed 'male' /www/wwwroot/1107.tech/App/Runtime/Cache/Admin/1ebb7eba461ed748a0b4501c039f98ca.php 第 168 行.
NOTIC: [8] Use of undefined constant female - assumed 'female' /www/wwwroot/1107.tech/App/Runtime/Cache/Admin/1ebb7eba461ed748a0b4501c039f98ca.php 第 169 行.
NOTIC: [8] Undefined index: salary /www/wwwroot/1107.tech/App/Runtime/Cache/Admin/1ebb7eba461ed748a0b4501c039f98ca.php 第 174 行.
NOTIC: [8] Use of undefined constant male - assumed 'male' /www/wwwroot/1107.tech/App/Runtime/Cache/Admin/1ebb7eba461ed748a0b4501c039f98ca.php 第 168 行.
NOTIC: [8] Use of undefined constant female - assumed 'female' /www/wwwroot/1107.tech/App/Runtime/Cache/Admin/1ebb7eba461ed748a0b4501c039f98ca.php 第 169 行.
NOTIC: [8] Undefined index: salary /www/wwwroot/1107.tech/App/Runtime/Cache/Admin/1ebb7eba461ed748a0b4501c039f98ca.php 第 174 行.
NOTIC: [8] Use of undefined constant male - assumed 'male' /www/wwwroot/1107.tech/App/Runtime/Cache/Admin/1ebb7eba461ed748a0b4501c039f98ca.php 第 168 行.
NOTIC: [8] Use of undefined constant female - assumed 'female' /www/wwwroot/1107.tech/App/Runtime/Cache/Admin/1ebb7eba461ed748a0b4501c039f98ca.php 第 169 行.
NOTIC: [8] Undefined index: salary /www/wwwroot/1107.tech/App/Runtime/Cache/Admin/1ebb7eba461ed748a0b4501c039f98ca.php 第 174 行.
NOTIC: [8] Use of undefined constant male - assumed 'male' /www/wwwroot/1107.tech/App/Runtime/Cache/Admin/1ebb7eba461ed748a0b4501c039f98ca.php 第 168 行.
NOTIC: [8] Use of undefined constant female - assumed 'female' /www/wwwroot/1107.tech/App/Runtime/Cache/Admin/1ebb7eba461ed748a0b4501c039f98ca.php 第 169 行.
NOTIC: [8] Undefined index: salary /www/wwwroot/1107.tech/App/Runtime/Cache/Admin/1ebb7eba461ed748a0b4501c039f98ca.php 第 174 行.
NOTIC: [8] Use of undefined constant male - assumed 'male' /www/wwwroot/1107.tech/App/Runtime/Cache/Admin/1ebb7eba461ed748a0b4501c039f98ca.php 第 168 行.
NOTIC: [8] Use of undefined constant female - assumed 'female' /www/wwwroot/1107.tech/App/Runtime/Cache/Admin/1ebb7eba461ed748a0b4501c039f98ca.php 第 169 行.
NOTIC: [8] Undefined index: salary /www/wwwroot/1107.tech/App/Runtime/Cache/Admin/1ebb7eba461ed748a0b4501c039f98ca.php 第 174 行.
NOTIC: [8] Use of undefined constant male - assumed 'male' /www/wwwroot/1107.tech/App/Runtime/Cache/Admin/1ebb7eba461ed748a0b4501c039f98ca.php 第 168 行.
NOTIC: [8] Use of undefined constant female - assumed 'female' /www/wwwroot/1107.tech/App/Runtime/Cache/Admin/1ebb7eba461ed748a0b4501c039f98ca.php 第 169 行.
NOTIC: [8] Undefined index: salary /www/wwwroot/1107.tech/App/Runtime/Cache/Admin/1ebb7eba461ed748a0b4501c039f98ca.php 第 174 行.
NOTIC: [8] Use of undefined constant male - assumed 'male' /www/wwwroot/1107.tech/App/Runtime/Cache/Admin/1ebb7eba461ed748a0b4501c039f98ca.php 第 168 行.
NOTIC: [8] Use of undefined constant female - assumed 'female' /www/wwwroot/1107.tech/App/Runtime/Cache/Admin/1ebb7eba461ed748a0b4501c039f98ca.php 第 169 行.
NOTIC: [8] Undefined index: salary /www/wwwroot/1107.tech/App/Runtime/Cache/Admin/1ebb7eba461ed748a0b4501c039f98ca.php 第 174 行.
INFO: Run Behavior\ParseTemplateBehavior [ RunTime:0.284908s ]
INFO: [ view_parse ] --END-- [ RunTime:0.284982s ]
INFO: [ view_filter ] --START--
INFO: Run Behavior\WriteHtmlCacheBehavior [ RunTime:0.000721s ]
INFO: [ view_filter ] --END-- [ RunTime:0.000787s ]
INFO: [ app_end ] --START--
INFO: Run Behavior\ShowPageTraceBehavior [ RunTime:0.000940s ]
INFO: [ app_end ] --END-- [ RunTime:0.001042s ]

