[ 2018-01-26T17:30:22+08:00 ] 211.149.153.14 /index.php?m=admin
INFO: [ app_init ] --START--
INFO: Run Behavior\BuildLiteBehavior [ RunTime:0.000048s ]
INFO: [ app_init ] --END-- [ RunTime:0.000374s ]
INFO: [ app_begin ] --START--
INFO: Run Behavior\ReadHtmlCacheBehavior [ RunTime:0.000432s ]
INFO: Run Behavior\CheckLangBehavior [ RunTime:0.000826s ]
INFO: [ app_begin ] --END-- [ RunTime:0.001330s ]
INFO: [ view_parse ] --START--
INFO: [ template_filter ] --START--
INFO: Run Behavior\ContentReplaceBehavior [ RunTime:0.000039s ]
INFO: [ template_filter ] --END-- [ RunTime:0.000114s ]
INFO: Run Behavior\ParseTemplateBehavior [ RunTime:0.004770s ]
INFO: [ view_parse ] --END-- [ RunTime:0.004840s ]
INFO: [ view_filter ] --START--
INFO: Run Behavior\WriteHtmlCacheBehavior [ RunTime:0.000191s ]
INFO: [ view_filter ] --END-- [ RunTime:0.000225s ]

[ 2018-01-26T17:30:23+08:00 ] 211.149.153.12 /index.php?m=Admin&c=Login&a=login
INFO: [ app_init ] --START--
INFO: Run Behavior\BuildLiteBehavior [ RunTime:0.000017s ]
INFO: [ app_init ] --END-- [ RunTime:0.000420s ]
INFO: [ app_begin ] --START--
INFO: Run Behavior\ReadHtmlCacheBehavior [ RunTime:0.000502s ]
INFO: Run Behavior\CheckLangBehavior [ RunTime:0.001040s ]
INFO: [ app_begin ] --END-- [ RunTime:0.001616s ]
INFO: [ view_parse ] --START--
INFO: [ template_filter ] --START--
INFO: Run Behavior\ContentReplaceBehavior [ RunTime:0.000643s ]
INFO: [ template_filter ] --END-- [ RunTime:0.000749s ]
INFO: Run Behavior\ParseTemplateBehavior [ RunTime:0.049050s ]
INFO: [ view_parse ] --END-- [ RunTime:0.049128s ]
INFO: [ view_filter ] --START--
INFO: Run Behavior\WriteHtmlCacheBehavior [ RunTime:0.000339s ]
INFO: [ view_filter ] --END-- [ RunTime:0.000377s ]
INFO: [ app_end ] --START--
INFO: Run Behavior\ShowPageTraceBehavior [ RunTime:0.001051s ]
INFO: [ app_end ] --END-- [ RunTime:0.001150s ]

[ 2018-01-26T17:30:23+08:00 ] 211.149.153.14 /index.php?m=Admin&c=login&a=vcode
INFO: [ app_init ] --START--
INFO: Run Behavior\BuildLiteBehavior [ RunTime:0.000017s ]
INFO: [ app_init ] --END-- [ RunTime:0.000358s ]
INFO: [ app_begin ] --START--
INFO: Run Behavior\ReadHtmlCacheBehavior [ RunTime:0.000537s ]
INFO: Run Behavior\CheckLangBehavior [ RunTime:0.001159s ]
INFO: [ app_begin ] --END-- [ RunTime:0.001790s ]
INFO: [ app_end ] --START--
INFO: Run Behavior\ShowPageTraceBehavior [ RunTime:0.000661s ]
INFO: [ app_end ] --END-- [ RunTime:0.000741s ]

[ 2018-01-26T17:30:37+08:00 ] 211.149.153.14 /index.php?m=Admin&c=Login&a=check&name=admin&pwd=21232f297a57a5a743894a0e4a801fc3&vcode=5210
INFO: [ app_init ] --START--
INFO: Run Behavior\BuildLiteBehavior [ RunTime:0.000021s ]
INFO: [ app_init ] --END-- [ RunTime:0.000486s ]
INFO: [ app_begin ] --START--
INFO: Run Behavior\ReadHtmlCacheBehavior [ RunTime:0.000615s ]
INFO: Run Behavior\CheckLangBehavior [ RunTime:0.001305s ]
INFO: [ app_begin ] --END-- [ RunTime:0.002012s ]
SQL: SHOW COLUMNS FROM `admin` [ RunTime:0.0007s ]
SQL: SELECT * FROM `admin` WHERE `username` = 'admin' LIMIT 1   [ RunTime:0.0003s ]
SQL: UPDATE `admin` SET `lasttime`='1516959037',`last_ip`='211.149.153.14' WHERE ( id=27 ) [ RunTime:0.0002s ]

[ 2018-01-26T17:30:37+08:00 ] 211.149.153.12 /index.php?m=Admin&c=Admin&a=admin
INFO: [ app_init ] --START--
INFO: Run Behavior\BuildLiteBehavior [ RunTime:0.000022s ]
INFO: [ app_init ] --END-- [ RunTime:0.000488s ]
INFO: [ app_begin ] --START--
INFO: Run Behavior\ReadHtmlCacheBehavior [ RunTime:0.000444s ]
INFO: Run Behavior\CheckLangBehavior [ RunTime:0.001006s ]
INFO: [ app_begin ] --END-- [ RunTime:0.001537s ]
INFO: [ view_parse ] --START--
INFO: [ template_filter ] --START--
INFO: Run Behavior\ContentReplaceBehavior [ RunTime:0.000641s ]
INFO: [ template_filter ] --END-- [ RunTime:0.000749s ]
INFO: Run Behavior\ParseTemplateBehavior [ RunTime:0.051015s ]
INFO: [ view_parse ] --END-- [ RunTime:0.051091s ]
INFO: [ view_filter ] --START--
INFO: Run Behavior\WriteHtmlCacheBehavior [ RunTime:0.000242s ]
INFO: [ view_filter ] --END-- [ RunTime:0.000280s ]
INFO: [ app_end ] --START--
INFO: Run Behavior\ShowPageTraceBehavior [ RunTime:0.001015s ]
INFO: [ app_end ] --END-- [ RunTime:0.001142s ]

[ 2018-01-26T17:30:37+08:00 ] 211.149.153.12 /index.php?m=Admin&c=admin&a=main
INFO: [ app_init ] --START--
INFO: Run Behavior\BuildLiteBehavior [ RunTime:0.000015s ]
INFO: [ app_init ] --END-- [ RunTime:0.000357s ]
INFO: [ app_begin ] --START--
INFO: Run Behavior\ReadHtmlCacheBehavior [ RunTime:0.000412s ]
INFO: Run Behavior\CheckLangBehavior [ RunTime:0.000809s ]
INFO: [ app_begin ] --END-- [ RunTime:0.001291s ]
INFO: [ view_parse ] --START--
INFO: [ template_filter ] --START--
INFO: Run Behavior\ContentReplaceBehavior [ RunTime:0.000688s ]
INFO: [ template_filter ] --END-- [ RunTime:0.000785s ]
INFO: Run Behavior\ParseTemplateBehavior [ RunTime:0.048092s ]
INFO: [ view_parse ] --END-- [ RunTime:0.048139s ]
INFO: [ view_filter ] --START--
INFO: Run Behavior\WriteHtmlCacheBehavior [ RunTime:0.000234s ]
INFO: [ view_filter ] --END-- [ RunTime:0.000270s ]
INFO: [ app_end ] --START--
INFO: Run Behavior\ShowPageTraceBehavior [ RunTime:0.000492s ]
INFO: [ app_end ] --END-- [ RunTime:0.000535s ]

[ 2018-01-26T17:30:37+08:00 ] 211.149.153.12 /index.php?m=Admin&c=admin&a=menu
INFO: [ app_init ] --START--
INFO: Run Behavior\BuildLiteBehavior [ RunTime:0.000016s ]
INFO: [ app_init ] --END-- [ RunTime:0.000363s ]
INFO: [ app_begin ] --START--
INFO: Run Behavior\ReadHtmlCacheBehavior [ RunTime:0.000537s ]
INFO: Run Behavior\CheckLangBehavior [ RunTime:0.000886s ]
INFO: [ app_begin ] --END-- [ RunTime:0.001495s ]
INFO: [ view_parse ] --START--
INFO: [ template_filter ] --START--
INFO: Run Behavior\ContentReplaceBehavior [ RunTime:0.000557s ]
INFO: [ template_filter ] --END-- [ RunTime:0.000637s ]
INFO: Run Behavior\ParseTemplateBehavior [ RunTime:0.050422s ]
INFO: [ view_parse ] --END-- [ RunTime:0.050493s ]
INFO: [ view_filter ] --START--
INFO: Run Behavior\WriteHtmlCacheBehavior [ RunTime:0.000301s ]
INFO: [ view_filter ] --END-- [ RunTime:0.000360s ]
INFO: [ app_end ] --START--
INFO: Run Behavior\ShowPageTraceBehavior [ RunTime:0.000499s ]
INFO: [ app_end ] --END-- [ RunTime:0.000640s ]

[ 2018-01-26T17:30:37+08:00 ] 211.149.153.14 /index.php?m=Admin&c=admin&a=header
INFO: [ app_init ] --START--
INFO: Run Behavior\BuildLiteBehavior [ RunTime:0.000018s ]
INFO: [ app_init ] --END-- [ RunTime:0.000471s ]
INFO: [ app_begin ] --START--
INFO: Run Behavior\ReadHtmlCacheBehavior [ RunTime:0.000405s ]
INFO: Run Behavior\CheckLangBehavior [ RunTime:0.000858s ]
INFO: [ app_begin ] --END-- [ RunTime:0.001334s ]
INFO: [ view_parse ] --START--
INFO: [ template_filter ] --START--
INFO: Run Behavior\ContentReplaceBehavior [ RunTime:0.000623s ]
INFO: [ template_filter ] --END-- [ RunTime:0.000707s ]
INFO: Run Behavior\ParseTemplateBehavior [ RunTime:0.048554s ]
INFO: [ view_parse ] --END-- [ RunTime:0.048670s ]
INFO: [ view_filter ] --START--
INFO: Run Behavior\WriteHtmlCacheBehavior [ RunTime:0.000333s ]
INFO: [ view_filter ] --END-- [ RunTime:0.000383s ]
INFO: [ app_end ] --START--
INFO: Run Behavior\ShowPageTraceBehavior [ RunTime:0.000590s ]
INFO: [ app_end ] --END-- [ RunTime:0.000634s ]

[ 2018-01-26T17:30:47+08:00 ] 211.149.153.13 /index.php?m=Admin&c=User&a=showlist
INFO: [ app_init ] --START--
INFO: Run Behavior\BuildLiteBehavior [ RunTime:0.000018s ]
INFO: [ app_init ] --END-- [ RunTime:0.000362s ]
INFO: [ app_begin ] --START--
INFO: Run Behavior\ReadHtmlCacheBehavior [ RunTime:0.000535s ]
INFO: Run Behavior\CheckLangBehavior [ RunTime:0.000926s ]
INFO: [ app_begin ] --END-- [ RunTime:0.001533s ]
SQL: SHOW COLUMNS FROM `user` [ RunTime:0.0014s ]
SQL: SELECT COUNT(*) AS tp_count FROM `user` LIMIT 1   [ RunTime:0.0003s ]
SQL: SELECT * FROM `user` ORDER BY id desc LIMIT 0,20   [ RunTime:0.0005s ]
SQL: SHOW COLUMNS FROM `member` [ RunTime:0.0009s ]
SQL: SELECT `id`,`name`,`key` FROM `member`  [ RunTime:0.0001s ]
INFO: [ view_parse ] --START--
INFO: [ template_filter ] --START--
INFO: Run Behavior\ContentReplaceBehavior [ RunTime:0.006182s ]
INFO: [ template_filter ] --END-- [ RunTime:0.006338s ]
NOTIC: [8] Use of undefined constant male - assumed 'male' /www/wwwroot/1107.tech/App/Runtime/Cache/Admin/1ebb7eba461ed748a0b4501c039f98ca.php 第 166 行.
NOTIC: [8] Use of undefined constant female - assumed 'female' /www/wwwroot/1107.tech/App/Runtime/Cache/Admin/1ebb7eba461ed748a0b4501c039f98ca.php 第 167 行.
NOTIC: [8] Undefined index: salary /www/wwwroot/1107.tech/App/Runtime/Cache/Admin/1ebb7eba461ed748a0b4501c039f98ca.php 第 172 行.
NOTIC: [8] Use of undefined constant male - assumed 'male' /www/wwwroot/1107.tech/App/Runtime/Cache/Admin/1ebb7eba461ed748a0b4501c039f98ca.php 第 166 行.
NOTIC: [8] Use of undefined constant female - assumed 'female' /www/wwwroot/1107.tech/App/Runtime/Cache/Admin/1ebb7eba461ed748a0b4501c039f98ca.php 第 167 行.
NOTIC: [8] Undefined index: salary /www/wwwroot/1107.tech/App/Runtime/Cache/Admin/1ebb7eba461ed748a0b4501c039f98ca.php 第 172 行.
NOTIC: [8] Use of undefined constant male - assumed 'male' /www/wwwroot/1107.tech/App/Runtime/Cache/Admin/1ebb7eba461ed748a0b4501c039f98ca.php 第 166 行.
NOTIC: [8] Use of undefined constant female - assumed 'female' /www/wwwroot/1107.tech/App/Runtime/Cache/Admin/1ebb7eba461ed748a0b4501c039f98ca.php 第 167 行.
NOTIC: [8] Undefined index: salary /www/wwwroot/1107.tech/App/Runtime/Cache/Admin/1ebb7eba461ed748a0b4501c039f98ca.php 第 172 行.
NOTIC: [8] Use of undefined constant male - assumed 'male' /www/wwwroot/1107.tech/App/Runtime/Cache/Admin/1ebb7eba461ed748a0b4501c039f98ca.php 第 166 行.
NOTIC: [8] Use of undefined constant female - assumed 'female' /www/wwwroot/1107.tech/App/Runtime/Cache/Admin/1ebb7eba461ed748a0b4501c039f98ca.php 第 167 行.
NOTIC: [8] Undefined index: salary /www/wwwroot/1107.tech/App/Runtime/Cache/Admin/1ebb7eba461ed748a0b4501c039f98ca.php 第 172 行.
NOTIC: [8] Use of undefined constant male - assumed 'male' /www/wwwroot/1107.tech/App/Runtime/Cache/Admin/1ebb7eba461ed748a0b4501c039f98ca.php 第 166 行.
NOTIC: [8] Use of undefined constant female - assumed 'female' /www/wwwroot/1107.tech/App/Runtime/Cache/Admin/1ebb7eba461ed748a0b4501c039f98ca.php 第 167 行.
NOTIC: [8] Undefined index: salary /www/wwwroot/1107.tech/App/Runtime/Cache/Admin/1ebb7eba461ed748a0b4501c039f98ca.php 第 172 行.
NOTIC: [8] Use of undefined constant male - assumed 'male' /www/wwwroot/1107.tech/App/Runtime/Cache/Admin/1ebb7eba461ed748a0b4501c039f98ca.php 第 166 行.
NOTIC: [8] Use of undefined constant female - assumed 'female' /www/wwwroot/1107.tech/App/Runtime/Cache/Admin/1ebb7eba461ed748a0b4501c039f98ca.php 第 167 行.
NOTIC: [8] Undefined index: salary /www/wwwroot/1107.tech/App/Runtime/Cache/Admin/1ebb7eba461ed748a0b4501c039f98ca.php 第 172 行.
NOTIC: [8] Use of undefined constant male - assumed 'male' /www/wwwroot/1107.tech/App/Runtime/Cache/Admin/1ebb7eba461ed748a0b4501c039f98ca.php 第 166 行.
NOTIC: [8] Use of undefined constant female - assumed 'female' /www/wwwroot/1107.tech/App/Runtime/Cache/Admin/1ebb7eba461ed748a0b4501c039f98ca.php 第 167 行.
NOTIC: [8] Undefined index: salary /www/wwwroot/1107.tech/App/Runtime/Cache/Admin/1ebb7eba461ed748a0b4501c039f98ca.php 第 172 行.
NOTIC: [8] Use of undefined constant male - assumed 'male' /www/wwwroot/1107.tech/App/Runtime/Cache/Admin/1ebb7eba461ed748a0b4501c039f98ca.php 第 166 行.
NOTIC: [8] Use of undefined constant female - assumed 'female' /www/wwwroot/1107.tech/App/Runtime/Cache/Admin/1ebb7eba461ed748a0b4501c039f98ca.php 第 167 行.
NOTIC: [8] Undefined index: salary /www/wwwroot/1107.tech/App/Runtime/Cache/Admin/1ebb7eba461ed748a0b4501c039f98ca.php 第 172 行.
NOTIC: [8] Use of undefined constant male - assumed 'male' /www/wwwroot/1107.tech/App/Runtime/Cache/Admin/1ebb7eba461ed748a0b4501c039f98ca.php 第 166 行.
NOTIC: [8] Use of undefined constant female - assumed 'female' /www/wwwroot/1107.tech/App/Runtime/Cache/Admin/1ebb7eba461ed748a0b4501c039f98ca.php 第 167 行.
NOTIC: [8] Undefined index: salary /www/wwwroot/1107.tech/App/Runtime/Cache/Admin/1ebb7eba461ed748a0b4501c039f98ca.php 第 172 行.
NOTIC: [8] Use of undefined constant male - assumed 'male' /www/wwwroot/1107.tech/App/Runtime/Cache/Admin/1ebb7eba461ed748a0b4501c039f98ca.php 第 166 行.
NOTIC: [8] Use of undefined constant female - assumed 'female' /www/wwwroot/1107.tech/App/Runtime/Cache/Admin/1ebb7eba461ed748a0b4501c039f98ca.php 第 167 行.
NOTIC: [8] Undefined index: salary /www/wwwroot/1107.tech/App/Runtime/Cache/Admin/1ebb7eba461ed748a0b4501c039f98ca.php 第 172 行.
NOTIC: [8] Use of undefined constant male - assumed 'male' /www/wwwroot/1107.tech/App/Runtime/Cache/Admin/1ebb7eba461ed748a0b4501c039f98ca.php 第 166 行.
NOTIC: [8] Use of undefined constant female - assumed 'female' /www/wwwroot/1107.tech/App/Runtime/Cache/Admin/1ebb7eba461ed748a0b4501c039f98ca.php 第 167 行.
NOTIC: [8] Undefined index: salary /www/wwwroot/1107.tech/App/Runtime/Cache/Admin/1ebb7eba461ed748a0b4501c039f98ca.php 第 172 行.
NOTIC: [8] Use of undefined constant male - assumed 'male' /www/wwwroot/1107.tech/App/Runtime/Cache/Admin/1ebb7eba461ed748a0b4501c039f98ca.php 第 166 行.
NOTIC: [8] Use of undefined constant female - assumed 'female' /www/wwwroot/1107.tech/App/Runtime/Cache/Admin/1ebb7eba461ed748a0b4501c039f98ca.php 第 167 行.
NOTIC: [8] Undefined index: salary /www/wwwroot/1107.tech/App/Runtime/Cache/Admin/1ebb7eba461ed748a0b4501c039f98ca.php 第 172 行.
NOTIC: [8] Use of undefined constant male - assumed 'male' /www/wwwroot/1107.tech/App/Runtime/Cache/Admin/1ebb7eba461ed748a0b4501c039f98ca.php 第 166 行.
NOTIC: [8] Use of undefined constant female - assumed 'female' /www/wwwroot/1107.tech/App/Runtime/Cache/Admin/1ebb7eba461ed748a0b4501c039f98ca.php 第 167 行.
NOTIC: [8] Undefined index: salary /www/wwwroot/1107.tech/App/Runtime/Cache/Admin/1ebb7eba461ed748a0b4501c039f98ca.php 第 172 行.
NOTIC: [8] Use of undefined constant male - assumed 'male' /www/wwwroot/1107.tech/App/Runtime/Cache/Admin/1ebb7eba461ed748a0b4501c039f98ca.php 第 166 行.
NOTIC: [8] Use of undefined constant female - assumed 'female' /www/wwwroot/1107.tech/App/Runtime/Cache/Admin/1ebb7eba461ed748a0b4501c039f98ca.php 第 167 行.
NOTIC: [8] Undefined index: salary /www/wwwroot/1107.tech/App/Runtime/Cache/Admin/1ebb7eba461ed748a0b4501c039f98ca.php 第 172 行.
NOTIC: [8] Use of undefined constant male - assumed 'male' /www/wwwroot/1107.tech/App/Runtime/Cache/Admin/1ebb7eba461ed748a0b4501c039f98ca.php 第 166 行.
NOTIC: [8] Use of undefined constant female - assumed 'female' /www/wwwroot/1107.tech/App/Runtime/Cache/Admin/1ebb7eba461ed748a0b4501c039f98ca.php 第 167 行.
NOTIC: [8] Undefined index: salary /www/wwwroot/1107.tech/App/Runtime/Cache/Admin/1ebb7eba461ed748a0b4501c039f98ca.php 第 172 行.
NOTIC: [8] Use of undefined constant male - assumed 'male' /www/wwwroot/1107.tech/App/Runtime/Cache/Admin/1ebb7eba461ed748a0b4501c039f98ca.php 第 166 行.
NOTIC: [8] Use of undefined constant female - assumed 'female' /www/wwwroot/1107.tech/App/Runtime/Cache/Admin/1ebb7eba461ed748a0b4501c039f98ca.php 第 167 行.
NOTIC: [8] Undefined index: salary /www/wwwroot/1107.tech/App/Runtime/Cache/Admin/1ebb7eba461ed748a0b4501c039f98ca.php 第 172 行.
NOTIC: [8] Use of undefined constant male - assumed 'male' /www/wwwroot/1107.tech/App/Runtime/Cache/Admin/1ebb7eba461ed748a0b4501c039f98ca.php 第 166 行.
NOTIC: [8] Use of undefined constant female - assumed 'female' /www/wwwroot/1107.tech/App/Runtime/Cache/Admin/1ebb7eba461ed748a0b4501c039f98ca.php 第 167 行.
NOTIC: [8] Undefined index: salary /www/wwwroot/1107.tech/App/Runtime/Cache/Admin/1ebb7eba461ed748a0b4501c039f98ca.php 第 172 行.
NOTIC: [8] Use of undefined constant male - assumed 'male' /www/wwwroot/1107.tech/App/Runtime/Cache/Admin/1ebb7eba461ed748a0b4501c039f98ca.php 第 166 行.
NOTIC: [8] Use of undefined constant female - assumed 'female' /www/wwwroot/1107.tech/App/Runtime/Cache/Admin/1ebb7eba461ed748a0b4501c039f98ca.php 第 167 行.
NOTIC: [8] Undefined index: salary /www/wwwroot/1107.tech/App/Runtime/Cache/Admin/1ebb7eba461ed748a0b4501c039f98ca.php 第 172 行.
NOTIC: [8] Use of undefined constant male - assumed 'male' /www/wwwroot/1107.tech/App/Runtime/Cache/Admin/1ebb7eba461ed748a0b4501c039f98ca.php 第 166 行.
NOTIC: [8] Use of undefined constant female - assumed 'female' /www/wwwroot/1107.tech/App/Runtime/Cache/Admin/1ebb7eba461ed748a0b4501c039f98ca.php 第 167 行.
NOTIC: [8] Undefined index: salary /www/wwwroot/1107.tech/App/Runtime/Cache/Admin/1ebb7eba461ed748a0b4501c039f98ca.php 第 172 行.
NOTIC: [8] Use of undefined constant male - assumed 'male' /www/wwwroot/1107.tech/App/Runtime/Cache/Admin/1ebb7eba461ed748a0b4501c039f98ca.php 第 166 行.
NOTIC: [8] Use of undefined constant female - assumed 'female' /www/wwwroot/1107.tech/App/Runtime/Cache/Admin/1ebb7eba461ed748a0b4501c039f98ca.php 第 167 行.
NOTIC: [8] Undefined index: salary /www/wwwroot/1107.tech/App/Runtime/Cache/Admin/1ebb7eba461ed748a0b4501c039f98ca.php 第 172 行.
INFO: Run Behavior\ParseTemplateBehavior [ RunTime:0.250187s ]
INFO: [ view_parse ] --END-- [ RunTime:0.250268s ]
INFO: [ view_filter ] --START--
INFO: Run Behavior\WriteHtmlCacheBehavior [ RunTime:0.000479s ]
INFO: [ view_filter ] --END-- [ RunTime:0.000546s ]
INFO: [ app_end ] --START--
INFO: Run Behavior\ShowPageTraceBehavior [ RunTime:0.000845s ]
INFO: [ app_end ] --END-- [ RunTime:0.000957s ]

[ 2018-01-26T17:31:08+08:00 ] 211.149.153.13 /index.php?m=admin
INFO: [ app_init ] --START--
INFO: Run Behavior\BuildLiteBehavior [ RunTime:0.000024s ]
INFO: [ app_init ] --END-- [ RunTime:0.000512s ]
INFO: [ app_begin ] --START--
INFO: Run Behavior\ReadHtmlCacheBehavior [ RunTime:0.000997s ]
INFO: Run Behavior\CheckLangBehavior [ RunTime:0.002119s ]
INFO: [ app_begin ] --END-- [ RunTime:0.003237s ]
INFO: [ view_parse ] --START--
INFO: [ template_filter ] --START--
INFO: Run Behavior\ContentReplaceBehavior [ RunTime:0.000062s ]
INFO: [ template_filter ] --END-- [ RunTime:0.000159s ]
INFO: Run Behavior\ParseTemplateBehavior [ RunTime:0.008021s ]
INFO: [ view_parse ] --END-- [ RunTime:0.008095s ]
INFO: [ view_filter ] --START--
INFO: Run Behavior\WriteHtmlCacheBehavior [ RunTime:0.000326s ]
INFO: [ view_filter ] --END-- [ RunTime:0.000386s ]

[ 2018-01-26T17:31:08+08:00 ] 211.149.153.14 /index.php?m=Admin&c=Admin&a=admin
INFO: [ app_init ] --START--
INFO: Run Behavior\BuildLiteBehavior [ RunTime:0.000023s ]
INFO: [ app_init ] --END-- [ RunTime:0.000513s ]
INFO: [ app_begin ] --START--
INFO: Run Behavior\ReadHtmlCacheBehavior [ RunTime:0.000729s ]
INFO: Run Behavior\CheckLangBehavior [ RunTime:0.001945s ]
INFO: [ app_begin ] --END-- [ RunTime:0.002798s ]
INFO: [ view_parse ] --START--
INFO: [ template_filter ] --START--
INFO: Run Behavior\ContentReplaceBehavior [ RunTime:0.000072s ]
INFO: [ template_filter ] --END-- [ RunTime:0.000189s ]
INFO: Run Behavior\ParseTemplateBehavior [ RunTime:0.008156s ]
INFO: [ view_parse ] --END-- [ RunTime:0.008230s ]
INFO: [ view_filter ] --START--
INFO: Run Behavior\WriteHtmlCacheBehavior [ RunTime:0.000302s ]
INFO: [ view_filter ] --END-- [ RunTime:0.000357s ]

[ 2018-01-26T17:31:17+08:00 ] 211.149.153.14 /index.php?m=Admin&c=Login&a=login
INFO: [ app_init ] --START--
INFO: Run Behavior\BuildLiteBehavior [ RunTime:0.000018s ]
INFO: [ app_init ] --END-- [ RunTime:0.000378s ]
INFO: [ app_begin ] --START--
INFO: Run Behavior\ReadHtmlCacheBehavior [ RunTime:0.000415s ]
INFO: Run Behavior\CheckLangBehavior [ RunTime:0.001256s ]
INFO: [ app_begin ] --END-- [ RunTime:0.001769s ]
INFO: [ view_parse ] --START--
INFO: [ template_filter ] --START--
INFO: Run Behavior\ContentReplaceBehavior [ RunTime:0.000576s ]
INFO: [ template_filter ] --END-- [ RunTime:0.000666s ]
INFO: Run Behavior\ParseTemplateBehavior [ RunTime:0.051040s ]
INFO: [ view_parse ] --END-- [ RunTime:0.051108s ]
INFO: [ view_filter ] --START--
INFO: Run Behavior\WriteHtmlCacheBehavior [ RunTime:0.000821s ]
INFO: [ view_filter ] --END-- [ RunTime:0.000860s ]
INFO: [ app_end ] --START--
INFO: Run Behavior\ShowPageTraceBehavior [ RunTime:0.000930s ]
INFO: [ app_end ] --END-- [ RunTime:0.001065s ]

[ 2018-01-26T17:31:21+08:00 ] 211.149.153.13 /index.php?m=Admin&c=User&a=showlist&page=53
INFO: [ app_init ] --START--
INFO: Run Behavior\BuildLiteBehavior [ RunTime:0.000016s ]
INFO: [ app_init ] --END-- [ RunTime:0.000396s ]
INFO: [ app_begin ] --START--
INFO: Run Behavior\ReadHtmlCacheBehavior [ RunTime:0.000481s ]
INFO: Run Behavior\CheckLangBehavior [ RunTime:0.000892s ]
INFO: [ app_begin ] --END-- [ RunTime:0.001445s ]
SQL: SHOW COLUMNS FROM `user` [ RunTime:0.0014s ]
SQL: SELECT COUNT(*) AS tp_count FROM `user` LIMIT 1   [ RunTime:0.0001s ]
SQL: SELECT * FROM `user` ORDER BY id desc LIMIT 1040,20   [ RunTime:0.0045s ]
SQL: SHOW COLUMNS FROM `member` [ RunTime:0.0010s ]
SQL: SELECT `id`,`name`,`key` FROM `member`  [ RunTime:0.0001s ]
INFO: [ view_parse ] --START--
INFO: [ template_filter ] --START--
INFO: Run Behavior\ContentReplaceBehavior [ RunTime:0.004774s ]
INFO: [ template_filter ] --END-- [ RunTime:0.004905s ]
NOTIC: [8] Use of undefined constant male - assumed 'male' /www/wwwroot/1107.tech/App/Runtime/Cache/Admin/1ebb7eba461ed748a0b4501c039f98ca.php 第 166 行.
NOTIC: [8] Use of undefined constant female - assumed 'female' /www/wwwroot/1107.tech/App/Runtime/Cache/Admin/1ebb7eba461ed748a0b4501c039f98ca.php 第 167 行.
NOTIC: [8] Undefined index: salary /www/wwwroot/1107.tech/App/Runtime/Cache/Admin/1ebb7eba461ed748a0b4501c039f98ca.php 第 172 行.
NOTIC: [8] Use of undefined constant male - assumed 'male' /www/wwwroot/1107.tech/App/Runtime/Cache/Admin/1ebb7eba461ed748a0b4501c039f98ca.php 第 166 行.
NOTIC: [8] Use of undefined constant female - assumed 'female' /www/wwwroot/1107.tech/App/Runtime/Cache/Admin/1ebb7eba461ed748a0b4501c039f98ca.php 第 167 行.
NOTIC: [8] Undefined index: salary /www/wwwroot/1107.tech/App/Runtime/Cache/Admin/1ebb7eba461ed748a0b4501c039f98ca.php 第 172 行.
NOTIC: [8] Use of undefined constant male - assumed 'male' /www/wwwroot/1107.tech/App/Runtime/Cache/Admin/1ebb7eba461ed748a0b4501c039f98ca.php 第 166 行.
NOTIC: [8] Use of undefined constant female - assumed 'female' /www/wwwroot/1107.tech/App/Runtime/Cache/Admin/1ebb7eba461ed748a0b4501c039f98ca.php 第 167 行.
NOTIC: [8] Undefined index: salary /www/wwwroot/1107.tech/App/Runtime/Cache/Admin/1ebb7eba461ed748a0b4501c039f98ca.php 第 172 行.
NOTIC: [8] Use of undefined constant male - assumed 'male' /www/wwwroot/1107.tech/App/Runtime/Cache/Admin/1ebb7eba461ed748a0b4501c039f98ca.php 第 166 行.
NOTIC: [8] Use of undefined constant female - assumed 'female' /www/wwwroot/1107.tech/App/Runtime/Cache/Admin/1ebb7eba461ed748a0b4501c039f98ca.php 第 167 行.
NOTIC: [8] Undefined index: salary /www/wwwroot/1107.tech/App/Runtime/Cache/Admin/1ebb7eba461ed748a0b4501c039f98ca.php 第 172 行.
NOTIC: [8] Use of undefined constant male - assumed 'male' /www/wwwroot/1107.tech/App/Runtime/Cache/Admin/1ebb7eba461ed748a0b4501c039f98ca.php 第 166 行.
NOTIC: [8] Use of undefined constant female - assumed 'female' /www/wwwroot/1107.tech/App/Runtime/Cache/Admin/1ebb7eba461ed748a0b4501c039f98ca.php 第 167 行.
NOTIC: [8] Undefined index: salary /www/wwwroot/1107.tech/App/Runtime/Cache/Admin/1ebb7eba461ed748a0b4501c039f98ca.php 第 172 行.
NOTIC: [8] Use of undefined constant male - assumed 'male' /www/wwwroot/1107.tech/App/Runtime/Cache/Admin/1ebb7eba461ed748a0b4501c039f98ca.php 第 166 行.
NOTIC: [8] Use of undefined constant female - assumed 'female' /www/wwwroot/1107.tech/App/Runtime/Cache/Admin/1ebb7eba461ed748a0b4501c039f98ca.php 第 167 行.
NOTIC: [8] Undefined index: salary /www/wwwroot/1107.tech/App/Runtime/Cache/Admin/1ebb7eba461ed748a0b4501c039f98ca.php 第 172 行.
NOTIC: [8] Use of undefined constant male - assumed 'male' /www/wwwroot/1107.tech/App/Runtime/Cache/Admin/1ebb7eba461ed748a0b4501c039f98ca.php 第 166 行.
NOTIC: [8] Use of undefined constant female - assumed 'female' /www/wwwroot/1107.tech/App/Runtime/Cache/Admin/1ebb7eba461ed748a0b4501c039f98ca.php 第 167 行.
NOTIC: [8] Undefined index: salary /www/wwwroot/1107.tech/App/Runtime/Cache/Admin/1ebb7eba461ed748a0b4501c039f98ca.php 第 172 行.
NOTIC: [8] Use of undefined constant male - assumed 'male' /www/wwwroot/1107.tech/App/Runtime/Cache/Admin/1ebb7eba461ed748a0b4501c039f98ca.php 第 166 行.
NOTIC: [8] Use of undefined constant female - assumed 'female' /www/wwwroot/1107.tech/App/Runtime/Cache/Admin/1ebb7eba461ed748a0b4501c039f98ca.php 第 167 行.
NOTIC: [8] Undefined index: salary /www/wwwroot/1107.tech/App/Runtime/Cache/Admin/1ebb7eba461ed748a0b4501c039f98ca.php 第 172 行.
NOTIC: [8] Use of undefined constant male - assumed 'male' /www/wwwroot/1107.tech/App/Runtime/Cache/Admin/1ebb7eba461ed748a0b4501c039f98ca.php 第 166 行.
NOTIC: [8] Use of undefined constant female - assumed 'female' /www/wwwroot/1107.tech/App/Runtime/Cache/Admin/1ebb7eba461ed748a0b4501c039f98ca.php 第 167 行.
NOTIC: [8] Undefined index: salary /www/wwwroot/1107.tech/App/Runtime/Cache/Admin/1ebb7eba461ed748a0b4501c039f98ca.php 第 172 行.
NOTIC: [8] Use of undefined constant male - assumed 'male' /www/wwwroot/1107.tech/App/Runtime/Cache/Admin/1ebb7eba461ed748a0b4501c039f98ca.php 第 166 行.
NOTIC: [8] Use of undefined constant female - assumed 'female' /www/wwwroot/1107.tech/App/Runtime/Cache/Admin/1ebb7eba461ed748a0b4501c039f98ca.php 第 167 行.
NOTIC: [8] Undefined index: salary /www/wwwroot/1107.tech/App/Runtime/Cache/Admin/1ebb7eba461ed748a0b4501c039f98ca.php 第 172 行.
NOTIC: [8] Use of undefined constant male - assumed 'male' /www/wwwroot/1107.tech/App/Runtime/Cache/Admin/1ebb7eba461ed748a0b4501c039f98ca.php 第 166 行.
NOTIC: [8] Use of undefined constant female - assumed 'female' /www/wwwroot/1107.tech/App/Runtime/Cache/Admin/1ebb7eba461ed748a0b4501c039f98ca.php 第 167 行.
NOTIC: [8] Undefined index: salary /www/wwwroot/1107.tech/App/Runtime/Cache/Admin/1ebb7eba461ed748a0b4501c039f98ca.php 第 172 行.
NOTIC: [8] Use of undefined constant male - assumed 'male' /www/wwwroot/1107.tech/App/Runtime/Cache/Admin/1ebb7eba461ed748a0b4501c039f98ca.php 第 166 行.
NOTIC: [8] Use of undefined constant female - assumed 'female' /www/wwwroot/1107.tech/App/Runtime/Cache/Admin/1ebb7eba461ed748a0b4501c039f98ca.php 第 167 行.
NOTIC: [8] Undefined index: salary /www/wwwroot/1107.tech/App/Runtime/Cache/Admin/1ebb7eba461ed748a0b4501c039f98ca.php 第 172 行.
NOTIC: [8] Use of undefined constant male - assumed 'male' /www/wwwroot/1107.tech/App/Runtime/Cache/Admin/1ebb7eba461ed748a0b4501c039f98ca.php 第 166 行.
NOTIC: [8] Use of undefined constant female - assumed 'female' /www/wwwroot/1107.tech/App/Runtime/Cache/Admin/1ebb7eba461ed748a0b4501c039f98ca.php 第 167 行.
NOTIC: [8] Undefined index: salary /www/wwwroot/1107.tech/App/Runtime/Cache/Admin/1ebb7eba461ed748a0b4501c039f98ca.php 第 172 行.
NOTIC: [8] Use of undefined constant male - assumed 'male' /www/wwwroot/1107.tech/App/Runtime/Cache/Admin/1ebb7eba461ed748a0b4501c039f98ca.php 第 166 行.
NOTIC: [8] Use of undefined constant female - assumed 'female' /www/wwwroot/1107.tech/App/Runtime/Cache/Admin/1ebb7eba461ed748a0b4501c039f98ca.php 第 167 行.
NOTIC: [8] Undefined index: salary /www/wwwroot/1107.tech/App/Runtime/Cache/Admin/1ebb7eba461ed748a0b4501c039f98ca.php 第 172 行.
NOTIC: [8] Use of undefined constant male - assumed 'male' /www/wwwroot/1107.tech/App/Runtime/Cache/Admin/1ebb7eba461ed748a0b4501c039f98ca.php 第 166 行.
NOTIC: [8] Use of undefined constant female - assumed 'female' /www/wwwroot/1107.tech/App/Runtime/Cache/Admin/1ebb7eba461ed748a0b4501c039f98ca.php 第 167 行.
NOTIC: [8] Undefined index: salary /www/wwwroot/1107.tech/App/Runtime/Cache/Admin/1ebb7eba461ed748a0b4501c039f98ca.php 第 172 行.
INFO: Run Behavior\ParseTemplateBehavior [ RunTime:0.249475s ]
INFO: [ view_parse ] --END-- [ RunTime:0.249527s ]
INFO: [ view_filter ] --START--
INFO: Run Behavior\WriteHtmlCacheBehavior [ RunTime:0.000356s ]
INFO: [ view_filter ] --END-- [ RunTime:0.000403s ]
INFO: [ app_end ] --START--
INFO: Run Behavior\ShowPageTraceBehavior [ RunTime:0.000954s ]
INFO: [ app_end ] --END-- [ RunTime:0.001095s ]

[ 2018-01-26T17:31:29+08:00 ] 211.149.153.12 /index.php?m=Admin&c=User&a=showlist&page=1
INFO: [ app_init ] --START--
INFO: Run Behavior\BuildLiteBehavior [ RunTime:0.000015s ]
INFO: [ app_init ] --END-- [ RunTime:0.000318s ]
INFO: [ app_begin ] --START--
INFO: Run Behavior\ReadHtmlCacheBehavior [ RunTime:0.000431s ]
INFO: Run Behavior\CheckLangBehavior [ RunTime:0.000808s ]
INFO: [ app_begin ] --END-- [ RunTime:0.001310s ]
SQL: SHOW COLUMNS FROM `user` [ RunTime:0.0015s ]
SQL: SELECT COUNT(*) AS tp_count FROM `user` LIMIT 1   [ RunTime:0.0001s ]
SQL: SELECT * FROM `user` ORDER BY id desc LIMIT 0,20   [ RunTime:0.0003s ]
SQL: SHOW COLUMNS FROM `member` [ RunTime:0.0006s ]
SQL: SELECT `id`,`name`,`key` FROM `member`  [ RunTime:0.0001s ]
INFO: [ view_parse ] --START--
INFO: [ template_filter ] --START--
INFO: Run Behavior\ContentReplaceBehavior [ RunTime:0.004984s ]
INFO: [ template_filter ] --END-- [ RunTime:0.005108s ]
NOTIC: [8] Use of undefined constant male - assumed 'male' /www/wwwroot/1107.tech/App/Runtime/Cache/Admin/1ebb7eba461ed748a0b4501c039f98ca.php 第 166 行.
NOTIC: [8] Use of undefined constant female - assumed 'female' /www/wwwroot/1107.tech/App/Runtime/Cache/Admin/1ebb7eba461ed748a0b4501c039f98ca.php 第 167 行.
NOTIC: [8] Undefined index: salary /www/wwwroot/1107.tech/App/Runtime/Cache/Admin/1ebb7eba461ed748a0b4501c039f98ca.php 第 172 行.
NOTIC: [8] Use of undefined constant male - assumed 'male' /www/wwwroot/1107.tech/App/Runtime/Cache/Admin/1ebb7eba461ed748a0b4501c039f98ca.php 第 166 行.
NOTIC: [8] Use of undefined constant female - assumed 'female' /www/wwwroot/1107.tech/App/Runtime/Cache/Admin/1ebb7eba461ed748a0b4501c039f98ca.php 第 167 行.
NOTIC: [8] Undefined index: salary /www/wwwroot/1107.tech/App/Runtime/Cache/Admin/1ebb7eba461ed748a0b4501c039f98ca.php 第 172 行.
NOTIC: [8] Use of undefined constant male - assumed 'male' /www/wwwroot/1107.tech/App/Runtime/Cache/Admin/1ebb7eba461ed748a0b4501c039f98ca.php 第 166 行.
NOTIC: [8] Use of undefined constant female - assumed 'female' /www/wwwroot/1107.tech/App/Runtime/Cache/Admin/1ebb7eba461ed748a0b4501c039f98ca.php 第 167 行.
NOTIC: [8] Undefined index: salary /www/wwwroot/1107.tech/App/Runtime/Cache/Admin/1ebb7eba461ed748a0b4501c039f98ca.php 第 172 行.
NOTIC: [8] Use of undefined constant male - assumed 'male' /www/wwwroot/1107.tech/App/Runtime/Cache/Admin/1ebb7eba461ed748a0b4501c039f98ca.php 第 166 行.
NOTIC: [8] Use of undefined constant female - assumed 'female' /www/wwwroot/1107.tech/App/Runtime/Cache/Admin/1ebb7eba461ed748a0b4501c039f98ca.php 第 167 行.
NOTIC: [8] Undefined index: salary /www/wwwroot/1107.tech/App/Runtime/Cache/Admin/1ebb7eba461ed748a0b4501c039f98ca.php 第 172 行.
NOTIC: [8] Use of undefined constant male - assumed 'male' /www/wwwroot/1107.tech/App/Runtime/Cache/Admin/1ebb7eba461ed748a0b4501c039f98ca.php 第 166 行.
NOTIC: [8] Use of undefined constant female - assumed 'female' /www/wwwroot/1107.tech/App/Runtime/Cache/Admin/1ebb7eba461ed748a0b4501c039f98ca.php 第 167 行.
NOTIC: [8] Undefined index: salary /www/wwwroot/1107.tech/App/Runtime/Cache/Admin/1ebb7eba461ed748a0b4501c039f98ca.php 第 172 行.
NOTIC: [8] Use of undefined constant male - assumed 'male' /www/wwwroot/1107.tech/App/Runtime/Cache/Admin/1ebb7eba461ed748a0b4501c039f98ca.php 第 166 行.
NOTIC: [8] Use of undefined constant female - assumed 'female' /www/wwwroot/1107.tech/App/Runtime/Cache/Admin/1ebb7eba461ed748a0b4501c039f98ca.php 第 167 行.
NOTIC: [8] Undefined index: salary /www/wwwroot/1107.tech/App/Runtime/Cache/Admin/1ebb7eba461ed748a0b4501c039f98ca.php 第 172 行.
NOTIC: [8] Use of undefined constant male - assumed 'male' /www/wwwroot/1107.tech/App/Runtime/Cache/Admin/1ebb7eba461ed748a0b4501c039f98ca.php 第 166 行.
NOTIC: [8] Use of undefined constant female - assumed 'female' /www/wwwroot/1107.tech/App/Runtime/Cache/Admin/1ebb7eba461ed748a0b4501c039f98ca.php 第 167 行.
NOTIC: [8] Undefined index: salary /www/wwwroot/1107.tech/App/Runtime/Cache/Admin/1ebb7eba461ed748a0b4501c039f98ca.php 第 172 行.
NOTIC: [8] Use of undefined constant male - assumed 'male' /www/wwwroot/1107.tech/App/Runtime/Cache/Admin/1ebb7eba461ed748a0b4501c039f98ca.php 第 166 行.
NOTIC: [8] Use of undefined constant female - assumed 'female' /www/wwwroot/1107.tech/App/Runtime/Cache/Admin/1ebb7eba461ed748a0b4501c039f98ca.php 第 167 行.
NOTIC: [8] Undefined index: salary /www/wwwroot/1107.tech/App/Runtime/Cache/Admin/1ebb7eba461ed748a0b4501c039f98ca.php 第 172 行.
NOTIC: [8] Use of undefined constant male - assumed 'male' /www/wwwroot/1107.tech/App/Runtime/Cache/Admin/1ebb7eba461ed748a0b4501c039f98ca.php 第 166 行.
NOTIC: [8] Use of undefined constant female - assumed 'female' /www/wwwroot/1107.tech/App/Runtime/Cache/Admin/1ebb7eba461ed748a0b4501c039f98ca.php 第 167 行.
NOTIC: [8] Undefined index: salary /www/wwwroot/1107.tech/App/Runtime/Cache/Admin/1ebb7eba461ed748a0b4501c039f98ca.php 第 172 行.
NOTIC: [8] Use of undefined constant male - assumed 'male' /www/wwwroot/1107.tech/App/Runtime/Cache/Admin/1ebb7eba461ed748a0b4501c039f98ca.php 第 166 行.
NOTIC: [8] Use of undefined constant female - assumed 'female' /www/wwwroot/1107.tech/App/Runtime/Cache/Admin/1ebb7eba461ed748a0b4501c039f98ca.php 第 167 行.
NOTIC: [8] Undefined index: salary /www/wwwroot/1107.tech/App/Runtime/Cache/Admin/1ebb7eba461ed748a0b4501c039f98ca.php 第 172 行.
NOTIC: [8] Use of undefined constant male - assumed 'male' /www/wwwroot/1107.tech/App/Runtime/Cache/Admin/1ebb7eba461ed748a0b4501c039f98ca.php 第 166 行.
NOTIC: [8] Use of undefined constant female - assumed 'female' /www/wwwroot/1107.tech/App/Runtime/Cache/Admin/1ebb7eba461ed748a0b4501c039f98ca.php 第 167 行.
NOTIC: [8] Undefined index: salary /www/wwwroot/1107.tech/App/Runtime/Cache/Admin/1ebb7eba461ed748a0b4501c039f98ca.php 第 172 行.
NOTIC: [8] Use of undefined constant male - assumed 'male' /www/wwwroot/1107.tech/App/Runtime/Cache/Admin/1ebb7eba461ed748a0b4501c039f98ca.php 第 166 行.
NOTIC: [8] Use of undefined constant female - assumed 'female' /www/wwwroot/1107.tech/App/Runtime/Cache/Admin/1ebb7eba461ed748a0b4501c039f98ca.php 第 167 行.
NOTIC: [8] Undefined index: salary /www/wwwroot/1107.tech/App/Runtime/Cache/Admin/1ebb7eba461ed748a0b4501c039f98ca.php 第 172 行.
NOTIC: [8] Use of undefined constant male - assumed 'male' /www/wwwroot/1107.tech/App/Runtime/Cache/Admin/1ebb7eba461ed748a0b4501c039f98ca.php 第 166 行.
NOTIC: [8] Use of undefined constant female - assumed 'female' /www/wwwroot/1107.tech/App/Runtime/Cache/Admin/1ebb7eba461ed748a0b4501c039f98ca.php 第 167 行.
NOTIC: [8] Undefined index: salary /www/wwwroot/1107.tech/App/Runtime/Cache/Admin/1ebb7eba461ed748a0b4501c039f98ca.php 第 172 行.
NOTIC: [8] Use of undefined constant male - assumed 'male' /www/wwwroot/1107.tech/App/Runtime/Cache/Admin/1ebb7eba461ed748a0b4501c039f98ca.php 第 166 行.
NOTIC: [8] Use of undefined constant female - assumed 'female' /www/wwwroot/1107.tech/App/Runtime/Cache/Admin/1ebb7eba461ed748a0b4501c039f98ca.php 第 167 行.
NOTIC: [8] Undefined index: salary /www/wwwroot/1107.tech/App/Runtime/Cache/Admin/1ebb7eba461ed748a0b4501c039f98ca.php 第 172 行.
NOTIC: [8] Use of undefined constant male - assumed 'male' /www/wwwroot/1107.tech/App/Runtime/Cache/Admin/1ebb7eba461ed748a0b4501c039f98ca.php 第 166 行.
NOTIC: [8] Use of undefined constant female - assumed 'female' /www/wwwroot/1107.tech/App/Runtime/Cache/Admin/1ebb7eba461ed748a0b4501c039f98ca.php 第 167 行.
NOTIC: [8] Undefined index: salary /www/wwwroot/1107.tech/App/Runtime/Cache/Admin/1ebb7eba461ed748a0b4501c039f98ca.php 第 172 行.
NOTIC: [8] Use of undefined constant male - assumed 'male' /www/wwwroot/1107.tech/App/Runtime/Cache/Admin/1ebb7eba461ed748a0b4501c039f98ca.php 第 166 行.
NOTIC: [8] Use of undefined constant female - assumed 'female' /www/wwwroot/1107.tech/App/Runtime/Cache/Admin/1ebb7eba461ed748a0b4501c039f98ca.php 第 167 行.
NOTIC: [8] Undefined index: salary /www/wwwroot/1107.tech/App/Runtime/Cache/Admin/1ebb7eba461ed748a0b4501c039f98ca.php 第 172 行.
NOTIC: [8] Use of undefined constant male - assumed 'male' /www/wwwroot/1107.tech/App/Runtime/Cache/Admin/1ebb7eba461ed748a0b4501c039f98ca.php 第 166 行.
NOTIC: [8] Use of undefined constant female - assumed 'female' /www/wwwroot/1107.tech/App/Runtime/Cache/Admin/1ebb7eba461ed748a0b4501c039f98ca.php 第 167 行.
NOTIC: [8] Undefined index: salary /www/wwwroot/1107.tech/App/Runtime/Cache/Admin/1ebb7eba461ed748a0b4501c039f98ca.php 第 172 行.
NOTIC: [8] Use of undefined constant male - assumed 'male' /www/wwwroot/1107.tech/App/Runtime/Cache/Admin/1ebb7eba461ed748a0b4501c039f98ca.php 第 166 行.
NOTIC: [8] Use of undefined constant female - assumed 'female' /www/wwwroot/1107.tech/App/Runtime/Cache/Admin/1ebb7eba461ed748a0b4501c039f98ca.php 第 167 行.
NOTIC: [8] Undefined index: salary /www/wwwroot/1107.tech/App/Runtime/Cache/Admin/1ebb7eba461ed748a0b4501c039f98ca.php 第 172 行.
NOTIC: [8] Use of undefined constant male - assumed 'male' /www/wwwroot/1107.tech/App/Runtime/Cache/Admin/1ebb7eba461ed748a0b4501c039f98ca.php 第 166 行.
NOTIC: [8] Use of undefined constant female - assumed 'female' /www/wwwroot/1107.tech/App/Runtime/Cache/Admin/1ebb7eba461ed748a0b4501c039f98ca.php 第 167 行.
NOTIC: [8] Undefined index: salary /www/wwwroot/1107.tech/App/Runtime/Cache/Admin/1ebb7eba461ed748a0b4501c039f98ca.php 第 172 行.
NOTIC: [8] Use of undefined constant male - assumed 'male' /www/wwwroot/1107.tech/App/Runtime/Cache/Admin/1ebb7eba461ed748a0b4501c039f98ca.php 第 166 行.
NOTIC: [8] Use of undefined constant female - assumed 'female' /www/wwwroot/1107.tech/App/Runtime/Cache/Admin/1ebb7eba461ed748a0b4501c039f98ca.php 第 167 行.
NOTIC: [8] Undefined index: salary /www/wwwroot/1107.tech/App/Runtime/Cache/Admin/1ebb7eba461ed748a0b4501c039f98ca.php 第 172 行.
INFO: Run Behavior\ParseTemplateBehavior [ RunTime:0.231805s ]
INFO: [ view_parse ] --END-- [ RunTime:0.231859s ]
INFO: [ view_filter ] --START--
INFO: Run Behavior\WriteHtmlCacheBehavior [ RunTime:0.000385s ]
INFO: [ view_filter ] --END-- [ RunTime:0.000428s ]
INFO: [ app_end ] --START--
INFO: Run Behavior\ShowPageTraceBehavior [ RunTime:0.000928s ]
INFO: [ app_end ] --END-- [ RunTime:0.001025s ]

[ 2018-01-26T17:31:41+08:00 ] 211.149.153.12 /index.php?m=Admin&c=Login&a=login
INFO: [ app_init ] --START--
INFO: Run Behavior\BuildLiteBehavior [ RunTime:0.000021s ]
INFO: [ app_init ] --END-- [ RunTime:0.000437s ]
INFO: [ app_begin ] --START--
INFO: Run Behavior\ReadHtmlCacheBehavior [ RunTime:0.000490s ]
INFO: Run Behavior\CheckLangBehavior [ RunTime:0.000901s ]
INFO: [ app_begin ] --END-- [ RunTime:0.001471s ]
INFO: [ view_parse ] --START--
INFO: [ template_filter ] --START--
INFO: Run Behavior\ContentReplaceBehavior [ RunTime:0.000558s ]
INFO: [ template_filter ] --END-- [ RunTime:0.000661s ]
INFO: Run Behavior\ParseTemplateBehavior [ RunTime:0.048652s ]
INFO: [ view_parse ] --END-- [ RunTime:0.048718s ]
INFO: [ view_filter ] --START--
INFO: Run Behavior\WriteHtmlCacheBehavior [ RunTime:0.000255s ]
INFO: [ view_filter ] --END-- [ RunTime:0.000293s ]
INFO: [ app_end ] --START--
INFO: Run Behavior\ShowPageTraceBehavior [ RunTime:0.000729s ]
INFO: [ app_end ] --END-- [ RunTime:0.000826s ]

[ 2018-01-26T17:31:56+08:00 ] 211.149.153.13 /index.php?m=admin
INFO: [ app_init ] --START--
INFO: Run Behavior\BuildLiteBehavior [ RunTime:0.000016s ]
INFO: [ app_init ] --END-- [ RunTime:0.000323s ]
INFO: [ app_begin ] --START--
INFO: Run Behavior\ReadHtmlCacheBehavior [ RunTime:0.000403s ]
INFO: Run Behavior\CheckLangBehavior [ RunTime:0.000959s ]
INFO: [ app_begin ] --END-- [ RunTime:0.001437s ]
INFO: [ view_parse ] --START--
INFO: [ template_filter ] --START--
INFO: Run Behavior\ContentReplaceBehavior [ RunTime:0.000041s ]
INFO: [ template_filter ] --END-- [ RunTime:0.000095s ]
INFO: Run Behavior\ParseTemplateBehavior [ RunTime:0.005469s ]
INFO: [ view_parse ] --END-- [ RunTime:0.005512s ]
INFO: [ view_filter ] --START--
INFO: Run Behavior\WriteHtmlCacheBehavior [ RunTime:0.000187s ]
INFO: [ view_filter ] --END-- [ RunTime:0.000221s ]

[ 2018-01-26T17:31:59+08:00 ] 211.149.153.12 /index.php?m=Admin&c=Admin&a=admin
INFO: [ app_init ] --START--
INFO: Run Behavior\BuildLiteBehavior [ RunTime:0.000023s ]
INFO: [ app_init ] --END-- [ RunTime:0.000559s ]
INFO: [ app_begin ] --START--
INFO: Run Behavior\ReadHtmlCacheBehavior [ RunTime:0.000567s ]
INFO: Run Behavior\CheckLangBehavior [ RunTime:0.000994s ]
INFO: [ app_begin ] --END-- [ RunTime:0.001632s ]
INFO: [ view_parse ] --START--
INFO: [ template_filter ] --START--
INFO: Run Behavior\ContentReplaceBehavior [ RunTime:0.000065s ]
INFO: [ template_filter ] --END-- [ RunTime:0.000151s ]
INFO: Run Behavior\ParseTemplateBehavior [ RunTime:0.007049s ]
INFO: [ view_parse ] --END-- [ RunTime:0.007122s ]
INFO: [ view_filter ] --START--
INFO: Run Behavior\WriteHtmlCacheBehavior [ RunTime:0.000204s ]
INFO: [ view_filter ] --END-- [ RunTime:0.000240s ]

[ 2018-01-26T17:32:00+08:00 ] 211.149.153.12 /index.php?m=Admin&c=Login&a=login
INFO: [ app_init ] --START--
INFO: Run Behavior\BuildLiteBehavior [ RunTime:0.000017s ]
INFO: [ app_init ] --END-- [ RunTime:0.000369s ]
INFO: [ app_begin ] --START--
INFO: Run Behavior\ReadHtmlCacheBehavior [ RunTime:0.000405s ]
INFO: Run Behavior\CheckLangBehavior [ RunTime:0.000803s ]
INFO: [ app_begin ] --END-- [ RunTime:0.001278s ]
INFO: [ view_parse ] --START--
INFO: [ template_filter ] --START--
INFO: Run Behavior\ContentReplaceBehavior [ RunTime:0.000628s ]
INFO: [ template_filter ] --END-- [ RunTime:0.000733s ]
INFO: Run Behavior\ParseTemplateBehavior [ RunTime:0.047832s ]
INFO: [ view_parse ] --END-- [ RunTime:0.047896s ]
INFO: [ view_filter ] --START--
INFO: Run Behavior\WriteHtmlCacheBehavior [ RunTime:0.000244s ]
INFO: [ view_filter ] --END-- [ RunTime:0.000300s ]
INFO: [ app_end ] --START--
INFO: Run Behavior\ShowPageTraceBehavior [ RunTime:0.000743s ]
INFO: [ app_end ] --END-- [ RunTime:0.000832s ]

[ 2018-01-26T17:32:01+08:00 ] 211.149.153.12 /index.php?m=Admin&c=Login&a=login
INFO: [ app_init ] --START--
INFO: Run Behavior\BuildLiteBehavior [ RunTime:0.000026s ]
INFO: [ app_init ] --END-- [ RunTime:0.000504s ]
INFO: [ app_begin ] --START--
INFO: Run Behavior\ReadHtmlCacheBehavior [ RunTime:0.000458s ]
INFO: Run Behavior\CheckLangBehavior [ RunTime:0.000873s ]
INFO: [ app_begin ] --END-- [ RunTime:0.001424s ]
INFO: [ view_parse ] --START--
INFO: [ template_filter ] --START--
INFO: Run Behavior\ContentReplaceBehavior [ RunTime:0.000646s ]
INFO: [ template_filter ] --END-- [ RunTime:0.000732s ]
INFO: Run Behavior\ParseTemplateBehavior [ RunTime:0.053477s ]
INFO: [ view_parse ] --END-- [ RunTime:0.053586s ]
INFO: [ view_filter ] --START--
INFO: Run Behavior\WriteHtmlCacheBehavior [ RunTime:0.000448s ]
INFO: [ view_filter ] --END-- [ RunTime:0.000514s ]
INFO: [ app_end ] --START--
INFO: Run Behavior\ShowPageTraceBehavior [ RunTime:0.001117s ]
INFO: [ app_end ] --END-- [ RunTime:0.001238s ]

