[ 2018-01-26T09:27:58+08:00 ] 211.149.153.14 /index.php?m=Wap&c=Index&a=index
INFO: [ app_init ] --START--
INFO: Run Behavior\BuildLiteBehavior [ RunTime:0.000018s ]
INFO: [ app_init ] --END-- [ RunTime:0.000346s ]
INFO: [ app_begin ] --START--
INFO: Run Behavior\ReadHtmlCacheBehavior [ RunTime:0.000434s ]
INFO: Run Behavior\CheckLangBehavior [ RunTime:0.001270s ]
INFO: [ app_begin ] --END-- [ RunTime:0.001787s ]
INFO: [ view_parse ] --START--
INFO: [ template_filter ] --START--
INFO: Run Behavior\ContentReplaceBehavior [ RunTime:0.000975s ]
INFO: [ template_filter ] --END-- [ RunTime:0.001091s ]
INFO: Run Behavior\ParseTemplateBehavior [ RunTime:0.063523s ]
INFO: [ view_parse ] --END-- [ RunTime:0.063620s ]
INFO: [ view_filter ] --START--
INFO: Run Behavior\WriteHtmlCacheBehavior [ RunTime:0.000401s ]
INFO: [ view_filter ] --END-- [ RunTime:0.000483s ]
INFO: [ app_end ] --START--
INFO: Run Behavior\ShowPageTraceBehavior [ RunTime:0.000965s ]
INFO: [ app_end ] --END-- [ RunTime:0.001060s ]

[ 2018-01-26T09:27:59+08:00 ] 211.149.153.14 /index.php?m=Wap&c=Index&a=index
INFO: [ app_init ] --START--
INFO: Run Behavior\BuildLiteBehavior [ RunTime:0.000018s ]
INFO: [ app_init ] --END-- [ RunTime:0.000385s ]
INFO: [ app_begin ] --START--
INFO: Run Behavior\ReadHtmlCacheBehavior [ RunTime:0.000440s ]
INFO: Run Behavior\CheckLangBehavior [ RunTime:0.000926s ]
INFO: [ app_begin ] --END-- [ RunTime:0.001449s ]
INFO: [ view_parse ] --START--
INFO: [ template_filter ] --START--
INFO: Run Behavior\ContentReplaceBehavior [ RunTime:0.000858s ]
INFO: [ template_filter ] --END-- [ RunTime:0.000962s ]
INFO: Run Behavior\ParseTemplateBehavior [ RunTime:0.065832s ]
INFO: [ view_parse ] --END-- [ RunTime:0.065907s ]
INFO: [ view_filter ] --START--
INFO: Run Behavior\WriteHtmlCacheBehavior [ RunTime:0.000295s ]
INFO: [ view_filter ] --END-- [ RunTime:0.000346s ]
INFO: [ app_end ] --START--
INFO: Run Behavior\ShowPageTraceBehavior [ RunTime:0.000925s ]
INFO: [ app_end ] --END-- [ RunTime:0.001028s ]

[ 2018-01-26T10:33:33+08:00 ] 211.149.153.12 /index.php?m=Wap&c=Index&a=index
INFO: [ app_init ] --START--
INFO: Run Behavior\BuildLiteBehavior [ RunTime:0.000028s ]
INFO: [ app_init ] --END-- [ RunTime:0.000486s ]
INFO: [ app_begin ] --START--
INFO: Run Behavior\ReadHtmlCacheBehavior [ RunTime:0.001238s ]
INFO: Run Behavior\CheckLangBehavior [ RunTime:0.001074s ]
INFO: [ app_begin ] --END-- [ RunTime:0.002402s ]
INFO: [ view_parse ] --START--
INFO: [ template_filter ] --START--
INFO: Run Behavior\ContentReplaceBehavior [ RunTime:0.000722s ]
INFO: [ template_filter ] --END-- [ RunTime:0.000840s ]
INFO: Run Behavior\ParseTemplateBehavior [ RunTime:0.079371s ]
INFO: [ view_parse ] --END-- [ RunTime:0.079445s ]
INFO: [ view_filter ] --START--
INFO: Run Behavior\WriteHtmlCacheBehavior [ RunTime:0.000268s ]
INFO: [ view_filter ] --END-- [ RunTime:0.000306s ]
INFO: [ app_end ] --START--
INFO: Run Behavior\ShowPageTraceBehavior [ RunTime:0.000686s ]
INFO: [ app_end ] --END-- [ RunTime:0.000764s ]

[ 2018-01-26T18:03:19+08:00 ] 211.149.153.14 /index.php?m=Wap&c=Index&a=index
INFO: [ app_init ] --START--
INFO: Run Behavior\BuildLiteBehavior [ RunTime:0.000017s ]
INFO: [ app_init ] --END-- [ RunTime:0.000361s ]
INFO: [ app_begin ] --START--
INFO: Run Behavior\ReadHtmlCacheBehavior [ RunTime:0.000606s ]
INFO: Run Behavior\CheckLangBehavior [ RunTime:0.000888s ]
INFO: [ app_begin ] --END-- [ RunTime:0.001576s ]
INFO: [ view_parse ] --START--
INFO: [ template_filter ] --START--
INFO: Run Behavior\ContentReplaceBehavior [ RunTime:0.001067s ]
INFO: [ template_filter ] --END-- [ RunTime:0.001170s ]
INFO: Run Behavior\ParseTemplateBehavior [ RunTime:0.071448s ]
INFO: [ view_parse ] --END-- [ RunTime:0.071512s ]
INFO: [ view_filter ] --START--
INFO: Run Behavior\WriteHtmlCacheBehavior [ RunTime:0.000362s ]
INFO: [ view_filter ] --END-- [ RunTime:0.000405s ]
INFO: [ app_end ] --START--
INFO: Run Behavior\ShowPageTraceBehavior [ RunTime:0.001231s ]
INFO: [ app_end ] --END-- [ RunTime:0.001378s ]

[ 2018-01-26T18:04:19+08:00 ] 211.149.153.12 /index.php?m=Wap&c=Index&a=index
INFO: [ app_init ] --START--
INFO: Run Behavior\BuildLiteBehavior [ RunTime:0.000024s ]
INFO: [ app_init ] --END-- [ RunTime:0.000500s ]
INFO: [ app_begin ] --START--
INFO: Run Behavior\ReadHtmlCacheBehavior [ RunTime:0.000731s ]
INFO: Run Behavior\CheckLangBehavior [ RunTime:0.001832s ]
INFO: [ app_begin ] --END-- [ RunTime:0.002693s ]
INFO: [ view_parse ] --START--
INFO: [ template_filter ] --START--
INFO: Run Behavior\ContentReplaceBehavior [ RunTime:0.000743s ]
INFO: [ template_filter ] --END-- [ RunTime:0.000851s ]
INFO: Run Behavior\ParseTemplateBehavior [ RunTime:0.065190s ]
INFO: [ view_parse ] --END-- [ RunTime:0.065276s ]
INFO: [ view_filter ] --START--
INFO: Run Behavior\WriteHtmlCacheBehavior [ RunTime:0.000265s ]
INFO: [ view_filter ] --END-- [ RunTime:0.000307s ]
INFO: [ app_end ] --START--
INFO: Run Behavior\ShowPageTraceBehavior [ RunTime:0.000873s ]
INFO: [ app_end ] --END-- [ RunTime:0.000935s ]

[ 2018-01-26T18:06:37+08:00 ] 211.149.153.14 /index.php?m=Wap&c=Index&a=index
INFO: [ app_init ] --START--
INFO: Run Behavior\BuildLiteBehavior [ RunTime:0.000016s ]
INFO: [ app_init ] --END-- [ RunTime:0.000363s ]
INFO: [ app_begin ] --START--
INFO: Run Behavior\ReadHtmlCacheBehavior [ RunTime:0.000450s ]
INFO: Run Behavior\CheckLangBehavior [ RunTime:0.000874s ]
INFO: [ app_begin ] --END-- [ RunTime:0.001418s ]
INFO: [ view_parse ] --START--
INFO: [ template_filter ] --START--
INFO: Run Behavior\ContentReplaceBehavior [ RunTime:0.000784s ]
INFO: [ template_filter ] --END-- [ RunTime:0.000873s ]
INFO: Run Behavior\ParseTemplateBehavior [ RunTime:0.064321s ]
INFO: [ view_parse ] --END-- [ RunTime:0.064430s ]
INFO: [ view_filter ] --START--
INFO: Run Behavior\WriteHtmlCacheBehavior [ RunTime:0.000384s ]
INFO: [ view_filter ] --END-- [ RunTime:0.000451s ]
INFO: [ app_end ] --START--
INFO: Run Behavior\ShowPageTraceBehavior [ RunTime:0.001096s ]
INFO: [ app_end ] --END-- [ RunTime:0.001183s ]

