[ 2018-02-14T02:06:09+08:00 ] 211.149.153.14 /index.php?m=Wap&c=Pay&a=order
INFO: [ app_init ] --START--
INFO: Run Behavior\BuildLiteBehavior [ RunTime:0.000018s ]
INFO: [ app_init ] --END-- [ RunTime:0.000390s ]
INFO: [ app_begin ] --START--
INFO: Run Behavior\ReadHtmlCacheBehavior [ RunTime:0.000514s ]
INFO: Run Behavior\CheckLangBehavior [ RunTime:0.001046s ]
INFO: [ app_begin ] --END-- [ RunTime:0.001642s ]
SQL: SHOW COLUMNS FROM `user` [ RunTime:0.0015s ]

[ 2018-02-14T02:06:10+08:00 ] 211.149.153.14 /index.php?m=Wap&c=Pay&a=order/index.php?m=Wap&c=Index&a=index
INFO: [ app_init ] --START--
INFO: Run Behavior\BuildLiteBehavior [ RunTime:0.000013s ]
INFO: [ app_init ] --END-- [ RunTime:0.000348s ]
INFO: [ app_begin ] --START--
INFO: Run Behavior\ReadHtmlCacheBehavior [ RunTime:0.000425s ]
INFO: Run Behavior\CheckLangBehavior [ RunTime:0.000915s ]
INFO: [ app_begin ] --END-- [ RunTime:0.001416s ]
INFO: [ view_parse ] --START--
INFO: [ template_filter ] --START--
INFO: Run Behavior\ContentReplaceBehavior [ RunTime:0.000814s ]
INFO: [ template_filter ] --END-- [ RunTime:0.000923s ]
INFO: Run Behavior\ParseTemplateBehavior [ RunTime:0.059458s ]
INFO: [ view_parse ] --END-- [ RunTime:0.059516s ]
INFO: [ view_filter ] --START--
INFO: Run Behavior\WriteHtmlCacheBehavior [ RunTime:0.000250s ]
INFO: [ view_filter ] --END-- [ RunTime:0.000297s ]
INFO: [ app_end ] --START--
INFO: Run Behavior\ShowPageTraceBehavior [ RunTime:0.000834s ]
INFO: [ app_end ] --END-- [ RunTime:0.000911s ]

[ 2018-02-14T02:06:10+08:00 ] 211.149.153.14 /index.php?m=Wap&c=Pay&a=order
INFO: [ app_init ] --START--
INFO: Run Behavior\BuildLiteBehavior [ RunTime:0.000026s ]
INFO: [ app_init ] --END-- [ RunTime:0.000510s ]
INFO: [ app_begin ] --START--
INFO: Run Behavior\ReadHtmlCacheBehavior [ RunTime:0.000467s ]
INFO: Run Behavior\CheckLangBehavior [ RunTime:0.000911s ]
INFO: [ app_begin ] --END-- [ RunTime:0.001453s ]
SQL: SHOW COLUMNS FROM `user` [ RunTime:0.0022s ]

[ 2018-02-14T02:06:10+08:00 ] 211.149.153.13 /index.php?m=Wap&c=Index&a=index
INFO: [ app_init ] --START--
INFO: Run Behavior\BuildLiteBehavior [ RunTime:0.000024s ]
INFO: [ app_init ] --END-- [ RunTime:0.000583s ]
INFO: [ app_begin ] --START--
INFO: Run Behavior\ReadHtmlCacheBehavior [ RunTime:0.000790s ]
INFO: Run Behavior\CheckLangBehavior [ RunTime:0.001370s ]
INFO: [ app_begin ] --END-- [ RunTime:0.002289s ]
INFO: [ view_parse ] --START--
INFO: [ template_filter ] --START--
INFO: Run Behavior\ContentReplaceBehavior [ RunTime:0.000816s ]
INFO: [ template_filter ] --END-- [ RunTime:0.000908s ]
INFO: Run Behavior\ParseTemplateBehavior [ RunTime:0.068466s ]
INFO: [ view_parse ] --END-- [ RunTime:0.068569s ]
INFO: [ view_filter ] --START--
INFO: Run Behavior\WriteHtmlCacheBehavior [ RunTime:0.000281s ]
INFO: [ view_filter ] --END-- [ RunTime:0.000321s ]
INFO: [ app_end ] --START--
INFO: Run Behavior\ShowPageTraceBehavior [ RunTime:0.000777s ]
INFO: [ app_end ] --END-- [ RunTime:0.000865s ]

[ 2018-02-14T04:05:48+08:00 ] 211.149.153.12 /index.php?m=&&m=Wap&c=Index&a=index
INFO: [ app_init ] --START--
INFO: Run Behavior\BuildLiteBehavior [ RunTime:0.000016s ]
INFO: [ app_init ] --END-- [ RunTime:0.000376s ]
INFO: [ app_begin ] --START--
INFO: Run Behavior\ReadHtmlCacheBehavior [ RunTime:0.000462s ]
INFO: Run Behavior\CheckLangBehavior [ RunTime:0.000899s ]
INFO: [ app_begin ] --END-- [ RunTime:0.001433s ]
INFO: [ view_parse ] --START--
INFO: [ template_filter ] --START--
INFO: Run Behavior\ContentReplaceBehavior [ RunTime:0.000770s ]
INFO: [ template_filter ] --END-- [ RunTime:0.000867s ]
INFO: Run Behavior\ParseTemplateBehavior [ RunTime:0.060438s ]
INFO: [ view_parse ] --END-- [ RunTime:0.060521s ]
INFO: [ view_filter ] --START--
INFO: Run Behavior\WriteHtmlCacheBehavior [ RunTime:0.000260s ]
INFO: [ view_filter ] --END-- [ RunTime:0.000302s ]
INFO: [ app_end ] --START--
INFO: Run Behavior\ShowPageTraceBehavior [ RunTime:0.000783s ]
INFO: [ app_end ] --END-- [ RunTime:0.000860s ]

[ 2018-02-14T04:06:13+08:00 ] 211.149.153.13 /index.php?m=Wap&c=Index&a=login
INFO: [ app_init ] --START--
INFO: Run Behavior\BuildLiteBehavior [ RunTime:0.000017s ]
INFO: [ app_init ] --END-- [ RunTime:0.000369s ]
INFO: [ app_begin ] --START--
INFO: Run Behavior\ReadHtmlCacheBehavior [ RunTime:0.000524s ]
INFO: Run Behavior\CheckLangBehavior [ RunTime:0.000843s ]
INFO: [ app_begin ] --END-- [ RunTime:0.001459s ]
SQL: SHOW COLUMNS FROM `user` [ RunTime:0.0014s ]
SQL: SELECT `id`,`pwd`,`username`,`verify_status` FROM `user` WHERE ( (email = '806927355@qq.com' or username = '806927355@qq.com') and status = 1 ) LIMIT 1   [ RunTime:0.0005s ]
SQL: UPDATE `user` SET `is_online`='1',`last_time`='1518552373' WHERE `id` = 1561 AND `is_visible` = 1 [ RunTime:0.0003s ]
NOTIC: [8] Undefined index: last_time /www/wwwroot/1107.tech/App/Wap/Controller/IndexController.class.php 第 34 行.

[ 2018-02-14T04:06:14+08:00 ] 211.149.153.14 /?m=wap
INFO: [ app_init ] --START--
INFO: Run Behavior\BuildLiteBehavior [ RunTime:0.000016s ]
INFO: [ app_init ] --END-- [ RunTime:0.000336s ]
INFO: [ app_begin ] --START--
INFO: Run Behavior\ReadHtmlCacheBehavior [ RunTime:0.000420s ]
INFO: Run Behavior\CheckLangBehavior [ RunTime:0.000876s ]
INFO: [ app_begin ] --END-- [ RunTime:0.001368s ]
SQL: SHOW COLUMNS FROM `user` [ RunTime:0.0021s ]
SQL: SELECT * FROM `user` WHERE ( id=1561 ) LIMIT 1   [ RunTime:0.0005s ]
SQL: SHOW COLUMNS FROM `web_conf` [ RunTime:0.0011s ]
SQL: SELECT * FROM `web_conf` LIMIT 1   [ RunTime:0.0001s ]
SQL: SHOW COLUMNS FROM `user_like` [ RunTime:0.0007s ]
SQL: SELECT COUNT(*) AS tp_count FROM `user_like` WHERE `target_id` = 1561 AND `is_read` = 0 LIMIT 1   [ RunTime:0.0001s ]
SQL: SHOW COLUMNS FROM `user_gift` [ RunTime:0.0007s ]
SQL: SELECT COUNT(*) AS tp_count FROM `user_gift` WHERE `reciver_id` = 1561 AND `is_read` = 0 LIMIT 1   [ RunTime:0.0001s ]
SQL: SHOW COLUMNS FROM `visitors` [ RunTime:0.0006s ]
SQL: SELECT COUNT(*) AS tp_count FROM `visitors` WHERE `target_id` = 1561 AND `is_read` = 0 LIMIT 1   [ RunTime:0.0005s ]
SQL: SHOW COLUMNS FROM `gift_cate` [ RunTime:0.0008s ]
SQL: SELECT `id`,name_zhcn as name FROM `gift_cate` WHERE `type` = 'virtual'  [ RunTime:0.0001s ]
SQL: SELECT * FROM `web_conf` WHERE ( id=1 ) LIMIT 1   [ RunTime:0.0001s ]
INFO: [ view_parse ] --START--
INFO: [ template_filter ] --START--
INFO: Run Behavior\ContentReplaceBehavior [ RunTime:0.000378s ]
INFO: [ template_filter ] --END-- [ RunTime:0.000460s ]
INFO: Run Behavior\ParseTemplateBehavior [ RunTime:0.034811s ]
INFO: [ view_parse ] --END-- [ RunTime:0.034869s ]
INFO: [ view_filter ] --START--
INFO: Run Behavior\WriteHtmlCacheBehavior [ RunTime:0.000248s ]
INFO: [ view_filter ] --END-- [ RunTime:0.000284s ]
INFO: [ app_end ] --START--
INFO: Run Behavior\ShowPageTraceBehavior [ RunTime:0.000522s ]
INFO: [ app_end ] --END-- [ RunTime:0.000565s ]

[ 2018-02-14T04:06:15+08:00 ] 211.149.153.12 /index.php?m=Wap&c=Birthday&a=index
INFO: [ app_init ] --START--
INFO: Run Behavior\BuildLiteBehavior [ RunTime:0.000020s ]
INFO: [ app_init ] --END-- [ RunTime:0.000643s ]
INFO: [ app_begin ] --START--
INFO: Run Behavior\ReadHtmlCacheBehavior [ RunTime:0.000743s ]
INFO: Run Behavior\CheckLangBehavior [ RunTime:0.001462s ]
INFO: [ app_begin ] --END-- [ RunTime:0.002346s ]
INFO: [ view_parse ] --START--
INFO: [ template_filter ] --START--
INFO: Run Behavior\ContentReplaceBehavior [ RunTime:0.000573s ]
INFO: [ template_filter ] --END-- [ RunTime:0.000654s ]
INFO: Run Behavior\ParseTemplateBehavior [ RunTime:0.052464s ]
INFO: [ view_parse ] --END-- [ RunTime:0.052532s ]
INFO: [ view_filter ] --START--
INFO: Run Behavior\WriteHtmlCacheBehavior [ RunTime:0.000249s ]
INFO: [ view_filter ] --END-- [ RunTime:0.000287s ]
INFO: [ app_end ] --START--
INFO: Run Behavior\ShowPageTraceBehavior [ RunTime:0.000546s ]
INFO: [ app_end ] --END-- [ RunTime:0.000605s ]

[ 2018-02-14T04:06:34+08:00 ] 211.149.153.14 /index.php?m=wap&c=Home&a=user
INFO: [ app_init ] --START--
INFO: Run Behavior\BuildLiteBehavior [ RunTime:0.000019s ]
INFO: [ app_init ] --END-- [ RunTime:0.000399s ]
INFO: [ app_begin ] --START--
INFO: Run Behavior\ReadHtmlCacheBehavior [ RunTime:0.000516s ]
INFO: Run Behavior\CheckLangBehavior [ RunTime:0.000899s ]
INFO: [ app_begin ] --END-- [ RunTime:0.001490s ]
SQL: SHOW COLUMNS FROM `user` [ RunTime:0.0014s ]
SQL: SELECT * FROM `user` WHERE ( id=1561 ) LIMIT 1   [ RunTime:0.0001s ]
SQL: SHOW COLUMNS FROM `web_conf` [ RunTime:0.0007s ]
SQL: SELECT * FROM `web_conf` LIMIT 1   [ RunTime:0.0001s ]
SQL: SHOW COLUMNS FROM `user_like` [ RunTime:0.0005s ]
SQL: SELECT COUNT(*) AS tp_count FROM `user_like` WHERE `target_id` = 1561 AND `is_read` = 0 LIMIT 1   [ RunTime:0.0001s ]
SQL: SHOW COLUMNS FROM `user_gift` [ RunTime:0.0005s ]
SQL: SELECT COUNT(*) AS tp_count FROM `user_gift` WHERE `reciver_id` = 1561 AND `is_read` = 0 LIMIT 1   [ RunTime:0.0001s ]
SQL: SHOW COLUMNS FROM `visitors` [ RunTime:0.0005s ]
SQL: SELECT COUNT(*) AS tp_count FROM `visitors` WHERE `target_id` = 1561 AND `is_read` = 0 LIMIT 1   [ RunTime:0.0001s ]
SQL: SELECT * FROM `user` WHERE ( user.id=1561 ) LIMIT 1   [ RunTime:0.0003s ]
SQL: SELECT `id`,`username` FROM `user` WHERE ( is_service = 1 )  [ RunTime:0.0020s ]
SQL: SHOW COLUMNS FROM `album` [ RunTime:0.0005s ]
SQL: SELECT `id`,`name` FROM `album` WHERE ( user_id = 1561 or user_id = 0 )  [ RunTime:0.0001s ]
SQL: SHOW COLUMNS FROM `photo` [ RunTime:0.0005s ]
SQL: SELECT `id`,`url`,`album` FROM `photo` WHERE `album` = 1 AND `user_id` = 1561  [ RunTime:0.0001s ]
SQL: SELECT `id`,`url`,`album` FROM `photo` WHERE `album` = 2 AND `user_id` = 1561  [ RunTime:0.0001s ]
SQL: SHOW COLUMNS FROM `spot_record` [ RunTime:0.0004s ]
SQL: SELECT * FROM `web_conf` LIMIT 1   [ RunTime:0.0001s ]
SQL: SELECT spot_record.*,user.id as id,user.username as username,user.header as header,user.sex as sex FROM `spot_record` INNER JOIN user on user.id = spot_record.user_id  ORDER BY spot_record.created desc LIMIT 0,20   [ RunTime:0.0004s ]
SQL: SELECT COUNT(*) AS tp_count FROM `user_gift` WHERE `is_read` = 0 AND `reciver_id` = 1561 LIMIT 1   [ RunTime:0.0002s ]
SQL: SELECT COUNT(*) AS tp_count FROM `visitors` WHERE `is_read` = 0 AND `target_id` = 1561 LIMIT 1   [ RunTime:0.0003s ]
SQL: SELECT COUNT(*) AS tp_count FROM `user_like` WHERE `is_read` = 0 AND `target_id` = 1561 LIMIT 1   [ RunTime:0.0001s ]
SQL: SELECT COUNT(*) AS tp_count FROM `user_like` LIMIT 1   [ RunTime:0.0001s ]
SQL: SELECT `price_spot`,`price_google`,`price_human` FROM `web_conf` WHERE ( id=1 ) LIMIT 1   [ RunTime:0.0001s ]
SQL: SHOW COLUMNS FROM `user_sticker` [ RunTime:0.0005s ]
SQL: SELECT user_sticker.*,sticker.name_zhcn as stickername,sticker.img as stickerimg FROM `user_sticker` INNER JOIN sticker on sticker.id = user_sticker.sticker_id  WHERE ( user_sticker.user_id=1561 )  [ RunTime:0.0001s ]
SQL: SHOW COLUMNS FROM `sticker_detail` [ RunTime:0.0004s ]

[ 2018-02-14T04:06:34+08:00 ] 211.149.153.13 /index.php?m=Wap&c=Home&a=getWall
INFO: [ app_init ] --START--
INFO: Run Behavior\BuildLiteBehavior [ RunTime:0.000013s ]
INFO: [ app_init ] --END-- [ RunTime:0.000372s ]
INFO: [ app_begin ] --START--
INFO: Run Behavior\ReadHtmlCacheBehavior [ RunTime:0.000433s ]
INFO: Run Behavior\CheckLangBehavior [ RunTime:0.001031s ]
INFO: [ app_begin ] --END-- [ RunTime:0.001541s ]
SQL: SHOW COLUMNS FROM `user` [ RunTime:0.0012s ]
SQL: SELECT * FROM `user` WHERE ( id=1561 ) LIMIT 1   [ RunTime:0.0001s ]
SQL: SHOW COLUMNS FROM `web_conf` [ RunTime:0.0007s ]
SQL: SELECT * FROM `web_conf` LIMIT 1   [ RunTime:0.0001s ]
SQL: SHOW COLUMNS FROM `user_like` [ RunTime:0.0005s ]
SQL: SELECT COUNT(*) AS tp_count FROM `user_like` WHERE `target_id` = 1561 AND `is_read` = 0 LIMIT 1   [ RunTime:0.0001s ]
SQL: SHOW COLUMNS FROM `user_gift` [ RunTime:0.0005s ]
SQL: SELECT COUNT(*) AS tp_count FROM `user_gift` WHERE `reciver_id` = 1561 AND `is_read` = 0 LIMIT 1   [ RunTime:0.0001s ]
SQL: SHOW COLUMNS FROM `visitors` [ RunTime:0.0004s ]
SQL: SELECT COUNT(*) AS tp_count FROM `visitors` WHERE `target_id` = 1561 AND `is_read` = 0 LIMIT 1   [ RunTime:0.0001s ]
SQL: SHOW COLUMNS FROM `spot_record` [ RunTime:0.0004s ]
SQL: SELECT * FROM `web_conf` LIMIT 1   [ RunTime:0.0001s ]
SQL: SELECT spot_record.*,user.id as id,user.username as username,user.header as header,user.sex as sex FROM `spot_record` INNER JOIN user on user.id = spot_record.user_id  ORDER BY spot_record.created desc LIMIT 0,20   [ RunTime:0.0002s ]

[ 2018-02-14T04:06:34+08:00 ] 211.149.153.12 /index.php?m=Wap&c=Home&a=recommend
INFO: [ app_init ] --START--
INFO: Run Behavior\BuildLiteBehavior [ RunTime:0.000043s ]
INFO: [ app_init ] --END-- [ RunTime:0.000560s ]
INFO: [ app_begin ] --START--
INFO: Run Behavior\ReadHtmlCacheBehavior [ RunTime:0.000453s ]
INFO: Run Behavior\CheckLangBehavior [ RunTime:0.001090s ]
INFO: [ app_begin ] --END-- [ RunTime:0.001618s ]
SQL: SHOW COLUMNS FROM `user` [ RunTime:0.0012s ]
SQL: SELECT * FROM `user` WHERE ( id=1561 ) LIMIT 1   [ RunTime:0.0001s ]
SQL: SHOW COLUMNS FROM `web_conf` [ RunTime:0.0008s ]
SQL: SELECT * FROM `web_conf` LIMIT 1   [ RunTime:0.0001s ]
SQL: SHOW COLUMNS FROM `user_like` [ RunTime:0.0005s ]
SQL: SELECT COUNT(*) AS tp_count FROM `user_like` WHERE `target_id` = 1561 AND `is_read` = 0 LIMIT 1   [ RunTime:0.0001s ]
SQL: SHOW COLUMNS FROM `user_gift` [ RunTime:0.0005s ]
SQL: SELECT COUNT(*) AS tp_count FROM `user_gift` WHERE `reciver_id` = 1561 AND `is_read` = 0 LIMIT 1   [ RunTime:0.0001s ]
SQL: SHOW COLUMNS FROM `visitors` [ RunTime:0.0004s ]
SQL: SELECT COUNT(*) AS tp_count FROM `visitors` WHERE `target_id` = 1561 AND `is_read` = 0 LIMIT 1   [ RunTime:0.0001s ]
SQL: SELECT `sex` FROM `user` WHERE ( id=1561 ) LIMIT 1   [ RunTime:0.0002s ]
SQL: SELECT `id`,`username`,`header`,`sex`,`year`,`month`,`day`,country_zhcn as country,`city`,`level`,`mood`,`is_member`,`deadline`,`is_online`,`inner_member` FROM `user` WHERE `sex` = 'female' ORDER BY is_online desc,header desc LIMIT 0,20   [ RunTime:0.0038s ]
SQL: SHOW COLUMNS FROM `broadcast` [ RunTime:0.0006s ]
SQL: SELECT `content` FROM `broadcast` WHERE ( id=3768 ) LIMIT 1   [ RunTime:0.0001s ]

[ 2018-02-14T04:06:46+08:00 ] 211.149.153.12 /index.php?m=Wap&c=Space&a=profile&friendid=1518
INFO: [ app_init ] --START--
INFO: Run Behavior\BuildLiteBehavior [ RunTime:0.000016s ]
INFO: [ app_init ] --END-- [ RunTime:0.000361s ]
INFO: [ app_begin ] --START--
INFO: Run Behavior\ReadHtmlCacheBehavior [ RunTime:0.000446s ]
INFO: Run Behavior\CheckLangBehavior [ RunTime:0.000969s ]
INFO: [ app_begin ] --END-- [ RunTime:0.001499s ]
SQL: SHOW COLUMNS FROM `user` [ RunTime:0.0015s ]
SQL: SELECT * FROM `user` WHERE ( id=1561 ) LIMIT 1   [ RunTime:0.0003s ]
SQL: SHOW COLUMNS FROM `web_conf` [ RunTime:0.0007s ]
SQL: SELECT * FROM `web_conf` LIMIT 1   [ RunTime:0.0001s ]
SQL: SHOW COLUMNS FROM `user_like` [ RunTime:0.0005s ]
SQL: SELECT COUNT(*) AS tp_count FROM `user_like` WHERE `target_id` = 1561 AND `is_read` = 0 LIMIT 1   [ RunTime:0.0001s ]
SQL: SHOW COLUMNS FROM `user_gift` [ RunTime:0.0005s ]
SQL: SELECT COUNT(*) AS tp_count FROM `user_gift` WHERE `reciver_id` = 1561 AND `is_read` = 0 LIMIT 1   [ RunTime:0.0001s ]
SQL: SHOW COLUMNS FROM `visitors` [ RunTime:0.0005s ]
SQL: SELECT COUNT(*) AS tp_count FROM `visitors` WHERE `target_id` = 1561 AND `is_read` = 0 LIMIT 1   [ RunTime:0.0001s ]
INFO: [ view_parse ] --START--
INFO: [ template_filter ] --START--
INFO: Run Behavior\ContentReplaceBehavior [ RunTime:0.000608s ]
INFO: [ template_filter ] --END-- [ RunTime:0.000695s ]
INFO: Run Behavior\ParseTemplateBehavior [ RunTime:0.049249s ]
INFO: [ view_parse ] --END-- [ RunTime:0.049319s ]
INFO: [ view_filter ] --START--
INFO: Run Behavior\WriteHtmlCacheBehavior [ RunTime:0.000259s ]
INFO: [ view_filter ] --END-- [ RunTime:0.000300s ]
INFO: [ app_end ] --START--
INFO: Run Behavior\ShowPageTraceBehavior [ RunTime:0.000817s ]
INFO: [ app_end ] --END-- [ RunTime:0.000925s ]

[ 2018-02-14T04:06:47+08:00 ] 211.149.153.14 /index.php?m=Wap&c=Space&a=profile&friendid=1370
INFO: [ app_init ] --START--
INFO: Run Behavior\BuildLiteBehavior [ RunTime:0.000018s ]
INFO: [ app_init ] --END-- [ RunTime:0.000407s ]
INFO: [ app_begin ] --START--
INFO: Run Behavior\ReadHtmlCacheBehavior [ RunTime:0.000651s ]
INFO: Run Behavior\CheckLangBehavior [ RunTime:0.000975s ]
INFO: [ app_begin ] --END-- [ RunTime:0.001707s ]
SQL: SHOW COLUMNS FROM `user` [ RunTime:0.0014s ]
SQL: SELECT * FROM `user` WHERE ( id=1561 ) LIMIT 1   [ RunTime:0.0001s ]
SQL: SHOW COLUMNS FROM `web_conf` [ RunTime:0.0007s ]
SQL: SELECT * FROM `web_conf` LIMIT 1   [ RunTime:0.0001s ]
SQL: SHOW COLUMNS FROM `user_like` [ RunTime:0.0005s ]
SQL: SELECT COUNT(*) AS tp_count FROM `user_like` WHERE `target_id` = 1561 AND `is_read` = 0 LIMIT 1   [ RunTime:0.0001s ]
SQL: SHOW COLUMNS FROM `user_gift` [ RunTime:0.0005s ]
SQL: SELECT COUNT(*) AS tp_count FROM `user_gift` WHERE `reciver_id` = 1561 AND `is_read` = 0 LIMIT 1   [ RunTime:0.0001s ]
SQL: SHOW COLUMNS FROM `visitors` [ RunTime:0.0005s ]
SQL: SELECT COUNT(*) AS tp_count FROM `visitors` WHERE `target_id` = 1561 AND `is_read` = 0 LIMIT 1   [ RunTime:0.0001s ]
INFO: [ view_parse ] --START--
INFO: [ template_filter ] --START--
INFO: Run Behavior\ContentReplaceBehavior [ RunTime:0.000606s ]
INFO: [ template_filter ] --END-- [ RunTime:0.000695s ]
INFO: Run Behavior\ParseTemplateBehavior [ RunTime:0.048801s ]
INFO: [ view_parse ] --END-- [ RunTime:0.048877s ]
INFO: [ view_filter ] --START--
INFO: Run Behavior\WriteHtmlCacheBehavior [ RunTime:0.000286s ]
INFO: [ view_filter ] --END-- [ RunTime:0.000324s ]
INFO: [ app_end ] --START--
INFO: Run Behavior\ShowPageTraceBehavior [ RunTime:0.000866s ]
INFO: [ app_end ] --END-- [ RunTime:0.000968s ]

[ 2018-02-14T04:06:49+08:00 ] 211.149.153.12 /index.php?m=Wap&c=Space&a=ajax_profile
INFO: [ app_init ] --START--
INFO: Run Behavior\BuildLiteBehavior [ RunTime:0.000015s ]
INFO: [ app_init ] --END-- [ RunTime:0.000336s ]
INFO: [ app_begin ] --START--
INFO: Run Behavior\ReadHtmlCacheBehavior [ RunTime:0.000421s ]
INFO: Run Behavior\CheckLangBehavior [ RunTime:0.000852s ]
INFO: [ app_begin ] --END-- [ RunTime:0.001347s ]
SQL: SHOW COLUMNS FROM `user` [ RunTime:0.0013s ]
SQL: SELECT * FROM `user` WHERE ( id=1561 ) LIMIT 1   [ RunTime:0.0001s ]
SQL: SHOW COLUMNS FROM `web_conf` [ RunTime:0.0007s ]
SQL: SELECT * FROM `web_conf` LIMIT 1   [ RunTime:0.0001s ]
SQL: SHOW COLUMNS FROM `user_like` [ RunTime:0.0005s ]
SQL: SELECT COUNT(*) AS tp_count FROM `user_like` WHERE `target_id` = 1561 AND `is_read` = 0 LIMIT 1   [ RunTime:0.0001s ]
SQL: SHOW COLUMNS FROM `user_gift` [ RunTime:0.0005s ]
SQL: SELECT COUNT(*) AS tp_count FROM `user_gift` WHERE `reciver_id` = 1561 AND `is_read` = 0 LIMIT 1   [ RunTime:0.0001s ]
SQL: SHOW COLUMNS FROM `visitors` [ RunTime:0.0004s ]
SQL: SELECT COUNT(*) AS tp_count FROM `visitors` WHERE `target_id` = 1561 AND `is_read` = 0 LIMIT 1   [ RunTime:0.0001s ]
SQL: SELECT `id`,`username`,`header`,`email`,`mobile`,`height`,`weight`,`sex`,`year`,`month`,`day`,country_zhcn as country,`city`,`worker`,`sexuality`,`relationship`,`income`,`education`,`level`,`gold`,`mood`,`language`,`is_online`,`is_member`,`deadline`,`inner_member` FROM `user` WHERE ( id=1370 ) LIMIT 1   [ RunTime:0.0003s ]
SQL: SHOW COLUMNS FROM `broadcast` [ RunTime:0.0005s ]
SQL: SELECT `content` FROM `broadcast` WHERE ( id=3768 ) LIMIT 1   [ RunTime:0.0001s ]
NOTIC: [8] Undefined variable: userId /www/wwwroot/1107.tech/App/Wap/Controller/SpaceController.class.php 第 46 行.
NOTIC: [8] Undefined variable: userId /www/wwwroot/1107.tech/App/Wap/Controller/SpaceController.class.php 第 49 行.
SQL: SELECT `id` FROM `visitors` WHERE `source_id` = null AND `target_id` = 1370 LIMIT 1   [ RunTime:0.0002s ]
NOTIC: [8] Undefined variable: userId /www/wwwroot/1107.tech/App/Wap/Controller/SpaceController.class.php 第 61 行.
SQL: INSERT INTO `visitors` (`source_id`,`target_id`,`created`) VALUES (NULL,'1370','1518552409') [ RunTime:0.0003s ]
SQL: SHOW COLUMNS FROM `photo` [ RunTime:0.0004s ]
SQL: SELECT `id`,`url`,`album` FROM `photo` WHERE ( user_id=1370 )  [ RunTime:0.0001s ]
SQL: SHOW COLUMNS FROM `album` [ RunTime:0.0005s ]
SQL: SELECT `id`,`name` FROM `album` WHERE ( user_id = 0 or user_id = 1370 )  [ RunTime:0.0001s ]

[ 2018-02-14T04:07:01+08:00 ] 211.149.153.13 /index.php?m=Wap&c=Home&a=recommend
INFO: [ app_init ] --START--
INFO: Run Behavior\BuildLiteBehavior [ RunTime:0.000018s ]
INFO: [ app_init ] --END-- [ RunTime:0.000388s ]
INFO: [ app_begin ] --START--
INFO: Run Behavior\ReadHtmlCacheBehavior [ RunTime:0.000483s ]
INFO: Run Behavior\CheckLangBehavior [ RunTime:0.000934s ]
INFO: [ app_begin ] --END-- [ RunTime:0.001493s ]
SQL: SHOW COLUMNS FROM `user` [ RunTime:0.0015s ]
SQL: SELECT * FROM `user` WHERE ( id=1561 ) LIMIT 1   [ RunTime:0.0002s ]
SQL: SHOW COLUMNS FROM `web_conf` [ RunTime:0.0007s ]
SQL: SELECT * FROM `web_conf` LIMIT 1   [ RunTime:0.0001s ]
SQL: SHOW COLUMNS FROM `user_like` [ RunTime:0.0006s ]
SQL: SELECT COUNT(*) AS tp_count FROM `user_like` WHERE `target_id` = 1561 AND `is_read` = 0 LIMIT 1   [ RunTime:0.0001s ]
SQL: SHOW COLUMNS FROM `user_gift` [ RunTime:0.0005s ]
SQL: SELECT COUNT(*) AS tp_count FROM `user_gift` WHERE `reciver_id` = 1561 AND `is_read` = 0 LIMIT 1   [ RunTime:0.0001s ]
SQL: SHOW COLUMNS FROM `visitors` [ RunTime:0.0006s ]
SQL: SELECT COUNT(*) AS tp_count FROM `visitors` WHERE `target_id` = 1561 AND `is_read` = 0 LIMIT 1   [ RunTime:0.0004s ]
SQL: SELECT `sex` FROM `user` WHERE ( id=1561 ) LIMIT 1   [ RunTime:0.0002s ]
SQL: SELECT `id`,`username`,`header`,`sex`,`year`,`month`,`day`,country_zhcn as country,`city`,`level`,`mood`,`is_member`,`deadline`,`is_online`,`inner_member` FROM `user` WHERE `sex` = 'female' ORDER BY is_online desc,header desc LIMIT 0,20   [ RunTime:0.0041s ]
SQL: SHOW COLUMNS FROM `broadcast` [ RunTime:0.0008s ]
SQL: SELECT `content` FROM `broadcast` WHERE ( id=3768 ) LIMIT 1   [ RunTime:0.0001s ]

[ 2018-02-14T04:07:11+08:00 ] 211.149.153.14 /index.php?m=Wap&c=Home&a=recommend
INFO: [ app_init ] --START--
INFO: Run Behavior\BuildLiteBehavior [ RunTime:0.000020s ]
INFO: [ app_init ] --END-- [ RunTime:0.000496s ]
INFO: [ app_begin ] --START--
INFO: Run Behavior\ReadHtmlCacheBehavior [ RunTime:0.000658s ]
INFO: Run Behavior\CheckLangBehavior [ RunTime:0.000860s ]
INFO: [ app_begin ] --END-- [ RunTime:0.001603s ]
SQL: SHOW COLUMNS FROM `user` [ RunTime:0.0017s ]
SQL: SELECT * FROM `user` WHERE ( id=1561 ) LIMIT 1   [ RunTime:0.0002s ]
SQL: SHOW COLUMNS FROM `web_conf` [ RunTime:0.0008s ]
SQL: SELECT * FROM `web_conf` LIMIT 1   [ RunTime:0.0001s ]
SQL: SHOW COLUMNS FROM `user_like` [ RunTime:0.0005s ]
SQL: SELECT COUNT(*) AS tp_count FROM `user_like` WHERE `target_id` = 1561 AND `is_read` = 0 LIMIT 1   [ RunTime:0.0001s ]
SQL: SHOW COLUMNS FROM `user_gift` [ RunTime:0.0006s ]
SQL: SELECT COUNT(*) AS tp_count FROM `user_gift` WHERE `reciver_id` = 1561 AND `is_read` = 0 LIMIT 1   [ RunTime:0.0001s ]
SQL: SHOW COLUMNS FROM `visitors` [ RunTime:0.0005s ]
SQL: SELECT COUNT(*) AS tp_count FROM `visitors` WHERE `target_id` = 1561 AND `is_read` = 0 LIMIT 1   [ RunTime:0.0001s ]
SQL: SELECT `sex` FROM `user` WHERE ( id=1561 ) LIMIT 1   [ RunTime:0.0001s ]
SQL: SELECT `id`,`username`,`header`,`sex`,`year`,`month`,`day`,country_zhcn as country,`city`,`level`,`mood`,`is_member`,`deadline`,`is_online`,`inner_member` FROM `user` WHERE `sex` = 'female' ORDER BY is_online desc,header desc LIMIT 20,20   [ RunTime:0.0044s ]
SQL: SHOW COLUMNS FROM `broadcast` [ RunTime:0.0007s ]
SQL: SELECT `content` FROM `broadcast` WHERE ( id=1335 ) LIMIT 1   [ RunTime:0.0001s ]
SQL: SELECT `content` FROM `broadcast` WHERE ( id=1329 ) LIMIT 1   [ RunTime:0.0001s ]
SQL: SELECT `content` FROM `broadcast` WHERE ( id=1367 ) LIMIT 1   [ RunTime:0.0001s ]
SQL: SELECT `content` FROM `broadcast` WHERE ( id=1826 ) LIMIT 1   [ RunTime:0.0001s ]
SQL: SELECT `content` FROM `broadcast` WHERE ( id=1796 ) LIMIT 1   [ RunTime:0.0001s ]
SQL: SELECT `content` FROM `broadcast` WHERE ( id=1762 ) LIMIT 1   [ RunTime:0.0001s ]
SQL: SELECT `content` FROM `broadcast` WHERE ( id=1736 ) LIMIT 1   [ RunTime:0.0001s ]
SQL: SELECT `content` FROM `broadcast` WHERE ( id=1731 ) LIMIT 1   [ RunTime:0.0001s ]
SQL: SELECT `content` FROM `broadcast` WHERE ( id=1728 ) LIMIT 1   [ RunTime:0.0001s ]
SQL: SELECT `content` FROM `broadcast` WHERE ( id=1536 ) LIMIT 1   [ RunTime:0.0001s ]
SQL: SELECT `content` FROM `broadcast` WHERE ( id=1720 ) LIMIT 1   [ RunTime:0.0001s ]
SQL: SELECT `content` FROM `broadcast` WHERE ( id=1717 ) LIMIT 1   [ RunTime:0.0001s ]
SQL: SELECT `content` FROM `broadcast` WHERE ( id=1721 ) LIMIT 1   [ RunTime:0.0001s ]
SQL: SELECT `content` FROM `broadcast` WHERE ( id=1713 ) LIMIT 1   [ RunTime:0.0001s ]

[ 2018-02-14T04:07:12+08:00 ] 211.149.153.14 /index.php?m=Wap&c=Space&a=profile&friendid=1397
INFO: [ app_init ] --START--
INFO: Run Behavior\BuildLiteBehavior [ RunTime:0.000033s ]
INFO: [ app_init ] --END-- [ RunTime:0.000344s ]
INFO: [ app_begin ] --START--
INFO: Run Behavior\ReadHtmlCacheBehavior [ RunTime:0.000446s ]
INFO: Run Behavior\CheckLangBehavior [ RunTime:0.000838s ]
INFO: [ app_begin ] --END-- [ RunTime:0.001355s ]
SQL: SHOW COLUMNS FROM `user` [ RunTime:0.0013s ]
SQL: SELECT * FROM `user` WHERE ( id=1561 ) LIMIT 1   [ RunTime:0.0004s ]
SQL: SHOW COLUMNS FROM `web_conf` [ RunTime:0.0014s ]
SQL: SELECT * FROM `web_conf` LIMIT 1   [ RunTime:0.0001s ]
SQL: SHOW COLUMNS FROM `user_like` [ RunTime:0.0008s ]
SQL: SELECT COUNT(*) AS tp_count FROM `user_like` WHERE `target_id` = 1561 AND `is_read` = 0 LIMIT 1   [ RunTime:0.0001s ]
SQL: SHOW COLUMNS FROM `user_gift` [ RunTime:0.0007s ]
SQL: SELECT COUNT(*) AS tp_count FROM `user_gift` WHERE `reciver_id` = 1561 AND `is_read` = 0 LIMIT 1   [ RunTime:0.0001s ]
SQL: SHOW COLUMNS FROM `visitors` [ RunTime:0.0007s ]
SQL: SELECT COUNT(*) AS tp_count FROM `visitors` WHERE `target_id` = 1561 AND `is_read` = 0 LIMIT 1   [ RunTime:0.0001s ]
INFO: [ view_parse ] --START--
INFO: [ template_filter ] --START--
INFO: Run Behavior\ContentReplaceBehavior [ RunTime:0.000960s ]
INFO: [ template_filter ] --END-- [ RunTime:0.001048s ]
INFO: Run Behavior\ParseTemplateBehavior [ RunTime:0.061993s ]
INFO: [ view_parse ] --END-- [ RunTime:0.062091s ]
INFO: [ view_filter ] --START--
INFO: Run Behavior\WriteHtmlCacheBehavior [ RunTime:0.000296s ]
INFO: [ view_filter ] --END-- [ RunTime:0.000346s ]
INFO: [ app_end ] --START--
INFO: Run Behavior\ShowPageTraceBehavior [ RunTime:0.000831s ]
INFO: [ app_end ] --END-- [ RunTime:0.000926s ]

[ 2018-02-14T04:07:14+08:00 ] 211.149.153.12 /index.php?m=Wap&c=Space&a=ajax_profile
INFO: [ app_init ] --START--
INFO: Run Behavior\BuildLiteBehavior [ RunTime:0.000015s ]
INFO: [ app_init ] --END-- [ RunTime:0.000360s ]
INFO: [ app_begin ] --START--
INFO: Run Behavior\ReadHtmlCacheBehavior [ RunTime:0.000490s ]
INFO: Run Behavior\CheckLangBehavior [ RunTime:0.001030s ]
INFO: [ app_begin ] --END-- [ RunTime:0.001595s ]
SQL: SHOW COLUMNS FROM `user` [ RunTime:0.0018s ]
SQL: SELECT * FROM `user` WHERE ( id=1561 ) LIMIT 1   [ RunTime:0.0002s ]
SQL: SHOW COLUMNS FROM `web_conf` [ RunTime:0.0012s ]
SQL: SELECT * FROM `web_conf` LIMIT 1   [ RunTime:0.0001s ]
SQL: SHOW COLUMNS FROM `user_like` [ RunTime:0.0007s ]
SQL: SELECT COUNT(*) AS tp_count FROM `user_like` WHERE `target_id` = 1561 AND `is_read` = 0 LIMIT 1   [ RunTime:0.0005s ]
SQL: SHOW COLUMNS FROM `user_gift` [ RunTime:0.0008s ]
SQL: SELECT COUNT(*) AS tp_count FROM `user_gift` WHERE `reciver_id` = 1561 AND `is_read` = 0 LIMIT 1   [ RunTime:0.0001s ]
SQL: SHOW COLUMNS FROM `visitors` [ RunTime:0.0008s ]
SQL: SELECT COUNT(*) AS tp_count FROM `visitors` WHERE `target_id` = 1561 AND `is_read` = 0 LIMIT 1   [ RunTime:0.0001s ]
SQL: SELECT `id`,`username`,`header`,`email`,`mobile`,`height`,`weight`,`sex`,`year`,`month`,`day`,country_zhcn as country,`city`,`worker`,`sexuality`,`relationship`,`income`,`education`,`level`,`gold`,`mood`,`language`,`is_online`,`is_member`,`deadline`,`inner_member` FROM `user` WHERE ( id=1397 ) LIMIT 1   [ RunTime:0.0004s ]
NOTIC: [8] Undefined variable: userId /www/wwwroot/1107.tech/App/Wap/Controller/SpaceController.class.php 第 46 行.
NOTIC: [8] Undefined variable: userId /www/wwwroot/1107.tech/App/Wap/Controller/SpaceController.class.php 第 49 行.
SQL: SELECT `id` FROM `visitors` WHERE `source_id` = null AND `target_id` = 1397 LIMIT 1   [ RunTime:0.0002s ]
NOTIC: [8] Undefined variable: userId /www/wwwroot/1107.tech/App/Wap/Controller/SpaceController.class.php 第 61 行.
SQL: INSERT INTO `visitors` (`source_id`,`target_id`,`created`) VALUES (NULL,'1397','1518552434') [ RunTime:0.0004s ]
SQL: SHOW COLUMNS FROM `photo` [ RunTime:0.0008s ]
SQL: SELECT `id`,`url`,`album` FROM `photo` WHERE ( user_id=1397 )  [ RunTime:0.0001s ]
SQL: SHOW COLUMNS FROM `album` [ RunTime:0.0007s ]
SQL: SELECT `id`,`name` FROM `album` WHERE ( user_id = 0 or user_id = 1397 )  [ RunTime:0.0001s ]

[ 2018-02-14T04:07:15+08:00 ] 211.149.153.13 /index.php?m=Wap&c=Space&a=ajax_profile
INFO: [ app_init ] --START--
INFO: Run Behavior\BuildLiteBehavior [ RunTime:0.000024s ]
INFO: [ app_init ] --END-- [ RunTime:0.000510s ]
INFO: [ app_begin ] --START--
INFO: Run Behavior\ReadHtmlCacheBehavior [ RunTime:0.000678s ]
INFO: Run Behavior\CheckLangBehavior [ RunTime:0.001367s ]
INFO: [ app_begin ] --END-- [ RunTime:0.002151s ]
SQL: SHOW COLUMNS FROM `user` [ RunTime:0.0019s ]
SQL: SELECT * FROM `user` WHERE ( id=1561 ) LIMIT 1   [ RunTime:0.0002s ]
SQL: SHOW COLUMNS FROM `web_conf` [ RunTime:0.0010s ]
SQL: SELECT * FROM `web_conf` LIMIT 1   [ RunTime:0.0001s ]
SQL: SHOW COLUMNS FROM `user_like` [ RunTime:0.0006s ]
SQL: SELECT COUNT(*) AS tp_count FROM `user_like` WHERE `target_id` = 1561 AND `is_read` = 0 LIMIT 1   [ RunTime:0.0001s ]
SQL: SHOW COLUMNS FROM `user_gift` [ RunTime:0.0023s ]
SQL: SELECT COUNT(*) AS tp_count FROM `user_gift` WHERE `reciver_id` = 1561 AND `is_read` = 0 LIMIT 1   [ RunTime:0.0001s ]
SQL: SHOW COLUMNS FROM `visitors` [ RunTime:0.0005s ]
SQL: SELECT COUNT(*) AS tp_count FROM `visitors` WHERE `target_id` = 1561 AND `is_read` = 0 LIMIT 1   [ RunTime:0.0003s ]
SQL: SELECT `id`,`username`,`header`,`email`,`mobile`,`height`,`weight`,`sex`,`year`,`month`,`day`,country_zhcn as country,`city`,`worker`,`sexuality`,`relationship`,`income`,`education`,`level`,`gold`,`mood`,`language`,`is_online`,`is_member`,`deadline`,`inner_member` FROM `user` WHERE ( id=1370 ) LIMIT 1   [ RunTime:0.0001s ]
SQL: SHOW COLUMNS FROM `broadcast` [ RunTime:0.0005s ]
SQL: SELECT `content` FROM `broadcast` WHERE ( id=3768 ) LIMIT 1   [ RunTime:0.0001s ]
NOTIC: [8] Undefined variable: userId /www/wwwroot/1107.tech/App/Wap/Controller/SpaceController.class.php 第 46 行.
NOTIC: [8] Undefined variable: userId /www/wwwroot/1107.tech/App/Wap/Controller/SpaceController.class.php 第 49 行.
SQL: SELECT `id` FROM `visitors` WHERE `source_id` = null AND `target_id` = 1370 LIMIT 1   [ RunTime:0.0001s ]
NOTIC: [8] Undefined variable: userId /www/wwwroot/1107.tech/App/Wap/Controller/SpaceController.class.php 第 61 行.
SQL: INSERT INTO `visitors` (`source_id`,`target_id`,`created`) VALUES (NULL,'1370','1518552435') [ RunTime:0.0003s ]
SQL: SHOW COLUMNS FROM `photo` [ RunTime:0.0004s ]
SQL: SELECT `id`,`url`,`album` FROM `photo` WHERE ( user_id=1370 )  [ RunTime:0.0001s ]
SQL: SHOW COLUMNS FROM `album` [ RunTime:0.0004s ]
SQL: SELECT `id`,`name` FROM `album` WHERE ( user_id = 0 or user_id = 1370 )  [ RunTime:0.0001s ]

[ 2018-02-14T04:31:19+08:00 ] 211.149.153.13 /?m=wap
INFO: [ app_init ] --START--
INFO: Run Behavior\BuildLiteBehavior [ RunTime:0.000016s ]
INFO: [ app_init ] --END-- [ RunTime:0.000487s ]
INFO: [ app_begin ] --START--
INFO: Run Behavior\ReadHtmlCacheBehavior [ RunTime:0.000580s ]
INFO: Run Behavior\CheckLangBehavior [ RunTime:0.001133s ]
INFO: [ app_begin ] --END-- [ RunTime:0.001801s ]
SQL: SHOW COLUMNS FROM `user` [ RunTime:0.0015s ]

[ 2018-02-14T04:31:20+08:00 ] 211.149.153.14 /index.php?m=Wap&c=Index&a=index
INFO: [ app_init ] --START--
INFO: Run Behavior\BuildLiteBehavior [ RunTime:0.000016s ]
INFO: [ app_init ] --END-- [ RunTime:0.000436s ]
INFO: [ app_begin ] --START--
INFO: Run Behavior\ReadHtmlCacheBehavior [ RunTime:0.000551s ]
INFO: Run Behavior\CheckLangBehavior [ RunTime:0.000949s ]
INFO: [ app_begin ] --END-- [ RunTime:0.001574s ]
INFO: [ view_parse ] --START--
INFO: [ template_filter ] --START--
INFO: Run Behavior\ContentReplaceBehavior [ RunTime:0.000749s ]
INFO: [ template_filter ] --END-- [ RunTime:0.000837s ]
INFO: Run Behavior\ParseTemplateBehavior [ RunTime:0.060149s ]
INFO: [ view_parse ] --END-- [ RunTime:0.060211s ]
INFO: [ view_filter ] --START--
INFO: Run Behavior\WriteHtmlCacheBehavior [ RunTime:0.000287s ]
INFO: [ view_filter ] --END-- [ RunTime:0.000341s ]
INFO: [ app_end ] --START--
INFO: Run Behavior\ShowPageTraceBehavior [ RunTime:0.000870s ]
INFO: [ app_end ] --END-- [ RunTime:0.000959s ]

[ 2018-02-14T07:42:44+08:00 ] 211.149.153.14 /?m=wap
INFO: [ app_init ] --START--
INFO: Run Behavior\BuildLiteBehavior [ RunTime:0.000017s ]
INFO: [ app_init ] --END-- [ RunTime:0.000355s ]
INFO: [ app_begin ] --START--
INFO: Run Behavior\ReadHtmlCacheBehavior [ RunTime:0.000476s ]
INFO: Run Behavior\CheckLangBehavior [ RunTime:0.000964s ]
INFO: [ app_begin ] --END-- [ RunTime:0.001583s ]
SQL: SHOW COLUMNS FROM `user` [ RunTime:0.0013s ]

[ 2018-02-14T10:58:34+08:00 ] 211.149.153.12 /index.php?m=&&m=Wap&c=Index&a=index
INFO: [ app_init ] --START--
INFO: Run Behavior\BuildLiteBehavior [ RunTime:0.000023s ]
INFO: [ app_init ] --END-- [ RunTime:0.000373s ]
INFO: [ app_begin ] --START--
INFO: Run Behavior\ReadHtmlCacheBehavior [ RunTime:0.000560s ]
INFO: Run Behavior\CheckLangBehavior [ RunTime:0.000924s ]
INFO: [ app_begin ] --END-- [ RunTime:0.001557s ]
INFO: [ view_parse ] --START--
INFO: [ template_filter ] --START--
INFO: Run Behavior\ContentReplaceBehavior [ RunTime:0.000779s ]
INFO: [ template_filter ] --END-- [ RunTime:0.000899s ]
INFO: Run Behavior\ParseTemplateBehavior [ RunTime:0.069251s ]
INFO: [ view_parse ] --END-- [ RunTime:0.069330s ]
INFO: [ view_filter ] --START--
INFO: Run Behavior\WriteHtmlCacheBehavior [ RunTime:0.000347s ]
INFO: [ view_filter ] --END-- [ RunTime:0.000387s ]
INFO: [ app_end ] --START--
INFO: Run Behavior\ShowPageTraceBehavior [ RunTime:0.000875s ]
INFO: [ app_end ] --END-- [ RunTime:0.000966s ]

[ 2018-02-14T13:06:13+08:00 ] 211.149.153.12 /index.php?m=&&m=Wap&c=Index&a=index
INFO: [ app_init ] --START--
INFO: Run Behavior\BuildLiteBehavior [ RunTime:0.000036s ]
INFO: [ app_init ] --END-- [ RunTime:0.000418s ]
INFO: [ app_begin ] --START--
INFO: Run Behavior\ReadHtmlCacheBehavior [ RunTime:0.000582s ]
INFO: Run Behavior\CheckLangBehavior [ RunTime:0.001124s ]
INFO: [ app_begin ] --END-- [ RunTime:0.001782s ]
INFO: [ view_parse ] --START--
INFO: [ template_filter ] --START--
INFO: Run Behavior\ContentReplaceBehavior [ RunTime:0.000968s ]
INFO: [ template_filter ] --END-- [ RunTime:0.001062s ]
INFO: Run Behavior\ParseTemplateBehavior [ RunTime:0.067172s ]
INFO: [ view_parse ] --END-- [ RunTime:0.069365s ]
INFO: [ view_filter ] --START--
INFO: Run Behavior\WriteHtmlCacheBehavior [ RunTime:0.000465s ]
INFO: [ view_filter ] --END-- [ RunTime:0.000545s ]
INFO: [ app_end ] --START--
INFO: Run Behavior\ShowPageTraceBehavior [ RunTime:0.000631s ]
INFO: [ app_end ] --END-- [ RunTime:0.000704s ]

[ 2018-02-14T13:56:57+08:00 ] 211.149.153.12 /?m=wap
INFO: [ app_init ] --START--
INFO: Run Behavior\BuildLiteBehavior [ RunTime:0.000021s ]
INFO: [ app_init ] --END-- [ RunTime:0.000379s ]
INFO: [ app_begin ] --START--
INFO: Run Behavior\ReadHtmlCacheBehavior [ RunTime:0.000612s ]
INFO: Run Behavior\CheckLangBehavior [ RunTime:0.000991s ]
INFO: [ app_begin ] --END-- [ RunTime:0.001692s ]
SQL: SHOW COLUMNS FROM `user` [ RunTime:0.0024s ]

[ 2018-02-14T19:15:34+08:00 ] 211.149.153.14 /index.php?m=&&m=Wap&c=Index&a=index
INFO: [ app_init ] --START--
INFO: Run Behavior\BuildLiteBehavior [ RunTime:0.000019s ]
INFO: [ app_init ] --END-- [ RunTime:0.000359s ]
INFO: [ app_begin ] --START--
INFO: Run Behavior\ReadHtmlCacheBehavior [ RunTime:0.000435s ]
INFO: Run Behavior\CheckLangBehavior [ RunTime:0.000980s ]
INFO: [ app_begin ] --END-- [ RunTime:0.001508s ]
INFO: [ view_parse ] --START--
INFO: [ template_filter ] --START--
INFO: Run Behavior\ContentReplaceBehavior [ RunTime:0.000789s ]
INFO: [ template_filter ] --END-- [ RunTime:0.000937s ]
INFO: Run Behavior\ParseTemplateBehavior [ RunTime:0.063442s ]
INFO: [ view_parse ] --END-- [ RunTime:0.063525s ]
INFO: [ view_filter ] --START--
INFO: Run Behavior\WriteHtmlCacheBehavior [ RunTime:0.000291s ]
INFO: [ view_filter ] --END-- [ RunTime:0.000331s ]
INFO: [ app_end ] --START--
INFO: Run Behavior\ShowPageTraceBehavior [ RunTime:0.000635s ]
INFO: [ app_end ] --END-- [ RunTime:0.000723s ]

[ 2018-02-14T20:22:46+08:00 ] 211.149.153.14 /index.php?m=&&m=Wap&c=Index&a=index
INFO: [ app_init ] --START--
INFO: Run Behavior\BuildLiteBehavior [ RunTime:0.000014s ]
INFO: [ app_init ] --END-- [ RunTime:0.000367s ]
INFO: [ app_begin ] --START--
INFO: Run Behavior\ReadHtmlCacheBehavior [ RunTime:0.000460s ]
INFO: Run Behavior\CheckLangBehavior [ RunTime:0.000875s ]
INFO: [ app_begin ] --END-- [ RunTime:0.001409s ]
INFO: [ view_parse ] --START--
INFO: [ template_filter ] --START--
INFO: Run Behavior\ContentReplaceBehavior [ RunTime:0.000716s ]
INFO: [ template_filter ] --END-- [ RunTime:0.000802s ]
INFO: Run Behavior\ParseTemplateBehavior [ RunTime:0.058667s ]
INFO: [ view_parse ] --END-- [ RunTime:0.058716s ]
INFO: [ view_filter ] --START--
INFO: Run Behavior\WriteHtmlCacheBehavior [ RunTime:0.000229s ]
INFO: [ view_filter ] --END-- [ RunTime:0.000266s ]
INFO: [ app_end ] --START--
INFO: Run Behavior\ShowPageTraceBehavior [ RunTime:0.001049s ]
INFO: [ app_end ] --END-- [ RunTime:0.001187s ]

