[ 2018-02-19T04:59:14+08:00 ] 211.149.153.13 /index.php?m=&&m=Wap&c=Index&a=index
INFO: [ app_init ] --START--
INFO: Run Behavior\BuildLiteBehavior [ RunTime:0.000017s ]
INFO: [ app_init ] --END-- [ RunTime:0.000438s ]
INFO: [ app_begin ] --START--
INFO: Run Behavior\ReadHtmlCacheBehavior [ RunTime:0.000506s ]
INFO: Run Behavior\CheckLangBehavior [ RunTime:0.000978s ]
INFO: [ app_begin ] --END-- [ RunTime:0.001580s ]
INFO: [ view_parse ] --START--
INFO: [ template_filter ] --START--
INFO: Run Behavior\ContentReplaceBehavior [ RunTime:0.000994s ]
INFO: [ template_filter ] --END-- [ RunTime:0.001122s ]
INFO: Run Behavior\ParseTemplateBehavior [ RunTime:0.064250s ]
INFO: [ view_parse ] --END-- [ RunTime:0.064351s ]
INFO: [ view_filter ] --START--
INFO: Run Behavior\WriteHtmlCacheBehavior [ RunTime:0.000290s ]
INFO: [ view_filter ] --END-- [ RunTime:0.000352s ]
INFO: [ app_end ] --START--
INFO: Run Behavior\ShowPageTraceBehavior [ RunTime:0.000919s ]
INFO: [ app_end ] --END-- [ RunTime:0.001013s ]

[ 2018-02-19T11:14:36+08:00 ] 211.149.153.13 /index.php?m=&&m=Wap&c=Index&a=index
INFO: [ app_init ] --START--
INFO: Run Behavior\BuildLiteBehavior [ RunTime:0.000019s ]
INFO: [ app_init ] --END-- [ RunTime:0.000384s ]
INFO: [ app_begin ] --START--
INFO: Run Behavior\ReadHtmlCacheBehavior [ RunTime:0.000491s ]
INFO: Run Behavior\CheckLangBehavior [ RunTime:0.000915s ]
INFO: [ app_begin ] --END-- [ RunTime:0.001497s ]
INFO: [ view_parse ] --START--
INFO: [ template_filter ] --START--
INFO: Run Behavior\ContentReplaceBehavior [ RunTime:0.000758s ]
INFO: [ template_filter ] --END-- [ RunTime:0.000843s ]
INFO: Run Behavior\ParseTemplateBehavior [ RunTime:0.061969s ]
INFO: [ view_parse ] --END-- [ RunTime:0.062064s ]
INFO: [ view_filter ] --START--
INFO: Run Behavior\WriteHtmlCacheBehavior [ RunTime:0.000440s ]
INFO: [ view_filter ] --END-- [ RunTime:0.000514s ]
INFO: [ app_end ] --START--
INFO: Run Behavior\ShowPageTraceBehavior [ RunTime:0.001038s ]
INFO: [ app_end ] --END-- [ RunTime:0.001126s ]

[ 2018-02-19T11:38:57+08:00 ] 211.149.153.13 /index.php?m=&&m=Wap&c=Index&a=index
INFO: [ app_init ] --START--
INFO: Run Behavior\BuildLiteBehavior [ RunTime:0.000017s ]
INFO: [ app_init ] --END-- [ RunTime:0.000386s ]
INFO: [ app_begin ] --START--
INFO: Run Behavior\ReadHtmlCacheBehavior [ RunTime:0.000490s ]
INFO: Run Behavior\CheckLangBehavior [ RunTime:0.000908s ]
INFO: [ app_begin ] --END-- [ RunTime:0.001473s ]
INFO: [ view_parse ] --START--
INFO: [ template_filter ] --START--
INFO: Run Behavior\ContentReplaceBehavior [ RunTime:0.000807s ]
INFO: [ template_filter ] --END-- [ RunTime:0.000915s ]
INFO: Run Behavior\ParseTemplateBehavior [ RunTime:0.061900s ]
INFO: [ view_parse ] --END-- [ RunTime:0.061982s ]
INFO: [ view_filter ] --START--
INFO: Run Behavior\WriteHtmlCacheBehavior [ RunTime:0.000310s ]
INFO: [ view_filter ] --END-- [ RunTime:0.000375s ]
INFO: [ app_end ] --START--
INFO: Run Behavior\ShowPageTraceBehavior [ RunTime:0.001374s ]
INFO: [ app_end ] --END-- [ RunTime:0.001483s ]

[ 2018-02-19T11:38:58+08:00 ] 211.149.153.12 /index.php?m=&&m=Wap&c=Index&a=index
INFO: [ app_init ] --START--
INFO: Run Behavior\BuildLiteBehavior [ RunTime:0.000015s ]
INFO: [ app_init ] --END-- [ RunTime:0.000374s ]
INFO: [ app_begin ] --START--
INFO: Run Behavior\ReadHtmlCacheBehavior [ RunTime:0.000487s ]
INFO: Run Behavior\CheckLangBehavior [ RunTime:0.000977s ]
INFO: [ app_begin ] --END-- [ RunTime:0.001553s ]
INFO: [ view_parse ] --START--
INFO: [ template_filter ] --START--
INFO: Run Behavior\ContentReplaceBehavior [ RunTime:0.000725s ]
INFO: [ template_filter ] --END-- [ RunTime:0.000802s ]
INFO: Run Behavior\ParseTemplateBehavior [ RunTime:0.062903s ]
INFO: [ view_parse ] --END-- [ RunTime:0.062994s ]
INFO: [ view_filter ] --START--
INFO: Run Behavior\WriteHtmlCacheBehavior [ RunTime:0.000440s ]
INFO: [ view_filter ] --END-- [ RunTime:0.000524s ]
INFO: [ app_end ] --START--
INFO: Run Behavior\ShowPageTraceBehavior [ RunTime:0.000985s ]
INFO: [ app_end ] --END-- [ RunTime:0.001086s ]

[ 2018-02-19T11:53:27+08:00 ] 211.149.153.13 /index.php?m=&&m=Wap&c=Index&a=index
INFO: [ app_init ] --START--
INFO: Run Behavior\BuildLiteBehavior [ RunTime:0.000018s ]
INFO: [ app_init ] --END-- [ RunTime:0.000399s ]
INFO: [ app_begin ] --START--
INFO: Run Behavior\ReadHtmlCacheBehavior [ RunTime:0.000460s ]
INFO: Run Behavior\CheckLangBehavior [ RunTime:0.000908s ]
INFO: [ app_begin ] --END-- [ RunTime:0.001445s ]
INFO: [ view_parse ] --START--
INFO: [ template_filter ] --START--
INFO: Run Behavior\ContentReplaceBehavior [ RunTime:0.000891s ]
INFO: [ template_filter ] --END-- [ RunTime:0.000983s ]
INFO: Run Behavior\ParseTemplateBehavior [ RunTime:0.061925s ]
INFO: [ view_parse ] --END-- [ RunTime:0.062003s ]
INFO: [ view_filter ] --START--
INFO: Run Behavior\WriteHtmlCacheBehavior [ RunTime:0.000265s ]
INFO: [ view_filter ] --END-- [ RunTime:0.000336s ]
INFO: [ app_end ] --START--
INFO: Run Behavior\ShowPageTraceBehavior [ RunTime:0.000721s ]
INFO: [ app_end ] --END-- [ RunTime:0.000875s ]

[ 2018-02-19T16:39:46+08:00 ] 211.149.153.14 /index.php?m=&&m=Wap&c=Index&a=index
INFO: [ app_init ] --START--
INFO: Run Behavior\BuildLiteBehavior [ RunTime:0.000015s ]
INFO: [ app_init ] --END-- [ RunTime:0.000364s ]
INFO: [ app_begin ] --START--
INFO: Run Behavior\ReadHtmlCacheBehavior [ RunTime:0.000515s ]
INFO: Run Behavior\CheckLangBehavior [ RunTime:0.000991s ]
INFO: [ app_begin ] --END-- [ RunTime:0.001579s ]
INFO: [ view_parse ] --START--
INFO: [ template_filter ] --START--
INFO: Run Behavior\ContentReplaceBehavior [ RunTime:0.000760s ]
INFO: [ template_filter ] --END-- [ RunTime:0.000844s ]
INFO: Run Behavior\ParseTemplateBehavior [ RunTime:0.060785s ]
INFO: [ view_parse ] --END-- [ RunTime:0.060854s ]
INFO: [ view_filter ] --START--
INFO: Run Behavior\WriteHtmlCacheBehavior [ RunTime:0.000276s ]
INFO: [ view_filter ] --END-- [ RunTime:0.000331s ]
INFO: [ app_end ] --START--
INFO: Run Behavior\ShowPageTraceBehavior [ RunTime:0.000671s ]
INFO: [ app_end ] --END-- [ RunTime:0.000736s ]

[ 2018-02-19T16:40:19+08:00 ] 211.149.153.13 /index.php?m=Wap&c=Index&a=login
INFO: [ app_init ] --START--
INFO: Run Behavior\BuildLiteBehavior [ RunTime:0.000017s ]
INFO: [ app_init ] --END-- [ RunTime:0.000380s ]
INFO: [ app_begin ] --START--
INFO: Run Behavior\ReadHtmlCacheBehavior [ RunTime:0.000455s ]
INFO: Run Behavior\CheckLangBehavior [ RunTime:0.000908s ]
INFO: [ app_begin ] --END-- [ RunTime:0.001438s ]
SQL: SHOW COLUMNS FROM `user` [ RunTime:0.0016s ]
SQL: SELECT `id`,`pwd`,`username`,`verify_status` FROM `user` WHERE ( (email = '806927355@qq.com' or username = '806927355@qq.com') and status = 1 ) LIMIT 1   [ RunTime:0.0006s ]
SQL: UPDATE `user` SET `is_online`='1',`last_time`='1519029619' WHERE `id` = 1561 AND `is_visible` = 1 [ RunTime:0.0007s ]
NOTIC: [8] Undefined index: last_time /www/wwwroot/1107.tech/App/Wap/Controller/IndexController.class.php 第 34 行.

[ 2018-02-19T16:40:20+08:00 ] 211.149.153.12 /?m=wap
INFO: [ app_init ] --START--
INFO: Run Behavior\BuildLiteBehavior [ RunTime:0.000022s ]
INFO: [ app_init ] --END-- [ RunTime:0.000538s ]
INFO: [ app_begin ] --START--
INFO: Run Behavior\ReadHtmlCacheBehavior [ RunTime:0.000790s ]
INFO: Run Behavior\CheckLangBehavior [ RunTime:0.001357s ]
INFO: [ app_begin ] --END-- [ RunTime:0.002254s ]
SQL: SHOW COLUMNS FROM `user` [ RunTime:0.0015s ]
SQL: SELECT * FROM `user` WHERE ( id=1561 ) LIMIT 1   [ RunTime:0.0005s ]
SQL: SHOW COLUMNS FROM `web_conf` [ RunTime:0.0007s ]
SQL: SELECT * FROM `web_conf` LIMIT 1   [ RunTime:0.0001s ]
SQL: SHOW COLUMNS FROM `user_like` [ RunTime:0.0005s ]
SQL: SELECT COUNT(*) AS tp_count FROM `user_like` WHERE `target_id` = 1561 AND `is_read` = 0 LIMIT 1   [ RunTime:0.0001s ]
SQL: SHOW COLUMNS FROM `user_gift` [ RunTime:0.0005s ]
SQL: SELECT COUNT(*) AS tp_count FROM `user_gift` WHERE `reciver_id` = 1561 AND `is_read` = 0 LIMIT 1   [ RunTime:0.0001s ]
SQL: SHOW COLUMNS FROM `visitors` [ RunTime:0.0005s ]
SQL: SELECT COUNT(*) AS tp_count FROM `visitors` WHERE `target_id` = 1561 AND `is_read` = 0 LIMIT 1   [ RunTime:0.0004s ]
SQL: SHOW COLUMNS FROM `gift_cate` [ RunTime:0.0007s ]
SQL: SELECT `id`,name_zhcn as name FROM `gift_cate` WHERE `type` = 'virtual'  [ RunTime:0.0001s ]
SQL: SELECT * FROM `web_conf` WHERE ( id=1 ) LIMIT 1   [ RunTime:0.0001s ]
INFO: [ view_parse ] --START--
INFO: [ template_filter ] --START--
INFO: Run Behavior\ContentReplaceBehavior [ RunTime:0.000389s ]
INFO: [ template_filter ] --END-- [ RunTime:0.000465s ]
INFO: Run Behavior\ParseTemplateBehavior [ RunTime:0.026722s ]
INFO: [ view_parse ] --END-- [ RunTime:0.026802s ]
INFO: [ view_filter ] --START--
INFO: Run Behavior\WriteHtmlCacheBehavior [ RunTime:0.000282s ]
INFO: [ view_filter ] --END-- [ RunTime:0.000320s ]
INFO: [ app_end ] --START--
INFO: Run Behavior\ShowPageTraceBehavior [ RunTime:0.001432s ]
INFO: [ app_end ] --END-- [ RunTime:0.001492s ]

[ 2018-02-19T16:40:21+08:00 ] 211.149.153.12 /index.php?m=Wap&c=Birthday&a=index
INFO: [ app_init ] --START--
INFO: Run Behavior\BuildLiteBehavior [ RunTime:0.000046s ]
INFO: [ app_init ] --END-- [ RunTime:0.000567s ]
INFO: [ app_begin ] --START--
INFO: Run Behavior\ReadHtmlCacheBehavior [ RunTime:0.000679s ]
INFO: Run Behavior\CheckLangBehavior [ RunTime:0.001434s ]
INFO: [ app_begin ] --END-- [ RunTime:0.002226s ]
INFO: [ view_parse ] --START--
INFO: [ template_filter ] --START--
INFO: Run Behavior\ContentReplaceBehavior [ RunTime:0.000564s ]
INFO: [ template_filter ] --END-- [ RunTime:0.000650s ]
INFO: Run Behavior\ParseTemplateBehavior [ RunTime:0.049346s ]
INFO: [ view_parse ] --END-- [ RunTime:0.049417s ]
INFO: [ view_filter ] --START--
INFO: Run Behavior\WriteHtmlCacheBehavior [ RunTime:0.000270s ]
INFO: [ view_filter ] --END-- [ RunTime:0.000315s ]
INFO: [ app_end ] --START--
INFO: Run Behavior\ShowPageTraceBehavior [ RunTime:0.001941s ]
INFO: [ app_end ] --END-- [ RunTime:0.002014s ]

[ 2018-02-19T16:40:40+08:00 ] 211.149.153.12 /index.php?m=Wap&c=Home&a=recommend
INFO: [ app_init ] --START--
INFO: Run Behavior\BuildLiteBehavior [ RunTime:0.000028s ]
INFO: [ app_init ] --END-- [ RunTime:0.000702s ]
INFO: [ app_begin ] --START--
INFO: Run Behavior\ReadHtmlCacheBehavior [ RunTime:0.000679s ]
INFO: Run Behavior\CheckLangBehavior [ RunTime:0.000915s ]
INFO: [ app_begin ] --END-- [ RunTime:0.001705s ]
SQL: SHOW COLUMNS FROM `user` [ RunTime:0.0025s ]
SQL: SELECT * FROM `user` WHERE ( id=1561 ) LIMIT 1   [ RunTime:0.0002s ]
SQL: SHOW COLUMNS FROM `web_conf` [ RunTime:0.0014s ]
SQL: SELECT * FROM `web_conf` LIMIT 1   [ RunTime:0.0001s ]
SQL: SHOW COLUMNS FROM `user_like` [ RunTime:0.0008s ]
SQL: SELECT COUNT(*) AS tp_count FROM `user_like` WHERE `target_id` = 1561 AND `is_read` = 0 LIMIT 1   [ RunTime:0.0001s ]
SQL: SHOW COLUMNS FROM `user_gift` [ RunTime:0.0008s ]
SQL: SELECT COUNT(*) AS tp_count FROM `user_gift` WHERE `reciver_id` = 1561 AND `is_read` = 0 LIMIT 1   [ RunTime:0.0001s ]
SQL: SHOW COLUMNS FROM `visitors` [ RunTime:0.0007s ]
SQL: SELECT COUNT(*) AS tp_count FROM `visitors` WHERE `target_id` = 1561 AND `is_read` = 0 LIMIT 1   [ RunTime:0.0001s ]
SQL: SELECT `sex` FROM `user` WHERE ( id=1561 ) LIMIT 1   [ RunTime:0.0003s ]
SQL: SELECT `id`,`username`,`header`,`sex`,`year`,`month`,`day`,country_zhcn as country,`city`,`level`,`mood`,`is_member`,`deadline`,`is_online`,`inner_member` FROM `user` WHERE `sex` = 'female' ORDER BY is_online desc,header desc LIMIT 0,20   [ RunTime:0.0067s ]
SQL: SHOW COLUMNS FROM `broadcast` [ RunTime:0.0012s ]
SQL: SELECT `content` FROM `broadcast` WHERE ( id=3768 ) LIMIT 1   [ RunTime:0.0001s ]

[ 2018-02-19T16:40:40+08:00 ] 211.149.153.13 /index.php?m=Wap&c=Home&a=getWall
INFO: [ app_init ] --START--
INFO: Run Behavior\BuildLiteBehavior [ RunTime:0.000022s ]
INFO: [ app_init ] --END-- [ RunTime:0.000526s ]
INFO: [ app_begin ] --START--
INFO: Run Behavior\ReadHtmlCacheBehavior [ RunTime:0.000691s ]
INFO: Run Behavior\CheckLangBehavior [ RunTime:0.001479s ]
INFO: [ app_begin ] --END-- [ RunTime:0.002306s ]
SQL: SHOW COLUMNS FROM `user` [ RunTime:0.0037s ]
SQL: SELECT * FROM `user` WHERE ( id=1561 ) LIMIT 1   [ RunTime:0.0002s ]
SQL: SHOW COLUMNS FROM `web_conf` [ RunTime:0.0020s ]
SQL: SELECT * FROM `web_conf` LIMIT 1   [ RunTime:0.0002s ]
SQL: SHOW COLUMNS FROM `user_like` [ RunTime:0.0006s ]
SQL: SELECT COUNT(*) AS tp_count FROM `user_like` WHERE `target_id` = 1561 AND `is_read` = 0 LIMIT 1   [ RunTime:0.0001s ]
SQL: SHOW COLUMNS FROM `user_gift` [ RunTime:0.0005s ]
SQL: SELECT COUNT(*) AS tp_count FROM `user_gift` WHERE `reciver_id` = 1561 AND `is_read` = 0 LIMIT 1   [ RunTime:0.0001s ]
SQL: SHOW COLUMNS FROM `visitors` [ RunTime:0.0004s ]
SQL: SELECT COUNT(*) AS tp_count FROM `visitors` WHERE `target_id` = 1561 AND `is_read` = 0 LIMIT 1   [ RunTime:0.0001s ]
SQL: SHOW COLUMNS FROM `spot_record` [ RunTime:0.0004s ]
SQL: SELECT * FROM `web_conf` LIMIT 1   [ RunTime:0.0001s ]
SQL: SELECT spot_record.*,user.id as id,user.username as username,user.header as header,user.sex as sex FROM `spot_record` INNER JOIN user on user.id = spot_record.user_id  ORDER BY spot_record.created desc LIMIT 0,20   [ RunTime:0.0005s ]

[ 2018-02-19T16:40:41+08:00 ] 211.149.153.12 /index.php?m=wap&c=Home&a=user
INFO: [ app_init ] --START--
INFO: Run Behavior\BuildLiteBehavior [ RunTime:0.000040s ]
INFO: [ app_init ] --END-- [ RunTime:0.000514s ]
INFO: [ app_begin ] --START--
INFO: Run Behavior\ReadHtmlCacheBehavior [ RunTime:0.000449s ]
INFO: Run Behavior\CheckLangBehavior [ RunTime:0.000949s ]
INFO: [ app_begin ] --END-- [ RunTime:0.001475s ]
SQL: SHOW COLUMNS FROM `user` [ RunTime:0.0021s ]
SQL: SELECT * FROM `user` WHERE ( id=1561 ) LIMIT 1   [ RunTime:0.0003s ]
SQL: SHOW COLUMNS FROM `web_conf` [ RunTime:0.0011s ]
SQL: SELECT * FROM `web_conf` LIMIT 1   [ RunTime:0.0001s ]
SQL: SHOW COLUMNS FROM `user_like` [ RunTime:0.0007s ]
SQL: SELECT COUNT(*) AS tp_count FROM `user_like` WHERE `target_id` = 1561 AND `is_read` = 0 LIMIT 1   [ RunTime:0.0001s ]
SQL: SHOW COLUMNS FROM `user_gift` [ RunTime:0.0007s ]
SQL: SELECT COUNT(*) AS tp_count FROM `user_gift` WHERE `reciver_id` = 1561 AND `is_read` = 0 LIMIT 1   [ RunTime:0.0001s ]
SQL: SHOW COLUMNS FROM `visitors` [ RunTime:0.0007s ]
SQL: SELECT COUNT(*) AS tp_count FROM `visitors` WHERE `target_id` = 1561 AND `is_read` = 0 LIMIT 1   [ RunTime:0.0001s ]
SQL: SELECT * FROM `user` WHERE ( user.id=1561 ) LIMIT 1   [ RunTime:0.0005s ]
SQL: SELECT `id`,`username` FROM `user` WHERE ( is_service = 1 )  [ RunTime:0.0029s ]
SQL: SHOW COLUMNS FROM `album` [ RunTime:0.0009s ]
SQL: SELECT `id`,`name` FROM `album` WHERE ( user_id = 1561 or user_id = 0 )  [ RunTime:0.0002s ]
SQL: SHOW COLUMNS FROM `photo` [ RunTime:0.0007s ]
SQL: SELECT `id`,`url`,`album` FROM `photo` WHERE `album` = 1 AND `user_id` = 1561  [ RunTime:0.0001s ]
SQL: SELECT `id`,`url`,`album` FROM `photo` WHERE `album` = 2 AND `user_id` = 1561  [ RunTime:0.0001s ]
SQL: SHOW COLUMNS FROM `spot_record` [ RunTime:0.0007s ]
SQL: SELECT * FROM `web_conf` LIMIT 1   [ RunTime:0.0001s ]
SQL: SELECT spot_record.*,user.id as id,user.username as username,user.header as header,user.sex as sex FROM `spot_record` INNER JOIN user on user.id = spot_record.user_id  ORDER BY spot_record.created desc LIMIT 0,20   [ RunTime:0.0001s ]
SQL: SELECT COUNT(*) AS tp_count FROM `user_gift` WHERE `is_read` = 0 AND `reciver_id` = 1561 LIMIT 1   [ RunTime:0.0004s ]
SQL: SELECT COUNT(*) AS tp_count FROM `visitors` WHERE `is_read` = 0 AND `target_id` = 1561 LIMIT 1   [ RunTime:0.0004s ]
SQL: SELECT COUNT(*) AS tp_count FROM `user_like` WHERE `is_read` = 0 AND `target_id` = 1561 LIMIT 1   [ RunTime:0.0001s ]
SQL: SELECT COUNT(*) AS tp_count FROM `user_like` LIMIT 1   [ RunTime:0.0001s ]
SQL: SELECT `price_spot`,`price_google`,`price_human` FROM `web_conf` WHERE ( id=1 ) LIMIT 1   [ RunTime:0.0001s ]
SQL: SHOW COLUMNS FROM `user_sticker` [ RunTime:0.0007s ]
SQL: SELECT user_sticker.*,sticker.name_zhcn as stickername,sticker.img as stickerimg FROM `user_sticker` INNER JOIN sticker on sticker.id = user_sticker.sticker_id  WHERE ( user_sticker.user_id=1561 )  [ RunTime:0.0001s ]
SQL: SHOW COLUMNS FROM `sticker_detail` [ RunTime:0.0008s ]

[ 2018-02-19T16:41:08+08:00 ] 211.149.153.14 /index.php?m=Wap&c=Home&a=recommend
INFO: [ app_init ] --START--
INFO: Run Behavior\BuildLiteBehavior [ RunTime:0.000025s ]
INFO: [ app_init ] --END-- [ RunTime:0.000581s ]
INFO: [ app_begin ] --START--
INFO: Run Behavior\ReadHtmlCacheBehavior [ RunTime:0.000921s ]
INFO: Run Behavior\CheckLangBehavior [ RunTime:0.001994s ]
INFO: [ app_begin ] --END-- [ RunTime:0.003045s ]
SQL: SHOW COLUMNS FROM `user` [ RunTime:0.0022s ]
SQL: SELECT * FROM `user` WHERE ( id=1561 ) LIMIT 1   [ RunTime:0.0004s ]
SQL: SHOW COLUMNS FROM `web_conf` [ RunTime:0.0011s ]
SQL: SELECT * FROM `web_conf` LIMIT 1   [ RunTime:0.0001s ]
SQL: SHOW COLUMNS FROM `user_like` [ RunTime:0.0007s ]
SQL: SELECT COUNT(*) AS tp_count FROM `user_like` WHERE `target_id` = 1561 AND `is_read` = 0 LIMIT 1   [ RunTime:0.0001s ]
SQL: SHOW COLUMNS FROM `user_gift` [ RunTime:0.0007s ]
SQL: SELECT COUNT(*) AS tp_count FROM `user_gift` WHERE `reciver_id` = 1561 AND `is_read` = 0 LIMIT 1   [ RunTime:0.0002s ]
SQL: SHOW COLUMNS FROM `visitors` [ RunTime:0.0008s ]
SQL: SELECT COUNT(*) AS tp_count FROM `visitors` WHERE `target_id` = 1561 AND `is_read` = 0 LIMIT 1   [ RunTime:0.0001s ]
SQL: SELECT `sex` FROM `user` WHERE ( id=1561 ) LIMIT 1   [ RunTime:0.0003s ]
SQL: SELECT `id`,`username`,`header`,`sex`,`year`,`month`,`day`,country_zhcn as country,`city`,`level`,`mood`,`is_member`,`deadline`,`is_online`,`inner_member` FROM `user` WHERE `sex` = 'female' ORDER BY is_online desc,header desc LIMIT 20,20   [ RunTime:0.0066s ]
SQL: SHOW COLUMNS FROM `broadcast` [ RunTime:0.0010s ]
SQL: SELECT `content` FROM `broadcast` WHERE ( id=1335 ) LIMIT 1   [ RunTime:0.0001s ]
SQL: SELECT `content` FROM `broadcast` WHERE ( id=1329 ) LIMIT 1   [ RunTime:0.0002s ]
SQL: SELECT `content` FROM `broadcast` WHERE ( id=1367 ) LIMIT 1   [ RunTime:0.0001s ]
SQL: SELECT `content` FROM `broadcast` WHERE ( id=1826 ) LIMIT 1   [ RunTime:0.0001s ]
SQL: SELECT `content` FROM `broadcast` WHERE ( id=1796 ) LIMIT 1   [ RunTime:0.0001s ]
SQL: SELECT `content` FROM `broadcast` WHERE ( id=1762 ) LIMIT 1   [ RunTime:0.0001s ]
SQL: SELECT `content` FROM `broadcast` WHERE ( id=1736 ) LIMIT 1   [ RunTime:0.0001s ]
SQL: SELECT `content` FROM `broadcast` WHERE ( id=1731 ) LIMIT 1   [ RunTime:0.0001s ]
SQL: SELECT `content` FROM `broadcast` WHERE ( id=1728 ) LIMIT 1   [ RunTime:0.0005s ]
SQL: SELECT `content` FROM `broadcast` WHERE ( id=1536 ) LIMIT 1   [ RunTime:0.0001s ]
SQL: SELECT `content` FROM `broadcast` WHERE ( id=1720 ) LIMIT 1   [ RunTime:0.0001s ]
SQL: SELECT `content` FROM `broadcast` WHERE ( id=1717 ) LIMIT 1   [ RunTime:0.0001s ]
SQL: SELECT `content` FROM `broadcast` WHERE ( id=1721 ) LIMIT 1   [ RunTime:0.0001s ]
SQL: SELECT `content` FROM `broadcast` WHERE ( id=1713 ) LIMIT 1   [ RunTime:0.0001s ]

[ 2018-02-19T16:46:18+08:00 ] 211.149.153.13 /index.php?m=Wap&c=Space&a=profile&friendid=1521
INFO: [ app_init ] --START--
INFO: Run Behavior\BuildLiteBehavior [ RunTime:0.000017s ]
INFO: [ app_init ] --END-- [ RunTime:0.000359s ]
INFO: [ app_begin ] --START--
INFO: Run Behavior\ReadHtmlCacheBehavior [ RunTime:0.000502s ]
INFO: Run Behavior\CheckLangBehavior [ RunTime:0.000896s ]
INFO: [ app_begin ] --END-- [ RunTime:0.001472s ]
SQL: SHOW COLUMNS FROM `user` [ RunTime:0.0013s ]
SQL: SELECT * FROM `user` WHERE ( id=1561 ) LIMIT 1   [ RunTime:0.0001s ]
SQL: SHOW COLUMNS FROM `web_conf` [ RunTime:0.0007s ]
SQL: SELECT * FROM `web_conf` LIMIT 1   [ RunTime:0.0001s ]
SQL: SHOW COLUMNS FROM `user_like` [ RunTime:0.0005s ]
SQL: SELECT COUNT(*) AS tp_count FROM `user_like` WHERE `target_id` = 1561 AND `is_read` = 0 LIMIT 1   [ RunTime:0.0001s ]
SQL: SHOW COLUMNS FROM `user_gift` [ RunTime:0.0006s ]
SQL: SELECT COUNT(*) AS tp_count FROM `user_gift` WHERE `reciver_id` = 1561 AND `is_read` = 0 LIMIT 1   [ RunTime:0.0001s ]
SQL: SHOW COLUMNS FROM `visitors` [ RunTime:0.0005s ]
SQL: SELECT COUNT(*) AS tp_count FROM `visitors` WHERE `target_id` = 1561 AND `is_read` = 0 LIMIT 1   [ RunTime:0.0001s ]
INFO: [ view_parse ] --START--
INFO: [ template_filter ] --START--
INFO: Run Behavior\ContentReplaceBehavior [ RunTime:0.000787s ]
INFO: [ template_filter ] --END-- [ RunTime:0.000906s ]
INFO: Run Behavior\ParseTemplateBehavior [ RunTime:0.057745s ]
INFO: [ view_parse ] --END-- [ RunTime:0.057831s ]
INFO: [ view_filter ] --START--
INFO: Run Behavior\WriteHtmlCacheBehavior [ RunTime:0.000354s ]
INFO: [ view_filter ] --END-- [ RunTime:0.000445s ]
INFO: [ app_end ] --START--
INFO: Run Behavior\ShowPageTraceBehavior [ RunTime:0.000834s ]
INFO: [ app_end ] --END-- [ RunTime:0.000927s ]

[ 2018-02-19T16:46:19+08:00 ] 211.149.153.12 /index.php?m=Wap&c=Space&a=profile&friendid=1521
INFO: [ app_init ] --START--
INFO: Run Behavior\BuildLiteBehavior [ RunTime:0.000018s ]
INFO: [ app_init ] --END-- [ RunTime:0.000367s ]
INFO: [ app_begin ] --START--
INFO: Run Behavior\ReadHtmlCacheBehavior [ RunTime:0.000451s ]
INFO: Run Behavior\CheckLangBehavior [ RunTime:0.001629s ]
INFO: [ app_begin ] --END-- [ RunTime:0.002178s ]
SQL: SHOW COLUMNS FROM `user` [ RunTime:0.0022s ]
SQL: SELECT * FROM `user` WHERE ( id=1561 ) LIMIT 1   [ RunTime:0.0002s ]
SQL: SHOW COLUMNS FROM `web_conf` [ RunTime:0.0027s ]
SQL: SELECT * FROM `web_conf` LIMIT 1   [ RunTime:0.0002s ]
SQL: SHOW COLUMNS FROM `user_like` [ RunTime:0.0010s ]
SQL: SELECT COUNT(*) AS tp_count FROM `user_like` WHERE `target_id` = 1561 AND `is_read` = 0 LIMIT 1   [ RunTime:0.0001s ]
SQL: SHOW COLUMNS FROM `user_gift` [ RunTime:0.0006s ]
SQL: SELECT COUNT(*) AS tp_count FROM `user_gift` WHERE `reciver_id` = 1561 AND `is_read` = 0 LIMIT 1   [ RunTime:0.0001s ]
SQL: SHOW COLUMNS FROM `visitors` [ RunTime:0.0007s ]
SQL: SELECT COUNT(*) AS tp_count FROM `visitors` WHERE `target_id` = 1561 AND `is_read` = 0 LIMIT 1   [ RunTime:0.0001s ]
INFO: [ view_parse ] --START--
INFO: [ template_filter ] --START--
INFO: Run Behavior\ContentReplaceBehavior [ RunTime:0.001038s ]
INFO: [ template_filter ] --END-- [ RunTime:0.001197s ]
INFO: Run Behavior\ParseTemplateBehavior [ RunTime:0.056619s ]
INFO: [ view_parse ] --END-- [ RunTime:0.056735s ]
INFO: [ view_filter ] --START--
INFO: Run Behavior\WriteHtmlCacheBehavior [ RunTime:0.000347s ]
INFO: [ view_filter ] --END-- [ RunTime:0.000419s ]
INFO: [ app_end ] --START--
INFO: Run Behavior\ShowPageTraceBehavior [ RunTime:0.000740s ]
INFO: [ app_end ] --END-- [ RunTime:0.000857s ]

[ 2018-02-19T16:46:22+08:00 ] 211.149.153.13 /index.php?m=Wap&c=Space&a=ajax_profile
INFO: [ app_init ] --START--
INFO: Run Behavior\BuildLiteBehavior [ RunTime:0.000020s ]
INFO: [ app_init ] --END-- [ RunTime:0.000391s ]
INFO: [ app_begin ] --START--
INFO: Run Behavior\ReadHtmlCacheBehavior [ RunTime:0.000447s ]
INFO: Run Behavior\CheckLangBehavior [ RunTime:0.000945s ]
INFO: [ app_begin ] --END-- [ RunTime:0.001465s ]
SQL: SHOW COLUMNS FROM `user` [ RunTime:0.0014s ]
SQL: SELECT * FROM `user` WHERE ( id=1561 ) LIMIT 1   [ RunTime:0.0001s ]
SQL: SHOW COLUMNS FROM `web_conf` [ RunTime:0.0006s ]
SQL: SELECT * FROM `web_conf` LIMIT 1   [ RunTime:0.0001s ]
SQL: SHOW COLUMNS FROM `user_like` [ RunTime:0.0004s ]
SQL: SELECT COUNT(*) AS tp_count FROM `user_like` WHERE `target_id` = 1561 AND `is_read` = 0 LIMIT 1   [ RunTime:0.0001s ]
SQL: SHOW COLUMNS FROM `user_gift` [ RunTime:0.0005s ]
SQL: SELECT COUNT(*) AS tp_count FROM `user_gift` WHERE `reciver_id` = 1561 AND `is_read` = 0 LIMIT 1   [ RunTime:0.0001s ]
SQL: SHOW COLUMNS FROM `visitors` [ RunTime:0.0006s ]
SQL: SELECT COUNT(*) AS tp_count FROM `visitors` WHERE `target_id` = 1561 AND `is_read` = 0 LIMIT 1   [ RunTime:0.0001s ]
SQL: SELECT `id`,`username`,`header`,`email`,`mobile`,`height`,`weight`,`sex`,`year`,`month`,`day`,country_zhcn as country,`city`,`worker`,`sexuality`,`relationship`,`income`,`education`,`level`,`gold`,`mood`,`language`,`is_online`,`is_member`,`deadline`,`inner_member` FROM `user` WHERE ( id=1521 ) LIMIT 1   [ RunTime:0.0004s ]
NOTIC: [8] Undefined variable: userId /www/wwwroot/1107.tech/App/Wap/Controller/SpaceController.class.php 第 46 行.
NOTIC: [8] Undefined variable: userId /www/wwwroot/1107.tech/App/Wap/Controller/SpaceController.class.php 第 49 行.
SQL: SELECT `id` FROM `visitors` WHERE `source_id` = null AND `target_id` = 1521 LIMIT 1   [ RunTime:0.0002s ]
NOTIC: [8] Undefined variable: userId /www/wwwroot/1107.tech/App/Wap/Controller/SpaceController.class.php 第 61 行.
SQL: INSERT INTO `visitors` (`source_id`,`target_id`,`created`) VALUES (NULL,'1521','1519029982') [ RunTime:0.0003s ]
SQL: SHOW COLUMNS FROM `photo` [ RunTime:0.0005s ]
SQL: SELECT `id`,`url`,`album` FROM `photo` WHERE ( user_id=1521 )  [ RunTime:0.0012s ]
SQL: SHOW COLUMNS FROM `album` [ RunTime:0.0005s ]
SQL: SELECT `id`,`name` FROM `album` WHERE ( user_id = 0 or user_id = 1521 )  [ RunTime:0.0002s ]

[ 2018-02-19T16:46:27+08:00 ] 211.149.153.14 /index.php?m=Wap&c=Dynamic&a=getOneList
INFO: [ app_init ] --START--
INFO: Run Behavior\BuildLiteBehavior [ RunTime:0.000022s ]
INFO: [ app_init ] --END-- [ RunTime:0.000494s ]
INFO: [ app_begin ] --START--
INFO: Run Behavior\ReadHtmlCacheBehavior [ RunTime:0.000683s ]
INFO: Run Behavior\CheckLangBehavior [ RunTime:0.001290s ]
INFO: [ app_begin ] --END-- [ RunTime:0.002083s ]
SQL: SHOW COLUMNS FROM `user` [ RunTime:0.0016s ]
SQL: SELECT * FROM `user` WHERE ( id=1561 ) LIMIT 1   [ RunTime:0.0002s ]
SQL: SHOW COLUMNS FROM `web_conf` [ RunTime:0.0007s ]
SQL: SELECT * FROM `web_conf` LIMIT 1   [ RunTime:0.0002s ]
SQL: SHOW COLUMNS FROM `user_like` [ RunTime:0.0005s ]
SQL: SELECT COUNT(*) AS tp_count FROM `user_like` WHERE `target_id` = 1561 AND `is_read` = 0 LIMIT 1   [ RunTime:0.0001s ]
SQL: SHOW COLUMNS FROM `user_gift` [ RunTime:0.0005s ]
SQL: SELECT COUNT(*) AS tp_count FROM `user_gift` WHERE `reciver_id` = 1561 AND `is_read` = 0 LIMIT 1   [ RunTime:0.0001s ]
SQL: SHOW COLUMNS FROM `visitors` [ RunTime:0.0005s ]
SQL: SELECT COUNT(*) AS tp_count FROM `visitors` WHERE `target_id` = 1561 AND `is_read` = 0 LIMIT 1   [ RunTime:0.0003s ]
SQL: SHOW COLUMNS FROM `broadcast` [ RunTime:0.0005s ]
SQL: SELECT broadcast.*,user.username as username FROM `broadcast` INNER JOIN user on broadcast.user_id = user.id  WHERE `user_id` = '1521' ORDER BY broadcast.created desc LIMIT 0,20   [ RunTime:0.0004s ]
SQL: SHOW COLUMNS FROM `photo` [ RunTime:0.0004s ]
SQL: SELECT `url` FROM `photo` WHERE `id` = 3223 LIMIT 1   [ RunTime:0.0002s ]
SQL: SELECT `url` FROM `photo` WHERE `id` = 3222 LIMIT 1   [ RunTime:0.0001s ]

[ 2018-02-19T16:47:06+08:00 ] 211.149.153.12 /index.php?m=&&m=Wap&c=Index&a=index
INFO: [ app_init ] --START--
INFO: Run Behavior\BuildLiteBehavior [ RunTime:0.000027s ]
INFO: [ app_init ] --END-- [ RunTime:0.000599s ]
INFO: [ app_begin ] --START--
INFO: Run Behavior\ReadHtmlCacheBehavior [ RunTime:0.000836s ]
INFO: Run Behavior\CheckLangBehavior [ RunTime:0.001541s ]
INFO: [ app_begin ] --END-- [ RunTime:0.002506s ]
INFO: [ view_parse ] --START--
INFO: [ template_filter ] --START--
INFO: Run Behavior\ContentReplaceBehavior [ RunTime:0.000919s ]
INFO: [ template_filter ] --END-- [ RunTime:0.001027s ]
INFO: Run Behavior\ParseTemplateBehavior [ RunTime:0.069560s ]
INFO: [ view_parse ] --END-- [ RunTime:0.069669s ]
INFO: [ view_filter ] --START--
INFO: Run Behavior\WriteHtmlCacheBehavior [ RunTime:0.000361s ]
INFO: [ view_filter ] --END-- [ RunTime:0.000418s ]
INFO: [ app_end ] --START--
INFO: Run Behavior\ShowPageTraceBehavior [ RunTime:0.001521s ]
INFO: [ app_end ] --END-- [ RunTime:0.001706s ]

[ 2018-02-19T21:49:33+08:00 ] 211.149.153.13 /index.php?m=&&m=Wap&c=Index&a=index
INFO: [ app_init ] --START--
INFO: Run Behavior\BuildLiteBehavior [ RunTime:0.000021s ]
INFO: [ app_init ] --END-- [ RunTime:0.000572s ]
INFO: [ app_begin ] --START--
INFO: Run Behavior\ReadHtmlCacheBehavior [ RunTime:0.000714s ]
INFO: Run Behavior\CheckLangBehavior [ RunTime:0.001532s ]
INFO: [ app_begin ] --END-- [ RunTime:0.002354s ]
INFO: [ view_parse ] --START--
INFO: [ template_filter ] --START--
INFO: Run Behavior\ContentReplaceBehavior [ RunTime:0.000836s ]
INFO: [ template_filter ] --END-- [ RunTime:0.000920s ]
INFO: Run Behavior\ParseTemplateBehavior [ RunTime:0.062308s ]
INFO: [ view_parse ] --END-- [ RunTime:0.062403s ]
INFO: [ view_filter ] --START--
INFO: Run Behavior\WriteHtmlCacheBehavior [ RunTime:0.000394s ]
INFO: [ view_filter ] --END-- [ RunTime:0.000466s ]
INFO: [ app_end ] --START--
INFO: Run Behavior\ShowPageTraceBehavior [ RunTime:0.001408s ]
INFO: [ app_end ] --END-- [ RunTime:0.001567s ]

[ 2018-02-19T21:52:03+08:00 ] 211.149.153.13 /index.php?m=&&m=Wap&c=Index&a=index
INFO: [ app_init ] --START--
INFO: Run Behavior\BuildLiteBehavior [ RunTime:0.000026s ]
INFO: [ app_init ] --END-- [ RunTime:0.000675s ]
INFO: [ app_begin ] --START--
INFO: Run Behavior\ReadHtmlCacheBehavior [ RunTime:0.000470s ]
INFO: Run Behavior\CheckLangBehavior [ RunTime:0.000914s ]
INFO: [ app_begin ] --END-- [ RunTime:0.001459s ]
INFO: [ view_parse ] --START--
INFO: [ template_filter ] --START--
INFO: Run Behavior\ContentReplaceBehavior [ RunTime:0.001049s ]
INFO: [ template_filter ] --END-- [ RunTime:0.001178s ]
INFO: Run Behavior\ParseTemplateBehavior [ RunTime:0.066294s ]
INFO: [ view_parse ] --END-- [ RunTime:0.066398s ]
INFO: [ view_filter ] --START--
INFO: Run Behavior\WriteHtmlCacheBehavior [ RunTime:0.000776s ]
INFO: [ view_filter ] --END-- [ RunTime:0.001319s ]
INFO: [ app_end ] --START--
INFO: Run Behavior\ShowPageTraceBehavior [ RunTime:0.001460s ]
INFO: [ app_end ] --END-- [ RunTime:0.001588s ]

[ 2018-02-19T21:52:21+08:00 ] 211.149.153.12 /index.php?m=&&m=Wap&c=Index&a=index
INFO: [ app_init ] --START--
INFO: Run Behavior\BuildLiteBehavior [ RunTime:0.000017s ]
INFO: [ app_init ] --END-- [ RunTime:0.000401s ]
INFO: [ app_begin ] --START--
INFO: Run Behavior\ReadHtmlCacheBehavior [ RunTime:0.000684s ]
INFO: Run Behavior\CheckLangBehavior [ RunTime:0.000621s ]
INFO: [ app_begin ] --END-- [ RunTime:0.001394s ]
INFO: [ view_parse ] --START--
INFO: [ template_filter ] --START--
INFO: Run Behavior\ContentReplaceBehavior [ RunTime:0.000763s ]
INFO: [ template_filter ] --END-- [ RunTime:0.000858s ]
INFO: Run Behavior\ParseTemplateBehavior [ RunTime:0.062087s ]
INFO: [ view_parse ] --END-- [ RunTime:0.062159s ]
INFO: [ view_filter ] --START--
INFO: Run Behavior\WriteHtmlCacheBehavior [ RunTime:0.000260s ]
INFO: [ view_filter ] --END-- [ RunTime:0.000298s ]
INFO: [ app_end ] --START--
INFO: Run Behavior\ShowPageTraceBehavior [ RunTime:0.000627s ]
INFO: [ app_end ] --END-- [ RunTime:0.000710s ]

[ 2018-02-19T21:52:36+08:00 ] 211.149.153.13 /index.php?m=&&m=Wap&c=Index&a=index
INFO: [ app_init ] --START--
INFO: Run Behavior\BuildLiteBehavior [ RunTime:0.000019s ]
INFO: [ app_init ] --END-- [ RunTime:0.000376s ]
INFO: [ app_begin ] --START--
INFO: Run Behavior\ReadHtmlCacheBehavior [ RunTime:0.000438s ]
INFO: Run Behavior\CheckLangBehavior [ RunTime:0.000719s ]
INFO: [ app_begin ] --END-- [ RunTime:0.001244s ]
INFO: [ view_parse ] --START--
INFO: [ template_filter ] --START--
INFO: Run Behavior\ContentReplaceBehavior [ RunTime:0.000848s ]
INFO: [ template_filter ] --END-- [ RunTime:0.000943s ]
INFO: Run Behavior\ParseTemplateBehavior [ RunTime:0.071363s ]
INFO: [ view_parse ] --END-- [ RunTime:0.071480s ]
INFO: [ view_filter ] --START--
INFO: Run Behavior\WriteHtmlCacheBehavior [ RunTime:0.000266s ]
INFO: [ view_filter ] --END-- [ RunTime:0.000325s ]
INFO: [ app_end ] --START--
INFO: Run Behavior\ShowPageTraceBehavior [ RunTime:0.000680s ]
INFO: [ app_end ] --END-- [ RunTime:0.000773s ]

[ 2018-02-19T22:27:22+08:00 ] 211.149.153.12 /index.php?m=&&m=Wap&c=Index&a=index
INFO: [ app_init ] --START--
INFO: Run Behavior\BuildLiteBehavior [ RunTime:0.000017s ]
INFO: [ app_init ] --END-- [ RunTime:0.000376s ]
INFO: [ app_begin ] --START--
INFO: Run Behavior\ReadHtmlCacheBehavior [ RunTime:0.000537s ]
INFO: Run Behavior\CheckLangBehavior [ RunTime:0.000964s ]
INFO: [ app_begin ] --END-- [ RunTime:0.001578s ]
INFO: [ view_parse ] --START--
INFO: [ template_filter ] --START--
INFO: Run Behavior\ContentReplaceBehavior [ RunTime:0.000733s ]
INFO: [ template_filter ] --END-- [ RunTime:0.000831s ]
INFO: Run Behavior\ParseTemplateBehavior [ RunTime:0.060943s ]
INFO: [ view_parse ] --END-- [ RunTime:0.061015s ]
INFO: [ view_filter ] --START--
INFO: Run Behavior\WriteHtmlCacheBehavior [ RunTime:0.000303s ]
INFO: [ view_filter ] --END-- [ RunTime:0.000345s ]
INFO: [ app_end ] --START--
INFO: Run Behavior\ShowPageTraceBehavior [ RunTime:0.001006s ]
INFO: [ app_end ] --END-- [ RunTime:0.001132s ]

[ 2018-02-19T22:27:24+08:00 ] 211.149.153.12 /index.php?m=&&m=Wap&c=Index&a=index
INFO: [ app_init ] --START--
INFO: Run Behavior\BuildLiteBehavior [ RunTime:0.000015s ]
INFO: [ app_init ] --END-- [ RunTime:0.000421s ]
INFO: [ app_begin ] --START--
INFO: Run Behavior\ReadHtmlCacheBehavior [ RunTime:0.000512s ]
INFO: Run Behavior\CheckLangBehavior [ RunTime:0.000906s ]
INFO: [ app_begin ] --END-- [ RunTime:0.001515s ]
INFO: [ view_parse ] --START--
INFO: [ template_filter ] --START--
INFO: Run Behavior\ContentReplaceBehavior [ RunTime:0.000727s ]
INFO: [ template_filter ] --END-- [ RunTime:0.000808s ]
INFO: Run Behavior\ParseTemplateBehavior [ RunTime:0.060859s ]
INFO: [ view_parse ] --END-- [ RunTime:0.060928s ]
INFO: [ view_filter ] --START--
INFO: Run Behavior\WriteHtmlCacheBehavior [ RunTime:0.000246s ]
INFO: [ view_filter ] --END-- [ RunTime:0.000286s ]
INFO: [ app_end ] --START--
INFO: Run Behavior\ShowPageTraceBehavior [ RunTime:0.000799s ]
INFO: [ app_end ] --END-- [ RunTime:0.000860s ]

[ 2018-02-19T22:41:06+08:00 ] 211.149.153.14 /index.php?m=&&m=Wap&c=Index&a=index
INFO: [ app_init ] --START--
INFO: Run Behavior\BuildLiteBehavior [ RunTime:0.000017s ]
INFO: [ app_init ] --END-- [ RunTime:0.000368s ]
INFO: [ app_begin ] --START--
INFO: Run Behavior\ReadHtmlCacheBehavior [ RunTime:0.000507s ]
INFO: Run Behavior\CheckLangBehavior [ RunTime:0.000978s ]
INFO: [ app_begin ] --END-- [ RunTime:0.001561s ]
INFO: [ view_parse ] --START--
INFO: [ template_filter ] --START--
INFO: Run Behavior\ContentReplaceBehavior [ RunTime:0.000819s ]
INFO: [ template_filter ] --END-- [ RunTime:0.000918s ]
INFO: Run Behavior\ParseTemplateBehavior [ RunTime:0.061279s ]
INFO: [ view_parse ] --END-- [ RunTime:0.061349s ]
INFO: [ view_filter ] --START--
INFO: Run Behavior\WriteHtmlCacheBehavior [ RunTime:0.000388s ]
INFO: [ view_filter ] --END-- [ RunTime:0.000439s ]
INFO: [ app_end ] --START--
INFO: Run Behavior\ShowPageTraceBehavior [ RunTime:0.000912s ]
INFO: [ app_end ] --END-- [ RunTime:0.001008s ]

