[ 2018-01-24T12:33:07+08:00 ] 211.149.153.14 /index.php?m=Adminadminadmin
INFO: [ app_init ] --START--
INFO: Run Behavior\BuildLiteBehavior [ RunTime:0.000024s ]
INFO: [ app_init ] --END-- [ RunTime:0.000579s ]
ERR: 无法加载模块:Adminadminadmin

[ 2018-01-24T12:33:18+08:00 ] 211.149.153.14 /index.php?m=Adminadminadmin
INFO: [ app_init ] --START--
INFO: Run Behavior\BuildLiteBehavior [ RunTime:0.000015s ]
INFO: [ app_init ] --END-- [ RunTime:0.000328s ]
ERR: 无法加载模块:Adminadminadmin

[ 2018-01-24T12:33:26+08:00 ] 211.149.153.14 /index.php?m=Adminadminadmin
INFO: [ app_init ] --START--
INFO: Run Behavior\BuildLiteBehavior [ RunTime:0.000016s ]
INFO: [ app_init ] --END-- [ RunTime:0.000355s ]
ERR: 无法加载模块:Adminadminadmin

[ 2018-01-24T12:33:27+08:00 ] 211.149.153.13 /index.php?m=Adminadminadmin
INFO: [ app_init ] --START--
INFO: Run Behavior\BuildLiteBehavior [ RunTime:0.000017s ]
INFO: [ app_init ] --END-- [ RunTime:0.000363s ]
ERR: 无法加载模块:Adminadminadmin

[ 2018-01-24T12:33:27+08:00 ] 211.149.153.12 /index.php?m=Adminadminadmin
INFO: [ app_init ] --START--
INFO: Run Behavior\BuildLiteBehavior [ RunTime:0.000016s ]
INFO: [ app_init ] --END-- [ RunTime:0.000407s ]
ERR: 无法加载模块:Adminadminadmin

[ 2018-01-24T12:33:30+08:00 ] 211.149.153.12 /index.php?m=Adminadminadmin
INFO: [ app_init ] --START--
INFO: Run Behavior\BuildLiteBehavior [ RunTime:0.000017s ]
INFO: [ app_init ] --END-- [ RunTime:0.000357s ]
ERR: 无法加载模块:Adminadminadmin

[ 2018-01-24T12:33:32+08:00 ] 211.149.153.14 /index.php?m=Adminadminadmin
INFO: [ app_init ] --START--
INFO: Run Behavior\BuildLiteBehavior [ RunTime:0.000016s ]
INFO: [ app_init ] --END-- [ RunTime:0.000408s ]
ERR: 无法加载模块:Adminadminadmin

[ 2018-01-24T12:33:42+08:00 ] 211.149.153.12 /index.php?m=Adminadminadmin
INFO: [ app_init ] --START--
INFO: Run Behavior\BuildLiteBehavior [ RunTime:0.000019s ]
INFO: [ app_init ] --END-- [ RunTime:0.000462s ]
ERR: 无法加载模块:Adminadminadmin

