[ 2018-01-15T07:30:11+08:00 ] 127.0.0.1 /
INFO: [ app_init ] --START--
INFO: Run Behavior\BuildLiteBehavior [ RunTime:0.000013s ]
INFO: [ app_init ] --END-- [ RunTime:0.000356s ]
INFO: [ app_begin ] --START--
INFO: Run Behavior\ReadHtmlCacheBehavior [ RunTime:0.000459s ]
INFO: Run Behavior\CheckLangBehavior [ RunTime:0.002265s ]
INFO: [ app_begin ] --END-- [ RunTime:0.002868s ]
SQL: SHOW COLUMNS FROM `user` [ RunTime:0.0044s ]
SQL: SELECT * FROM `user` WHERE ( id=1152 ) LIMIT 1   [ RunTime:0.0003s ]
SQL: SHOW COLUMNS FROM `web_conf` [ RunTime:0.0019s ]
SQL: SELECT * FROM `web_conf` LIMIT 1   [ RunTime:0.0002s ]
SQL: SHOW COLUMNS FROM `user_like` [ RunTime:0.0013s ]
SQL: SELECT COUNT(*) AS tp_count FROM `user_like` WHERE `target_id` = 1152 AND `is_read` = 0 LIMIT 1   [ RunTime:0.0002s ]
SQL: SHOW COLUMNS FROM `user_gift` [ RunTime:0.0013s ]
SQL: SELECT COUNT(*) AS tp_count FROM `user_gift` WHERE `reciver_id` = 1152 AND `is_read` = 0 LIMIT 1   [ RunTime:0.0002s ]
SQL: SHOW COLUMNS FROM `visitors` [ RunTime:0.0011s ]
SQL: SELECT COUNT(*) AS tp_count FROM `visitors` WHERE `target_id` = 1152 AND `is_read` = 0 LIMIT 1   [ RunTime:0.0003s ]
SQL: SELECT * FROM `web_conf` LIMIT 1   [ RunTime:0.0003s ]
INFO: [ view_parse ] --START--
INFO: [ template_filter ] --START--
INFO: Run Behavior\ContentReplaceBehavior [ RunTime:0.003177s ]
INFO: [ template_filter ] --END-- [ RunTime:0.003328s ]
INFO: Run Behavior\ParseTemplateBehavior [ RunTime:0.306807s ]
INFO: [ view_parse ] --END-- [ RunTime:0.306901s ]
INFO: [ view_filter ] --START--
INFO: Run Behavior\WriteHtmlCacheBehavior [ RunTime:0.000246s ]
INFO: [ view_filter ] --END-- [ RunTime:0.000304s ]
INFO: [ app_end ] --START--
INFO: Run Behavior\ShowPageTraceBehavior [ RunTime:0.000533s ]
INFO: [ app_end ] --END-- [ RunTime:0.000613s ]

[ 2018-01-15T07:30:12+08:00 ] 127.0.0.1 /index.php?m=Index&c=Home&a=user
INFO: [ app_init ] --START--
INFO: Run Behavior\BuildLiteBehavior [ RunTime:0.000020s ]
INFO: [ app_init ] --END-- [ RunTime:0.000458s ]
INFO: [ app_begin ] --START--
INFO: Run Behavior\ReadHtmlCacheBehavior [ RunTime:0.000691s ]
INFO: Run Behavior\CheckLangBehavior [ RunTime:0.001042s ]
INFO: [ app_begin ] --END-- [ RunTime:0.001900s ]
SQL: SHOW COLUMNS FROM `user` [ RunTime:0.0047s ]
SQL: SELECT * FROM `user` WHERE ( id=1152 ) LIMIT 1   [ RunTime:0.0003s ]
SQL: SHOW COLUMNS FROM `web_conf` [ RunTime:0.0018s ]
SQL: SELECT * FROM `web_conf` LIMIT 1   [ RunTime:0.0002s ]
SQL: SHOW COLUMNS FROM `user_like` [ RunTime:0.0015s ]
SQL: SELECT COUNT(*) AS tp_count FROM `user_like` WHERE `target_id` = 1152 AND `is_read` = 0 LIMIT 1   [ RunTime:0.0013s ]
SQL: SHOW COLUMNS FROM `user_gift` [ RunTime:0.0046s ]
SQL: SELECT COUNT(*) AS tp_count FROM `user_gift` WHERE `reciver_id` = 1152 AND `is_read` = 0 LIMIT 1   [ RunTime:0.0006s ]
SQL: SHOW COLUMNS FROM `visitors` [ RunTime:0.0033s ]
SQL: SELECT COUNT(*) AS tp_count FROM `visitors` WHERE `target_id` = 1152 AND `is_read` = 0 LIMIT 1   [ RunTime:0.0003s ]
SQL: SELECT `id`,`username`,`name`,`terminal`,`header`,`sex`,`sexuality`,`email`,`mobile`,`year`,`month`,`day`,`height`,`weight`,country_zhcn as country,`city`,`worker`,`relationship`,`income`,`education`,`level`,`gold`,`mood`,`language`,`is_online`,`is_member`,`deadline`,`deadline_1`,`inner_member`,`is_visible`,`is_focus`,`always_online`,`is_service`,`chat_state`,`chat_line`,`authentication`,`created`,`updated` FROM `user` WHERE ( user.id=1152 ) LIMIT 1   [ RunTime:0.0003s ]
SQL: SELECT `id`,`username` FROM `user` WHERE ( is_service = 1 )  [ RunTime:0.0011s ]
SQL: SHOW COLUMNS FROM `album` [ RunTime:0.0019s ]
SQL: SELECT `id`,`name` FROM `album` WHERE ( user_id = 1152 or user_id = 0 )  [ RunTime:0.0003s ]
SQL: SHOW COLUMNS FROM `photo` [ RunTime:0.0014s ]
SQL: SELECT `id`,`url`,`album` FROM `photo` WHERE `album` = 1 AND `user_id` = 1152  [ RunTime:0.0004s ]
SQL: SELECT `id`,`url`,`album` FROM `photo` WHERE `album` = 2 AND `user_id` = 1152  [ RunTime:0.0003s ]
SQL: SHOW COLUMNS FROM `spot_record` [ RunTime:0.0017s ]
SQL: SELECT * FROM `web_conf` LIMIT 1   [ RunTime:0.0002s ]
SQL: SELECT spot_record.*,user.id as id,user.username as username,user.header as header,user.sex as sex FROM `spot_record` INNER JOIN user on user.id = spot_record.user_id  ORDER BY spot_record.created desc LIMIT 0,10   [ RunTime:0.0003s ]
SQL: SELECT COUNT(*) AS tp_count FROM `user_gift` WHERE `is_read` = 0 AND `reciver_id` = 1152 LIMIT 1   [ RunTime:0.0002s ]
SQL: SELECT COUNT(*) AS tp_count FROM `visitors` WHERE `is_read` = 0 AND `target_id` = 1152 LIMIT 1   [ RunTime:0.0002s ]
SQL: SELECT COUNT(*) AS tp_count FROM `user_like` WHERE `is_read` = 0 AND `target_id` = 1152 LIMIT 1   [ RunTime:0.0002s ]
SQL: SELECT COUNT(*) AS tp_count FROM `user_like` LIMIT 1   [ RunTime:0.0002s ]
SQL: SHOW COLUMNS FROM `user_sticker` [ RunTime:0.0020s ]
SQL: SELECT user_sticker.*,sticker.name_zhcn as stickername,sticker.img as stickerimg FROM `user_sticker` INNER JOIN sticker on sticker.id = user_sticker.sticker_id  WHERE ( user_sticker.user_id=1152 )  [ RunTime:0.0003s ]
SQL: SHOW COLUMNS FROM `sticker_detail` [ RunTime:0.0019s ]
SQL: SELECT `id`,`sticker_id`,`detail_img` FROM `sticker_detail` WHERE ( sticker_id=7 )  [ RunTime:0.0002s ]
SQL: SELECT `id`,`sticker_id`,`detail_img` FROM `sticker_detail` WHERE ( sticker_id=3 )  [ RunTime:0.0004s ]
SQL: SELECT `id`,`sticker_id`,`detail_img` FROM `sticker_detail` WHERE ( sticker_id=5 )  [ RunTime:0.0005s ]

[ 2018-01-15T07:30:12+08:00 ] 127.0.0.1 /index.php?m=Index&c=first&a=index&id=1152
INFO: [ app_init ] --START--
INFO: Run Behavior\BuildLiteBehavior [ RunTime:0.000033s ]
INFO: [ app_init ] --END-- [ RunTime:0.000806s ]
INFO: [ app_begin ] --START--
INFO: Run Behavior\ReadHtmlCacheBehavior [ RunTime:0.000974s ]
INFO: Run Behavior\CheckLangBehavior [ RunTime:0.001713s ]
INFO: [ app_begin ] --END-- [ RunTime:0.002863s ]
SQL: SHOW COLUMNS FROM `user` [ RunTime:0.0052s ]
SQL: SELECT * FROM `user` WHERE ( id=1152 ) LIMIT 1   [ RunTime:0.0004s ]
SQL: SHOW COLUMNS FROM `web_conf` [ RunTime:0.0034s ]
SQL: SELECT * FROM `web_conf` LIMIT 1   [ RunTime:0.0020s ]
SQL: SHOW COLUMNS FROM `user_like` [ RunTime:0.0068s ]
SQL: SELECT COUNT(*) AS tp_count FROM `user_like` WHERE `target_id` = 1152 AND `is_read` = 0 LIMIT 1   [ RunTime:0.0005s ]
SQL: SHOW COLUMNS FROM `user_gift` [ RunTime:0.0033s ]
SQL: SELECT COUNT(*) AS tp_count FROM `user_gift` WHERE `reciver_id` = 1152 AND `is_read` = 0 LIMIT 1   [ RunTime:0.0010s ]
SQL: SHOW COLUMNS FROM `visitors` [ RunTime:0.0043s ]
SQL: SELECT COUNT(*) AS tp_count FROM `visitors` WHERE `target_id` = 1152 AND `is_read` = 0 LIMIT 1   [ RunTime:0.0006s ]
SQL: SELECT `banner` FROM `web_conf` WHERE ( id=1 ) LIMIT 1   [ RunTime:0.0005s ]
INFO: [ view_parse ] --START--
INFO: [ template_filter ] --START--
INFO: Run Behavior\ContentReplaceBehavior [ RunTime:0.001680s ]
INFO: [ template_filter ] --END-- [ RunTime:0.001943s ]
INFO: Run Behavior\ParseTemplateBehavior [ RunTime:0.136888s ]
INFO: [ view_parse ] --END-- [ RunTime:0.137049s ]
INFO: [ view_filter ] --START--
INFO: Run Behavior\WriteHtmlCacheBehavior [ RunTime:0.000422s ]
INFO: [ view_filter ] --END-- [ RunTime:0.000562s ]
INFO: [ app_end ] --START--
INFO: Run Behavior\ShowPageTraceBehavior [ RunTime:0.001247s ]
INFO: [ app_end ] --END-- [ RunTime:0.001535s ]

[ 2018-01-15T07:30:14+08:00 ] 127.0.0.1 /index.php?m=Index&c=First&a=recommend
INFO: [ app_init ] --START--
INFO: Run Behavior\BuildLiteBehavior [ RunTime:0.000014s ]
INFO: [ app_init ] --END-- [ RunTime:0.000365s ]
INFO: [ app_begin ] --START--
INFO: Run Behavior\ReadHtmlCacheBehavior [ RunTime:0.000564s ]
INFO: Run Behavior\CheckLangBehavior [ RunTime:0.001260s ]
INFO: [ app_begin ] --END-- [ RunTime:0.001958s ]
SQL: SHOW COLUMNS FROM `user` [ RunTime:0.0030s ]
SQL: SELECT * FROM `user` WHERE ( id=1152 ) LIMIT 1   [ RunTime:0.0003s ]
SQL: SHOW COLUMNS FROM `web_conf` [ RunTime:0.0022s ]
SQL: SELECT * FROM `web_conf` LIMIT 1   [ RunTime:0.0002s ]
SQL: SHOW COLUMNS FROM `user_like` [ RunTime:0.0014s ]
SQL: SELECT COUNT(*) AS tp_count FROM `user_like` WHERE `target_id` = 1152 AND `is_read` = 0 LIMIT 1   [ RunTime:0.0002s ]
SQL: SHOW COLUMNS FROM `user_gift` [ RunTime:0.0018s ]
SQL: SELECT COUNT(*) AS tp_count FROM `user_gift` WHERE `reciver_id` = 1152 AND `is_read` = 0 LIMIT 1   [ RunTime:0.0002s ]
SQL: SHOW COLUMNS FROM `visitors` [ RunTime:0.0012s ]
SQL: SELECT COUNT(*) AS tp_count FROM `visitors` WHERE `target_id` = 1152 AND `is_read` = 0 LIMIT 1   [ RunTime:0.0002s ]
SQL: SELECT `sex` FROM `user` WHERE ( id=1152 ) LIMIT 1   [ RunTime:0.0002s ]
SQL: SELECT `id`,`username`,`header`,`sex`,`year`,`month`,`day`,country_zhcn as country,`city`,`level`,`mood`,`is_member`,`deadline`,`is_online`,`inner_member` FROM `user` WHERE `sex` = 'female' ORDER BY is_online desc,header desc LIMIT 0,20   [ RunTime:0.0020s ]
SQL: SHOW COLUMNS FROM `broadcast` [ RunTime:0.0016s ]
SQL: SELECT `content` FROM `broadcast` WHERE ( id=1826 ) LIMIT 1   [ RunTime:0.0002s ]
SQL: SELECT `content` FROM `broadcast` WHERE ( id=1796 ) LIMIT 1   [ RunTime:0.0002s ]
SQL: SELECT `content` FROM `broadcast` WHERE ( id=1762 ) LIMIT 1   [ RunTime:0.0001s ]
SQL: SELECT `content` FROM `broadcast` WHERE ( id=1736 ) LIMIT 1   [ RunTime:0.0001s ]
SQL: SELECT `content` FROM `broadcast` WHERE ( id=1731 ) LIMIT 1   [ RunTime:0.0001s ]
SQL: SELECT `content` FROM `broadcast` WHERE ( id=1728 ) LIMIT 1   [ RunTime:0.0001s ]
SQL: SELECT `content` FROM `broadcast` WHERE ( id=1536 ) LIMIT 1   [ RunTime:0.0001s ]
SQL: SELECT `content` FROM `broadcast` WHERE ( id=1720 ) LIMIT 1   [ RunTime:0.0001s ]
SQL: SELECT `content` FROM `broadcast` WHERE ( id=1717 ) LIMIT 1   [ RunTime:0.0002s ]
SQL: SELECT `content` FROM `broadcast` WHERE ( id=1721 ) LIMIT 1   [ RunTime:0.0002s ]
SQL: SELECT `content` FROM `broadcast` WHERE ( id=1713 ) LIMIT 1   [ RunTime:0.0001s ]
SQL: SELECT `content` FROM `broadcast` WHERE ( id=1521 ) LIMIT 1   [ RunTime:0.0001s ]
SQL: SELECT `content` FROM `broadcast` WHERE ( id=1710 ) LIMIT 1   [ RunTime:0.0001s ]
SQL: SELECT `content` FROM `broadcast` WHERE ( id=1463 ) LIMIT 1   [ RunTime:0.0002s ]
SQL: SELECT `content` FROM `broadcast` WHERE ( id=1405 ) LIMIT 1   [ RunTime:0.0001s ]
SQL: SELECT `content` FROM `broadcast` WHERE ( id=1409 ) LIMIT 1   [ RunTime:0.0002s ]
SQL: SELECT `content` FROM `broadcast` WHERE ( id=1403 ) LIMIT 1   [ RunTime:0.0001s ]
SQL: SELECT `content` FROM `broadcast` WHERE ( id=1398 ) LIMIT 1   [ RunTime:0.0001s ]

[ 2018-01-15T07:30:14+08:00 ] 127.0.0.1 /index.php?m=Index&c=Space&a=ajax_profile
INFO: [ app_init ] --START--
INFO: Run Behavior\BuildLiteBehavior [ RunTime:0.000013s ]
INFO: [ app_init ] --END-- [ RunTime:0.000349s ]
INFO: [ app_begin ] --START--
INFO: Run Behavior\ReadHtmlCacheBehavior [ RunTime:0.000444s ]
INFO: Run Behavior\CheckLangBehavior [ RunTime:0.000905s ]
INFO: [ app_begin ] --END-- [ RunTime:0.001449s ]
SQL: SHOW COLUMNS FROM `user` [ RunTime:0.0040s ]
SQL: SELECT * FROM `user` WHERE ( id=1152 ) LIMIT 1   [ RunTime:0.0004s ]
SQL: SHOW COLUMNS FROM `web_conf` [ RunTime:0.0019s ]
SQL: SELECT * FROM `web_conf` LIMIT 1   [ RunTime:0.0002s ]
SQL: SHOW COLUMNS FROM `user_like` [ RunTime:0.0012s ]
SQL: SELECT COUNT(*) AS tp_count FROM `user_like` WHERE `target_id` = 1152 AND `is_read` = 0 LIMIT 1   [ RunTime:0.0002s ]
SQL: SHOW COLUMNS FROM `user_gift` [ RunTime:0.0019s ]
SQL: SELECT COUNT(*) AS tp_count FROM `user_gift` WHERE `reciver_id` = 1152 AND `is_read` = 0 LIMIT 1   [ RunTime:0.0002s ]
SQL: SHOW COLUMNS FROM `visitors` [ RunTime:0.0012s ]
SQL: SELECT COUNT(*) AS tp_count FROM `visitors` WHERE `target_id` = 1152 AND `is_read` = 0 LIMIT 1   [ RunTime:0.0002s ]
SQL: SELECT `id`,`username`,`header`,`email`,`mobile`,`height`,`weight`,`sex`,`year`,`month`,`day`,country_zhcn as country,`city`,`worker`,`sexuality`,`relationship`,`income`,`education`,`level`,`gold`,`mood`,`language`,`is_online`,`is_member`,`deadline`,`inner_member` FROM `user` WHERE ( id=508 ) LIMIT 1   [ RunTime:0.0002s ]
SQL: SHOW COLUMNS FROM `broadcast` [ RunTime:0.0016s ]
SQL: SELECT `content` FROM `broadcast` WHERE ( id=1604 ) LIMIT 1   [ RunTime:0.0002s ]
SQL: SELECT `id` FROM `visitors` WHERE `source_id` = 1152 AND `target_id` = 508 LIMIT 1   [ RunTime:0.0010s ]
SQL: INSERT INTO `visitors` (`source_id`,`target_id`,`created`) VALUES ('1152','508','1515972614') [ RunTime:0.0004s ]
SQL: SHOW COLUMNS FROM `photo` [ RunTime:0.0012s ]
SQL: SELECT `id`,`url`,`album` FROM `photo` WHERE ( user_id=508 )  [ RunTime:0.0003s ]
SQL: SHOW COLUMNS FROM `album` [ RunTime:0.0013s ]
SQL: SELECT `id`,`name` FROM `album` WHERE ( user_id = 0 or user_id = 508 )  [ RunTime:0.0002s ]

[ 2018-01-15T07:30:14+08:00 ] 127.0.0.1 /index.php?m=Index&c=Space&a=profile&id=508
INFO: [ app_init ] --START--
INFO: Run Behavior\BuildLiteBehavior [ RunTime:0.000016s ]
INFO: [ app_init ] --END-- [ RunTime:0.000391s ]
INFO: [ app_begin ] --START--
INFO: Run Behavior\ReadHtmlCacheBehavior [ RunTime:0.000500s ]
INFO: Run Behavior\CheckLangBehavior [ RunTime:0.000903s ]
INFO: [ app_begin ] --END-- [ RunTime:0.001520s ]
SQL: SHOW COLUMNS FROM `user` [ RunTime:0.0034s ]
SQL: SELECT * FROM `user` WHERE ( id=1152 ) LIMIT 1   [ RunTime:0.0004s ]
SQL: SHOW COLUMNS FROM `web_conf` [ RunTime:0.0026s ]
SQL: SELECT * FROM `web_conf` LIMIT 1   [ RunTime:0.0002s ]
SQL: SHOW COLUMNS FROM `user_like` [ RunTime:0.0012s ]
SQL: SELECT COUNT(*) AS tp_count FROM `user_like` WHERE `target_id` = 1152 AND `is_read` = 0 LIMIT 1   [ RunTime:0.0002s ]
SQL: SHOW COLUMNS FROM `user_gift` [ RunTime:0.0014s ]
SQL: SELECT COUNT(*) AS tp_count FROM `user_gift` WHERE `reciver_id` = 1152 AND `is_read` = 0 LIMIT 1   [ RunTime:0.0002s ]
SQL: SHOW COLUMNS FROM `visitors` [ RunTime:0.0012s ]
SQL: SELECT COUNT(*) AS tp_count FROM `visitors` WHERE `target_id` = 1152 AND `is_read` = 0 LIMIT 1   [ RunTime:0.0002s ]
INFO: [ view_parse ] --START--
INFO: [ template_filter ] --START--
INFO: Run Behavior\ContentReplaceBehavior [ RunTime:0.000669s ]
INFO: [ template_filter ] --END-- [ RunTime:0.000760s ]
INFO: Run Behavior\ParseTemplateBehavior [ RunTime:0.093348s ]
INFO: [ view_parse ] --END-- [ RunTime:0.093427s ]
INFO: [ view_filter ] --START--
INFO: Run Behavior\WriteHtmlCacheBehavior [ RunTime:0.000190s ]
INFO: [ view_filter ] --END-- [ RunTime:0.000250s ]
INFO: [ app_end ] --START--
INFO: Run Behavior\ShowPageTraceBehavior [ RunTime:0.000557s ]
INFO: [ app_end ] --END-- [ RunTime:0.000621s ]

