[ 2018-02-11T00:00:46+08:00 ] 211.149.153.12 /index.php?m=Inner&c=User&a=showlist
INFO: [ app_init ] --START--
INFO: Run Behavior\BuildLiteBehavior [ RunTime:0.000024s ]
INFO: [ app_init ] --END-- [ RunTime:0.000552s ]
INFO: [ app_begin ] --START--
INFO: Run Behavior\ReadHtmlCacheBehavior [ RunTime:0.000794s ]
INFO: Run Behavior\CheckLangBehavior [ RunTime:0.001487s ]
INFO: [ app_begin ] --END-- [ RunTime:0.002419s ]
SQL: SHOW COLUMNS FROM `user` [ RunTime:0.0022s ]
SQL: SHOW COLUMNS FROM `inner_member` [ RunTime:0.0007s ]
SQL: SELECT `user_id` FROM `inner_member` WHERE ( job_number=11 )  [ RunTime:0.0001s ]
SQL: SELECT COUNT(*) AS tp_count FROM `user` WHERE `id` IN ('1172','1171','1170','1558','1560') LIMIT 1   [ RunTime:0.0001s ]
SQL: SELECT * FROM `user` WHERE `id` IN ('1172','1171','1170','1558','1560') ORDER BY id desc LIMIT 0,20   [ RunTime:0.0002s ]
SQL: SHOW COLUMNS FROM `chat_record` [ RunTime:0.0011s ]
SQL: SELECT * FROM `chat_record` WHERE `reciver_id` = 1560 AND `is_read` = 0 ORDER BY id DESC  [ RunTime:0.0001s ]
SQL: SELECT * FROM `chat_record` WHERE `reciver_id` = 1558 AND `is_read` = 0 ORDER BY id DESC  [ RunTime:0.0001s ]
SQL: SELECT * FROM `chat_record` WHERE `reciver_id` = 1172 AND `is_read` = 0 ORDER BY id DESC  [ RunTime:0.0001s ]
SQL: SELECT * FROM `chat_record` WHERE `reciver_id` = 1171 AND `is_read` = 0 ORDER BY id DESC  [ RunTime:0.0001s ]
SQL: SELECT * FROM `chat_record` WHERE `reciver_id` = 1170 AND `is_read` = 0 ORDER BY id DESC  [ RunTime:0.0001s ]
SQL: SHOW COLUMNS FROM `member` [ RunTime:0.0008s ]
SQL: SELECT `id`,`name`,`key` FROM `member`  [ RunTime:0.0001s ]
INFO: [ view_parse ] --START--
INFO: [ template_filter ] --START--
INFO: Run Behavior\ContentReplaceBehavior [ RunTime:0.001698s ]
INFO: [ template_filter ] --END-- [ RunTime:0.001798s ]
INFO: Run Behavior\ParseTemplateBehavior [ RunTime:0.138372s ]
INFO: [ view_parse ] --END-- [ RunTime:0.138447s ]
INFO: [ view_filter ] --START--
INFO: Run Behavior\WriteHtmlCacheBehavior [ RunTime:0.000326s ]
INFO: [ view_filter ] --END-- [ RunTime:0.000382s ]
INFO: [ app_end ] --START--
INFO: Run Behavior\ShowPageTraceBehavior [ RunTime:0.000795s ]
INFO: [ app_end ] --END-- [ RunTime:0.000910s ]

[ 2018-02-11T00:02:27+08:00 ] 211.149.153.12 /index.php?m=Inner&c=User&a=showlist
INFO: [ app_init ] --START--
INFO: Run Behavior\BuildLiteBehavior [ RunTime:0.000024s ]
INFO: [ app_init ] --END-- [ RunTime:0.000428s ]
INFO: [ app_begin ] --START--
INFO: Run Behavior\ReadHtmlCacheBehavior [ RunTime:0.000552s ]
INFO: Run Behavior\CheckLangBehavior [ RunTime:0.000902s ]
INFO: [ app_begin ] --END-- [ RunTime:0.001540s ]
SQL: SHOW COLUMNS FROM `user` [ RunTime:0.0017s ]
SQL: SHOW COLUMNS FROM `inner_member` [ RunTime:0.0009s ]
SQL: SELECT `user_id` FROM `inner_member` WHERE ( job_number=11 )  [ RunTime:0.0001s ]
SQL: SELECT COUNT(*) AS tp_count FROM `user` WHERE `id` IN ('1172','1171','1170','1558','1560') LIMIT 1   [ RunTime:0.0001s ]
SQL: SELECT * FROM `user` WHERE `id` IN ('1172','1171','1170','1558','1560') ORDER BY id desc LIMIT 0,20   [ RunTime:0.0001s ]
SQL: SHOW COLUMNS FROM `chat_record` [ RunTime:0.0006s ]
SQL: SELECT * FROM `chat_record` WHERE `reciver_id` = 1560 AND `is_read` = 0 ORDER BY id DESC  [ RunTime:0.0001s ]
SQL: SELECT * FROM `chat_record` WHERE `reciver_id` = 1558 AND `is_read` = 0 ORDER BY id DESC  [ RunTime:0.0001s ]
SQL: SELECT * FROM `chat_record` WHERE `reciver_id` = 1172 AND `is_read` = 0 ORDER BY id DESC  [ RunTime:0.0001s ]
SQL: SELECT * FROM `chat_record` WHERE `reciver_id` = 1171 AND `is_read` = 0 ORDER BY id DESC  [ RunTime:0.0001s ]
SQL: SELECT * FROM `chat_record` WHERE `reciver_id` = 1170 AND `is_read` = 0 ORDER BY id DESC  [ RunTime:0.0001s ]
SQL: SHOW COLUMNS FROM `member` [ RunTime:0.0006s ]
SQL: SELECT `id`,`name`,`key` FROM `member`  [ RunTime:0.0001s ]
INFO: [ view_parse ] --START--
INFO: [ template_filter ] --START--
INFO: Run Behavior\ContentReplaceBehavior [ RunTime:0.001514s ]
INFO: [ template_filter ] --END-- [ RunTime:0.001625s ]
INFO: Run Behavior\ParseTemplateBehavior [ RunTime:0.139310s ]
INFO: [ view_parse ] --END-- [ RunTime:0.139401s ]
INFO: [ view_filter ] --START--
INFO: Run Behavior\WriteHtmlCacheBehavior [ RunTime:0.000568s ]
INFO: [ view_filter ] --END-- [ RunTime:0.000616s ]
INFO: [ app_end ] --START--
INFO: Run Behavior\ShowPageTraceBehavior [ RunTime:0.001006s ]
INFO: [ app_end ] --END-- [ RunTime:0.001155s ]

