[ 2018-02-07T02:09:07+08:00 ] 211.149.153.13 /index.php?m=inner&c=User&a=showlist
INFO: [ app_init ] --START--
INFO: Run Behavior\BuildLiteBehavior [ RunTime:0.000023s ]
INFO: [ app_init ] --END-- [ RunTime:0.000351s ]
INFO: [ app_begin ] --START--
INFO: Run Behavior\ReadHtmlCacheBehavior [ RunTime:0.000424s ]
INFO: Run Behavior\CheckLangBehavior [ RunTime:0.000881s ]
INFO: [ app_begin ] --END-- [ RunTime:0.001387s ]
SQL: SHOW COLUMNS FROM `user` [ RunTime:0.0013s ]
SQL: SHOW COLUMNS FROM `inner_member` [ RunTime:0.0006s ]
SQL: SELECT `user_id` FROM `inner_member` WHERE ( job_number=11 )  [ RunTime:0.0001s ]
SQL: SELECT COUNT(*) AS tp_count FROM `user` WHERE `id` IN ('1172','1171','1170','1558','1560') LIMIT 1   [ RunTime:0.0006s ]
SQL: SELECT * FROM `user` WHERE `id` IN ('1172','1171','1170','1558','1560') ORDER BY id desc LIMIT 0,20   [ RunTime:0.0005s ]
SQL: SHOW COLUMNS FROM `chat_record` [ RunTime:0.0005s ]
SQL: SELECT * FROM `chat_record` WHERE `reciver_id` = 1560 AND `is_read` = 0 ORDER BY id DESC  [ RunTime:0.0001s ]
SQL: SELECT * FROM `chat_record` WHERE `reciver_id` = 1558 AND `is_read` = 0 ORDER BY id DESC  [ RunTime:0.0001s ]
SQL: SELECT * FROM `chat_record` WHERE `reciver_id` = 1172 AND `is_read` = 0 ORDER BY id DESC  [ RunTime:0.0001s ]
SQL: SELECT * FROM `chat_record` WHERE `reciver_id` = 1171 AND `is_read` = 0 ORDER BY id DESC  [ RunTime:0.0001s ]
SQL: SELECT * FROM `chat_record` WHERE `reciver_id` = 1170 AND `is_read` = 0 ORDER BY id DESC  [ RunTime:0.0001s ]
SQL: SHOW COLUMNS FROM `member` [ RunTime:0.0005s ]
SQL: SELECT `id`,`name`,`key` FROM `member`  [ RunTime:0.0001s ]
INFO: [ view_parse ] --START--
INFO: [ template_filter ] --START--
INFO: Run Behavior\ContentReplaceBehavior [ RunTime:0.001674s ]
INFO: [ template_filter ] --END-- [ RunTime:0.001771s ]
INFO: Run Behavior\ParseTemplateBehavior [ RunTime:0.140508s ]
INFO: [ view_parse ] --END-- [ RunTime:0.140592s ]
INFO: [ view_filter ] --START--
INFO: Run Behavior\WriteHtmlCacheBehavior [ RunTime:0.000314s ]
INFO: [ view_filter ] --END-- [ RunTime:0.000359s ]
INFO: [ app_end ] --START--
INFO: Run Behavior\ShowPageTraceBehavior [ RunTime:0.000917s ]
INFO: [ app_end ] --END-- [ RunTime:0.001030s ]

[ 2018-02-07T22:05:33+08:00 ] 211.149.153.13 /index.php?m=Inner
INFO: [ app_init ] --START--
INFO: Run Behavior\BuildLiteBehavior [ RunTime:0.000020s ]
INFO: [ app_init ] --END-- [ RunTime:0.000392s ]
INFO: [ app_begin ] --START--
INFO: Run Behavior\ReadHtmlCacheBehavior [ RunTime:0.000473s ]
INFO: Run Behavior\CheckLangBehavior [ RunTime:0.000999s ]
INFO: [ app_begin ] --END-- [ RunTime:0.001589s ]
INFO: [ view_parse ] --START--
INFO: [ template_filter ] --START--
INFO: Run Behavior\ContentReplaceBehavior [ RunTime:0.000070s ]
INFO: [ template_filter ] --END-- [ RunTime:0.000163s ]
INFO: Run Behavior\ParseTemplateBehavior [ RunTime:0.006598s ]
INFO: [ view_parse ] --END-- [ RunTime:0.006649s ]
INFO: [ view_filter ] --START--
INFO: Run Behavior\WriteHtmlCacheBehavior [ RunTime:0.000308s ]
INFO: [ view_filter ] --END-- [ RunTime:0.000351s ]

[ 2018-02-07T22:05:47+08:00 ] 211.149.153.12 /index.php?m=Inner
INFO: [ app_init ] --START--
INFO: Run Behavior\BuildLiteBehavior [ RunTime:0.000028s ]
INFO: [ app_init ] --END-- [ RunTime:0.000644s ]
INFO: [ app_begin ] --START--
INFO: Run Behavior\ReadHtmlCacheBehavior [ RunTime:0.000811s ]
INFO: Run Behavior\CheckLangBehavior [ RunTime:0.001601s ]
INFO: [ app_begin ] --END-- [ RunTime:0.002542s ]
INFO: [ view_parse ] --START--
INFO: [ template_filter ] --START--
INFO: Run Behavior\ContentReplaceBehavior [ RunTime:0.000068s ]
INFO: [ template_filter ] --END-- [ RunTime:0.000184s ]
INFO: Run Behavior\ParseTemplateBehavior [ RunTime:0.009136s ]
INFO: [ view_parse ] --END-- [ RunTime:0.009223s ]
INFO: [ view_filter ] --START--
INFO: Run Behavior\WriteHtmlCacheBehavior [ RunTime:0.000325s ]
INFO: [ view_filter ] --END-- [ RunTime:0.000419s ]

[ 2018-02-07T22:05:48+08:00 ] 211.149.153.14 /index.php?m=Inner&c=Login&a=login
INFO: [ app_init ] --START--
INFO: Run Behavior\BuildLiteBehavior [ RunTime:0.000019s ]
INFO: [ app_init ] --END-- [ RunTime:0.000483s ]
INFO: [ app_begin ] --START--
INFO: Run Behavior\ReadHtmlCacheBehavior [ RunTime:0.001030s ]
INFO: Run Behavior\CheckLangBehavior [ RunTime:0.000921s ]
INFO: [ app_begin ] --END-- [ RunTime:0.002042s ]
INFO: [ view_parse ] --START--
INFO: [ template_filter ] --START--
INFO: Run Behavior\ContentReplaceBehavior [ RunTime:0.001137s ]
INFO: [ template_filter ] --END-- [ RunTime:0.001220s ]
INFO: Run Behavior\ParseTemplateBehavior [ RunTime:0.055237s ]
INFO: [ view_parse ] --END-- [ RunTime:0.055301s ]
INFO: [ view_filter ] --START--
INFO: Run Behavior\WriteHtmlCacheBehavior [ RunTime:0.000437s ]
INFO: [ view_filter ] --END-- [ RunTime:0.000512s ]
INFO: [ app_end ] --START--
INFO: Run Behavior\ShowPageTraceBehavior [ RunTime:0.000728s ]
INFO: [ app_end ] --END-- [ RunTime:0.000809s ]

